11:42:06.356 [INFO] ========== BAT DAU VAN TU CHOI VOI GREEDY (board 15x15), AlphaZero la player 2 ==========
11:42:06.356 [INFO] Nuoc thu 1 (Greedy): chon action=112 (khai cuoc, o trung tam)
11:42:24.762 [INFO] Nuoc thu 2 (alphaZero): chon action=184, temp=1.0000, N(action)=5
11:42:24.774 [INFO] Nuoc thu 3 (Greedy): chon action=98, diem 106.6
11:42:40.464 [INFO] Nuoc thu 4 (alphaZero): chon action=110, temp=1.0000, N(action)=8
11:42:40.466 [INFO] Nuoc thu 5 (Greedy): chon action=126, diem 1095.7
11:42:56.211 [INFO] Nuoc thu 6 (alphaZero): chon action=17, temp=1.0000, N(action)=8
11:42:56.220 [INFO] Nuoc thu 7 (Greedy): chon action=140, diem 10006.6
11:43:12.225 [INFO] Nuoc thu 8 (alphaZero): chon action=76, temp=1.0000, N(action)=4
11:43:12.230 [INFO] Nuoc thu 9 (Greedy): chon action=154, diem 100006.6
11:43:12.230 [INFO] ========== VAN (vs Greedy) KET THUC: nguoi thang la player 1 (AlphaZero la player 2), tong 9 nuoc ==========
11:43:12.650 [INFO] ========== BAT DAU VAN TU CHOI VOI GREEDY (board 15x15), AlphaZero la player 1 ==========
11:43:28.858 [INFO] Nuoc thu 1 (alphaZero): chon action=134, temp=1.0000, N(action)=6
11:43:28.860 [INFO] Nuoc thu 2 (Greedy): chon action=149, diem 96.7
11:43:45.428 [INFO] Nuoc thu 3 (alphaZero): chon action=90, temp=1.0000, N(action)=6
11:43:45.434 [INFO] Nuoc thu 4 (Greedy): chon action=75, diem 96.7
11:44:01.879 [INFO] Nuoc thu 5 (alphaZero): chon action=121, temp=1.0000, N(action)=4
11:44:01.881 [INFO] Nuoc thu 6 (Greedy): chon action=106, diem 104.8
11:44:17.733 [INFO] Nuoc thu 7 (alphaZero): chon action=28, temp=1.0000, N(action)=3
11:44:17.735 [INFO] Nuoc thu 8 (Greedy): chon action=107, diem 195.7
11:44:33.932 [INFO] Nuoc thu 9 (alphaZero): chon action=68, temp=1.0000, N(action)=4
11:44:33.936 [INFO] Nuoc thu 10 (Greedy): chon action=108, diem 1006.6
11:44:50.067 [INFO] Nuoc thu 11 (alphaZero): chon action=182, temp=1.0000, N(action)=4
11:44:50.070 [INFO] Nuoc thu 12 (Greedy): chon action=109, diem 10006.6
11:45:05.279 [INFO] Nuoc thu 13 (alphaZero): chon action=45, temp=1.0000, N(action)=4
11:45:05.281 [INFO] Nuoc thu 14 (Greedy): chon action=105, diem 100020.9
11:45:05.281 [INFO] ========== VAN (vs Greedy) KET THUC: nguoi thang la player 2 (AlphaZero la player 1), tong 14 nuoc ==========
11:45:05.672 [INFO] ========== BAT DAU VAN TU CHOI VOI GREEDY (board 15x15), AlphaZero la player 1 ==========
11:45:21.229 [INFO] Nuoc thu 1 (alphaZero): chon action=104, temp=1.0000, N(action)=4
11:45:21.231 [INFO] Nuoc thu 2 (Greedy): chon action=119, diem 96.7
11:45:36.962 [INFO] Nuoc thu 3 (alphaZero): chon action=38, temp=1.0000, N(action)=4
11:45:36.964 [INFO] Nuoc thu 4 (Greedy): chon action=23, diem 96.7
11:45:52.934 [INFO] Nuoc thu 5 (alphaZero): chon action=180, temp=1.0000, N(action)=4
11:45:52.937 [INFO] Nuoc thu 6 (Greedy): chon action=39, diem 195.7
11:46:08.057 [INFO] Nuoc thu 7 (alphaZero): chon action=71, temp=1.0000, N(action)=3
11:46:08.060 [INFO] Nuoc thu 8 (Greedy): chon action=24, diem 294.7
11:46:23.596 [INFO] Nuoc thu 9 (alphaZero): chon action=90, temp=1.0000, N(action)=4
11:46:23.598 [INFO] Nuoc thu 10 (Greedy): chon action=25, diem 1105.6
11:46:39.176 [INFO] Nuoc thu 11 (alphaZero): chon action=81, temp=1.0000, N(action)=9
11:46:39.178 [INFO] Nuoc thu 12 (Greedy): chon action=22, diem 10095.7
11:46:54.627 [INFO] Nuoc thu 13 (alphaZero): chon action=43, temp=1.0000, N(action)=8
11:46:54.631 [INFO] Nuoc thu 14 (Greedy): chon action=26, diem 100006.6
11:46:54.631 [INFO] ========== VAN (vs Greedy) KET THUC: nguoi thang la player 2 (AlphaZero la player 1), tong 14 nuoc ==========
11:46:54.994 [INFO] ========== BAT DAU VAN TU CHOI VOI GREEDY (board 15x15), AlphaZero la player 2 ==========
11:46:54.994 [INFO] Nuoc thu 1 (Greedy): chon action=112 (khai cuoc, o trung tam)
11:47:10.923 [INFO] Nuoc thu 2 (alphaZero): chon action=143, temp=1.0000, N(action)=4
11:47:10.926 [INFO] Nuoc thu 3 (Greedy): chon action=127, diem 195.7
11:47:26.441 [INFO] Nuoc thu 4 (alphaZero): chon action=88, temp=1.0000, N(action)=4
11:47:26.443 [INFO] Nuoc thu 5 (Greedy): chon action=142, diem 1095.7
11:47:42.288 [INFO] Nuoc thu 6 (alphaZero): chon action=135, temp=1.0000, N(action)=7
11:47:42.290 [INFO] Nuoc thu 7 (Greedy): chon action=157, diem 10095.7
11:47:57.838 [INFO] Nuoc thu 8 (alphaZero): chon action=196, temp=1.0000, N(action)=4
11:47:57.841 [INFO] Nuoc thu 9 (Greedy): chon action=172, diem 100006.6
11:47:57.841 [INFO] ========== VAN (vs Greedy) KET THUC: nguoi thang la player 1 (AlphaZero la player 2), tong 9 nuoc ==========
11:47:58.166 [INFO] ========== BAT DAU VAN TU CHOI VOI GREEDY (board 15x15), AlphaZero la player 2 ==========
11:47:58.166 [INFO] Nuoc thu 1 (Greedy): chon action=112 (khai cuoc, o trung tam)
11:48:13.701 [INFO] Nuoc thu 2 (alphaZero): chon action=179, temp=1.0000, N(action)=7
11:48:13.704 [INFO] Nuoc thu 3 (Greedy): chon action=111, diem 106.6
11:48:29.570 [INFO] Nuoc thu 4 (alphaZero): chon action=16, temp=1.0000, N(action)=4
11:48:29.573 [INFO] Nuoc thu 5 (Greedy): chon action=113, diem 1006.6
11:48:44.949 [INFO] Nuoc thu 6 (alphaZero): chon action=138, temp=1.0000, N(action)=4
11:48:44.952 [INFO] Nuoc thu 7 (Greedy): chon action=110, diem 10006.6
11:49:00.090 [INFO] Nuoc thu 8 (alphaZero): chon action=98, temp=1.0000, N(action)=11
11:49:00.092 [INFO] Nuoc thu 9 (Greedy): chon action=114, diem 100095.7
11:49:00.092 [INFO] ========== VAN (vs Greedy) KET THUC: nguoi thang la player 1 (AlphaZero la player 2), tong 9 nuoc ==========
11:49:00.398 [INFO] ========== BAT DAU VAN TU CHOI VOI GREEDY (board 15x15), AlphaZero la player 2 ==========
11:49:00.399 [INFO] Nuoc thu 1 (Greedy): chon action=112 (khai cuoc, o trung tam)
11:49:16.143 [INFO] Nuoc thu 2 (alphaZero): chon action=130, temp=1.0000, N(action)=6
11:49:16.151 [INFO] Nuoc thu 3 (Greedy): chon action=111, diem 106.6
11:49:31.457 [INFO] Nuoc thu 4 (alphaZero): chon action=116, temp=1.0000, N(action)=5
11:49:31.460 [INFO] Nuoc thu 5 (Greedy): chon action=113, diem 1006.6
11:49:47.015 [INFO] Nuoc thu 6 (alphaZero): chon action=94, temp=1.0000, N(action)=4
11:49:47.017 [INFO] Nuoc thu 7 (Greedy): chon action=114, diem 10095.7
11:50:02.912 [INFO] Nuoc thu 8 (alphaZero): chon action=100, temp=1.0000, N(action)=4
11:50:02.923 [INFO] Nuoc thu 9 (Greedy): chon action=115, diem 100912.8
11:50:02.923 [INFO] ========== VAN (vs Greedy) KET THUC: nguoi thang la player 1 (AlphaZero la player 2), tong 9 nuoc ==========
11:50:03.206 [INFO] ========== BAT DAU VAN TU CHOI VOI GREEDY (board 15x15), AlphaZero la player 2 ==========
11:50:03.206 [INFO] Nuoc thu 1 (Greedy): chon action=112 (khai cuoc, o trung tam)
11:50:18.612 [INFO] Nuoc thu 2 (alphaZero): chon action=137, temp=1.0000, N(action)=4
11:50:18.614 [INFO] Nuoc thu 3 (Greedy): chon action=127, diem 106.6
11:50:34.455 [INFO] Nuoc thu 4 (alphaZero): chon action=198, temp=1.0000, N(action)=4
11:50:34.458 [INFO] Nuoc thu 5 (Greedy): chon action=97, diem 1006.6
11:50:50.000 [INFO] Nuoc thu 6 (alphaZero): chon action=180, temp=1.0000, N(action)=4
11:50:50.003 [INFO] Nuoc thu 7 (Greedy): chon action=142, diem 10006.6
11:51:05.758 [INFO] Nuoc thu 8 (alphaZero): chon action=138, temp=1.0000, N(action)=4
11:51:05.761 [INFO] Nuoc thu 9 (Greedy): chon action=82, diem 100006.6
11:51:05.761 [INFO] ========== VAN (vs Greedy) KET THUC: nguoi thang la player 1 (AlphaZero la player 2), tong 9 nuoc ==========
11:51:06.076 [INFO] ========== BAT DAU VAN TU CHOI VOI GREEDY (board 15x15), AlphaZero la player 2 ==========
11:51:06.076 [INFO] Nuoc thu 1 (Greedy): chon action=112 (khai cuoc, o trung tam)
11:51:22.063 [INFO] Nuoc thu 2 (alphaZero): chon action=11, temp=1.0000, N(action)=6
11:51:22.066 [INFO] Nuoc thu 3 (Greedy): chon action=97, diem 106.6
11:51:37.473 [INFO] Nuoc thu 4 (alphaZero): chon action=63, temp=1.0000, N(action)=3
11:51:37.476 [INFO] Nuoc thu 5 (Greedy): chon action=82, diem 1006.6
11:51:53.459 [INFO] Nuoc thu 6 (alphaZero): chon action=30, temp=1.0000, N(action)=8
11:51:53.461 [INFO] Nuoc thu 7 (Greedy): chon action=127, diem 10006.6
11:52:09.126 [INFO] Nuoc thu 8 (alphaZero): chon action=192, temp=1.0000, N(action)=4
11:52:09.128 [INFO] Nuoc thu 9 (Greedy): chon action=142, diem 100006.6
11:52:09.128 [INFO] ========== VAN (vs Greedy) KET THUC: nguoi thang la player 1 (AlphaZero la player 2), tong 9 nuoc ==========
11:52:09.506 [INFO] ========== BAT DAU VAN TU CHOI VOI GREEDY (board 15x15), AlphaZero la player 1 ==========
11:52:25.422 [INFO] Nuoc thu 1 (alphaZero): chon action=125, temp=1.0000, N(action)=4
11:52:25.424 [INFO] Nuoc thu 2 (Greedy): chon action=111, diem 96.7
11:52:40.702 [INFO] Nuoc thu 3 (alphaZero): chon action=43, temp=1.0000, N(action)=8
11:52:40.704 [INFO] Nuoc thu 4 (Greedy): chon action=126, diem 195.7
11:52:56.118 [INFO] Nuoc thu 5 (alphaZero): chon action=214, temp=1.0000, N(action)=4
11:52:56.120 [INFO] Nuoc thu 6 (Greedy): chon action=141, diem 1095.7
11:53:12.137 [INFO] Nuoc thu 7 (alphaZero): chon action=71, temp=1.0000, N(action)=4
11:53:12.138 [INFO] Nuoc thu 8 (Greedy): chon action=96, diem 10006.6
11:53:27.738 [INFO] Nuoc thu 9 (alphaZero): chon action=197, temp=1.0000, N(action)=4
11:53:27.741 [INFO] Nuoc thu 10 (Greedy): chon action=81, diem 100006.6
11:53:27.741 [INFO] ========== VAN (vs Greedy) KET THUC: nguoi thang la player 2 (AlphaZero la player 1), tong 10 nuoc ==========
11:53:28.102 [INFO] ========== BAT DAU VAN TU CHOI VOI GREEDY (board 15x15), AlphaZero la player 2 ==========
11:53:28.103 [INFO] Nuoc thu 1 (Greedy): chon action=112 (khai cuoc, o trung tam)
11:53:43.771 [INFO] Nuoc thu 2 (alphaZero): chon action=188, temp=1.0000, N(action)=5
11:53:43.773 [INFO] Nuoc thu 3 (Greedy): chon action=97, diem 106.6
11:53:59.251 [INFO] Nuoc thu 4 (alphaZero): chon action=114, temp=1.0000, N(action)=5
11:53:59.254 [INFO] Nuoc thu 5 (Greedy): chon action=127, diem 1006.6
11:54:14.883 [INFO] Nuoc thu 6 (alphaZero): chon action=157, temp=1.0000, N(action)=8
11:54:14.886 [INFO] Nuoc thu 7 (Greedy): chon action=82, diem 10006.6
11:54:30.725 [INFO] Nuoc thu 8 (alphaZero): chon action=144, temp=1.0000, N(action)=4
11:54:30.728 [INFO] Nuoc thu 9 (Greedy): chon action=142, diem 100014.7
11:54:30.728 [INFO] ========== VAN (vs Greedy) KET THUC: nguoi thang la player 1 (AlphaZero la player 2), tong 9 nuoc ==========
11:54:31.042 [INFO] ========== BAT DAU VAN TU CHOI VOI GREEDY (board 15x15), AlphaZero la player 1 ==========
11:54:46.867 [INFO] Nuoc thu 1 (alphaZero): chon action=141, temp=1.0000, N(action)=8
11:54:46.870 [INFO] Nuoc thu 2 (Greedy): chon action=126, diem 96.7
11:55:02.217 [INFO] Nuoc thu 3 (alphaZero): chon action=167, temp=1.0000, N(action)=4
11:55:02.219 [INFO] Nuoc thu 4 (Greedy): chon action=127, diem 195.7
11:55:18.240 [INFO] Nuoc thu 5 (alphaZero): chon action=178, temp=1.0000, N(action)=4
11:55:18.247 [INFO] Nuoc thu 6 (Greedy): chon action=125, diem 1095.7
11:55:33.617 [INFO] Nuoc thu 7 (alphaZero): chon action=6, temp=1.0000, N(action)=7
11:55:33.619 [INFO] Nuoc thu 8 (Greedy): chon action=128, diem 10006.6
11:55:48.951 [INFO] Nuoc thu 9 (alphaZero): chon action=72, temp=1.0000, N(action)=4
11:55:48.953 [INFO] Nuoc thu 10 (Greedy): chon action=124, diem 100006.6
11:55:48.953 [INFO] ========== VAN (vs Greedy) KET THUC: nguoi thang la player 2 (AlphaZero la player 1), tong 10 nuoc ==========
11:55:49.297 [INFO] ========== BAT DAU VAN TU CHOI VOI GREEDY (board 15x15), AlphaZero la player 1 ==========
11:56:04.799 [INFO] Nuoc thu 1 (alphaZero): chon action=216, temp=1.0000, N(action)=3
11:56:04.802 [INFO] Nuoc thu 2 (Greedy): chon action=217, diem 96.7
11:56:20.625 [INFO] Nuoc thu 3 (alphaZero): chon action=148, temp=1.0000, N(action)=3
11:56:20.627 [INFO] Nuoc thu 4 (Greedy): chon action=162, diem 96.7
11:56:35.876 [INFO] Nuoc thu 5 (alphaZero): chon action=138, temp=1.0000, N(action)=3
11:56:35.878 [INFO] Nuoc thu 6 (Greedy): chon action=163, diem 195.7
11:56:51.681 [INFO] Nuoc thu 7 (alphaZero): chon action=176, temp=1.0000, N(action)=4
11:56:51.684 [INFO] Nuoc thu 8 (Greedy): chon action=161, diem 1095.7
11:57:07.238 [INFO] Nuoc thu 9 (alphaZero): chon action=182, temp=1.0000, N(action)=4
11:57:07.240 [INFO] Nuoc thu 10 (Greedy): chon action=160, diem 10095.7
11:57:22.898 [INFO] Nuoc thu 11 (alphaZero): chon action=206, temp=1.0000, N(action)=10
11:57:22.901 [INFO] Nuoc thu 12 (Greedy): chon action=164, diem 100012.8
11:57:22.901 [INFO] ========== VAN (vs Greedy) KET THUC: nguoi thang la player 2 (AlphaZero la player 1), tong 12 nuoc ==========
11:57:23.233 [INFO] ========== BAT DAU VAN TU CHOI VOI GREEDY (board 15x15), AlphaZero la player 2 ==========
11:57:23.233 [INFO] Nuoc thu 1 (Greedy): chon action=112 (khai cuoc, o trung tam)
11:57:39.019 [INFO] Nuoc thu 2 (alphaZero): chon action=170, temp=1.0000, N(action)=11
11:57:39.023 [INFO] Nuoc thu 3 (Greedy): chon action=111, diem 106.6
11:57:54.661 [INFO] Nuoc thu 4 (alphaZero): chon action=6, temp=1.0000, N(action)=5
11:57:54.664 [INFO] Nuoc thu 5 (Greedy): chon action=110, diem 1006.6
11:58:10.721 [INFO] Nuoc thu 6 (alphaZero): chon action=202, temp=1.0000, N(action)=4
11:58:10.724 [INFO] Nuoc thu 7 (Greedy): chon action=113, diem 10006.6
11:58:26.719 [INFO] Nuoc thu 8 (alphaZero): chon action=34, temp=1.0000, N(action)=4
11:58:26.721 [INFO] Nuoc thu 9 (Greedy): chon action=114, diem 100006.6
11:58:26.721 [INFO] ========== VAN (vs Greedy) KET THUC: nguoi thang la player 1 (AlphaZero la player 2), tong 9 nuoc ==========
11:58:27.091 [INFO] ========== BAT DAU VAN TU CHOI VOI GREEDY (board 15x15), AlphaZero la player 2 ==========
11:58:27.091 [INFO] Nuoc thu 1 (Greedy): chon action=112 (khai cuoc, o trung tam)
11:58:42.749 [INFO] Nuoc thu 2 (alphaZero): chon action=89, temp=1.0000, N(action)=8
11:58:42.752 [INFO] Nuoc thu 3 (Greedy): chon action=127, diem 106.6
11:58:58.360 [INFO] Nuoc thu 4 (alphaZero): chon action=87, temp=1.0000, N(action)=4
11:58:58.362 [INFO] Nuoc thu 5 (Greedy): chon action=142, diem 1006.6
11:59:14.149 [INFO] Nuoc thu 6 (alphaZero): chon action=164, temp=1.0000, N(action)=6
11:59:14.152 [INFO] Nuoc thu 7 (Greedy): chon action=97, diem 10006.6
11:59:29.567 [INFO] Nuoc thu 8 (alphaZero): chon action=221, temp=1.0000, N(action)=16
11:59:29.572 [INFO] Nuoc thu 9 (Greedy): chon action=157, diem 100006.6
11:59:29.572 [INFO] ========== VAN (vs Greedy) KET THUC: nguoi thang la player 1 (AlphaZero la player 2), tong 9 nuoc ==========
11:59:29.913 [INFO] ========== BAT DAU VAN TU CHOI VOI GREEDY (board 15x15), AlphaZero la player 1 ==========
11:59:45.442 [INFO] Nuoc thu 1 (alphaZero): chon action=160, temp=1.0000, N(action)=4
11:59:45.444 [INFO] Nuoc thu 2 (Greedy): chon action=174, diem 96.7
12:00:00.673 [INFO] Nuoc thu 3 (alphaZero): chon action=10, temp=1.0000, N(action)=4
12:00:00.676 [INFO] Nuoc thu 4 (Greedy): chon action=175, diem 195.7
12:00:16.226 [INFO] Nuoc thu 5 (alphaZero): chon action=62, temp=1.0000, N(action)=6
12:00:16.229 [INFO] Nuoc thu 6 (Greedy): chon action=176, diem 1095.7
12:00:32.343 [INFO] Nuoc thu 7 (alphaZero): chon action=162, temp=1.0000, N(action)=3
12:00:32.345 [INFO] Nuoc thu 8 (Greedy): chon action=177, diem 10095.7
12:00:47.493 [INFO] Nuoc thu 9 (alphaZero): chon action=60, temp=1.0000, N(action)=9
12:00:47.495 [INFO] Nuoc thu 10 (Greedy): chon action=178, diem 100095.7
12:00:47.495 [INFO] ========== VAN (vs Greedy) KET THUC: nguoi thang la player 2 (AlphaZero la player 1), tong 10 nuoc ==========
12:00:47.828 [INFO] ========== BAT DAU VAN TU CHOI VOI GREEDY (board 15x15), AlphaZero la player 1 ==========
12:01:03.435 [INFO] Nuoc thu 1 (alphaZero): chon action=174, temp=1.0000, N(action)=4
12:01:03.437 [INFO] Nuoc thu 2 (Greedy): chon action=160, diem 96.7
12:01:18.866 [INFO] Nuoc thu 3 (alphaZero): chon action=199, temp=1.0000, N(action)=4
12:01:18.869 [INFO] Nuoc thu 4 (Greedy): chon action=175, diem 195.7
12:01:34.596 [INFO] Nuoc thu 5 (alphaZero): chon action=145, temp=1.0000, N(action)=4
12:01:34.597 [INFO] Nuoc thu 6 (Greedy): chon action=159, diem 383.8
12:01:50.762 [INFO] Nuoc thu 7 (alphaZero): chon action=115, temp=1.0000, N(action)=4
12:01:50.763 [INFO] Nuoc thu 8 (Greedy): chon action=161, diem 1194.7
12:02:05.894 [INFO] Nuoc thu 9 (alphaZero): chon action=171, temp=1.0000, N(action)=7
12:02:05.896 [INFO] Nuoc thu 10 (Greedy): chon action=158, diem 10095.7
12:02:21.698 [INFO] Nuoc thu 11 (alphaZero): chon action=152, temp=1.0000, N(action)=6
12:02:21.700 [INFO] Nuoc thu 12 (Greedy): chon action=157, diem 100095.7
12:02:21.700 [INFO] ========== VAN (vs Greedy) KET THUC: nguoi thang la player 2 (AlphaZero la player 1), tong 12 nuoc ==========
12:02:22.027 [INFO] ========== BAT DAU VAN TU CHOI VOI GREEDY (board 15x15), AlphaZero la player 1 ==========
12:02:37.383 [INFO] Nuoc thu 1 (alphaZero): chon action=64, temp=1.0000, N(action)=6
12:02:37.385 [INFO] Nuoc thu 2 (Greedy): chon action=79, diem 96.7
12:02:53.113 [INFO] Nuoc thu 3 (alphaZero): chon action=31, temp=1.0000, N(action)=4
12:02:53.115 [INFO] Nuoc thu 4 (Greedy): chon action=78, diem 195.7
12:03:08.621 [INFO] Nuoc thu 5 (alphaZero): chon action=126, temp=1.0000, N(action)=3
12:03:08.623 [INFO] Nuoc thu 6 (Greedy): chon action=80, diem 1095.7
12:03:23.956 [INFO] Nuoc thu 7 (alphaZero): chon action=204, temp=1.0000, N(action)=4
12:03:23.958 [INFO] Nuoc thu 8 (Greedy): chon action=81, diem 10006.6
12:03:39.363 [INFO] Nuoc thu 9 (alphaZero): chon action=123, temp=1.0000, N(action)=4
12:03:39.365 [INFO] Nuoc thu 10 (Greedy): chon action=82, diem 100006.6
12:03:39.365 [INFO] ========== VAN (vs Greedy) KET THUC: nguoi thang la player 2 (AlphaZero la player 1), tong 10 nuoc ==========
12:03:39.685 [INFO] ========== BAT DAU VAN TU CHOI VOI GREEDY (board 15x15), AlphaZero la player 2 ==========
12:03:39.685 [INFO] Nuoc thu 1 (Greedy): chon action=112 (khai cuoc, o trung tam)
12:03:55.646 [INFO] Nuoc thu 2 (alphaZero): chon action=10, temp=1.0000, N(action)=4
12:03:55.648 [INFO] Nuoc thu 3 (Greedy): chon action=128, diem 106.6
12:04:10.907 [INFO] Nuoc thu 4 (alphaZero): chon action=216, temp=1.0000, N(action)=12
12:04:10.910 [INFO] Nuoc thu 5 (Greedy): chon action=144, diem 1006.6
12:04:26.440 [INFO] Nuoc thu 6 (alphaZero): chon action=133, temp=1.0000, N(action)=7
12:04:26.442 [INFO] Nuoc thu 7 (Greedy): chon action=96, diem 10006.6
12:04:42.018 [INFO] Nuoc thu 8 (alphaZero): chon action=88, temp=1.0000, N(action)=4
12:04:42.023 [INFO] Nuoc thu 9 (Greedy): chon action=160, diem 100006.6
12:04:42.023 [INFO] ========== VAN (vs Greedy) KET THUC: nguoi thang la player 1 (AlphaZero la player 2), tong 9 nuoc ==========
12:04:42.415 [INFO] ========== BAT DAU VAN TU CHOI VOI GREEDY (board 15x15), AlphaZero la player 2 ==========
12:04:42.416 [INFO] Nuoc thu 1 (Greedy): chon action=112 (khai cuoc, o trung tam)
12:04:58.257 [INFO] Nuoc thu 2 (alphaZero): chon action=87, temp=1.0000, N(action)=5
12:04:58.259 [INFO] Nuoc thu 3 (Greedy): chon action=111, diem 106.6
12:05:13.659 [INFO] Nuoc thu 4 (alphaZero): chon action=150, temp=1.0000, N(action)=4
12:05:13.662 [INFO] Nuoc thu 5 (Greedy): chon action=110, diem 1006.6
12:05:29.142 [INFO] Nuoc thu 6 (alphaZero): chon action=71, temp=1.0000, N(action)=6
12:05:29.145 [INFO] Nuoc thu 7 (Greedy): chon action=113, diem 10006.6
12:05:44.622 [INFO] Nuoc thu 8 (alphaZero): chon action=121, temp=1.0000, N(action)=4
12:05:44.624 [INFO] Nuoc thu 9 (Greedy): chon action=109, diem 100006.6
12:05:44.624 [INFO] ========== VAN (vs Greedy) KET THUC: nguoi thang la player 1 (AlphaZero la player 2), tong 9 nuoc ==========
12:05:44.937 [INFO] ========== BAT DAU VAN TU CHOI VOI GREEDY (board 15x15), AlphaZero la player 2 ==========
12:05:44.937 [INFO] Nuoc thu 1 (Greedy): chon action=112 (khai cuoc, o trung tam)
12:06:00.392 [INFO] Nuoc thu 2 (alphaZero): chon action=222, temp=1.0000, N(action)=4
12:06:00.395 [INFO] Nuoc thu 3 (Greedy): chon action=111, diem 106.6
12:06:15.859 [INFO] Nuoc thu 4 (alphaZero): chon action=77, temp=1.0000, N(action)=4
12:06:15.863 [INFO] Nuoc thu 5 (Greedy): chon action=113, diem 1006.6
12:06:31.306 [INFO] Nuoc thu 6 (alphaZero): chon action=136, temp=1.0000, N(action)=8
12:06:31.309 [INFO] Nuoc thu 7 (Greedy): chon action=110, diem 10006.6
12:06:46.828 [INFO] Nuoc thu 8 (alphaZero): chon action=191, temp=1.0000, N(action)=9
12:06:46.830 [INFO] Nuoc thu 9 (Greedy): chon action=114, diem 100006.6
12:06:46.835 [INFO] ========== VAN (vs Greedy) KET THUC: nguoi thang la player 1 (AlphaZero la player 2), tong 9 nuoc ==========
12:06:47.145 [INFO] ========== BAT DAU VAN TU CHOI VOI GREEDY (board 15x15), AlphaZero la player 1 ==========
12:07:02.901 [INFO] Nuoc thu 1 (alphaZero): chon action=194, temp=1.0000, N(action)=4
12:07:02.903 [INFO] Nuoc thu 2 (Greedy): chon action=209, diem 96.7
12:07:18.565 [INFO] Nuoc thu 3 (alphaZero): chon action=18, temp=1.0000, N(action)=4
12:07:18.569 [INFO] Nuoc thu 4 (Greedy): chon action=34, diem 96.7
12:07:34.377 [INFO] Nuoc thu 5 (alphaZero): chon action=154, temp=1.0000, N(action)=4
12:07:34.380 [INFO] Nuoc thu 6 (Greedy): chon action=33, diem 195.7
12:07:49.908 [INFO] Nuoc thu 7 (alphaZero): chon action=29, temp=1.0000, N(action)=4
12:07:49.911 [INFO] Nuoc thu 8 (Greedy): chon action=32, diem 1095.7
12:08:05.379 [INFO] Nuoc thu 9 (alphaZero): chon action=142, temp=1.0000, N(action)=3
12:08:05.381 [INFO] Nuoc thu 10 (Greedy): chon action=35, diem 10006.6
12:08:20.732 [INFO] Nuoc thu 11 (alphaZero): chon action=58, temp=1.0000, N(action)=4
12:08:20.736 [INFO] Nuoc thu 12 (Greedy): chon action=36, diem 100006.6
12:08:20.736 [INFO] ========== VAN (vs Greedy) KET THUC: nguoi thang la player 2 (AlphaZero la player 1), tong 12 nuoc ==========
12:08:21.106 [INFO] ========== BAT DAU VAN TU CHOI VOI GREEDY (board 15x15), AlphaZero la player 1 ==========
12:08:37.120 [INFO] Nuoc thu 1 (alphaZero): chon action=167, temp=1.0000, N(action)=3
12:08:37.131 [INFO] Nuoc thu 2 (Greedy): chon action=152, diem 96.7
12:08:52.927 [INFO] Nuoc thu 3 (alphaZero): chon action=87, temp=1.0000, N(action)=4
12:08:52.930 [INFO] Nuoc thu 4 (Greedy): chon action=153, diem 195.7
12:09:08.685 [INFO] Nuoc thu 5 (alphaZero): chon action=185, temp=1.0000, N(action)=4
12:09:08.687 [INFO] Nuoc thu 6 (Greedy): chon action=151, diem 1095.7
12:09:24.065 [INFO] Nuoc thu 7 (alphaZero): chon action=136, temp=1.0000, N(action)=3
12:09:24.072 [INFO] Nuoc thu 8 (Greedy): chon action=154, diem 10006.6
12:09:39.842 [INFO] Nuoc thu 9 (alphaZero): chon action=16, temp=1.0000, N(action)=4
12:09:39.844 [INFO] Nuoc thu 10 (Greedy): chon action=150, diem 100012.8
12:09:39.844 [INFO] ========== VAN (vs Greedy) KET THUC: nguoi thang la player 2 (AlphaZero la player 1), tong 10 nuoc ==========
12:09:40.170 [INFO] ========== BAT DAU VAN TU CHOI VOI GREEDY (board 15x15), AlphaZero la player 2 ==========
12:09:40.171 [INFO] Nuoc thu 1 (Greedy): chon action=112 (khai cuoc, o trung tam)
12:09:55.888 [INFO] Nuoc thu 2 (alphaZero): chon action=54, temp=1.0000, N(action)=4
12:09:55.891 [INFO] Nuoc thu 3 (Greedy): chon action=113, diem 106.6
12:10:11.280 [INFO] Nuoc thu 4 (alphaZero): chon action=140, temp=1.0000, N(action)=4
12:10:11.282 [INFO] Nuoc thu 5 (Greedy): chon action=111, diem 1006.6
12:10:26.682 [INFO] Nuoc thu 6 (alphaZero): chon action=4, temp=1.0000, N(action)=4
12:10:26.684 [INFO] Nuoc thu 7 (Greedy): chon action=110, diem 10006.6
12:10:42.284 [INFO] Nuoc thu 8 (alphaZero): chon action=142, temp=1.0000, N(action)=4
12:10:42.286 [INFO] Nuoc thu 9 (Greedy): chon action=114, diem 100006.6
12:10:42.286 [INFO] ========== VAN (vs Greedy) KET THUC: nguoi thang la player 1 (AlphaZero la player 2), tong 9 nuoc ==========
12:10:42.599 [INFO] ========== BAT DAU VAN TU CHOI VOI GREEDY (board 15x15), AlphaZero la player 1 ==========
12:10:58.239 [INFO] Nuoc thu 1 (alphaZero): chon action=39, temp=1.0000, N(action)=4
12:10:58.241 [INFO] Nuoc thu 2 (Greedy): chon action=38, diem 96.7
12:11:13.620 [INFO] Nuoc thu 3 (alphaZero): chon action=99, temp=1.0000, N(action)=4
12:11:13.623 [INFO] Nuoc thu 4 (Greedy): chon action=54, diem 195.7
12:11:29.537 [INFO] Nuoc thu 5 (alphaZero): chon action=217, temp=1.0000, N(action)=4
12:11:29.540 [INFO] Nuoc thu 6 (Greedy): chon action=70, diem 1006.6
12:11:45.184 [INFO] Nuoc thu 7 (alphaZero): chon action=7, temp=1.0000, N(action)=4
12:11:45.186 [INFO] Nuoc thu 8 (Greedy): chon action=22, diem 10014.7
12:12:00.989 [INFO] Nuoc thu 9 (alphaZero): chon action=49, temp=1.0000, N(action)=4
12:12:00.991 [INFO] Nuoc thu 10 (Greedy): chon action=6, diem 100094.8
12:12:00.991 [INFO] ========== VAN (vs Greedy) KET THUC: nguoi thang la player 2 (AlphaZero la player 1), tong 10 nuoc ==========
12:12:01.303 [INFO] ========== BAT DAU VAN TU CHOI VOI GREEDY (board 15x15), AlphaZero la player 2 ==========
12:12:01.303 [INFO] Nuoc thu 1 (Greedy): chon action=112 (khai cuoc, o trung tam)
12:12:16.589 [INFO] Nuoc thu 2 (alphaZero): chon action=97, temp=1.0000, N(action)=6
12:12:16.591 [INFO] Nuoc thu 3 (Greedy): chon action=96, diem 195.7
12:12:32.360 [INFO] Nuoc thu 4 (alphaZero): chon action=61, temp=1.0000, N(action)=4
12:12:32.362 [INFO] Nuoc thu 5 (Greedy): chon action=128, diem 1006.6
12:12:48.153 [INFO] Nuoc thu 6 (alphaZero): chon action=144, temp=1.0000, N(action)=4
12:12:48.155 [INFO] Nuoc thu 7 (Greedy): chon action=80, diem 1006.6
12:13:03.446 [INFO] Nuoc thu 8 (alphaZero): chon action=124, temp=1.0000, N(action)=7
12:13:03.449 [INFO] Nuoc thu 9 (Greedy): chon action=64, diem 100006.6
12:13:03.449 [INFO] ========== VAN (vs Greedy) KET THUC: nguoi thang la player 1 (AlphaZero la player 2), tong 9 nuoc ==========
12:13:03.826 [INFO] ========== BAT DAU VAN TU CHOI VOI GREEDY (board 15x15), AlphaZero la player 2 ==========
12:13:03.826 [INFO] Nuoc thu 1 (Greedy): chon action=112 (khai cuoc, o trung tam)
12:13:19.424 [INFO] Nuoc thu 2 (alphaZero): chon action=43, temp=1.0000, N(action)=4
12:13:19.426 [INFO] Nuoc thu 3 (Greedy): chon action=97, diem 106.6
12:13:35.186 [INFO] Nuoc thu 4 (alphaZero): chon action=44, temp=1.0000, N(action)=4
12:13:35.189 [INFO] Nuoc thu 5 (Greedy): chon action=127, diem 1006.6
12:13:50.511 [INFO] Nuoc thu 6 (alphaZero): chon action=66, temp=1.0000, N(action)=13
12:13:50.512 [INFO] Nuoc thu 7 (Greedy): chon action=82, diem 10095.7
12:14:05.665 [INFO] Nuoc thu 8 (alphaZero): chon action=28, temp=1.0000, N(action)=4
12:14:05.667 [INFO] Nuoc thu 9 (Greedy): chon action=67, diem 100095.7
12:14:05.667 [INFO] ========== VAN (vs Greedy) KET THUC: nguoi thang la player 1 (AlphaZero la player 2), tong 9 nuoc ==========
12:14:06.016 [INFO] ========== BAT DAU VAN TU CHOI VOI GREEDY (board 15x15), AlphaZero la player 1 ==========
12:14:21.588 [INFO] Nuoc thu 1 (alphaZero): chon action=154, temp=1.0000, N(action)=6
12:14:21.591 [INFO] Nuoc thu 2 (Greedy): chon action=139, diem 96.7
12:14:37.142 [INFO] Nuoc thu 3 (alphaZero): chon action=180, temp=1.0000, N(action)=4
12:14:37.146 [INFO] Nuoc thu 4 (Greedy): chon action=140, diem 195.7
12:14:52.482 [INFO] Nuoc thu 5 (alphaZero): chon action=28, temp=1.0000, N(action)=7
12:14:52.484 [INFO] Nuoc thu 6 (Greedy): chon action=138, diem 1095.7
12:15:08.203 [INFO] Nuoc thu 7 (alphaZero): chon action=124, temp=1.0000, N(action)=4
12:15:08.206 [INFO] Nuoc thu 8 (Greedy): chon action=137, diem 10006.6
12:15:23.699 [INFO] Nuoc thu 9 (alphaZero): chon action=104, temp=1.0000, N(action)=6
12:15:23.701 [INFO] Nuoc thu 10 (Greedy): chon action=136, diem 100006.6
12:15:23.701 [INFO] ========== VAN (vs Greedy) KET THUC: nguoi thang la player 2 (AlphaZero la player 1), tong 10 nuoc ==========
12:15:24.131 [INFO] ========== BAT DAU VAN TU CHOI VOI GREEDY (board 15x15), AlphaZero la player 1 ==========
12:15:39.975 [INFO] Nuoc thu 1 (alphaZero): chon action=141, temp=1.0000, N(action)=4
12:15:39.977 [INFO] Nuoc thu 2 (Greedy): chon action=126, diem 96.7
12:15:55.667 [INFO] Nuoc thu 3 (alphaZero): chon action=13, temp=1.0000, N(action)=9
12:15:55.669 [INFO] Nuoc thu 4 (Greedy): chon action=142, diem 195.7
12:16:11.186 [INFO] Nuoc thu 5 (alphaZero): chon action=162, temp=1.0000, N(action)=4
12:16:11.188 [INFO] Nuoc thu 6 (Greedy): chon action=158, diem 1006.6
12:16:26.758 [INFO] Nuoc thu 7 (alphaZero): chon action=40, temp=1.0000, N(action)=4
12:16:26.760 [INFO] Nuoc thu 8 (Greedy): chon action=174, diem 10006.6
12:16:41.963 [INFO] Nuoc thu 9 (alphaZero): chon action=21, temp=1.0000, N(action)=4
12:16:41.965 [INFO] Nuoc thu 10 (Greedy): chon action=110, diem 100006.6
12:16:41.965 [INFO] ========== VAN (vs Greedy) KET THUC: nguoi thang la player 2 (AlphaZero la player 1), tong 10 nuoc ==========
12:16:42.313 [INFO] ========== BAT DAU VAN TU CHOI VOI GREEDY (board 15x15), AlphaZero la player 2 ==========
12:16:42.313 [INFO] Nuoc thu 1 (Greedy): chon action=112 (khai cuoc, o trung tam)
12:16:58.282 [INFO] Nuoc thu 2 (alphaZero): chon action=42, temp=1.0000, N(action)=4
12:16:58.285 [INFO] Nuoc thu 3 (Greedy): chon action=96, diem 106.6
12:17:14.017 [INFO] Nuoc thu 4 (alphaZero): chon action=91, temp=1.0000, N(action)=8
12:17:14.020 [INFO] Nuoc thu 5 (Greedy): chon action=80, diem 1006.6
12:17:29.378 [INFO] Nuoc thu 6 (alphaZero): chon action=10, temp=1.0000, N(action)=4
12:17:29.380 [INFO] Nuoc thu 7 (Greedy): chon action=128, diem 10006.6
12:17:44.800 [INFO] Nuoc thu 8 (alphaZero): chon action=100, temp=1.0000, N(action)=5
12:17:44.803 [INFO] Nuoc thu 9 (Greedy): chon action=144, diem 100006.6
12:17:44.803 [INFO] ========== VAN (vs Greedy) KET THUC: nguoi thang la player 1 (AlphaZero la player 2), tong 9 nuoc ==========
12:17:45.121 [INFO] ========== BAT DAU VAN TU CHOI VOI GREEDY (board 15x15), AlphaZero la player 1 ==========
12:17:59.521 [INFO] Nuoc thu 1 (alphaZero): chon action=158, temp=1.0000, N(action)=4
12:17:59.524 [INFO] Nuoc thu 2 (Greedy): chon action=144, diem 96.7
12:18:12.538 [INFO] Nuoc thu 3 (alphaZero): chon action=113, temp=1.0000, N(action)=5
12:18:12.540 [INFO] Nuoc thu 4 (Greedy): chon action=129, diem 195.7
12:18:25.838 [INFO] Nuoc thu 5 (alphaZero): chon action=121, temp=1.0000, N(action)=17
12:18:25.840 [INFO] Nuoc thu 6 (Greedy): chon action=114, diem 1095.7
12:18:38.323 [INFO] Nuoc thu 7 (alphaZero): chon action=44, temp=1.0000, N(action)=8
12:18:38.325 [INFO] Nuoc thu 8 (Greedy): chon action=99, diem 10095.7
12:18:49.346 [INFO] Nuoc thu 9 (alphaZero): chon action=107, temp=1.0000, N(action)=4
12:18:49.349 [INFO] Nuoc thu 10 (Greedy): chon action=159, diem 100095.7
12:18:49.349 [INFO] ========== VAN (vs Greedy) KET THUC: nguoi thang la player 2 (AlphaZero la player 1), tong 10 nuoc ==========
12:18:49.546 [INFO] ========== BAT DAU VAN TU CHOI VOI GREEDY (board 15x15), AlphaZero la player 2 ==========
12:18:49.546 [INFO] Nuoc thu 1 (Greedy): chon action=112 (khai cuoc, o trung tam)
12:19:00.714 [INFO] Nuoc thu 2 (alphaZero): chon action=111, temp=1.0000, N(action)=3
12:19:00.716 [INFO] Nuoc thu 3 (Greedy): chon action=126, diem 195.7
12:19:11.949 [INFO] Nuoc thu 4 (alphaZero): chon action=3, temp=1.0000, N(action)=4
12:19:11.951 [INFO] Nuoc thu 5 (Greedy): chon action=98, diem 1006.6
12:19:23.051 [INFO] Nuoc thu 6 (alphaZero): chon action=142, temp=1.0000, N(action)=5
12:19:23.054 [INFO] Nuoc thu 7 (Greedy): chon action=84, diem 10006.6
12:19:34.164 [INFO] Nuoc thu 8 (alphaZero): chon action=92, temp=1.0000, N(action)=8
12:19:34.166 [INFO] Nuoc thu 9 (Greedy): chon action=140, diem 100006.6
12:19:34.166 [INFO] ========== VAN (vs Greedy) KET THUC: nguoi thang la player 1 (AlphaZero la player 2), tong 9 nuoc ==========
12:19:34.369 [INFO] ========== BAT DAU VAN TU CHOI VOI GREEDY (board 15x15), AlphaZero la player 1 ==========
12:19:45.630 [INFO] Nuoc thu 1 (alphaZero): chon action=192, temp=1.0000, N(action)=5
12:19:45.632 [INFO] Nuoc thu 2 (Greedy): chon action=193, diem 96.7
12:19:56.743 [INFO] Nuoc thu 3 (alphaZero): chon action=174, temp=1.0000, N(action)=15
12:19:56.747 [INFO] Nuoc thu 4 (Greedy): chon action=177, diem 195.7
12:20:07.746 [INFO] Nuoc thu 5 (alphaZero): chon action=178, temp=1.0000, N(action)=4
12:20:07.749 [INFO] Nuoc thu 6 (Greedy): chon action=161, diem 1006.6
12:20:19.098 [INFO] Nuoc thu 7 (alphaZero): chon action=85, temp=1.0000, N(action)=3
12:20:19.100 [INFO] Nuoc thu 8 (Greedy): chon action=145, diem 10006.6
12:20:30.002 [INFO] Nuoc thu 9 (alphaZero): chon action=122, temp=1.0000, N(action)=8
12:20:30.004 [INFO] Nuoc thu 10 (Greedy): chon action=129, diem 100006.6
12:20:30.005 [INFO] ========== VAN (vs Greedy) KET THUC: nguoi thang la player 2 (AlphaZero la player 1), tong 10 nuoc ==========
12:20:30.203 [INFO] ========== BAT DAU VAN TU CHOI VOI GREEDY (board 15x15), AlphaZero la player 1 ==========
12:20:41.747 [INFO] Nuoc thu 1 (alphaZero): chon action=80, temp=1.0000, N(action)=4
12:20:41.749 [INFO] Nuoc thu 2 (Greedy): chon action=96, diem 96.7
12:20:52.861 [INFO] Nuoc thu 3 (alphaZero): chon action=62, temp=1.0000, N(action)=3
12:20:52.863 [INFO] Nuoc thu 4 (Greedy): chon action=95, diem 195.7
12:21:04.662 [INFO] Nuoc thu 5 (alphaZero): chon action=39, temp=1.0000, N(action)=8
12:21:04.664 [INFO] Nuoc thu 6 (Greedy): chon action=94, diem 1095.7
12:21:16.437 [INFO] Nuoc thu 7 (alphaZero): chon action=181, temp=1.0000, N(action)=4
12:21:16.439 [INFO] Nuoc thu 8 (Greedy): chon action=93, diem 10006.6
12:21:28.131 [INFO] Nuoc thu 9 (alphaZero): chon action=145, temp=1.0000, N(action)=10
12:21:28.135 [INFO] Nuoc thu 10 (Greedy): chon action=92, diem 100006.6
12:21:28.135 [INFO] ========== VAN (vs Greedy) KET THUC: nguoi thang la player 2 (AlphaZero la player 1), tong 10 nuoc ==========
12:21:28.353 [INFO] ========== BAT DAU VAN TU CHOI VOI GREEDY (board 15x15), AlphaZero la player 2 ==========
12:21:28.353 [INFO] Nuoc thu 1 (Greedy): chon action=112 (khai cuoc, o trung tam)
12:21:40.074 [INFO] Nuoc thu 2 (alphaZero): chon action=78, temp=1.0000, N(action)=4
12:21:40.076 [INFO] Nuoc thu 3 (Greedy): chon action=127, diem 106.6
12:21:51.889 [INFO] Nuoc thu 4 (alphaZero): chon action=67, temp=1.0000, N(action)=7
12:21:51.891 [INFO] Nuoc thu 5 (Greedy): chon action=142, diem 1006.6
12:22:03.421 [INFO] Nuoc thu 6 (alphaZero): chon action=164, temp=1.0000, N(action)=8
12:22:03.423 [INFO] Nuoc thu 7 (Greedy): chon action=157, diem 10006.6
12:22:14.523 [INFO] Nuoc thu 8 (alphaZero): chon action=71, temp=1.0000, N(action)=13
12:22:14.524 [INFO] Nuoc thu 9 (Greedy): chon action=97, diem 100006.6
12:22:14.524 [INFO] ========== VAN (vs Greedy) KET THUC: nguoi thang la player 1 (AlphaZero la player 2), tong 9 nuoc ==========
12:22:14.740 [INFO] ========== BAT DAU VAN TU CHOI VOI GREEDY (board 15x15), AlphaZero la player 1 ==========
12:22:25.909 [INFO] Nuoc thu 1 (alphaZero): chon action=9, temp=1.0000, N(action)=4
12:22:25.911 [INFO] Nuoc thu 2 (Greedy): chon action=10, diem 96.7
12:22:35.189 [INFO] Nuoc thu 3 (alphaZero): chon action=223, temp=1.0000, N(action)=4
12:22:35.191 [INFO] Nuoc thu 4 (Greedy): chon action=222, diem 96.7
12:22:44.449 [INFO] Nuoc thu 5 (alphaZero): chon action=51, temp=1.0000, N(action)=5
12:22:44.451 [INFO] Nuoc thu 6 (Greedy): chon action=50, diem 96.7
12:22:53.785 [INFO] Nuoc thu 7 (alphaZero): chon action=132, temp=1.0000, N(action)=4
12:22:53.788 [INFO] Nuoc thu 8 (Greedy): chon action=66, diem 195.7
12:23:02.185 [INFO] Nuoc thu 9 (alphaZero): chon action=162, temp=1.0000, N(action)=5
12:23:02.188 [INFO] Nuoc thu 10 (Greedy): chon action=82, diem 1006.6
12:23:10.633 [INFO] Nuoc thu 11 (alphaZero): chon action=25, temp=1.0000, N(action)=17
12:23:10.635 [INFO] Nuoc thu 12 (Greedy): chon action=98, diem 10006.6
12:23:19.052 [INFO] Nuoc thu 13 (alphaZero): chon action=183, temp=1.0000, N(action)=4
12:23:19.054 [INFO] Nuoc thu 14 (Greedy): chon action=34, diem 100006.6
12:23:19.054 [INFO] ========== VAN (vs Greedy) KET THUC: nguoi thang la player 2 (AlphaZero la player 1), tong 14 nuoc ==========
12:23:19.173 [INFO] ========== BAT DAU VAN TU CHOI VOI GREEDY (board 15x15), AlphaZero la player 2 ==========
12:23:19.173 [INFO] Nuoc thu 1 (Greedy): chon action=112 (khai cuoc, o trung tam)
12:23:27.784 [INFO] Nuoc thu 2 (alphaZero): chon action=186, temp=1.0000, N(action)=4
12:23:27.786 [INFO] Nuoc thu 3 (Greedy): chon action=97, diem 106.6
12:23:36.120 [INFO] Nuoc thu 4 (alphaZero): chon action=115, temp=1.0000, N(action)=3
12:23:36.122 [INFO] Nuoc thu 5 (Greedy): chon action=82, diem 1006.6
12:23:44.548 [INFO] Nuoc thu 6 (alphaZero): chon action=40, temp=1.0000, N(action)=4
12:23:44.551 [INFO] Nuoc thu 7 (Greedy): chon action=127, diem 10006.6
12:23:53.036 [INFO] Nuoc thu 8 (alphaZero): chon action=184, temp=1.0000, N(action)=4
12:23:53.038 [INFO] Nuoc thu 9 (Greedy): chon action=67, diem 100006.6
12:23:53.039 [INFO] ========== VAN (vs Greedy) KET THUC: nguoi thang la player 1 (AlphaZero la player 2), tong 9 nuoc ==========
