08:56:03.818 [INFO] ========== BAT DAU VAN TU CHOI VOI GREEDY (board 15x15), AlphaZero la player 1 ==========
08:56:20.007 [INFO] Nuoc thu 1 (alphaZero): chon action=66, temp=1.0000, N(action)=7
08:56:20.010 [INFO] Nuoc thu 2 (Greedy): chon action=67, diem 96.7
08:56:36.177 [INFO] Nuoc thu 3 (alphaZero): chon action=176, temp=1.0000, N(action)=11
08:56:36.179 [INFO] Nuoc thu 4 (Greedy): chon action=52, diem 195.7
08:56:51.930 [INFO] Nuoc thu 5 (alphaZero): chon action=33, temp=1.0000, N(action)=4
08:56:51.933 [INFO] Nuoc thu 6 (Greedy): chon action=82, diem 1095.7
08:57:07.840 [INFO] Nuoc thu 7 (alphaZero): chon action=137, temp=1.0000, N(action)=8
08:57:07.843 [INFO] Nuoc thu 8 (Greedy): chon action=37, diem 10006.6
08:57:23.723 [INFO] Nuoc thu 9 (alphaZero): chon action=182, temp=1.0000, N(action)=9
08:57:23.725 [INFO] Nuoc thu 10 (Greedy): chon action=97, diem 100006.6
08:57:23.725 [INFO] ========== VAN (vs Greedy) KET THUC: nguoi thang la player 2 (AlphaZero la player 1), tong 10 nuoc ==========
08:57:24.103 [INFO] ========== BAT DAU VAN TU CHOI VOI GREEDY (board 15x15), AlphaZero la player 2 ==========
08:57:24.103 [INFO] Nuoc thu 1 (Greedy): chon action=112 (khai cuoc, o trung tam)
08:57:39.941 [INFO] Nuoc thu 2 (alphaZero): chon action=222, temp=1.0000, N(action)=14
08:57:39.943 [INFO] Nuoc thu 3 (Greedy): chon action=126, diem 106.6
08:57:55.580 [INFO] Nuoc thu 4 (alphaZero): chon action=179, temp=1.0000, N(action)=4
08:57:55.582 [INFO] Nuoc thu 5 (Greedy): chon action=98, diem 1006.6
08:58:11.298 [INFO] Nuoc thu 6 (alphaZero): chon action=223, temp=1.0000, N(action)=4
08:58:11.301 [INFO] Nuoc thu 7 (Greedy): chon action=84, diem 10006.6
08:58:27.005 [INFO] Nuoc thu 8 (alphaZero): chon action=217, temp=1.0000, N(action)=3
08:58:27.008 [INFO] Nuoc thu 9 (Greedy): chon action=140, diem 100006.6
08:58:27.008 [INFO] ========== VAN (vs Greedy) KET THUC: nguoi thang la player 1 (AlphaZero la player 2), tong 9 nuoc ==========
08:58:27.344 [INFO] ========== BAT DAU VAN TU CHOI VOI GREEDY (board 15x15), AlphaZero la player 1 ==========
08:58:43.055 [INFO] Nuoc thu 1 (alphaZero): chon action=118, temp=1.0000, N(action)=3
08:58:43.058 [INFO] Nuoc thu 2 (Greedy): chon action=117, diem 96.7
08:58:59.266 [INFO] Nuoc thu 3 (alphaZero): chon action=20, temp=1.0000, N(action)=4
08:58:59.269 [INFO] Nuoc thu 4 (Greedy): chon action=103, diem 195.7
08:59:14.890 [INFO] Nuoc thu 5 (alphaZero): chon action=18, temp=1.0000, N(action)=3
08:59:14.892 [INFO] Nuoc thu 6 (Greedy): chon action=131, diem 1006.6
08:59:30.596 [INFO] Nuoc thu 7 (alphaZero): chon action=199, temp=1.0000, N(action)=3
08:59:30.598 [INFO] Nuoc thu 8 (Greedy): chon action=145, diem 10006.6
08:59:46.097 [INFO] Nuoc thu 9 (alphaZero): chon action=19, temp=1.0000, N(action)=3
08:59:46.099 [INFO] Nuoc thu 10 (Greedy): chon action=159, diem 100006.6
08:59:46.099 [INFO] ========== VAN (vs Greedy) KET THUC: nguoi thang la player 2 (AlphaZero la player 1), tong 10 nuoc ==========
08:59:46.476 [INFO] ========== BAT DAU VAN TU CHOI VOI GREEDY (board 15x15), AlphaZero la player 2 ==========
08:59:46.476 [INFO] Nuoc thu 1 (Greedy): chon action=112 (khai cuoc, o trung tam)
09:00:02.098 [INFO] Nuoc thu 2 (alphaZero): chon action=204, temp=1.0000, N(action)=4
09:00:02.101 [INFO] Nuoc thu 3 (Greedy): chon action=126, diem 106.6
09:00:17.910 [INFO] Nuoc thu 4 (alphaZero): chon action=215, temp=1.0000, N(action)=4
09:00:17.911 [INFO] Nuoc thu 5 (Greedy): chon action=140, diem 1006.6
09:00:33.545 [INFO] Nuoc thu 6 (alphaZero): chon action=87, temp=1.0000, N(action)=4
09:00:33.547 [INFO] Nuoc thu 7 (Greedy): chon action=98, diem 10006.6
09:00:49.243 [INFO] Nuoc thu 8 (alphaZero): chon action=179, temp=1.0000, N(action)=13
09:00:49.245 [INFO] Nuoc thu 9 (Greedy): chon action=154, diem 100006.6
09:00:49.245 [INFO] ========== VAN (vs Greedy) KET THUC: nguoi thang la player 1 (AlphaZero la player 2), tong 9 nuoc ==========
09:00:49.599 [INFO] ========== BAT DAU VAN TU CHOI VOI GREEDY (board 15x15), AlphaZero la player 1 ==========
09:01:05.063 [INFO] Nuoc thu 1 (alphaZero): chon action=201, temp=1.0000, N(action)=5
09:01:05.066 [INFO] Nuoc thu 2 (Greedy): chon action=202, diem 96.7
09:01:20.962 [INFO] Nuoc thu 3 (alphaZero): chon action=131, temp=1.0000, N(action)=5
09:01:20.964 [INFO] Nuoc thu 4 (Greedy): chon action=187, diem 195.7
09:01:36.996 [INFO] Nuoc thu 5 (alphaZero): chon action=103, temp=1.0000, N(action)=3
09:01:36.998 [INFO] Nuoc thu 6 (Greedy): chon action=172, diem 1006.6
09:01:53.138 [INFO] Nuoc thu 7 (alphaZero): chon action=208, temp=1.0000, N(action)=4
09:01:53.142 [INFO] Nuoc thu 8 (Greedy): chon action=157, diem 10006.6
09:02:09.296 [INFO] Nuoc thu 9 (alphaZero): chon action=57, temp=1.0000, N(action)=4
09:02:09.306 [INFO] Nuoc thu 10 (Greedy): chon action=217, diem 100012.8
09:02:09.307 [INFO] ========== VAN (vs Greedy) KET THUC: nguoi thang la player 2 (AlphaZero la player 1), tong 10 nuoc ==========
09:02:09.654 [INFO] ========== BAT DAU VAN TU CHOI VOI GREEDY (board 15x15), AlphaZero la player 1 ==========
09:02:25.491 [INFO] Nuoc thu 1 (alphaZero): chon action=30, temp=1.0000, N(action)=18
09:02:25.493 [INFO] Nuoc thu 2 (Greedy): chon action=15, diem 96.7
09:02:41.592 [INFO] Nuoc thu 3 (alphaZero): chon action=136, temp=1.0000, N(action)=3
09:02:41.595 [INFO] Nuoc thu 4 (Greedy): chon action=152, diem 96.7
09:02:57.118 [INFO] Nuoc thu 5 (alphaZero): chon action=161, temp=1.0000, N(action)=5
09:02:57.121 [INFO] Nuoc thu 6 (Greedy): chon action=151, diem 195.7
09:03:12.530 [INFO] Nuoc thu 7 (alphaZero): chon action=92, temp=1.0000, N(action)=6
09:03:12.533 [INFO] Nuoc thu 8 (Greedy): chon action=153, diem 1006.6
09:03:28.530 [INFO] Nuoc thu 9 (alphaZero): chon action=202, temp=1.0000, N(action)=3
09:03:28.532 [INFO] Nuoc thu 10 (Greedy): chon action=154, diem 10006.6
09:03:43.913 [INFO] Nuoc thu 11 (alphaZero): chon action=0, temp=1.0000, N(action)=3
09:03:43.916 [INFO] Nuoc thu 12 (Greedy): chon action=150, diem 100012.8
09:03:43.916 [INFO] ========== VAN (vs Greedy) KET THUC: nguoi thang la player 2 (AlphaZero la player 1), tong 12 nuoc ==========
09:03:44.326 [INFO] ========== BAT DAU VAN TU CHOI VOI GREEDY (board 15x15), AlphaZero la player 1 ==========
09:04:00.182 [INFO] Nuoc thu 1 (alphaZero): chon action=29, temp=1.0000, N(action)=3
09:04:00.185 [INFO] Nuoc thu 2 (Greedy): chon action=44, diem 96.7
09:04:15.668 [INFO] Nuoc thu 3 (alphaZero): chon action=159, temp=1.0000, N(action)=34
09:04:15.670 [INFO] Nuoc thu 4 (Greedy): chon action=173, diem 96.7
09:04:31.610 [INFO] Nuoc thu 5 (alphaZero): chon action=181, temp=1.0000, N(action)=5
09:04:31.612 [INFO] Nuoc thu 6 (Greedy): chon action=158, diem 195.7
09:04:47.508 [INFO] Nuoc thu 7 (alphaZero): chon action=151, temp=1.0000, N(action)=6
09:04:47.509 [INFO] Nuoc thu 8 (Greedy): chon action=143, diem 1095.7
09:05:03.094 [INFO] Nuoc thu 9 (alphaZero): chon action=93, temp=1.0000, N(action)=6
09:05:03.096 [INFO] Nuoc thu 10 (Greedy): chon action=188, diem 10006.6
09:05:18.631 [INFO] Nuoc thu 11 (alphaZero): chon action=8, temp=1.0000, N(action)=3
09:05:18.634 [INFO] Nuoc thu 12 (Greedy): chon action=203, diem 100006.6
09:05:18.634 [INFO] ========== VAN (vs Greedy) KET THUC: nguoi thang la player 2 (AlphaZero la player 1), tong 12 nuoc ==========
09:05:18.968 [INFO] ========== BAT DAU VAN TU CHOI VOI GREEDY (board 15x15), AlphaZero la player 2 ==========
09:05:18.968 [INFO] Nuoc thu 1 (Greedy): chon action=112 (khai cuoc, o trung tam)
09:05:34.472 [INFO] Nuoc thu 2 (alphaZero): chon action=114, temp=1.0000, N(action)=5
09:05:34.476 [INFO] Nuoc thu 3 (Greedy): chon action=128, diem 195.7
09:05:50.192 [INFO] Nuoc thu 4 (alphaZero): chon action=75, temp=1.0000, N(action)=12
09:05:50.195 [INFO] Nuoc thu 5 (Greedy): chon action=144, diem 1006.6
09:06:05.824 [INFO] Nuoc thu 6 (alphaZero): chon action=143, temp=1.0000, N(action)=5
09:06:05.826 [INFO] Nuoc thu 7 (Greedy): chon action=96, diem 10006.6
09:06:21.191 [INFO] Nuoc thu 8 (alphaZero): chon action=13, temp=1.0000, N(action)=2
09:06:21.192 [INFO] Nuoc thu 9 (Greedy): chon action=160, diem 100006.6
09:06:21.192 [INFO] ========== VAN (vs Greedy) KET THUC: nguoi thang la player 1 (AlphaZero la player 2), tong 9 nuoc ==========
09:06:21.613 [INFO] ========== BAT DAU VAN TU CHOI VOI GREEDY (board 15x15), AlphaZero la player 1 ==========
09:06:37.281 [INFO] Nuoc thu 1 (alphaZero): chon action=41, temp=1.0000, N(action)=4
09:06:37.284 [INFO] Nuoc thu 2 (Greedy): chon action=27, diem 96.7
09:06:53.242 [INFO] Nuoc thu 3 (alphaZero): chon action=136, temp=1.0000, N(action)=8
09:06:53.244 [INFO] Nuoc thu 4 (Greedy): chon action=26, diem 195.7
09:07:08.978 [INFO] Nuoc thu 5 (alphaZero): chon action=99, temp=1.0000, N(action)=4
09:07:08.980 [INFO] Nuoc thu 6 (Greedy): chon action=25, diem 1095.7
09:07:25.406 [INFO] Nuoc thu 7 (alphaZero): chon action=46, temp=1.0000, N(action)=4
09:07:25.409 [INFO] Nuoc thu 8 (Greedy): chon action=28, diem 10006.6
09:07:41.776 [INFO] Nuoc thu 9 (alphaZero): chon action=51, temp=1.0000, N(action)=4
09:07:41.778 [INFO] Nuoc thu 10 (Greedy): chon action=24, diem 100006.6
09:07:41.778 [INFO] ========== VAN (vs Greedy) KET THUC: nguoi thang la player 2 (AlphaZero la player 1), tong 10 nuoc ==========
09:07:42.253 [INFO] ========== BAT DAU VAN TU CHOI VOI GREEDY (board 15x15), AlphaZero la player 1 ==========
09:07:57.922 [INFO] Nuoc thu 1 (alphaZero): chon action=62, temp=1.0000, N(action)=5
09:07:57.925 [INFO] Nuoc thu 2 (Greedy): chon action=47, diem 96.7
09:08:13.611 [INFO] Nuoc thu 3 (alphaZero): chon action=178, temp=1.0000, N(action)=4
09:08:13.613 [INFO] Nuoc thu 4 (Greedy): chon action=61, diem 195.7
09:08:29.015 [INFO] Nuoc thu 5 (alphaZero): chon action=172, temp=1.0000, N(action)=2
09:08:29.017 [INFO] Nuoc thu 6 (Greedy): chon action=33, diem 1006.6
09:08:44.972 [INFO] Nuoc thu 7 (alphaZero): chon action=139, temp=1.0000, N(action)=7
09:08:44.975 [INFO] Nuoc thu 8 (Greedy): chon action=19, diem 10006.6
09:09:00.697 [INFO] Nuoc thu 9 (alphaZero): chon action=143, temp=1.0000, N(action)=11
09:09:00.699 [INFO] Nuoc thu 10 (Greedy): chon action=75, diem 100005.7
09:09:00.699 [INFO] ========== VAN (vs Greedy) KET THUC: nguoi thang la player 2 (AlphaZero la player 1), tong 10 nuoc ==========
09:09:01.078 [INFO] ========== BAT DAU VAN TU CHOI VOI GREEDY (board 15x15), AlphaZero la player 2 ==========
09:09:01.078 [INFO] Nuoc thu 1 (Greedy): chon action=112 (khai cuoc, o trung tam)
09:09:16.672 [INFO] Nuoc thu 2 (alphaZero): chon action=135, temp=1.0000, N(action)=21
09:09:16.675 [INFO] Nuoc thu 3 (Greedy): chon action=96, diem 106.6
09:09:32.278 [INFO] Nuoc thu 4 (alphaZero): chon action=114, temp=1.0000, N(action)=5
09:09:32.280 [INFO] Nuoc thu 5 (Greedy): chon action=128, diem 1095.7
09:09:48.299 [INFO] Nuoc thu 6 (alphaZero): chon action=194, temp=1.0000, N(action)=9
09:09:48.301 [INFO] Nuoc thu 7 (Greedy): chon action=144, diem 10006.6
09:10:04.264 [INFO] Nuoc thu 8 (alphaZero): chon action=121, temp=1.0000, N(action)=3
09:10:04.266 [INFO] Nuoc thu 9 (Greedy): chon action=160, diem 100006.6
09:10:04.266 [INFO] ========== VAN (vs Greedy) KET THUC: nguoi thang la player 1 (AlphaZero la player 2), tong 9 nuoc ==========
09:10:04.668 [INFO] ========== BAT DAU VAN TU CHOI VOI GREEDY (board 15x15), AlphaZero la player 2 ==========
09:10:04.668 [INFO] Nuoc thu 1 (Greedy): chon action=112 (khai cuoc, o trung tam)
09:10:20.390 [INFO] Nuoc thu 2 (alphaZero): chon action=155, temp=1.0000, N(action)=5
09:10:20.393 [INFO] Nuoc thu 3 (Greedy): chon action=127, diem 106.6
09:10:36.168 [INFO] Nuoc thu 4 (alphaZero): chon action=205, temp=1.0000, N(action)=3
09:10:36.171 [INFO] Nuoc thu 5 (Greedy): chon action=97, diem 1006.6
09:10:52.219 [INFO] Nuoc thu 6 (alphaZero): chon action=214, temp=1.0000, N(action)=3
09:10:52.221 [INFO] Nuoc thu 7 (Greedy): chon action=142, diem 10006.6
09:11:07.922 [INFO] Nuoc thu 8 (alphaZero): chon action=77, temp=1.0000, N(action)=3
09:11:07.924 [INFO] Nuoc thu 9 (Greedy): chon action=157, diem 100006.6
09:11:07.924 [INFO] ========== VAN (vs Greedy) KET THUC: nguoi thang la player 1 (AlphaZero la player 2), tong 9 nuoc ==========
09:11:08.244 [INFO] ========== BAT DAU VAN TU CHOI VOI GREEDY (board 15x15), AlphaZero la player 2 ==========
09:11:08.244 [INFO] Nuoc thu 1 (Greedy): chon action=112 (khai cuoc, o trung tam)
09:11:23.761 [INFO] Nuoc thu 2 (alphaZero): chon action=120, temp=1.0000, N(action)=6
09:11:23.764 [INFO] Nuoc thu 3 (Greedy): chon action=111, diem 106.6
09:11:39.535 [INFO] Nuoc thu 4 (alphaZero): chon action=71, temp=1.0000, N(action)=5
09:11:39.537 [INFO] Nuoc thu 5 (Greedy): chon action=113, diem 1006.6
09:11:55.015 [INFO] Nuoc thu 6 (alphaZero): chon action=33, temp=1.0000, N(action)=3
09:11:55.018 [INFO] Nuoc thu 7 (Greedy): chon action=110, diem 10006.6
09:12:10.684 [INFO] Nuoc thu 8 (alphaZero): chon action=133, temp=1.0000, N(action)=4
09:12:10.686 [INFO] Nuoc thu 9 (Greedy): chon action=109, diem 100006.6
09:12:10.686 [INFO] ========== VAN (vs Greedy) KET THUC: nguoi thang la player 1 (AlphaZero la player 2), tong 9 nuoc ==========
09:12:11.108 [INFO] ========== BAT DAU VAN TU CHOI VOI GREEDY (board 15x15), AlphaZero la player 1 ==========
09:12:27.210 [INFO] Nuoc thu 1 (alphaZero): chon action=136, temp=1.0000, N(action)=18
09:12:27.212 [INFO] Nuoc thu 2 (Greedy): chon action=151, diem 96.7
09:12:42.989 [INFO] Nuoc thu 3 (alphaZero): chon action=224, temp=1.0000, N(action)=5
09:12:42.990 [INFO] Nuoc thu 4 (Greedy): chon action=137, diem 195.7
09:12:58.687 [INFO] Nuoc thu 5 (alphaZero): chon action=152, temp=1.0000, N(action)=2
09:12:58.688 [INFO] Nuoc thu 6 (Greedy): chon action=123, diem 1006.6
09:13:14.685 [INFO] Nuoc thu 7 (alphaZero): chon action=48, temp=1.0000, N(action)=5
09:13:14.688 [INFO] Nuoc thu 8 (Greedy): chon action=109, diem 10006.6
09:13:30.091 [INFO] Nuoc thu 9 (alphaZero): chon action=84, temp=1.0000, N(action)=3
09:13:30.094 [INFO] Nuoc thu 10 (Greedy): chon action=95, diem 100006.6
09:13:30.094 [INFO] ========== VAN (vs Greedy) KET THUC: nguoi thang la player 2 (AlphaZero la player 1), tong 10 nuoc ==========
09:13:30.451 [INFO] ========== BAT DAU VAN TU CHOI VOI GREEDY (board 15x15), AlphaZero la player 2 ==========
09:13:30.451 [INFO] Nuoc thu 1 (Greedy): chon action=112 (khai cuoc, o trung tam)
09:13:45.918 [INFO] Nuoc thu 2 (alphaZero): chon action=89, temp=1.0000, N(action)=7
09:13:45.922 [INFO] Nuoc thu 3 (Greedy): chon action=127, diem 106.6
09:14:01.327 [INFO] Nuoc thu 4 (alphaZero): chon action=30, temp=1.0000, N(action)=4
09:14:01.331 [INFO] Nuoc thu 5 (Greedy): chon action=97, diem 1006.6
09:14:17.138 [INFO] Nuoc thu 6 (alphaZero): chon action=206, temp=1.0000, N(action)=7
09:14:17.140 [INFO] Nuoc thu 7 (Greedy): chon action=142, diem 10006.6
09:14:32.734 [INFO] Nuoc thu 8 (alphaZero): chon action=111, temp=1.0000, N(action)=3
09:14:32.737 [INFO] Nuoc thu 9 (Greedy): chon action=82, diem 100006.6
09:14:32.737 [INFO] ========== VAN (vs Greedy) KET THUC: nguoi thang la player 1 (AlphaZero la player 2), tong 9 nuoc ==========
09:14:33.125 [INFO] ========== BAT DAU VAN TU CHOI VOI GREEDY (board 15x15), AlphaZero la player 1 ==========
09:14:48.761 [INFO] Nuoc thu 1 (alphaZero): chon action=215, temp=1.0000, N(action)=8
09:14:48.763 [INFO] Nuoc thu 2 (Greedy): chon action=216, diem 96.7
09:15:04.372 [INFO] Nuoc thu 3 (alphaZero): chon action=195, temp=1.0000, N(action)=2
09:15:04.375 [INFO] Nuoc thu 4 (Greedy): chon action=180, diem 96.7
09:15:20.074 [INFO] Nuoc thu 5 (alphaZero): chon action=86, temp=1.0000, N(action)=6
09:15:20.076 [INFO] Nuoc thu 6 (Greedy): chon action=85, diem 96.7
09:15:35.361 [INFO] Nuoc thu 7 (alphaZero): chon action=133, temp=1.0000, N(action)=12
09:15:35.364 [INFO] Nuoc thu 8 (Greedy): chon action=100, diem 195.7
09:15:51.133 [INFO] Nuoc thu 9 (alphaZero): chon action=183, temp=1.0000, N(action)=7
09:15:51.135 [INFO] Nuoc thu 10 (Greedy): chon action=70, diem 1095.7
09:16:06.710 [INFO] Nuoc thu 11 (alphaZero): chon action=157, temp=1.0000, N(action)=4
09:16:06.713 [INFO] Nuoc thu 12 (Greedy): chon action=55, diem 10006.6
09:16:22.209 [INFO] Nuoc thu 13 (alphaZero): chon action=31, temp=1.0000, N(action)=3
09:16:22.211 [INFO] Nuoc thu 14 (Greedy): chon action=115, diem 100006.6
09:16:22.211 [INFO] ========== VAN (vs Greedy) KET THUC: nguoi thang la player 2 (AlphaZero la player 1), tong 14 nuoc ==========
09:16:22.535 [INFO] ========== BAT DAU VAN TU CHOI VOI GREEDY (board 15x15), AlphaZero la player 1 ==========
09:16:38.647 [INFO] Nuoc thu 1 (alphaZero): chon action=148, temp=1.0000, N(action)=7
09:16:38.649 [INFO] Nuoc thu 2 (Greedy): chon action=147, diem 96.7
09:16:54.565 [INFO] Nuoc thu 3 (alphaZero): chon action=186, temp=1.0000, N(action)=8
09:16:54.568 [INFO] Nuoc thu 4 (Greedy): chon action=132, diem 195.7
09:17:10.276 [INFO] Nuoc thu 5 (alphaZero): chon action=183, temp=1.0000, N(action)=6
09:17:10.279 [INFO] Nuoc thu 6 (Greedy): chon action=162, diem 1095.7
09:17:25.896 [INFO] Nuoc thu 7 (alphaZero): chon action=140, temp=1.0000, N(action)=6
09:17:25.898 [INFO] Nuoc thu 8 (Greedy): chon action=177, diem 10006.6
09:17:41.850 [INFO] Nuoc thu 9 (alphaZero): chon action=22, temp=1.0000, N(action)=11
09:17:41.853 [INFO] Nuoc thu 10 (Greedy): chon action=192, diem 100006.6
09:17:41.853 [INFO] ========== VAN (vs Greedy) KET THUC: nguoi thang la player 2 (AlphaZero la player 1), tong 10 nuoc ==========
09:17:42.184 [INFO] ========== BAT DAU VAN TU CHOI VOI GREEDY (board 15x15), AlphaZero la player 2 ==========
09:17:42.184 [INFO] Nuoc thu 1 (Greedy): chon action=112 (khai cuoc, o trung tam)
09:17:57.747 [INFO] Nuoc thu 2 (alphaZero): chon action=155, temp=1.0000, N(action)=11
09:17:57.752 [INFO] Nuoc thu 3 (Greedy): chon action=127, diem 106.6
09:18:13.037 [INFO] Nuoc thu 4 (alphaZero): chon action=67, temp=1.0000, N(action)=11
09:18:13.039 [INFO] Nuoc thu 5 (Greedy): chon action=97, diem 1006.6
09:18:28.561 [INFO] Nuoc thu 6 (alphaZero): chon action=104, temp=1.0000, N(action)=4
09:18:28.563 [INFO] Nuoc thu 7 (Greedy): chon action=142, diem 10006.6
09:18:44.169 [INFO] Nuoc thu 8 (alphaZero): chon action=183, temp=1.0000, N(action)=3
09:18:44.172 [INFO] Nuoc thu 9 (Greedy): chon action=82, diem 100014.7
09:18:44.173 [INFO] ========== VAN (vs Greedy) KET THUC: nguoi thang la player 1 (AlphaZero la player 2), tong 9 nuoc ==========
09:18:44.504 [INFO] ========== BAT DAU VAN TU CHOI VOI GREEDY (board 15x15), AlphaZero la player 1 ==========
09:19:00.537 [INFO] Nuoc thu 1 (alphaZero): chon action=47, temp=1.0000, N(action)=5
09:19:00.540 [INFO] Nuoc thu 2 (Greedy): chon action=61, diem 96.7
09:19:16.477 [INFO] Nuoc thu 3 (alphaZero): chon action=25, temp=1.0000, N(action)=7
09:19:16.480 [INFO] Nuoc thu 4 (Greedy): chon action=46, diem 195.7
09:19:32.224 [INFO] Nuoc thu 5 (alphaZero): chon action=54, temp=1.0000, N(action)=3
09:19:32.226 [INFO] Nuoc thu 6 (Greedy): chon action=31, diem 1095.7
09:19:47.582 [INFO] Nuoc thu 7 (alphaZero): chon action=26, temp=1.0000, N(action)=4
09:19:47.584 [INFO] Nuoc thu 8 (Greedy): chon action=16, diem 10006.6
09:20:03.320 [INFO] Nuoc thu 9 (alphaZero): chon action=143, temp=1.0000, N(action)=6
09:20:03.323 [INFO] Nuoc thu 10 (Greedy): chon action=76, diem 100006.6
09:20:03.323 [INFO] ========== VAN (vs Greedy) KET THUC: nguoi thang la player 2 (AlphaZero la player 1), tong 10 nuoc ==========
09:20:03.617 [INFO] ========== BAT DAU VAN TU CHOI VOI GREEDY (board 15x15), AlphaZero la player 1 ==========
09:20:19.540 [INFO] Nuoc thu 1 (alphaZero): chon action=176, temp=1.0000, N(action)=4
09:20:19.542 [INFO] Nuoc thu 2 (Greedy): chon action=162, diem 96.7
09:20:35.295 [INFO] Nuoc thu 3 (alphaZero): chon action=185, temp=1.0000, N(action)=3
09:20:35.297 [INFO] Nuoc thu 4 (Greedy): chon action=161, diem 195.7
09:20:51.913 [INFO] Nuoc thu 5 (alphaZero): chon action=144, temp=1.0000, N(action)=4
09:20:51.915 [INFO] Nuoc thu 6 (Greedy): chon action=160, diem 1904.7
09:21:07.519 [INFO] Nuoc thu 7 (alphaZero): chon action=84, temp=1.0000, N(action)=6
09:21:07.522 [INFO] Nuoc thu 8 (Greedy): chon action=159, diem 10095.7
09:21:23.185 [INFO] Nuoc thu 9 (alphaZero): chon action=204, temp=1.0000, N(action)=4
09:21:23.187 [INFO] Nuoc thu 10 (Greedy): chon action=158, diem 100095.7
09:21:23.187 [INFO] ========== VAN (vs Greedy) KET THUC: nguoi thang la player 2 (AlphaZero la player 1), tong 10 nuoc ==========
09:21:23.554 [INFO] ========== BAT DAU VAN TU CHOI VOI GREEDY (board 15x15), AlphaZero la player 1 ==========
09:21:39.433 [INFO] Nuoc thu 1 (alphaZero): chon action=62, temp=1.0000, N(action)=4
09:21:39.435 [INFO] Nuoc thu 2 (Greedy): chon action=77, diem 96.7
09:21:55.261 [INFO] Nuoc thu 3 (alphaZero): chon action=91, temp=1.0000, N(action)=3
09:21:55.264 [INFO] Nuoc thu 4 (Greedy): chon action=76, diem 284.8
09:22:11.012 [INFO] Nuoc thu 5 (alphaZero): chon action=39, temp=1.0000, N(action)=4
09:22:11.015 [INFO] Nuoc thu 6 (Greedy): chon action=78, diem 1095.7
09:22:26.383 [INFO] Nuoc thu 7 (alphaZero): chon action=54, temp=1.0000, N(action)=5
09:22:26.389 [INFO] Nuoc thu 8 (Greedy): chon action=79, diem 10006.6
09:22:42.130 [INFO] Nuoc thu 9 (alphaZero): chon action=150, temp=1.0000, N(action)=3
09:22:42.133 [INFO] Nuoc thu 10 (Greedy): chon action=75, diem 100012.8
09:22:42.134 [INFO] ========== VAN (vs Greedy) KET THUC: nguoi thang la player 2 (AlphaZero la player 1), tong 10 nuoc ==========
09:22:42.488 [INFO] ========== BAT DAU VAN TU CHOI VOI GREEDY (board 15x15), AlphaZero la player 2 ==========
09:22:42.488 [INFO] Nuoc thu 1 (Greedy): chon action=112 (khai cuoc, o trung tam)
09:22:58.127 [INFO] Nuoc thu 2 (alphaZero): chon action=123, temp=1.0000, N(action)=11
09:22:58.130 [INFO] Nuoc thu 3 (Greedy): chon action=96, diem 106.6
09:23:13.859 [INFO] Nuoc thu 4 (alphaZero): chon action=93, temp=1.0000, N(action)=8
09:23:13.862 [INFO] Nuoc thu 5 (Greedy): chon action=80, diem 1006.6
09:23:29.579 [INFO] Nuoc thu 6 (alphaZero): chon action=169, temp=1.0000, N(action)=5
09:23:29.582 [INFO] Nuoc thu 7 (Greedy): chon action=128, diem 10006.6
09:23:45.152 [INFO] Nuoc thu 8 (alphaZero): chon action=193, temp=1.0000, N(action)=5
09:23:45.154 [INFO] Nuoc thu 9 (Greedy): chon action=64, diem 100006.6
09:23:45.154 [INFO] ========== VAN (vs Greedy) KET THUC: nguoi thang la player 1 (AlphaZero la player 2), tong 9 nuoc ==========
09:23:45.476 [INFO] ========== BAT DAU VAN TU CHOI VOI GREEDY (board 15x15), AlphaZero la player 1 ==========
09:24:01.216 [INFO] Nuoc thu 1 (alphaZero): chon action=1, temp=1.0000, N(action)=3
09:24:01.218 [INFO] Nuoc thu 2 (Greedy): chon action=2, diem 96.7
09:24:17.198 [INFO] Nuoc thu 3 (alphaZero): chon action=28, temp=1.0000, N(action)=6
09:24:17.201 [INFO] Nuoc thu 4 (Greedy): chon action=27, diem 96.7
09:24:33.085 [INFO] Nuoc thu 5 (alphaZero): chon action=63, temp=1.0000, N(action)=6
09:24:33.087 [INFO] Nuoc thu 6 (Greedy): chon action=42, diem 195.7
09:24:48.641 [INFO] Nuoc thu 7 (alphaZero): chon action=137, temp=1.0000, N(action)=3
09:24:48.644 [INFO] Nuoc thu 8 (Greedy): chon action=57, diem 1006.6
09:25:04.517 [INFO] Nuoc thu 9 (alphaZero): chon action=0, temp=1.0000, N(action)=4
09:25:04.521 [INFO] Nuoc thu 10 (Greedy): chon action=72, diem 10006.6
09:25:20.391 [INFO] Nuoc thu 11 (alphaZero): chon action=197, temp=1.0000, N(action)=9
09:25:20.394 [INFO] Nuoc thu 12 (Greedy): chon action=12, diem 100012.8
09:25:20.395 [INFO] ========== VAN (vs Greedy) KET THUC: nguoi thang la player 2 (AlphaZero la player 1), tong 12 nuoc ==========
09:25:20.748 [INFO] ========== BAT DAU VAN TU CHOI VOI GREEDY (board 15x15), AlphaZero la player 1 ==========
09:25:36.949 [INFO] Nuoc thu 1 (alphaZero): chon action=154, temp=1.0000, N(action)=3
09:25:36.952 [INFO] Nuoc thu 2 (Greedy): chon action=169, diem 96.7
09:25:53.082 [INFO] Nuoc thu 3 (alphaZero): chon action=87, temp=1.0000, N(action)=3
09:25:53.084 [INFO] Nuoc thu 4 (Greedy): chon action=153, diem 195.7
09:26:08.516 [INFO] Nuoc thu 5 (alphaZero): chon action=25, temp=1.0000, N(action)=16
09:26:08.519 [INFO] Nuoc thu 6 (Greedy): chon action=185, diem 1006.6
09:26:23.810 [INFO] Nuoc thu 7 (alphaZero): chon action=49, temp=1.0000, N(action)=5
09:26:23.812 [INFO] Nuoc thu 8 (Greedy): chon action=137, diem 10006.6
09:26:39.750 [INFO] Nuoc thu 9 (alphaZero): chon action=206, temp=1.0000, N(action)=10
09:26:39.752 [INFO] Nuoc thu 10 (Greedy): chon action=201, diem 100006.6
09:26:39.752 [INFO] ========== VAN (vs Greedy) KET THUC: nguoi thang la player 2 (AlphaZero la player 1), tong 10 nuoc ==========
09:26:40.152 [INFO] ========== BAT DAU VAN TU CHOI VOI GREEDY (board 15x15), AlphaZero la player 1 ==========
09:26:55.866 [INFO] Nuoc thu 1 (alphaZero): chon action=112, temp=1.0000, N(action)=8
09:26:55.869 [INFO] Nuoc thu 2 (Greedy): chon action=97, diem 96.7
09:27:11.927 [INFO] Nuoc thu 3 (alphaZero): chon action=136, temp=1.0000, N(action)=6
09:27:11.929 [INFO] Nuoc thu 4 (Greedy): chon action=113, diem 195.7
09:27:27.456 [INFO] Nuoc thu 5 (alphaZero): chon action=191, temp=1.0000, N(action)=6
09:27:27.459 [INFO] Nuoc thu 6 (Greedy): chon action=129, diem 1006.6
09:27:42.793 [INFO] Nuoc thu 7 (alphaZero): chon action=126, temp=1.0000, N(action)=6
09:27:42.795 [INFO] Nuoc thu 8 (Greedy): chon action=81, diem 10006.6
09:27:58.514 [INFO] Nuoc thu 9 (alphaZero): chon action=117, temp=1.0000, N(action)=6
09:27:58.516 [INFO] Nuoc thu 10 (Greedy): chon action=65, diem 100006.6
09:27:58.516 [INFO] ========== VAN (vs Greedy) KET THUC: nguoi thang la player 2 (AlphaZero la player 1), tong 10 nuoc ==========
09:27:58.925 [INFO] ========== BAT DAU VAN TU CHOI VOI GREEDY (board 15x15), AlphaZero la player 1 ==========
09:28:14.495 [INFO] Nuoc thu 1 (alphaZero): chon action=116, temp=1.0000, N(action)=5
09:28:14.497 [INFO] Nuoc thu 2 (Greedy): chon action=115, diem 96.7
09:28:29.957 [INFO] Nuoc thu 3 (alphaZero): chon action=170, temp=1.0000, N(action)=8
09:28:29.959 [INFO] Nuoc thu 4 (Greedy): chon action=130, diem 195.7
09:28:45.721 [INFO] Nuoc thu 5 (alphaZero): chon action=99, temp=1.0000, N(action)=4
09:28:45.723 [INFO] Nuoc thu 6 (Greedy): chon action=100, diem 1184.8
09:29:01.444 [INFO] Nuoc thu 7 (alphaZero): chon action=141, temp=1.0000, N(action)=4
09:29:01.446 [INFO] Nuoc thu 8 (Greedy): chon action=85, diem 10095.7
09:29:17.295 [INFO] Nuoc thu 9 (alphaZero): chon action=185, temp=1.0000, N(action)=4
09:29:17.297 [INFO] Nuoc thu 10 (Greedy): chon action=145, diem 100006.6
09:29:17.297 [INFO] ========== VAN (vs Greedy) KET THUC: nguoi thang la player 2 (AlphaZero la player 1), tong 10 nuoc ==========
09:29:17.607 [INFO] ========== BAT DAU VAN TU CHOI VOI GREEDY (board 15x15), AlphaZero la player 1 ==========
09:29:33.732 [INFO] Nuoc thu 1 (alphaZero): chon action=190, temp=1.0000, N(action)=3
09:29:33.734 [INFO] Nuoc thu 2 (Greedy): chon action=204, diem 96.7
09:29:49.534 [INFO] Nuoc thu 3 (alphaZero): chon action=149, temp=1.0000, N(action)=5
09:29:49.536 [INFO] Nuoc thu 4 (Greedy): chon action=189, diem 195.7
09:30:04.953 [INFO] Nuoc thu 5 (alphaZero): chon action=98, temp=1.0000, N(action)=5
09:30:04.955 [INFO] Nuoc thu 6 (Greedy): chon action=174, diem 1095.7
09:30:20.526 [INFO] Nuoc thu 7 (alphaZero): chon action=24, temp=1.0000, N(action)=5
09:30:20.528 [INFO] Nuoc thu 8 (Greedy): chon action=159, diem 10006.6
09:30:36.304 [INFO] Nuoc thu 9 (alphaZero): chon action=81, temp=1.0000, N(action)=4
09:30:36.307 [INFO] Nuoc thu 10 (Greedy): chon action=144, diem 100006.6
09:30:36.307 [INFO] ========== VAN (vs Greedy) KET THUC: nguoi thang la player 2 (AlphaZero la player 1), tong 10 nuoc ==========
