18:07:06.913 [INFO] ========== BAT DAU VAN TU CHOI VOI GREEDY (board 15x15), AlphaZero la player 2 ==========
18:07:06.914 [INFO] Nuoc thu 1 (Greedy): chon action=112 (khai cuoc, o trung tam)
18:07:26.073 [INFO] Nuoc thu 2 (alphaZero): chon action=16, temp=1.0000, N(action)=4
18:07:26.075 [INFO] Nuoc thu 3 (Greedy): chon action=96, diem 106.6
18:07:41.937 [INFO] Nuoc thu 4 (alphaZero): chon action=115, temp=1.0000, N(action)=4
18:07:41.939 [INFO] Nuoc thu 5 (Greedy): chon action=128, diem 1006.6
18:07:57.498 [INFO] Nuoc thu 6 (alphaZero): chon action=191, temp=1.0000, N(action)=10
18:07:57.500 [INFO] Nuoc thu 7 (Greedy): chon action=144, diem 10006.6
18:08:14.041 [INFO] Nuoc thu 8 (alphaZero): chon action=57, temp=1.0000, N(action)=6
18:08:14.045 [INFO] Nuoc thu 9 (Greedy): chon action=160, diem 100006.6
18:08:14.045 [INFO] ========== VAN (vs Greedy) KET THUC: nguoi thang la player 1 (AlphaZero la player 2), tong 9 nuoc ==========
18:08:14.487 [INFO] ========== BAT DAU VAN TU CHOI VOI GREEDY (board 15x15), AlphaZero la player 2 ==========
18:08:14.488 [INFO] Nuoc thu 1 (Greedy): chon action=112 (khai cuoc, o trung tam)
18:08:31.138 [INFO] Nuoc thu 2 (alphaZero): chon action=182, temp=1.0000, N(action)=4
18:08:31.142 [INFO] Nuoc thu 3 (Greedy): chon action=97, diem 106.6
18:08:47.666 [INFO] Nuoc thu 4 (alphaZero): chon action=206, temp=1.0000, N(action)=4
18:08:47.670 [INFO] Nuoc thu 5 (Greedy): chon action=82, diem 1006.6
18:09:04.322 [INFO] Nuoc thu 6 (alphaZero): chon action=40, temp=1.0000, N(action)=6
18:09:04.325 [INFO] Nuoc thu 7 (Greedy): chon action=67, diem 10006.6
18:09:20.865 [INFO] Nuoc thu 8 (alphaZero): chon action=104, temp=1.0000, N(action)=4
18:09:20.869 [INFO] Nuoc thu 9 (Greedy): chon action=52, diem 100006.6
18:09:20.870 [INFO] ========== VAN (vs Greedy) KET THUC: nguoi thang la player 1 (AlphaZero la player 2), tong 9 nuoc ==========
18:09:21.247 [INFO] ========== BAT DAU VAN TU CHOI VOI GREEDY (board 15x15), AlphaZero la player 2 ==========
18:09:21.247 [INFO] Nuoc thu 1 (Greedy): chon action=112 (khai cuoc, o trung tam)
18:09:37.437 [INFO] Nuoc thu 2 (alphaZero): chon action=64, temp=1.0000, N(action)=8
18:09:37.440 [INFO] Nuoc thu 3 (Greedy): chon action=126, diem 106.6
18:09:53.919 [INFO] Nuoc thu 4 (alphaZero): chon action=54, temp=1.0000, N(action)=4
18:09:53.921 [INFO] Nuoc thu 5 (Greedy): chon action=140, diem 1006.6
18:10:10.554 [INFO] Nuoc thu 6 (alphaZero): chon action=98, temp=1.0000, N(action)=4
18:10:10.557 [INFO] Nuoc thu 7 (Greedy): chon action=154, diem 1006.6
18:10:26.844 [INFO] Nuoc thu 8 (alphaZero): chon action=124, temp=1.0000, N(action)=4
18:10:26.846 [INFO] Nuoc thu 9 (Greedy): chon action=168, diem 100006.6
18:10:26.846 [INFO] ========== VAN (vs Greedy) KET THUC: nguoi thang la player 1 (AlphaZero la player 2), tong 9 nuoc ==========
18:10:27.236 [INFO] ========== BAT DAU VAN TU CHOI VOI GREEDY (board 15x15), AlphaZero la player 2 ==========
18:10:27.237 [INFO] Nuoc thu 1 (Greedy): chon action=112 (khai cuoc, o trung tam)
18:10:43.062 [INFO] Nuoc thu 2 (alphaZero): chon action=87, temp=1.0000, N(action)=4
18:10:43.065 [INFO] Nuoc thu 3 (Greedy): chon action=113, diem 106.6
18:10:59.119 [INFO] Nuoc thu 4 (alphaZero): chon action=43, temp=1.0000, N(action)=6
18:10:59.122 [INFO] Nuoc thu 5 (Greedy): chon action=114, diem 1006.6
18:11:14.721 [INFO] Nuoc thu 6 (alphaZero): chon action=170, temp=1.0000, N(action)=8
18:11:14.724 [INFO] Nuoc thu 7 (Greedy): chon action=111, diem 10006.6
18:11:30.243 [INFO] Nuoc thu 8 (alphaZero): chon action=90, temp=1.0000, N(action)=8
18:11:30.247 [INFO] Nuoc thu 9 (Greedy): chon action=115, diem 100006.6
18:11:30.247 [INFO] ========== VAN (vs Greedy) KET THUC: nguoi thang la player 1 (AlphaZero la player 2), tong 9 nuoc ==========
18:11:30.592 [INFO] ========== BAT DAU VAN TU CHOI VOI GREEDY (board 15x15), AlphaZero la player 2 ==========
18:11:30.592 [INFO] Nuoc thu 1 (Greedy): chon action=112 (khai cuoc, o trung tam)
18:11:46.328 [INFO] Nuoc thu 2 (alphaZero): chon action=75, temp=1.0000, N(action)=8
18:11:46.330 [INFO] Nuoc thu 3 (Greedy): chon action=97, diem 106.6
18:12:01.977 [INFO] Nuoc thu 4 (alphaZero): chon action=53, temp=1.0000, N(action)=2
18:12:01.979 [INFO] Nuoc thu 5 (Greedy): chon action=127, diem 1006.6
18:12:17.701 [INFO] Nuoc thu 6 (alphaZero): chon action=14, temp=1.0000, N(action)=4
18:12:17.709 [INFO] Nuoc thu 7 (Greedy): chon action=142, diem 10006.6
18:12:33.651 [INFO] Nuoc thu 8 (alphaZero): chon action=28, temp=1.0000, N(action)=4
18:12:33.654 [INFO] Nuoc thu 9 (Greedy): chon action=157, diem 100006.6
18:12:33.654 [INFO] ========== VAN (vs Greedy) KET THUC: nguoi thang la player 1 (AlphaZero la player 2), tong 9 nuoc ==========
18:12:33.987 [INFO] ========== BAT DAU VAN TU CHOI VOI GREEDY (board 15x15), AlphaZero la player 2 ==========
18:12:33.987 [INFO] Nuoc thu 1 (Greedy): chon action=112 (khai cuoc, o trung tam)
18:12:50.026 [INFO] Nuoc thu 2 (alphaZero): chon action=160, temp=1.0000, N(action)=4
18:12:50.028 [INFO] Nuoc thu 3 (Greedy): chon action=113, diem 106.6
18:13:05.849 [INFO] Nuoc thu 4 (alphaZero): chon action=187, temp=1.0000, N(action)=4
18:13:05.852 [INFO] Nuoc thu 5 (Greedy): chon action=111, diem 1006.6
18:13:21.333 [INFO] Nuoc thu 6 (alphaZero): chon action=15, temp=1.0000, N(action)=4
18:13:21.335 [INFO] Nuoc thu 7 (Greedy): chon action=110, diem 10006.6
18:13:37.335 [INFO] Nuoc thu 8 (alphaZero): chon action=164, temp=1.0000, N(action)=6
18:13:37.337 [INFO] Nuoc thu 9 (Greedy): chon action=109, diem 100006.6
18:13:37.337 [INFO] ========== VAN (vs Greedy) KET THUC: nguoi thang la player 1 (AlphaZero la player 2), tong 9 nuoc ==========
18:13:37.674 [INFO] ========== BAT DAU VAN TU CHOI VOI GREEDY (board 15x15), AlphaZero la player 1 ==========
18:13:54.117 [INFO] Nuoc thu 1 (alphaZero): chon action=189, temp=1.0000, N(action)=4
18:13:54.120 [INFO] Nuoc thu 2 (Greedy): chon action=173, diem 96.7
18:14:10.032 [INFO] Nuoc thu 3 (alphaZero): chon action=7, temp=1.0000, N(action)=4
18:14:10.033 [INFO] Nuoc thu 4 (Greedy): chon action=174, diem 195.7
18:14:25.795 [INFO] Nuoc thu 5 (alphaZero): chon action=134, temp=1.0000, N(action)=4
18:14:25.798 [INFO] Nuoc thu 6 (Greedy): chon action=175, diem 1095.7
18:14:41.961 [INFO] Nuoc thu 7 (alphaZero): chon action=179, temp=1.0000, N(action)=4
18:14:41.963 [INFO] Nuoc thu 8 (Greedy): chon action=172, diem 10006.6
18:14:57.767 [INFO] Nuoc thu 9 (alphaZero): chon action=218, temp=1.0000, N(action)=4
18:14:57.770 [INFO] Nuoc thu 10 (Greedy): chon action=171, diem 100006.6
18:14:57.770 [INFO] ========== VAN (vs Greedy) KET THUC: nguoi thang la player 2 (AlphaZero la player 1), tong 10 nuoc ==========
18:14:58.183 [INFO] ========== BAT DAU VAN TU CHOI VOI GREEDY (board 15x15), AlphaZero la player 1 ==========
18:15:13.957 [INFO] Nuoc thu 1 (alphaZero): chon action=33, temp=1.0000, N(action)=4
18:15:13.958 [INFO] Nuoc thu 2 (Greedy): chon action=34, diem 96.7
18:15:29.619 [INFO] Nuoc thu 3 (alphaZero): chon action=123, temp=1.0000, N(action)=2
18:15:29.621 [INFO] Nuoc thu 4 (Greedy): chon action=19, diem 195.7
18:15:45.225 [INFO] Nuoc thu 5 (alphaZero): chon action=177, temp=1.0000, N(action)=4
18:15:45.226 [INFO] Nuoc thu 6 (Greedy): chon action=49, diem 1095.7
18:16:00.918 [INFO] Nuoc thu 7 (alphaZero): chon action=97, temp=1.0000, N(action)=4
18:16:00.920 [INFO] Nuoc thu 8 (Greedy): chon action=64, diem 10006.6
18:16:17.197 [INFO] Nuoc thu 9 (alphaZero): chon action=43, temp=1.0000, N(action)=2
18:16:17.200 [INFO] Nuoc thu 10 (Greedy): chon action=79, diem 100006.6
18:16:17.200 [INFO] ========== VAN (vs Greedy) KET THUC: nguoi thang la player 2 (AlphaZero la player 1), tong 10 nuoc ==========
18:16:17.582 [INFO] ========== BAT DAU VAN TU CHOI VOI GREEDY (board 15x15), AlphaZero la player 1 ==========
18:16:33.282 [INFO] Nuoc thu 1 (alphaZero): chon action=109, temp=1.0000, N(action)=4
18:16:33.290 [INFO] Nuoc thu 2 (Greedy): chon action=124, diem 96.7
18:16:49.072 [INFO] Nuoc thu 3 (alphaZero): chon action=224, temp=1.0000, N(action)=4
18:16:49.075 [INFO] Nuoc thu 4 (Greedy): chon action=123, diem 195.7
18:17:05.271 [INFO] Nuoc thu 5 (alphaZero): chon action=186, temp=1.0000, N(action)=6
18:17:05.274 [INFO] Nuoc thu 6 (Greedy): chon action=125, diem 1095.7
18:17:20.946 [INFO] Nuoc thu 7 (alphaZero): chon action=48, temp=1.0000, N(action)=4
18:17:20.949 [INFO] Nuoc thu 8 (Greedy): chon action=126, diem 10006.6
18:17:36.897 [INFO] Nuoc thu 9 (alphaZero): chon action=37, temp=1.0000, N(action)=4
18:17:36.900 [INFO] Nuoc thu 10 (Greedy): chon action=122, diem 100006.6
18:17:36.900 [INFO] ========== VAN (vs Greedy) KET THUC: nguoi thang la player 2 (AlphaZero la player 1), tong 10 nuoc ==========
18:17:37.232 [INFO] ========== BAT DAU VAN TU CHOI VOI GREEDY (board 15x15), AlphaZero la player 1 ==========
18:17:53.291 [INFO] Nuoc thu 1 (alphaZero): chon action=198, temp=1.0000, N(action)=4
18:17:53.293 [INFO] Nuoc thu 2 (Greedy): chon action=184, diem 96.7
18:18:09.210 [INFO] Nuoc thu 3 (alphaZero): chon action=140, temp=1.0000, N(action)=6
18:18:09.212 [INFO] Nuoc thu 4 (Greedy): chon action=199, diem 195.7
18:18:25.059 [INFO] Nuoc thu 5 (alphaZero): chon action=159, temp=1.0000, N(action)=4
18:18:25.061 [INFO] Nuoc thu 6 (Greedy): chon action=169, diem 1006.6
18:18:40.908 [INFO] Nuoc thu 7 (alphaZero): chon action=120, temp=1.0000, N(action)=6
18:18:40.911 [INFO] Nuoc thu 8 (Greedy): chon action=154, diem 10095.7
18:18:56.780 [INFO] Nuoc thu 9 (alphaZero): chon action=115, temp=1.0000, N(action)=8
18:18:56.782 [INFO] Nuoc thu 10 (Greedy): chon action=139, diem 100095.7
18:18:56.782 [INFO] ========== VAN (vs Greedy) KET THUC: nguoi thang la player 2 (AlphaZero la player 1), tong 10 nuoc ==========
18:18:57.042 [INFO] ========== BAT DAU VAN TU CHOI VOI GREEDY (board 15x15), AlphaZero la player 2 ==========
18:18:57.042 [INFO] Nuoc thu 1 (Greedy): chon action=112 (khai cuoc, o trung tam)
18:19:13.342 [INFO] Nuoc thu 2 (alphaZero): chon action=97, temp=1.0000, N(action)=2
18:19:13.344 [INFO] Nuoc thu 3 (Greedy): chon action=98, diem 195.7
18:19:29.179 [INFO] Nuoc thu 4 (alphaZero): chon action=17, temp=1.0000, N(action)=4
18:19:29.190 [INFO] Nuoc thu 5 (Greedy): chon action=126, diem 1006.6
18:19:44.978 [INFO] Nuoc thu 6 (alphaZero): chon action=216, temp=1.0000, N(action)=4
18:19:44.980 [INFO] Nuoc thu 7 (Greedy): chon action=84, diem 10006.6
18:20:00.826 [INFO] Nuoc thu 8 (alphaZero): chon action=47, temp=1.0000, N(action)=6
18:20:00.829 [INFO] Nuoc thu 9 (Greedy): chon action=140, diem 100006.6
18:20:00.829 [INFO] ========== VAN (vs Greedy) KET THUC: nguoi thang la player 1 (AlphaZero la player 2), tong 9 nuoc ==========
18:20:01.164 [INFO] ========== BAT DAU VAN TU CHOI VOI GREEDY (board 15x15), AlphaZero la player 1 ==========
18:20:16.819 [INFO] Nuoc thu 1 (alphaZero): chon action=90, temp=1.0000, N(action)=4
18:20:16.821 [INFO] Nuoc thu 2 (Greedy): chon action=105, diem 96.7
18:20:32.702 [INFO] Nuoc thu 3 (alphaZero): chon action=46, temp=1.0000, N(action)=14
18:20:32.706 [INFO] Nuoc thu 4 (Greedy): chon action=62, diem 96.7
18:20:48.490 [INFO] Nuoc thu 5 (alphaZero): chon action=84, temp=1.0000, N(action)=4
18:20:48.492 [INFO] Nuoc thu 6 (Greedy): chon action=61, diem 195.7
18:21:04.401 [INFO] Nuoc thu 7 (alphaZero): chon action=120, temp=1.0000, N(action)=6
18:21:04.403 [INFO] Nuoc thu 8 (Greedy): chon action=63, diem 1006.6
18:21:20.457 [INFO] Nuoc thu 9 (alphaZero): chon action=40, temp=1.0000, N(action)=4
18:21:20.460 [INFO] Nuoc thu 10 (Greedy): chon action=64, diem 10006.6
18:21:36.425 [INFO] Nuoc thu 11 (alphaZero): chon action=185, temp=1.0000, N(action)=4
18:21:36.427 [INFO] Nuoc thu 12 (Greedy): chon action=60, diem 100012.8
18:21:36.427 [INFO] ========== VAN (vs Greedy) KET THUC: nguoi thang la player 2 (AlphaZero la player 1), tong 12 nuoc ==========
18:21:36.742 [INFO] ========== BAT DAU VAN TU CHOI VOI GREEDY (board 15x15), AlphaZero la player 2 ==========
18:21:36.742 [INFO] Nuoc thu 1 (Greedy): chon action=112 (khai cuoc, o trung tam)
18:21:52.705 [INFO] Nuoc thu 2 (alphaZero): chon action=105, temp=1.0000, N(action)=4
18:21:52.707 [INFO] Nuoc thu 3 (Greedy): chon action=96, diem 106.6
18:22:08.545 [INFO] Nuoc thu 4 (alphaZero): chon action=108, temp=1.0000, N(action)=6
18:22:08.547 [INFO] Nuoc thu 5 (Greedy): chon action=128, diem 1006.6
18:22:24.719 [INFO] Nuoc thu 6 (alphaZero): chon action=80, temp=1.0000, N(action)=6
18:22:24.720 [INFO] Nuoc thu 7 (Greedy): chon action=144, diem 1006.6
18:22:40.499 [INFO] Nuoc thu 8 (alphaZero): chon action=191, temp=1.0000, N(action)=4
18:22:40.502 [INFO] Nuoc thu 9 (Greedy): chon action=160, diem 100006.6
18:22:40.502 [INFO] ========== VAN (vs Greedy) KET THUC: nguoi thang la player 1 (AlphaZero la player 2), tong 9 nuoc ==========
18:22:40.841 [INFO] ========== BAT DAU VAN TU CHOI VOI GREEDY (board 15x15), AlphaZero la player 2 ==========
18:22:40.841 [INFO] Nuoc thu 1 (Greedy): chon action=112 (khai cuoc, o trung tam)
18:22:56.452 [INFO] Nuoc thu 2 (alphaZero): chon action=203, temp=1.0000, N(action)=8
18:22:56.454 [INFO] Nuoc thu 3 (Greedy): chon action=98, diem 106.6
18:23:12.492 [INFO] Nuoc thu 4 (alphaZero): chon action=44, temp=1.0000, N(action)=4
18:23:12.494 [INFO] Nuoc thu 5 (Greedy): chon action=84, diem 1006.6
18:23:28.040 [INFO] Nuoc thu 6 (alphaZero): chon action=101, temp=1.0000, N(action)=4
18:23:28.042 [INFO] Nuoc thu 7 (Greedy): chon action=70, diem 10006.6
18:23:43.543 [INFO] Nuoc thu 8 (alphaZero): chon action=198, temp=1.0000, N(action)=10
18:23:43.547 [INFO] Nuoc thu 9 (Greedy): chon action=56, diem 100006.6
18:23:43.547 [INFO] ========== VAN (vs Greedy) KET THUC: nguoi thang la player 1 (AlphaZero la player 2), tong 9 nuoc ==========
18:23:43.929 [INFO] ========== BAT DAU VAN TU CHOI VOI GREEDY (board 15x15), AlphaZero la player 1 ==========
18:23:59.833 [INFO] Nuoc thu 1 (alphaZero): chon action=84, temp=1.0000, N(action)=4
18:23:59.836 [INFO] Nuoc thu 2 (Greedy): chon action=100, diem 96.7
18:24:15.564 [INFO] Nuoc thu 3 (alphaZero): chon action=72, temp=1.0000, N(action)=14
18:24:15.566 [INFO] Nuoc thu 4 (Greedy): chon action=99, diem 195.7
18:24:31.142 [INFO] Nuoc thu 5 (alphaZero): chon action=37, temp=1.0000, N(action)=4
18:24:31.145 [INFO] Nuoc thu 6 (Greedy): chon action=98, diem 1095.7
18:24:47.046 [INFO] Nuoc thu 7 (alphaZero): chon action=102, temp=1.0000, N(action)=4
18:24:47.048 [INFO] Nuoc thu 8 (Greedy): chon action=97, diem 10006.6
18:25:02.511 [INFO] Nuoc thu 9 (alphaZero): chon action=205, temp=1.0000, N(action)=4
18:25:02.514 [INFO] Nuoc thu 10 (Greedy): chon action=101, diem 100014.7
18:25:02.514 [INFO] ========== VAN (vs Greedy) KET THUC: nguoi thang la player 2 (AlphaZero la player 1), tong 10 nuoc ==========
18:25:02.899 [INFO] ========== BAT DAU VAN TU CHOI VOI GREEDY (board 15x15), AlphaZero la player 1 ==========
18:25:18.883 [INFO] Nuoc thu 1 (alphaZero): chon action=146, temp=1.0000, N(action)=4
18:25:18.885 [INFO] Nuoc thu 2 (Greedy): chon action=161, diem 96.7
18:25:34.767 [INFO] Nuoc thu 3 (alphaZero): chon action=212, temp=1.0000, N(action)=12
18:25:34.769 [INFO] Nuoc thu 4 (Greedy): chon action=147, diem 195.7
18:25:50.357 [INFO] Nuoc thu 5 (alphaZero): chon action=157, temp=1.0000, N(action)=10
18:25:50.360 [INFO] Nuoc thu 6 (Greedy): chon action=133, diem 1006.6
18:26:06.174 [INFO] Nuoc thu 7 (alphaZero): chon action=49, temp=1.0000, N(action)=4
18:26:06.176 [INFO] Nuoc thu 8 (Greedy): chon action=175, diem 10006.6
18:26:22.022 [INFO] Nuoc thu 9 (alphaZero): chon action=110, temp=1.0000, N(action)=8
18:26:22.024 [INFO] Nuoc thu 10 (Greedy): chon action=189, diem 100006.6
18:26:22.024 [INFO] ========== VAN (vs Greedy) KET THUC: nguoi thang la player 2 (AlphaZero la player 1), tong 10 nuoc ==========
18:26:22.374 [INFO] ========== BAT DAU VAN TU CHOI VOI GREEDY (board 15x15), AlphaZero la player 1 ==========
18:26:38.162 [INFO] Nuoc thu 1 (alphaZero): chon action=207, temp=1.0000, N(action)=10
18:26:38.165 [INFO] Nuoc thu 2 (Greedy): chon action=192, diem 96.7
18:26:54.106 [INFO] Nuoc thu 3 (alphaZero): chon action=63, temp=1.0000, N(action)=4
18:26:54.110 [INFO] Nuoc thu 4 (Greedy): chon action=208, diem 195.7
18:27:10.153 [INFO] Nuoc thu 5 (alphaZero): chon action=130, temp=1.0000, N(action)=6
18:27:10.155 [INFO] Nuoc thu 6 (Greedy): chon action=176, diem 1006.6
18:27:25.864 [INFO] Nuoc thu 7 (alphaZero): chon action=109, temp=1.0000, N(action)=4
18:27:25.867 [INFO] Nuoc thu 8 (Greedy): chon action=160, diem 10006.6
18:27:41.647 [INFO] Nuoc thu 9 (alphaZero): chon action=88, temp=1.0000, N(action)=4
18:27:41.649 [INFO] Nuoc thu 10 (Greedy): chon action=144, diem 100095.7
18:27:41.649 [INFO] ========== VAN (vs Greedy) KET THUC: nguoi thang la player 2 (AlphaZero la player 1), tong 10 nuoc ==========
18:27:42.019 [INFO] ========== BAT DAU VAN TU CHOI VOI GREEDY (board 15x15), AlphaZero la player 2 ==========
18:27:42.019 [INFO] Nuoc thu 1 (Greedy): chon action=112 (khai cuoc, o trung tam)
18:27:58.052 [INFO] Nuoc thu 2 (alphaZero): chon action=135, temp=1.0000, N(action)=6
18:27:58.055 [INFO] Nuoc thu 3 (Greedy): chon action=98, diem 106.6
18:28:13.795 [INFO] Nuoc thu 4 (alphaZero): chon action=174, temp=1.0000, N(action)=4
18:28:13.798 [INFO] Nuoc thu 5 (Greedy): chon action=126, diem 1006.6
18:28:29.766 [INFO] Nuoc thu 6 (alphaZero): chon action=160, temp=1.0000, N(action)=4
18:28:29.769 [INFO] Nuoc thu 7 (Greedy): chon action=84, diem 10006.6
18:28:45.616 [INFO] Nuoc thu 8 (alphaZero): chon action=202, temp=1.0000, N(action)=2
18:28:45.618 [INFO] Nuoc thu 9 (Greedy): chon action=140, diem 100006.6
18:28:45.618 [INFO] ========== VAN (vs Greedy) KET THUC: nguoi thang la player 1 (AlphaZero la player 2), tong 9 nuoc ==========
18:28:45.952 [INFO] ========== BAT DAU VAN TU CHOI VOI GREEDY (board 15x15), AlphaZero la player 2 ==========
18:28:45.952 [INFO] Nuoc thu 1 (Greedy): chon action=112 (khai cuoc, o trung tam)
18:29:02.241 [INFO] Nuoc thu 2 (alphaZero): chon action=184, temp=1.0000, N(action)=5
18:29:02.244 [INFO] Nuoc thu 3 (Greedy): chon action=113, diem 106.6
18:29:17.879 [INFO] Nuoc thu 4 (alphaZero): chon action=31, temp=1.0000, N(action)=2
18:29:17.882 [INFO] Nuoc thu 5 (Greedy): chon action=111, diem 1006.6
18:29:33.850 [INFO] Nuoc thu 6 (alphaZero): chon action=138, temp=1.0000, N(action)=4
18:29:33.853 [INFO] Nuoc thu 7 (Greedy): chon action=110, diem 10006.6
18:29:49.817 [INFO] Nuoc thu 8 (alphaZero): chon action=189, temp=1.0000, N(action)=8
18:29:49.819 [INFO] Nuoc thu 9 (Greedy): chon action=109, diem 100006.6
18:29:49.819 [INFO] ========== VAN (vs Greedy) KET THUC: nguoi thang la player 1 (AlphaZero la player 2), tong 9 nuoc ==========
18:29:50.179 [INFO] ========== BAT DAU VAN TU CHOI VOI GREEDY (board 15x15), AlphaZero la player 1 ==========
18:30:06.674 [INFO] Nuoc thu 1 (alphaZero): chon action=169, temp=1.0000, N(action)=6
18:30:06.677 [INFO] Nuoc thu 2 (Greedy): chon action=183, diem 96.7
18:30:24.737 [INFO] Nuoc thu 3 (alphaZero): chon action=133, temp=1.0000, N(action)=4
18:30:24.739 [INFO] Nuoc thu 4 (Greedy): chon action=168, diem 195.7
18:30:41.931 [INFO] Nuoc thu 5 (alphaZero): chon action=88, temp=1.0000, N(action)=4
18:30:41.935 [INFO] Nuoc thu 6 (Greedy): chon action=153, diem 1095.7
18:30:59.012 [INFO] Nuoc thu 7 (alphaZero): chon action=131, temp=1.0000, N(action)=6
18:30:59.015 [INFO] Nuoc thu 8 (Greedy): chon action=198, diem 10006.6
18:31:16.411 [INFO] Nuoc thu 9 (alphaZero): chon action=166, temp=1.0000, N(action)=4
18:31:16.414 [INFO] Nuoc thu 10 (Greedy): chon action=138, diem 100006.6
18:31:16.415 [INFO] ========== VAN (vs Greedy) KET THUC: nguoi thang la player 2 (AlphaZero la player 1), tong 10 nuoc ==========
18:31:16.809 [INFO] ========== BAT DAU VAN TU CHOI VOI GREEDY (board 15x15), AlphaZero la player 1 ==========
18:31:34.512 [INFO] Nuoc thu 1 (alphaZero): chon action=21, temp=1.0000, N(action)=4
18:31:34.516 [INFO] Nuoc thu 2 (Greedy): chon action=20, diem 96.7
18:31:51.884 [INFO] Nuoc thu 3 (alphaZero): chon action=184, temp=1.0000, N(action)=4
18:31:51.886 [INFO] Nuoc thu 4 (Greedy): chon action=35, diem 195.7
18:32:09.594 [INFO] Nuoc thu 5 (alphaZero): chon action=205, temp=1.0000, N(action)=10
18:32:09.597 [INFO] Nuoc thu 6 (Greedy): chon action=50, diem 1006.6
18:32:27.554 [INFO] Nuoc thu 7 (alphaZero): chon action=24, temp=1.0000, N(action)=4
18:32:27.558 [INFO] Nuoc thu 8 (Greedy): chon action=65, diem 10006.6
18:32:44.590 [INFO] Nuoc thu 9 (alphaZero): chon action=201, temp=1.0000, N(action)=4
18:32:44.594 [INFO] Nuoc thu 10 (Greedy): chon action=5, diem 100012.8
18:32:44.595 [INFO] ========== VAN (vs Greedy) KET THUC: nguoi thang la player 2 (AlphaZero la player 1), tong 10 nuoc ==========
18:32:45.010 [INFO] ========== BAT DAU VAN TU CHOI VOI GREEDY (board 15x15), AlphaZero la player 1 ==========
18:33:02.591 [INFO] Nuoc thu 1 (alphaZero): chon action=1, temp=1.0000, N(action)=4
18:33:02.594 [INFO] Nuoc thu 2 (Greedy): chon action=2, diem 96.7
18:33:20.193 [INFO] Nuoc thu 3 (alphaZero): chon action=63, temp=1.0000, N(action)=4
18:33:20.195 [INFO] Nuoc thu 4 (Greedy): chon action=47, diem 96.7
18:33:38.036 [INFO] Nuoc thu 5 (alphaZero): chon action=163, temp=1.0000, N(action)=4
18:33:38.040 [INFO] Nuoc thu 6 (Greedy): chon action=48, diem 195.7
18:33:55.800 [INFO] Nuoc thu 7 (alphaZero): chon action=111, temp=1.0000, N(action)=4
18:33:55.805 [INFO] Nuoc thu 8 (Greedy): chon action=49, diem 1095.7
18:34:12.980 [INFO] Nuoc thu 9 (alphaZero): chon action=131, temp=1.0000, N(action)=10
18:34:12.983 [INFO] Nuoc thu 10 (Greedy): chon action=50, diem 10006.6
18:34:30.195 [INFO] Nuoc thu 11 (alphaZero): chon action=140, temp=1.0000, N(action)=6
18:34:30.199 [INFO] Nuoc thu 12 (Greedy): chon action=51, diem 100006.6
18:34:30.199 [INFO] ========== VAN (vs Greedy) KET THUC: nguoi thang la player 2 (AlphaZero la player 1), tong 12 nuoc ==========
18:34:30.563 [INFO] ========== BAT DAU VAN TU CHOI VOI GREEDY (board 15x15), AlphaZero la player 1 ==========
18:34:48.145 [INFO] Nuoc thu 1 (alphaZero): chon action=61, temp=1.0000, N(action)=14
18:34:48.149 [INFO] Nuoc thu 2 (Greedy): chon action=47, diem 96.7
18:35:05.810 [INFO] Nuoc thu 3 (alphaZero): chon action=75, temp=1.0000, N(action)=4
18:35:05.812 [INFO] Nuoc thu 4 (Greedy): chon action=62, diem 195.7
18:35:23.561 [INFO] Nuoc thu 5 (alphaZero): chon action=42, temp=1.0000, N(action)=4
18:35:23.565 [INFO] Nuoc thu 6 (Greedy): chon action=77, diem 1095.7
18:35:41.558 [INFO] Nuoc thu 7 (alphaZero): chon action=113, temp=1.0000, N(action)=4
18:35:41.562 [INFO] Nuoc thu 8 (Greedy): chon action=32, diem 10006.6
18:35:58.093 [INFO] Nuoc thu 9 (alphaZero): chon action=13, temp=1.0000, N(action)=4
18:35:58.096 [INFO] Nuoc thu 10 (Greedy): chon action=92, diem 100006.6
18:35:58.096 [INFO] ========== VAN (vs Greedy) KET THUC: nguoi thang la player 2 (AlphaZero la player 1), tong 10 nuoc ==========
18:35:58.412 [INFO] ========== BAT DAU VAN TU CHOI VOI GREEDY (board 15x15), AlphaZero la player 1 ==========
18:36:16.009 [INFO] Nuoc thu 1 (alphaZero): chon action=47, temp=1.0000, N(action)=6
18:36:16.013 [INFO] Nuoc thu 2 (Greedy): chon action=32, diem 96.7
18:36:33.273 [INFO] Nuoc thu 3 (alphaZero): chon action=40, temp=1.0000, N(action)=6
18:36:33.276 [INFO] Nuoc thu 4 (Greedy): chon action=46, diem 195.7
18:36:51.055 [INFO] Nuoc thu 5 (alphaZero): chon action=1, temp=1.0000, N(action)=4
18:36:51.060 [INFO] Nuoc thu 6 (Greedy): chon action=18, diem 1006.6
18:37:08.739 [INFO] Nuoc thu 7 (alphaZero): chon action=143, temp=1.0000, N(action)=8
18:37:08.743 [INFO] Nuoc thu 8 (Greedy): chon action=4, diem 1005.7
18:37:26.645 [INFO] Nuoc thu 9 (alphaZero): chon action=211, temp=1.0000, N(action)=4
18:37:26.650 [INFO] Nuoc thu 10 (Greedy): chon action=60, diem 100005.7
18:37:26.651 [INFO] ========== VAN (vs Greedy) KET THUC: nguoi thang la player 2 (AlphaZero la player 1), tong 10 nuoc ==========
18:37:27.040 [INFO] ========== BAT DAU VAN TU CHOI VOI GREEDY (board 15x15), AlphaZero la player 1 ==========
18:37:44.793 [INFO] Nuoc thu 1 (alphaZero): chon action=113, temp=1.0000, N(action)=2
18:37:44.798 [INFO] Nuoc thu 2 (Greedy): chon action=99, diem 96.7
18:38:02.514 [INFO] Nuoc thu 3 (alphaZero): chon action=210, temp=1.0000, N(action)=4
18:38:02.518 [INFO] Nuoc thu 4 (Greedy): chon action=98, diem 195.7
18:38:20.128 [INFO] Nuoc thu 5 (alphaZero): chon action=167, temp=1.0000, N(action)=6
18:38:20.132 [INFO] Nuoc thu 6 (Greedy): chon action=97, diem 1095.7
18:38:38.636 [INFO] Nuoc thu 7 (alphaZero): chon action=143, temp=1.0000, N(action)=4
18:38:38.639 [INFO] Nuoc thu 8 (Greedy): chon action=96, diem 10006.6
18:38:55.523 [INFO] Nuoc thu 9 (alphaZero): chon action=12, temp=1.0000, N(action)=4
18:38:55.528 [INFO] Nuoc thu 10 (Greedy): chon action=95, diem 100006.6
18:38:55.528 [INFO] ========== VAN (vs Greedy) KET THUC: nguoi thang la player 2 (AlphaZero la player 1), tong 10 nuoc ==========
18:38:55.940 [INFO] ========== BAT DAU VAN TU CHOI VOI GREEDY (board 15x15), AlphaZero la player 2 ==========
18:38:55.940 [INFO] Nuoc thu 1 (Greedy): chon action=112 (khai cuoc, o trung tam)
18:39:13.739 [INFO] Nuoc thu 2 (alphaZero): chon action=180, temp=1.0000, N(action)=4
18:39:13.742 [INFO] Nuoc thu 3 (Greedy): chon action=111, diem 106.6
18:39:31.530 [INFO] Nuoc thu 4 (alphaZero): chon action=52, temp=1.0000, N(action)=4
18:39:31.535 [INFO] Nuoc thu 5 (Greedy): chon action=110, diem 1006.6
18:39:48.009 [INFO] Nuoc thu 6 (alphaZero): chon action=170, temp=1.0000, N(action)=8
18:39:48.013 [INFO] Nuoc thu 7 (Greedy): chon action=113, diem 10006.6
18:40:04.102 [INFO] Nuoc thu 8 (alphaZero): chon action=6, temp=1.0000, N(action)=4
18:40:04.105 [INFO] Nuoc thu 9 (Greedy): chon action=114, diem 100006.6
18:40:04.105 [INFO] ========== VAN (vs Greedy) KET THUC: nguoi thang la player 1 (AlphaZero la player 2), tong 9 nuoc ==========
18:40:04.474 [INFO] ========== BAT DAU VAN TU CHOI VOI GREEDY (board 15x15), AlphaZero la player 1 ==========
18:40:20.452 [INFO] Nuoc thu 1 (alphaZero): chon action=177, temp=1.0000, N(action)=6
18:40:20.454 [INFO] Nuoc thu 2 (Greedy): chon action=193, diem 96.7
18:40:36.235 [INFO] Nuoc thu 3 (alphaZero): chon action=170, temp=1.0000, N(action)=4
18:40:36.237 [INFO] Nuoc thu 4 (Greedy): chon action=178, diem 195.7
18:40:52.162 [INFO] Nuoc thu 5 (alphaZero): chon action=187, temp=1.0000, N(action)=6
18:40:52.164 [INFO] Nuoc thu 6 (Greedy): chon action=163, diem 1095.7
18:41:07.868 [INFO] Nuoc thu 7 (alphaZero): chon action=183, temp=1.0000, N(action)=10
18:41:07.870 [INFO] Nuoc thu 8 (Greedy): chon action=148, diem 10006.6
18:41:23.399 [INFO] Nuoc thu 9 (alphaZero): chon action=144, temp=1.0000, N(action)=4
18:41:23.402 [INFO] Nuoc thu 10 (Greedy): chon action=133, diem 100006.6
18:41:23.402 [INFO] ========== VAN (vs Greedy) KET THUC: nguoi thang la player 2 (AlphaZero la player 1), tong 10 nuoc ==========
18:41:23.740 [INFO] ========== BAT DAU VAN TU CHOI VOI GREEDY (board 15x15), AlphaZero la player 2 ==========
18:41:23.740 [INFO] Nuoc thu 1 (Greedy): chon action=112 (khai cuoc, o trung tam)
18:41:39.888 [INFO] Nuoc thu 2 (alphaZero): chon action=94, temp=1.0000, N(action)=6
18:41:39.890 [INFO] Nuoc thu 3 (Greedy): chon action=97, diem 106.6
18:41:55.633 [INFO] Nuoc thu 4 (alphaZero): chon action=125, temp=1.0000, N(action)=14
18:41:55.639 [INFO] Nuoc thu 5 (Greedy): chon action=82, diem 1006.6
18:42:11.640 [INFO] Nuoc thu 6 (alphaZero): chon action=214, temp=1.0000, N(action)=16
18:42:11.642 [INFO] Nuoc thu 7 (Greedy): chon action=127, diem 10006.6
18:42:27.076 [INFO] Nuoc thu 8 (alphaZero): chon action=190, temp=1.0000, N(action)=10
18:42:27.078 [INFO] Nuoc thu 9 (Greedy): chon action=142, diem 100006.6
18:42:27.078 [INFO] ========== VAN (vs Greedy) KET THUC: nguoi thang la player 1 (AlphaZero la player 2), tong 9 nuoc ==========
18:42:27.410 [INFO] ========== BAT DAU VAN TU CHOI VOI GREEDY (board 15x15), AlphaZero la player 1 ==========
18:42:43.554 [INFO] Nuoc thu 1 (alphaZero): chon action=180, temp=1.0000, N(action)=4
18:42:43.556 [INFO] Nuoc thu 2 (Greedy): chon action=165, diem 96.7
18:42:59.748 [INFO] Nuoc thu 3 (alphaZero): chon action=113, temp=1.0000, N(action)=8
18:42:59.750 [INFO] Nuoc thu 4 (Greedy): chon action=97, diem 96.7
18:43:15.645 [INFO] Nuoc thu 5 (alphaZero): chon action=116, temp=1.0000, N(action)=4
18:43:15.647 [INFO] Nuoc thu 6 (Greedy): chon action=112, diem 195.7
18:43:29.855 [INFO] Nuoc thu 7 (alphaZero): chon action=34, temp=1.0000, N(action)=4
18:43:29.857 [INFO] Nuoc thu 8 (Greedy): chon action=127, diem 1095.7
18:43:43.082 [INFO] Nuoc thu 9 (alphaZero): chon action=145, temp=1.0000, N(action)=4
18:43:43.085 [INFO] Nuoc thu 10 (Greedy): chon action=142, diem 10006.6
18:43:56.365 [INFO] Nuoc thu 11 (alphaZero): chon action=70, temp=1.0000, N(action)=8
18:43:56.368 [INFO] Nuoc thu 12 (Greedy): chon action=157, diem 100006.6
18:43:56.368 [INFO] ========== VAN (vs Greedy) KET THUC: nguoi thang la player 2 (AlphaZero la player 1), tong 12 nuoc ==========
18:43:56.648 [INFO] ========== BAT DAU VAN TU CHOI VOI GREEDY (board 15x15), AlphaZero la player 1 ==========
18:44:10.444 [INFO] Nuoc thu 1 (alphaZero): chon action=39, temp=1.0000, N(action)=4
18:44:10.446 [INFO] Nuoc thu 2 (Greedy): chon action=25, diem 96.7
18:44:23.901 [INFO] Nuoc thu 3 (alphaZero): chon action=192, temp=1.0000, N(action)=4
18:44:23.903 [INFO] Nuoc thu 4 (Greedy): chon action=24, diem 195.7
18:44:36.993 [INFO] Nuoc thu 5 (alphaZero): chon action=170, temp=1.0000, N(action)=8
18:44:36.995 [INFO] Nuoc thu 6 (Greedy): chon action=23, diem 1095.7
18:44:48.549 [INFO] Nuoc thu 7 (alphaZero): chon action=15, temp=1.0000, N(action)=4
18:44:48.551 [INFO] Nuoc thu 8 (Greedy): chon action=26, diem 10006.6
18:44:59.831 [INFO] Nuoc thu 9 (alphaZero): chon action=164, temp=1.0000, N(action)=16
18:44:59.834 [INFO] Nuoc thu 10 (Greedy): chon action=22, diem 100006.6
18:44:59.834 [INFO] ========== VAN (vs Greedy) KET THUC: nguoi thang la player 2 (AlphaZero la player 1), tong 10 nuoc ==========
18:45:00.044 [INFO] ========== BAT DAU VAN TU CHOI VOI GREEDY (board 15x15), AlphaZero la player 2 ==========
18:45:00.044 [INFO] Nuoc thu 1 (Greedy): chon action=112 (khai cuoc, o trung tam)
18:45:11.499 [INFO] Nuoc thu 2 (alphaZero): chon action=220, temp=1.0000, N(action)=4
18:45:11.501 [INFO] Nuoc thu 3 (Greedy): chon action=126, diem 106.6
18:45:22.917 [INFO] Nuoc thu 4 (alphaZero): chon action=178, temp=1.0000, N(action)=6
18:45:22.919 [INFO] Nuoc thu 5 (Greedy): chon action=140, diem 1006.6
18:45:34.365 [INFO] Nuoc thu 6 (alphaZero): chon action=66, temp=1.0000, N(action)=10
18:45:34.368 [INFO] Nuoc thu 7 (Greedy): chon action=98, diem 10006.6
18:45:45.647 [INFO] Nuoc thu 8 (alphaZero): chon action=84, temp=1.0000, N(action)=4
18:45:45.649 [INFO] Nuoc thu 9 (Greedy): chon action=154, diem 100006.6
18:45:45.649 [INFO] ========== VAN (vs Greedy) KET THUC: nguoi thang la player 1 (AlphaZero la player 2), tong 9 nuoc ==========
18:45:45.852 [INFO] ========== BAT DAU VAN TU CHOI VOI GREEDY (board 15x15), AlphaZero la player 1 ==========
18:45:57.398 [INFO] Nuoc thu 1 (alphaZero): chon action=80, temp=1.0000, N(action)=4
18:45:57.400 [INFO] Nuoc thu 2 (Greedy): chon action=96, diem 96.7
18:46:08.906 [INFO] Nuoc thu 3 (alphaZero): chon action=135, temp=1.0000, N(action)=4
18:46:08.909 [INFO] Nuoc thu 4 (Greedy): chon action=95, diem 195.7
18:46:20.241 [INFO] Nuoc thu 5 (alphaZero): chon action=123, temp=1.0000, N(action)=8
18:46:20.243 [INFO] Nuoc thu 6 (Greedy): chon action=94, diem 1095.7
18:46:31.947 [INFO] Nuoc thu 7 (alphaZero): chon action=17, temp=1.0000, N(action)=11
18:46:31.950 [INFO] Nuoc thu 8 (Greedy): chon action=93, diem 10006.6
18:46:43.388 [INFO] Nuoc thu 9 (alphaZero): chon action=23, temp=1.0000, N(action)=4
18:46:43.391 [INFO] Nuoc thu 10 (Greedy): chon action=92, diem 100006.6
18:46:43.391 [INFO] ========== VAN (vs Greedy) KET THUC: nguoi thang la player 2 (AlphaZero la player 1), tong 10 nuoc ==========
18:46:43.612 [INFO] ========== BAT DAU VAN TU CHOI VOI GREEDY (board 15x15), AlphaZero la player 2 ==========
18:46:43.613 [INFO] Nuoc thu 1 (Greedy): chon action=112 (khai cuoc, o trung tam)
18:46:55.110 [INFO] Nuoc thu 2 (alphaZero): chon action=98, temp=1.0000, N(action)=6
18:46:55.113 [INFO] Nuoc thu 3 (Greedy): chon action=97, diem 195.7
18:47:07.219 [INFO] Nuoc thu 4 (alphaZero): chon action=50, temp=1.0000, N(action)=4
18:47:07.223 [INFO] Nuoc thu 5 (Greedy): chon action=82, diem 1095.7
18:47:18.411 [INFO] Nuoc thu 6 (alphaZero): chon action=138, temp=1.0000, N(action)=4
18:47:18.413 [INFO] Nuoc thu 7 (Greedy): chon action=127, diem 10006.6
18:47:29.871 [INFO] Nuoc thu 8 (alphaZero): chon action=108, temp=1.0000, N(action)=4
18:47:29.873 [INFO] Nuoc thu 9 (Greedy): chon action=67, diem 100006.6
18:47:29.873 [INFO] ========== VAN (vs Greedy) KET THUC: nguoi thang la player 1 (AlphaZero la player 2), tong 9 nuoc ==========
18:47:30.049 [INFO] ========== BAT DAU VAN TU CHOI VOI GREEDY (board 15x15), AlphaZero la player 2 ==========
18:47:30.050 [INFO] Nuoc thu 1 (Greedy): chon action=112 (khai cuoc, o trung tam)
18:47:41.482 [INFO] Nuoc thu 2 (alphaZero): chon action=145, temp=1.0000, N(action)=8
18:47:41.484 [INFO] Nuoc thu 3 (Greedy): chon action=96, diem 106.6
18:47:52.991 [INFO] Nuoc thu 4 (alphaZero): chon action=19, temp=1.0000, N(action)=4
18:47:52.994 [INFO] Nuoc thu 5 (Greedy): chon action=128, diem 1006.6
18:48:04.322 [INFO] Nuoc thu 6 (alphaZero): chon action=17, temp=1.0000, N(action)=6
18:48:04.325 [INFO] Nuoc thu 7 (Greedy): chon action=144, diem 10095.7
18:48:15.798 [INFO] Nuoc thu 8 (alphaZero): chon action=37, temp=1.0000, N(action)=16
18:48:15.800 [INFO] Nuoc thu 9 (Greedy): chon action=160, diem 100095.7
18:48:15.800 [INFO] ========== VAN (vs Greedy) KET THUC: nguoi thang la player 1 (AlphaZero la player 2), tong 9 nuoc ==========
18:48:16.033 [INFO] ========== BAT DAU VAN TU CHOI VOI GREEDY (board 15x15), AlphaZero la player 2 ==========
18:48:16.033 [INFO] Nuoc thu 1 (Greedy): chon action=112 (khai cuoc, o trung tam)
18:48:27.423 [INFO] Nuoc thu 2 (alphaZero): chon action=201, temp=1.0000, N(action)=4
18:48:27.426 [INFO] Nuoc thu 3 (Greedy): chon action=98, diem 106.6
18:48:39.021 [INFO] Nuoc thu 4 (alphaZero): chon action=176, temp=1.0000, N(action)=4
18:48:39.023 [INFO] Nuoc thu 5 (Greedy): chon action=84, diem 1006.6
18:48:50.368 [INFO] Nuoc thu 6 (alphaZero): chon action=150, temp=1.0000, N(action)=4
18:48:50.371 [INFO] Nuoc thu 7 (Greedy): chon action=126, diem 10006.6
18:49:01.800 [INFO] Nuoc thu 8 (alphaZero): chon action=198, temp=1.0000, N(action)=16
18:49:01.803 [INFO] Nuoc thu 9 (Greedy): chon action=140, diem 100006.6
18:49:01.803 [INFO] ========== VAN (vs Greedy) KET THUC: nguoi thang la player 1 (AlphaZero la player 2), tong 9 nuoc ==========
18:49:02.038 [INFO] ========== BAT DAU VAN TU CHOI VOI GREEDY (board 15x15), AlphaZero la player 2 ==========
18:49:02.038 [INFO] Nuoc thu 1 (Greedy): chon action=112 (khai cuoc, o trung tam)
18:49:13.537 [INFO] Nuoc thu 2 (alphaZero): chon action=51, temp=1.0000, N(action)=6
18:49:13.539 [INFO] Nuoc thu 3 (Greedy): chon action=96, diem 106.6
18:49:24.863 [INFO] Nuoc thu 4 (alphaZero): chon action=78, temp=1.0000, N(action)=4
18:49:24.866 [INFO] Nuoc thu 5 (Greedy): chon action=80, diem 1006.6
18:49:36.303 [INFO] Nuoc thu 6 (alphaZero): chon action=41, temp=1.0000, N(action)=2
18:49:36.305 [INFO] Nuoc thu 7 (Greedy): chon action=64, diem 10095.7
18:49:45.450 [INFO] Nuoc thu 8 (alphaZero): chon action=117, temp=1.0000, N(action)=4
18:49:45.452 [INFO] Nuoc thu 9 (Greedy): chon action=128, diem 100006.6
18:49:45.453 [INFO] ========== VAN (vs Greedy) KET THUC: nguoi thang la player 1 (AlphaZero la player 2), tong 9 nuoc ==========
