18:07:06.882 [INFO] ========== BAT DAU VAN TU CHOI VOI GREEDY (board 15x15), AlphaZero la player 2 ==========
18:07:06.883 [INFO] Nuoc thu 1 (Greedy): chon action=112 (khai cuoc, o trung tam)
18:07:25.748 [INFO] Nuoc thu 2 (alphaZero): chon action=213, temp=1.0000, N(action)=6
18:07:25.751 [INFO] Nuoc thu 3 (Greedy): chon action=96, diem 106.6
18:07:41.622 [INFO] Nuoc thu 4 (alphaZero): chon action=57, temp=1.0000, N(action)=4
18:07:41.624 [INFO] Nuoc thu 5 (Greedy): chon action=80, diem 1006.6
18:07:57.696 [INFO] Nuoc thu 6 (alphaZero): chon action=100, temp=1.0000, N(action)=10
18:07:57.700 [INFO] Nuoc thu 7 (Greedy): chon action=128, diem 10006.6
18:08:14.108 [INFO] Nuoc thu 8 (alphaZero): chon action=53, temp=1.0000, N(action)=4
18:08:14.110 [INFO] Nuoc thu 9 (Greedy): chon action=144, diem 100006.6
18:08:14.110 [INFO] ========== VAN (vs Greedy) KET THUC: nguoi thang la player 1 (AlphaZero la player 2), tong 9 nuoc ==========
18:08:14.488 [INFO] ========== BAT DAU VAN TU CHOI VOI GREEDY (board 15x15), AlphaZero la player 2 ==========
18:08:14.488 [INFO] Nuoc thu 1 (Greedy): chon action=112 (khai cuoc, o trung tam)
18:08:30.950 [INFO] Nuoc thu 2 (alphaZero): chon action=130, temp=1.0000, N(action)=26
18:08:30.952 [INFO] Nuoc thu 3 (Greedy): chon action=96, diem 106.6
18:08:47.570 [INFO] Nuoc thu 4 (alphaZero): chon action=199, temp=1.0000, N(action)=2
18:08:47.574 [INFO] Nuoc thu 5 (Greedy): chon action=80, diem 1006.6
18:09:03.984 [INFO] Nuoc thu 6 (alphaZero): chon action=163, temp=1.0000, N(action)=2
18:09:03.986 [INFO] Nuoc thu 7 (Greedy): chon action=128, diem 10006.6
18:09:20.959 [INFO] Nuoc thu 8 (alphaZero): chon action=165, temp=1.0000, N(action)=4
18:09:20.965 [INFO] Nuoc thu 9 (Greedy): chon action=144, diem 100095.7
18:09:20.966 [INFO] ========== VAN (vs Greedy) KET THUC: nguoi thang la player 1 (AlphaZero la player 2), tong 9 nuoc ==========
18:09:21.368 [INFO] ========== BAT DAU VAN TU CHOI VOI GREEDY (board 15x15), AlphaZero la player 1 ==========
18:09:37.898 [INFO] Nuoc thu 1 (alphaZero): chon action=135, temp=1.0000, N(action)=8
18:09:37.901 [INFO] Nuoc thu 2 (Greedy): chon action=120, diem 96.7
18:09:54.374 [INFO] Nuoc thu 3 (alphaZero): chon action=44, temp=1.0000, N(action)=8
18:09:54.377 [INFO] Nuoc thu 4 (Greedy): chon action=59, diem 96.7
18:10:10.748 [INFO] Nuoc thu 5 (alphaZero): chon action=176, temp=1.0000, N(action)=4
18:10:10.750 [INFO] Nuoc thu 6 (Greedy): chon action=192, diem 96.7
18:10:26.672 [INFO] Nuoc thu 7 (alphaZero): chon action=161, temp=1.0000, N(action)=4
18:10:26.675 [INFO] Nuoc thu 8 (Greedy): chon action=191, diem 1005.7
18:10:42.484 [INFO] Nuoc thu 9 (alphaZero): chon action=125, temp=1.0000, N(action)=4
18:10:42.486 [INFO] Nuoc thu 10 (Greedy): chon action=190, diem 1095.7
18:10:58.153 [INFO] Nuoc thu 11 (alphaZero): chon action=146, temp=1.0000, N(action)=4
18:10:58.156 [INFO] Nuoc thu 12 (Greedy): chon action=193, diem 10006.6
18:11:13.849 [INFO] Nuoc thu 13 (alphaZero): chon action=30, temp=1.0000, N(action)=8
18:11:13.852 [INFO] Nuoc thu 14 (Greedy): chon action=189, diem 100006.6
18:11:13.852 [INFO] ========== VAN (vs Greedy) KET THUC: nguoi thang la player 2 (AlphaZero la player 1), tong 14 nuoc ==========
18:11:14.204 [INFO] ========== BAT DAU VAN TU CHOI VOI GREEDY (board 15x15), AlphaZero la player 2 ==========
18:11:14.204 [INFO] Nuoc thu 1 (Greedy): chon action=112 (khai cuoc, o trung tam)
18:11:30.069 [INFO] Nuoc thu 2 (alphaZero): chon action=69, temp=1.0000, N(action)=4
18:11:30.071 [INFO] Nuoc thu 3 (Greedy): chon action=96, diem 106.6
18:11:45.303 [INFO] Nuoc thu 4 (alphaZero): chon action=67, temp=1.0000, N(action)=4
18:11:45.306 [INFO] Nuoc thu 5 (Greedy): chon action=80, diem 1006.6
18:12:01.041 [INFO] Nuoc thu 6 (alphaZero): chon action=15, temp=1.0000, N(action)=4
18:12:01.044 [INFO] Nuoc thu 7 (Greedy): chon action=64, diem 10006.6
18:12:17.007 [INFO] Nuoc thu 8 (alphaZero): chon action=194, temp=1.0000, N(action)=4
18:12:17.010 [INFO] Nuoc thu 9 (Greedy): chon action=48, diem 100006.6
18:12:17.010 [INFO] ========== VAN (vs Greedy) KET THUC: nguoi thang la player 1 (AlphaZero la player 2), tong 9 nuoc ==========
18:12:17.383 [INFO] ========== BAT DAU VAN TU CHOI VOI GREEDY (board 15x15), AlphaZero la player 2 ==========
18:12:17.383 [INFO] Nuoc thu 1 (Greedy): chon action=112 (khai cuoc, o trung tam)
18:12:32.789 [INFO] Nuoc thu 2 (alphaZero): chon action=95, temp=1.0000, N(action)=6
18:12:32.795 [INFO] Nuoc thu 3 (Greedy): chon action=111, diem 195.7
18:12:48.881 [INFO] Nuoc thu 4 (alphaZero): chon action=185, temp=1.0000, N(action)=4
18:12:48.882 [INFO] Nuoc thu 5 (Greedy): chon action=110, diem 1095.7
18:13:04.566 [INFO] Nuoc thu 6 (alphaZero): chon action=43, temp=1.0000, N(action)=4
18:13:04.567 [INFO] Nuoc thu 7 (Greedy): chon action=109, diem 10095.7
18:13:20.271 [INFO] Nuoc thu 8 (alphaZero): chon action=177, temp=1.0000, N(action)=4
18:13:20.276 [INFO] Nuoc thu 9 (Greedy): chon action=113, diem 100006.6
18:13:20.277 [INFO] ========== VAN (vs Greedy) KET THUC: nguoi thang la player 1 (AlphaZero la player 2), tong 9 nuoc ==========
18:13:20.692 [INFO] ========== BAT DAU VAN TU CHOI VOI GREEDY (board 15x15), AlphaZero la player 1 ==========
18:13:36.808 [INFO] Nuoc thu 1 (alphaZero): chon action=124, temp=1.0000, N(action)=2
18:13:36.810 [INFO] Nuoc thu 2 (Greedy): chon action=108, diem 96.7
18:13:52.708 [INFO] Nuoc thu 3 (alphaZero): chon action=26, temp=1.0000, N(action)=4
18:13:52.712 [INFO] Nuoc thu 4 (Greedy): chon action=109, diem 195.7
18:14:08.738 [INFO] Nuoc thu 5 (alphaZero): chon action=35, temp=1.0000, N(action)=4
18:14:08.741 [INFO] Nuoc thu 6 (Greedy): chon action=110, diem 1095.7
18:14:24.493 [INFO] Nuoc thu 7 (alphaZero): chon action=70, temp=1.0000, N(action)=4
18:14:24.496 [INFO] Nuoc thu 8 (Greedy): chon action=107, diem 10006.6
18:14:40.613 [INFO] Nuoc thu 9 (alphaZero): chon action=39, temp=1.0000, N(action)=4
18:14:40.615 [INFO] Nuoc thu 10 (Greedy): chon action=106, diem 100006.6
18:14:40.615 [INFO] ========== VAN (vs Greedy) KET THUC: nguoi thang la player 2 (AlphaZero la player 1), tong 10 nuoc ==========
18:14:40.958 [INFO] ========== BAT DAU VAN TU CHOI VOI GREEDY (board 15x15), AlphaZero la player 1 ==========
18:14:57.041 [INFO] Nuoc thu 1 (alphaZero): chon action=113, temp=1.0000, N(action)=4
18:14:57.045 [INFO] Nuoc thu 2 (Greedy): chon action=129, diem 96.7
18:15:13.610 [INFO] Nuoc thu 3 (alphaZero): chon action=39, temp=1.0000, N(action)=6
18:15:13.612 [INFO] Nuoc thu 4 (Greedy): chon action=114, diem 195.7
18:15:29.409 [INFO] Nuoc thu 5 (alphaZero): chon action=162, temp=1.0000, N(action)=4
18:15:29.412 [INFO] Nuoc thu 6 (Greedy): chon action=99, diem 1095.7
18:15:44.954 [INFO] Nuoc thu 7 (alphaZero): chon action=191, temp=1.0000, N(action)=4
18:15:44.957 [INFO] Nuoc thu 8 (Greedy): chon action=84, diem 10006.6
18:16:00.828 [INFO] Nuoc thu 9 (alphaZero): chon action=80, temp=1.0000, N(action)=4
18:16:00.830 [INFO] Nuoc thu 10 (Greedy): chon action=144, diem 100006.6
18:16:00.830 [INFO] ========== VAN (vs Greedy) KET THUC: nguoi thang la player 2 (AlphaZero la player 1), tong 10 nuoc ==========
18:16:01.215 [INFO] ========== BAT DAU VAN TU CHOI VOI GREEDY (board 15x15), AlphaZero la player 1 ==========
18:16:17.002 [INFO] Nuoc thu 1 (alphaZero): chon action=49, temp=1.0000, N(action)=4
18:16:17.014 [INFO] Nuoc thu 2 (Greedy): chon action=63, diem 96.7
18:16:32.710 [INFO] Nuoc thu 3 (alphaZero): chon action=155, temp=1.0000, N(action)=4
18:16:32.712 [INFO] Nuoc thu 4 (Greedy): chon action=64, diem 195.7
18:16:48.491 [INFO] Nuoc thu 5 (alphaZero): chon action=179, temp=1.0000, N(action)=4
18:16:48.495 [INFO] Nuoc thu 6 (Greedy): chon action=65, diem 1095.7
18:17:04.513 [INFO] Nuoc thu 7 (alphaZero): chon action=129, temp=1.0000, N(action)=6
18:17:04.515 [INFO] Nuoc thu 8 (Greedy): chon action=62, diem 10006.6
18:17:20.274 [INFO] Nuoc thu 9 (alphaZero): chon action=93, temp=1.0000, N(action)=4
18:17:20.277 [INFO] Nuoc thu 10 (Greedy): chon action=66, diem 100006.6
18:17:20.277 [INFO] ========== VAN (vs Greedy) KET THUC: nguoi thang la player 2 (AlphaZero la player 1), tong 10 nuoc ==========
18:17:20.652 [INFO] ========== BAT DAU VAN TU CHOI VOI GREEDY (board 15x15), AlphaZero la player 2 ==========
18:17:20.652 [INFO] Nuoc thu 1 (Greedy): chon action=112 (khai cuoc, o trung tam)
18:17:36.903 [INFO] Nuoc thu 2 (alphaZero): chon action=81, temp=1.0000, N(action)=8
18:17:36.906 [INFO] Nuoc thu 3 (Greedy): chon action=97, diem 195.7
18:17:52.653 [INFO] Nuoc thu 4 (alphaZero): chon action=91, temp=1.0000, N(action)=4
18:17:52.655 [INFO] Nuoc thu 5 (Greedy): chon action=82, diem 1095.7
18:18:08.883 [INFO] Nuoc thu 6 (alphaZero): chon action=100, temp=1.0000, N(action)=12
18:18:08.886 [INFO] Nuoc thu 7 (Greedy): chon action=67, diem 10095.7
18:18:24.736 [INFO] Nuoc thu 8 (alphaZero): chon action=54, temp=1.0000, N(action)=4
18:18:24.739 [INFO] Nuoc thu 9 (Greedy): chon action=52, diem 100006.6
18:18:24.739 [INFO] ========== VAN (vs Greedy) KET THUC: nguoi thang la player 1 (AlphaZero la player 2), tong 9 nuoc ==========
18:18:25.064 [INFO] ========== BAT DAU VAN TU CHOI VOI GREEDY (board 15x15), AlphaZero la player 2 ==========
18:18:25.064 [INFO] Nuoc thu 1 (Greedy): chon action=112 (khai cuoc, o trung tam)
18:18:40.901 [INFO] Nuoc thu 2 (alphaZero): chon action=101, temp=1.0000, N(action)=2
18:18:40.904 [INFO] Nuoc thu 3 (Greedy): chon action=98, diem 106.6
18:18:57.003 [INFO] Nuoc thu 4 (alphaZero): chon action=137, temp=1.0000, N(action)=4
18:18:57.005 [INFO] Nuoc thu 5 (Greedy): chon action=126, diem 1006.6
18:19:13.022 [INFO] Nuoc thu 6 (alphaZero): chon action=33, temp=1.0000, N(action)=4
18:19:13.025 [INFO] Nuoc thu 7 (Greedy): chon action=140, diem 10006.6
18:19:28.645 [INFO] Nuoc thu 8 (alphaZero): chon action=67, temp=1.0000, N(action)=4
18:19:28.647 [INFO] Nuoc thu 9 (Greedy): chon action=154, diem 100006.6
18:19:28.647 [INFO] ========== VAN (vs Greedy) KET THUC: nguoi thang la player 1 (AlphaZero la player 2), tong 9 nuoc ==========
18:19:29.004 [INFO] ========== BAT DAU VAN TU CHOI VOI GREEDY (board 15x15), AlphaZero la player 2 ==========
18:19:29.005 [INFO] Nuoc thu 1 (Greedy): chon action=112 (khai cuoc, o trung tam)
18:19:45.005 [INFO] Nuoc thu 2 (alphaZero): chon action=11, temp=1.0000, N(action)=10
18:19:45.008 [INFO] Nuoc thu 3 (Greedy): chon action=127, diem 106.6
18:20:00.989 [INFO] Nuoc thu 4 (alphaZero): chon action=151, temp=1.0000, N(action)=4
18:20:00.991 [INFO] Nuoc thu 5 (Greedy): chon action=97, diem 1006.6
18:20:16.818 [INFO] Nuoc thu 6 (alphaZero): chon action=60, temp=1.0000, N(action)=4
18:20:16.820 [INFO] Nuoc thu 7 (Greedy): chon action=142, diem 10006.6
18:20:32.478 [INFO] Nuoc thu 8 (alphaZero): chon action=104, temp=1.0000, N(action)=4
18:20:32.480 [INFO] Nuoc thu 9 (Greedy): chon action=82, diem 100006.6
18:20:32.480 [INFO] ========== VAN (vs Greedy) KET THUC: nguoi thang la player 1 (AlphaZero la player 2), tong 9 nuoc ==========
18:20:32.853 [INFO] ========== BAT DAU VAN TU CHOI VOI GREEDY (board 15x15), AlphaZero la player 2 ==========
18:20:32.853 [INFO] Nuoc thu 1 (Greedy): chon action=112 (khai cuoc, o trung tam)
18:20:48.733 [INFO] Nuoc thu 2 (alphaZero): chon action=51, temp=1.0000, N(action)=8
18:20:48.735 [INFO] Nuoc thu 3 (Greedy): chon action=111, diem 106.6
18:21:04.462 [INFO] Nuoc thu 4 (alphaZero): chon action=37, temp=1.0000, N(action)=6
18:21:04.464 [INFO] Nuoc thu 5 (Greedy): chon action=113, diem 1006.6
18:21:20.231 [INFO] Nuoc thu 6 (alphaZero): chon action=55, temp=1.0000, N(action)=8
18:21:20.233 [INFO] Nuoc thu 7 (Greedy): chon action=114, diem 10006.6
18:21:36.101 [INFO] Nuoc thu 8 (alphaZero): chon action=84, temp=1.0000, N(action)=4
18:21:36.102 [INFO] Nuoc thu 9 (Greedy): chon action=115, diem 100006.6
18:21:36.103 [INFO] ========== VAN (vs Greedy) KET THUC: nguoi thang la player 1 (AlphaZero la player 2), tong 9 nuoc ==========
18:21:36.449 [INFO] ========== BAT DAU VAN TU CHOI VOI GREEDY (board 15x15), AlphaZero la player 1 ==========
18:21:52.208 [INFO] Nuoc thu 1 (alphaZero): chon action=29, temp=1.0000, N(action)=4
18:21:52.210 [INFO] Nuoc thu 2 (Greedy): chon action=44, diem 96.7
18:22:07.613 [INFO] Nuoc thu 3 (alphaZero): chon action=111, temp=1.0000, N(action)=4
18:22:07.615 [INFO] Nuoc thu 4 (Greedy): chon action=127, diem 96.7
18:22:23.387 [INFO] Nuoc thu 5 (alphaZero): chon action=80, temp=1.0000, N(action)=6
18:22:23.390 [INFO] Nuoc thu 6 (Greedy): chon action=112, diem 195.7
18:22:38.999 [INFO] Nuoc thu 7 (alphaZero): chon action=176, temp=1.0000, N(action)=4
18:22:39.003 [INFO] Nuoc thu 8 (Greedy): chon action=97, diem 1095.7
18:22:54.446 [INFO] Nuoc thu 9 (alphaZero): chon action=210, temp=1.0000, N(action)=9
18:22:54.448 [INFO] Nuoc thu 10 (Greedy): chon action=82, diem 10006.6
18:23:10.151 [INFO] Nuoc thu 11 (alphaZero): chon action=139, temp=1.0000, N(action)=4
18:23:10.155 [INFO] Nuoc thu 12 (Greedy): chon action=67, diem 100006.6
18:23:10.155 [INFO] ========== VAN (vs Greedy) KET THUC: nguoi thang la player 2 (AlphaZero la player 1), tong 12 nuoc ==========
18:23:10.527 [INFO] ========== BAT DAU VAN TU CHOI VOI GREEDY (board 15x15), AlphaZero la player 1 ==========
18:23:26.348 [INFO] Nuoc thu 1 (alphaZero): chon action=83, temp=1.0000, N(action)=4
18:23:26.350 [INFO] Nuoc thu 2 (Greedy): chon action=67, diem 96.7
18:23:41.753 [INFO] Nuoc thu 3 (alphaZero): chon action=3, temp=1.0000, N(action)=12
18:23:41.755 [INFO] Nuoc thu 4 (Greedy): chon action=68, diem 195.7
18:23:57.549 [INFO] Nuoc thu 5 (alphaZero): chon action=7, temp=1.0000, N(action)=4
18:23:57.551 [INFO] Nuoc thu 6 (Greedy): chon action=69, diem 1095.7
18:24:13.498 [INFO] Nuoc thu 7 (alphaZero): chon action=108, temp=1.0000, N(action)=4
18:24:13.501 [INFO] Nuoc thu 8 (Greedy): chon action=66, diem 10006.6
18:24:29.372 [INFO] Nuoc thu 9 (alphaZero): chon action=186, temp=1.0000, N(action)=4
18:24:29.374 [INFO] Nuoc thu 10 (Greedy): chon action=65, diem 100006.6
18:24:29.375 [INFO] ========== VAN (vs Greedy) KET THUC: nguoi thang la player 2 (AlphaZero la player 1), tong 10 nuoc ==========
18:24:29.731 [INFO] ========== BAT DAU VAN TU CHOI VOI GREEDY (board 15x15), AlphaZero la player 1 ==========
18:24:45.278 [INFO] Nuoc thu 1 (alphaZero): chon action=157, temp=1.0000, N(action)=4
18:24:45.281 [INFO] Nuoc thu 2 (Greedy): chon action=142, diem 96.7
18:25:00.588 [INFO] Nuoc thu 3 (alphaZero): chon action=131, temp=1.0000, N(action)=12
18:25:00.590 [INFO] Nuoc thu 4 (Greedy): chon action=156, diem 195.7
18:25:16.407 [INFO] Nuoc thu 5 (alphaZero): chon action=171, temp=1.0000, N(action)=4
18:25:16.409 [INFO] Nuoc thu 6 (Greedy): chon action=170, diem 1095.7
18:25:32.250 [INFO] Nuoc thu 7 (alphaZero): chon action=206, temp=1.0000, N(action)=4
18:25:32.252 [INFO] Nuoc thu 8 (Greedy): chon action=184, diem 10006.6
18:25:47.620 [INFO] Nuoc thu 9 (alphaZero): chon action=3, temp=1.0000, N(action)=6
18:25:47.622 [INFO] Nuoc thu 10 (Greedy): chon action=128, diem 100006.6
18:25:47.622 [INFO] ========== VAN (vs Greedy) KET THUC: nguoi thang la player 2 (AlphaZero la player 1), tong 10 nuoc ==========
18:25:47.977 [INFO] ========== BAT DAU VAN TU CHOI VOI GREEDY (board 15x15), AlphaZero la player 2 ==========
18:25:47.977 [INFO] Nuoc thu 1 (Greedy): chon action=112 (khai cuoc, o trung tam)
18:26:03.775 [INFO] Nuoc thu 2 (alphaZero): chon action=0, temp=1.0000, N(action)=4
18:26:03.784 [INFO] Nuoc thu 3 (Greedy): chon action=128, diem 106.6
18:26:19.741 [INFO] Nuoc thu 4 (alphaZero): chon action=203, temp=1.0000, N(action)=4
18:26:19.744 [INFO] Nuoc thu 5 (Greedy): chon action=96, diem 1006.6
18:26:35.398 [INFO] Nuoc thu 6 (alphaZero): chon action=32, temp=1.0000, N(action)=4
18:26:35.400 [INFO] Nuoc thu 7 (Greedy): chon action=80, diem 10006.6
18:26:51.277 [INFO] Nuoc thu 8 (alphaZero): chon action=47, temp=1.0000, N(action)=4
18:26:51.279 [INFO] Nuoc thu 9 (Greedy): chon action=64, diem 100006.6
18:26:51.280 [INFO] ========== VAN (vs Greedy) KET THUC: nguoi thang la player 1 (AlphaZero la player 2), tong 9 nuoc ==========
18:26:51.703 [INFO] ========== BAT DAU VAN TU CHOI VOI GREEDY (board 15x15), AlphaZero la player 2 ==========
18:26:51.703 [INFO] Nuoc thu 1 (Greedy): chon action=112 (khai cuoc, o trung tam)
18:27:07.685 [INFO] Nuoc thu 2 (alphaZero): chon action=152, temp=1.0000, N(action)=4
18:27:07.688 [INFO] Nuoc thu 3 (Greedy): chon action=128, diem 106.6
18:27:23.666 [INFO] Nuoc thu 4 (alphaZero): chon action=135, temp=1.0000, N(action)=4
18:27:23.670 [INFO] Nuoc thu 5 (Greedy): chon action=96, diem 1006.6
18:27:39.468 [INFO] Nuoc thu 6 (alphaZero): chon action=43, temp=1.0000, N(action)=4
18:27:39.472 [INFO] Nuoc thu 7 (Greedy): chon action=144, diem 10006.6
18:27:55.365 [INFO] Nuoc thu 8 (alphaZero): chon action=143, temp=1.0000, N(action)=4
18:27:55.368 [INFO] Nuoc thu 9 (Greedy): chon action=160, diem 100006.6
18:27:55.368 [INFO] ========== VAN (vs Greedy) KET THUC: nguoi thang la player 1 (AlphaZero la player 2), tong 9 nuoc ==========
18:27:55.644 [INFO] ========== BAT DAU VAN TU CHOI VOI GREEDY (board 15x15), AlphaZero la player 2 ==========
18:27:55.644 [INFO] Nuoc thu 1 (Greedy): chon action=112 (khai cuoc, o trung tam)
18:28:11.683 [INFO] Nuoc thu 2 (alphaZero): chon action=60, temp=1.0000, N(action)=4
18:28:11.687 [INFO] Nuoc thu 3 (Greedy): chon action=127, diem 106.6
18:28:27.132 [INFO] Nuoc thu 4 (alphaZero): chon action=58, temp=1.0000, N(action)=4
18:28:27.135 [INFO] Nuoc thu 5 (Greedy): chon action=142, diem 1006.6
18:28:42.843 [INFO] Nuoc thu 6 (alphaZero): chon action=78, temp=1.0000, N(action)=4
18:28:42.852 [INFO] Nuoc thu 7 (Greedy): chon action=97, diem 10006.6
18:28:58.485 [INFO] Nuoc thu 8 (alphaZero): chon action=195, temp=1.0000, N(action)=4
18:28:58.487 [INFO] Nuoc thu 9 (Greedy): chon action=157, diem 100006.6
18:28:58.487 [INFO] ========== VAN (vs Greedy) KET THUC: nguoi thang la player 1 (AlphaZero la player 2), tong 9 nuoc ==========
18:28:58.765 [INFO] ========== BAT DAU VAN TU CHOI VOI GREEDY (board 15x15), AlphaZero la player 2 ==========
18:28:58.765 [INFO] Nuoc thu 1 (Greedy): chon action=112 (khai cuoc, o trung tam)
18:29:14.867 [INFO] Nuoc thu 2 (alphaZero): chon action=149, temp=1.0000, N(action)=10
18:29:14.869 [INFO] Nuoc thu 3 (Greedy): chon action=97, diem 106.6
18:29:30.672 [INFO] Nuoc thu 4 (alphaZero): chon action=167, temp=1.0000, N(action)=4
18:29:30.674 [INFO] Nuoc thu 5 (Greedy): chon action=127, diem 1006.6
18:29:46.767 [INFO] Nuoc thu 6 (alphaZero): chon action=42, temp=1.0000, N(action)=4
18:29:46.770 [INFO] Nuoc thu 7 (Greedy): chon action=82, diem 10006.6
18:30:02.837 [INFO] Nuoc thu 8 (alphaZero): chon action=27, temp=1.0000, N(action)=4
18:30:02.839 [INFO] Nuoc thu 9 (Greedy): chon action=142, diem 100006.6
18:30:02.840 [INFO] ========== VAN (vs Greedy) KET THUC: nguoi thang la player 1 (AlphaZero la player 2), tong 9 nuoc ==========
18:30:03.191 [INFO] ========== BAT DAU VAN TU CHOI VOI GREEDY (board 15x15), AlphaZero la player 2 ==========
18:30:03.191 [INFO] Nuoc thu 1 (Greedy): chon action=112 (khai cuoc, o trung tam)
18:30:21.253 [INFO] Nuoc thu 2 (alphaZero): chon action=86, temp=1.0000, N(action)=4
18:30:21.257 [INFO] Nuoc thu 3 (Greedy): chon action=111, diem 106.6
18:30:38.578 [INFO] Nuoc thu 4 (alphaZero): chon action=13, temp=1.0000, N(action)=4
18:30:38.582 [INFO] Nuoc thu 5 (Greedy): chon action=113, diem 1006.6
18:30:55.985 [INFO] Nuoc thu 6 (alphaZero): chon action=214, temp=1.0000, N(action)=4
18:30:55.987 [INFO] Nuoc thu 7 (Greedy): chon action=114, diem 10006.6
18:31:13.278 [INFO] Nuoc thu 8 (alphaZero): chon action=31, temp=1.0000, N(action)=8
18:31:13.282 [INFO] Nuoc thu 9 (Greedy): chon action=115, diem 100006.6
18:31:13.282 [INFO] ========== VAN (vs Greedy) KET THUC: nguoi thang la player 1 (AlphaZero la player 2), tong 9 nuoc ==========
18:31:13.687 [INFO] ========== BAT DAU VAN TU CHOI VOI GREEDY (board 15x15), AlphaZero la player 1 ==========
18:31:31.437 [INFO] Nuoc thu 1 (alphaZero): chon action=59, temp=1.0000, N(action)=6
18:31:31.441 [INFO] Nuoc thu 2 (Greedy): chon action=44, diem 96.7
18:31:49.238 [INFO] Nuoc thu 3 (alphaZero): chon action=30, temp=1.0000, N(action)=4
18:31:49.240 [INFO] Nuoc thu 4 (Greedy): chon action=45, diem 96.7
18:32:06.697 [INFO] Nuoc thu 5 (alphaZero): chon action=23, temp=1.0000, N(action)=4
18:32:06.701 [INFO] Nuoc thu 6 (Greedy): chon action=37, diem 96.7
18:32:24.973 [INFO] Nuoc thu 7 (alphaZero): chon action=134, temp=1.0000, N(action)=4
18:32:24.974 [INFO] Nuoc thu 8 (Greedy): chon action=22, diem 195.7
18:32:42.102 [INFO] Nuoc thu 9 (alphaZero): chon action=41, temp=1.0000, N(action)=4
18:32:42.105 [INFO] Nuoc thu 10 (Greedy): chon action=52, diem 1006.6
18:32:59.138 [INFO] Nuoc thu 11 (alphaZero): chon action=167, temp=1.0000, N(action)=6
18:32:59.140 [INFO] Nuoc thu 12 (Greedy): chon action=67, diem 10006.6
18:33:16.640 [INFO] Nuoc thu 13 (alphaZero): chon action=54, temp=1.0000, N(action)=4
18:33:16.645 [INFO] Nuoc thu 14 (Greedy): chon action=7, diem 100012.8
18:33:16.645 [INFO] ========== VAN (vs Greedy) KET THUC: nguoi thang la player 2 (AlphaZero la player 1), tong 14 nuoc ==========
18:33:16.973 [INFO] ========== BAT DAU VAN TU CHOI VOI GREEDY (board 15x15), AlphaZero la player 2 ==========
18:33:16.974 [INFO] Nuoc thu 1 (Greedy): chon action=112 (khai cuoc, o trung tam)
18:33:33.709 [INFO] Nuoc thu 2 (alphaZero): chon action=121, temp=1.0000, N(action)=4
18:33:33.711 [INFO] Nuoc thu 3 (Greedy): chon action=113, diem 106.6
18:33:51.614 [INFO] Nuoc thu 4 (alphaZero): chon action=195, temp=1.0000, N(action)=4
18:33:51.616 [INFO] Nuoc thu 5 (Greedy): chon action=111, diem 1006.6
18:34:08.911 [INFO] Nuoc thu 6 (alphaZero): chon action=217, temp=1.0000, N(action)=4
18:34:08.915 [INFO] Nuoc thu 7 (Greedy): chon action=114, diem 10006.6
18:34:25.911 [INFO] Nuoc thu 8 (alphaZero): chon action=59, temp=1.0000, N(action)=4
18:34:25.914 [INFO] Nuoc thu 9 (Greedy): chon action=115, diem 100006.6
18:34:25.914 [INFO] ========== VAN (vs Greedy) KET THUC: nguoi thang la player 1 (AlphaZero la player 2), tong 9 nuoc ==========
18:34:26.254 [INFO] ========== BAT DAU VAN TU CHOI VOI GREEDY (board 15x15), AlphaZero la player 1 ==========
18:34:44.299 [INFO] Nuoc thu 1 (alphaZero): chon action=148, temp=1.0000, N(action)=6
18:34:44.304 [INFO] Nuoc thu 2 (Greedy): chon action=132, diem 96.7
18:35:01.507 [INFO] Nuoc thu 3 (alphaZero): chon action=171, temp=1.0000, N(action)=12
18:35:01.511 [INFO] Nuoc thu 4 (Greedy): chon action=147, diem 195.7
18:35:19.482 [INFO] Nuoc thu 5 (alphaZero): chon action=180, temp=1.0000, N(action)=4
18:35:19.486 [INFO] Nuoc thu 6 (Greedy): chon action=162, diem 1095.7
18:35:37.286 [INFO] Nuoc thu 7 (alphaZero): chon action=95, temp=1.0000, N(action)=6
18:35:37.288 [INFO] Nuoc thu 8 (Greedy): chon action=117, diem 10006.6
18:35:54.294 [INFO] Nuoc thu 9 (alphaZero): chon action=37, temp=1.0000, N(action)=4
18:35:54.297 [INFO] Nuoc thu 10 (Greedy): chon action=177, diem 100006.6
18:35:54.297 [INFO] ========== VAN (vs Greedy) KET THUC: nguoi thang la player 2 (AlphaZero la player 1), tong 10 nuoc ==========
18:35:54.820 [INFO] ========== BAT DAU VAN TU CHOI VOI GREEDY (board 15x15), AlphaZero la player 2 ==========
18:35:54.820 [INFO] Nuoc thu 1 (Greedy): chon action=112 (khai cuoc, o trung tam)
18:36:12.437 [INFO] Nuoc thu 2 (alphaZero): chon action=94, temp=1.0000, N(action)=4
18:36:12.441 [INFO] Nuoc thu 3 (Greedy): chon action=111, diem 106.6
18:36:29.559 [INFO] Nuoc thu 4 (alphaZero): chon action=85, temp=1.0000, N(action)=8
18:36:29.563 [INFO] Nuoc thu 5 (Greedy): chon action=110, diem 1095.7
18:36:47.699 [INFO] Nuoc thu 6 (alphaZero): chon action=116, temp=1.0000, N(action)=4
18:36:47.702 [INFO] Nuoc thu 7 (Greedy): chon action=109, diem 10095.7
18:37:05.508 [INFO] Nuoc thu 8 (alphaZero): chon action=58, temp=1.0000, N(action)=8
18:37:05.510 [INFO] Nuoc thu 9 (Greedy): chon action=108, diem 100095.7
18:37:05.510 [INFO] ========== VAN (vs Greedy) KET THUC: nguoi thang la player 1 (AlphaZero la player 2), tong 9 nuoc ==========
18:37:05.859 [INFO] ========== BAT DAU VAN TU CHOI VOI GREEDY (board 15x15), AlphaZero la player 2 ==========
18:37:05.859 [INFO] Nuoc thu 1 (Greedy): chon action=112 (khai cuoc, o trung tam)
18:37:23.608 [INFO] Nuoc thu 2 (alphaZero): chon action=74, temp=1.0000, N(action)=4
18:37:23.612 [INFO] Nuoc thu 3 (Greedy): chon action=98, diem 106.6
18:37:41.571 [INFO] Nuoc thu 4 (alphaZero): chon action=189, temp=1.0000, N(action)=6
18:37:41.579 [INFO] Nuoc thu 5 (Greedy): chon action=126, diem 1006.6
18:37:58.924 [INFO] Nuoc thu 6 (alphaZero): chon action=29, temp=1.0000, N(action)=6
18:37:58.929 [INFO] Nuoc thu 7 (Greedy): chon action=84, diem 10006.6
18:38:16.502 [INFO] Nuoc thu 8 (alphaZero): chon action=26, temp=1.0000, N(action)=2
18:38:16.506 [INFO] Nuoc thu 9 (Greedy): chon action=140, diem 100006.6
18:38:16.506 [INFO] ========== VAN (vs Greedy) KET THUC: nguoi thang la player 1 (AlphaZero la player 2), tong 9 nuoc ==========
18:38:16.898 [INFO] ========== BAT DAU VAN TU CHOI VOI GREEDY (board 15x15), AlphaZero la player 2 ==========
18:38:16.898 [INFO] Nuoc thu 1 (Greedy): chon action=112 (khai cuoc, o trung tam)
18:38:34.616 [INFO] Nuoc thu 2 (alphaZero): chon action=21, temp=1.0000, N(action)=6
18:38:34.619 [INFO] Nuoc thu 3 (Greedy): chon action=111, diem 106.6
18:38:51.643 [INFO] Nuoc thu 4 (alphaZero): chon action=198, temp=1.0000, N(action)=4
18:38:51.645 [INFO] Nuoc thu 5 (Greedy): chon action=113, diem 1006.6
18:39:09.038 [INFO] Nuoc thu 6 (alphaZero): chon action=79, temp=1.0000, N(action)=6
18:39:09.040 [INFO] Nuoc thu 7 (Greedy): chon action=114, diem 10006.6
18:39:25.984 [INFO] Nuoc thu 8 (alphaZero): chon action=165, temp=1.0000, N(action)=4
18:39:25.987 [INFO] Nuoc thu 9 (Greedy): chon action=110, diem 100006.6
18:39:25.987 [INFO] ========== VAN (vs Greedy) KET THUC: nguoi thang la player 1 (AlphaZero la player 2), tong 9 nuoc ==========
18:39:26.330 [INFO] ========== BAT DAU VAN TU CHOI VOI GREEDY (board 15x15), AlphaZero la player 1 ==========
18:39:43.675 [INFO] Nuoc thu 1 (alphaZero): chon action=201, temp=1.0000, N(action)=4
18:39:43.678 [INFO] Nuoc thu 2 (Greedy): chon action=185, diem 96.7
18:39:59.623 [INFO] Nuoc thu 3 (alphaZero): chon action=212, temp=1.0000, N(action)=4
18:39:59.625 [INFO] Nuoc thu 4 (Greedy): chon action=200, diem 195.7
18:40:15.701 [INFO] Nuoc thu 5 (alphaZero): chon action=92, temp=1.0000, N(action)=4
18:40:15.703 [INFO] Nuoc thu 6 (Greedy): chon action=170, diem 1006.6
18:40:31.337 [INFO] Nuoc thu 7 (alphaZero): chon action=145, temp=1.0000, N(action)=4
18:40:31.339 [INFO] Nuoc thu 8 (Greedy): chon action=155, diem 10006.6
18:40:47.068 [INFO] Nuoc thu 9 (alphaZero): chon action=171, temp=1.0000, N(action)=4
18:40:47.070 [INFO] Nuoc thu 10 (Greedy): chon action=215, diem 100012.8
18:40:47.070 [INFO] ========== VAN (vs Greedy) KET THUC: nguoi thang la player 2 (AlphaZero la player 1), tong 10 nuoc ==========
18:40:47.409 [INFO] ========== BAT DAU VAN TU CHOI VOI GREEDY (board 15x15), AlphaZero la player 1 ==========
18:41:03.090 [INFO] Nuoc thu 1 (alphaZero): chon action=44, temp=1.0000, N(action)=6
18:41:03.092 [INFO] Nuoc thu 2 (Greedy): chon action=29, diem 96.7
18:41:18.751 [INFO] Nuoc thu 3 (alphaZero): chon action=6, temp=1.0000, N(action)=4
18:41:18.753 [INFO] Nuoc thu 4 (Greedy): chon action=7, diem 96.7
18:41:34.445 [INFO] Nuoc thu 5 (alphaZero): chon action=124, temp=1.0000, N(action)=4
18:41:34.446 [INFO] Nuoc thu 6 (Greedy): chon action=139, diem 96.7
18:41:50.479 [INFO] Nuoc thu 7 (alphaZero): chon action=220, temp=1.0000, N(action)=6
18:41:50.482 [INFO] Nuoc thu 8 (Greedy): chon action=138, diem 195.7
18:42:06.706 [INFO] Nuoc thu 9 (alphaZero): chon action=68, temp=1.0000, N(action)=4
18:42:06.709 [INFO] Nuoc thu 10 (Greedy): chon action=140, diem 1095.7
18:42:22.490 [INFO] Nuoc thu 11 (alphaZero): chon action=197, temp=1.0000, N(action)=4
18:42:22.494 [INFO] Nuoc thu 12 (Greedy): chon action=141, diem 10006.6
18:42:38.241 [INFO] Nuoc thu 13 (alphaZero): chon action=3, temp=1.0000, N(action)=4
18:42:38.243 [INFO] Nuoc thu 14 (Greedy): chon action=137, diem 100006.6
18:42:38.243 [INFO] ========== VAN (vs Greedy) KET THUC: nguoi thang la player 2 (AlphaZero la player 1), tong 14 nuoc ==========
18:42:38.511 [INFO] ========== BAT DAU VAN TU CHOI VOI GREEDY (board 15x15), AlphaZero la player 1 ==========
18:42:53.988 [INFO] Nuoc thu 1 (alphaZero): chon action=12, temp=1.0000, N(action)=4
18:42:53.990 [INFO] Nuoc thu 2 (Greedy): chon action=11, diem 96.7
18:43:09.654 [INFO] Nuoc thu 3 (alphaZero): chon action=203, temp=1.0000, N(action)=4
18:43:09.656 [INFO] Nuoc thu 4 (Greedy): chon action=202, diem 96.7
18:43:24.859 [INFO] Nuoc thu 5 (alphaZero): chon action=201, temp=1.0000, N(action)=4
18:43:24.861 [INFO] Nuoc thu 6 (Greedy): chon action=187, diem 284.8
18:43:38.300 [INFO] Nuoc thu 7 (alphaZero): chon action=46, temp=1.0000, N(action)=6
18:43:38.303 [INFO] Nuoc thu 8 (Greedy): chon action=172, diem 1006.6
18:43:51.443 [INFO] Nuoc thu 9 (alphaZero): chon action=54, temp=1.0000, N(action)=4
18:43:51.447 [INFO] Nuoc thu 10 (Greedy): chon action=157, diem 10006.6
18:44:04.763 [INFO] Nuoc thu 11 (alphaZero): chon action=158, temp=1.0000, N(action)=4
18:44:04.766 [INFO] Nuoc thu 12 (Greedy): chon action=142, diem 100095.7
18:44:04.766 [INFO] ========== VAN (vs Greedy) KET THUC: nguoi thang la player 2 (AlphaZero la player 1), tong 12 nuoc ==========
18:44:05.022 [INFO] ========== BAT DAU VAN TU CHOI VOI GREEDY (board 15x15), AlphaZero la player 2 ==========
18:44:05.022 [INFO] Nuoc thu 1 (Greedy): chon action=112 (khai cuoc, o trung tam)
18:44:18.590 [INFO] Nuoc thu 2 (alphaZero): chon action=153, temp=1.0000, N(action)=4
18:44:18.594 [INFO] Nuoc thu 3 (Greedy): chon action=111, diem 106.6
18:44:32.000 [INFO] Nuoc thu 4 (alphaZero): chon action=62, temp=1.0000, N(action)=4
18:44:32.002 [INFO] Nuoc thu 5 (Greedy): chon action=110, diem 1006.6
18:44:43.798 [INFO] Nuoc thu 6 (alphaZero): chon action=202, temp=1.0000, N(action)=4
18:44:43.800 [INFO] Nuoc thu 7 (Greedy): chon action=113, diem 10006.6
18:44:55.296 [INFO] Nuoc thu 8 (alphaZero): chon action=165, temp=1.0000, N(action)=4
18:44:55.299 [INFO] Nuoc thu 9 (Greedy): chon action=114, diem 100006.6
18:44:55.299 [INFO] ========== VAN (vs Greedy) KET THUC: nguoi thang la player 1 (AlphaZero la player 2), tong 9 nuoc ==========
18:44:55.519 [INFO] ========== BAT DAU VAN TU CHOI VOI GREEDY (board 15x15), AlphaZero la player 1 ==========
18:45:07.197 [INFO] Nuoc thu 1 (alphaZero): chon action=96, temp=1.0000, N(action)=4
18:45:07.200 [INFO] Nuoc thu 2 (Greedy): chon action=80, diem 96.7
18:45:18.787 [INFO] Nuoc thu 3 (alphaZero): chon action=201, temp=1.0000, N(action)=2
18:45:18.789 [INFO] Nuoc thu 4 (Greedy): chon action=95, diem 195.7
18:45:30.240 [INFO] Nuoc thu 5 (alphaZero): chon action=90, temp=1.0000, N(action)=4
18:45:30.242 [INFO] Nuoc thu 6 (Greedy): chon action=110, diem 1095.7
18:45:41.532 [INFO] Nuoc thu 7 (alphaZero): chon action=167, temp=1.0000, N(action)=6
18:45:41.534 [INFO] Nuoc thu 8 (Greedy): chon action=65, diem 10006.6
18:45:53.089 [INFO] Nuoc thu 9 (alphaZero): chon action=114, temp=1.0000, N(action)=6
18:45:53.091 [INFO] Nuoc thu 10 (Greedy): chon action=50, diem 100006.6
18:45:53.092 [INFO] ========== VAN (vs Greedy) KET THUC: nguoi thang la player 2 (AlphaZero la player 1), tong 10 nuoc ==========
18:45:53.263 [INFO] ========== BAT DAU VAN TU CHOI VOI GREEDY (board 15x15), AlphaZero la player 2 ==========
18:45:53.263 [INFO] Nuoc thu 1 (Greedy): chon action=112 (khai cuoc, o trung tam)
18:46:04.775 [INFO] Nuoc thu 2 (alphaZero): chon action=77, temp=1.0000, N(action)=2
18:46:04.777 [INFO] Nuoc thu 3 (Greedy): chon action=113, diem 106.6
18:46:16.215 [INFO] Nuoc thu 4 (alphaZero): chon action=15, temp=1.0000, N(action)=4
18:46:16.217 [INFO] Nuoc thu 5 (Greedy): chon action=111, diem 1006.6
18:46:27.836 [INFO] Nuoc thu 6 (alphaZero): chon action=41, temp=1.0000, N(action)=4
18:46:27.838 [INFO] Nuoc thu 7 (Greedy): chon action=110, diem 10006.6
18:46:39.156 [INFO] Nuoc thu 8 (alphaZero): chon action=170, temp=1.0000, N(action)=4
18:46:39.159 [INFO] Nuoc thu 9 (Greedy): chon action=114, diem 100006.6
18:46:39.159 [INFO] ========== VAN (vs Greedy) KET THUC: nguoi thang la player 1 (AlphaZero la player 2), tong 9 nuoc ==========
18:46:39.370 [INFO] ========== BAT DAU VAN TU CHOI VOI GREEDY (board 15x15), AlphaZero la player 2 ==========
18:46:39.370 [INFO] Nuoc thu 1 (Greedy): chon action=112 (khai cuoc, o trung tam)
18:46:50.876 [INFO] Nuoc thu 2 (alphaZero): chon action=154, temp=1.0000, N(action)=6
18:46:50.878 [INFO] Nuoc thu 3 (Greedy): chon action=128, diem 106.6
18:47:02.710 [INFO] Nuoc thu 4 (alphaZero): chon action=162, temp=1.0000, N(action)=4
18:47:02.713 [INFO] Nuoc thu 5 (Greedy): chon action=144, diem 1006.6
18:47:13.994 [INFO] Nuoc thu 6 (alphaZero): chon action=136, temp=1.0000, N(action)=4
18:47:13.996 [INFO] Nuoc thu 7 (Greedy): chon action=160, diem 10006.6
18:47:25.338 [INFO] Nuoc thu 8 (alphaZero): chon action=73, temp=1.0000, N(action)=10
18:47:25.339 [INFO] Nuoc thu 9 (Greedy): chon action=176, diem 100095.7
18:47:25.339 [INFO] ========== VAN (vs Greedy) KET THUC: nguoi thang la player 1 (AlphaZero la player 2), tong 9 nuoc ==========
18:47:25.537 [INFO] ========== BAT DAU VAN TU CHOI VOI GREEDY (board 15x15), AlphaZero la player 1 ==========
18:47:37.068 [INFO] Nuoc thu 1 (alphaZero): chon action=123, temp=1.0000, N(action)=4
18:47:37.070 [INFO] Nuoc thu 2 (Greedy): chon action=137, diem 96.7
18:47:48.709 [INFO] Nuoc thu 3 (alphaZero): chon action=155, temp=1.0000, N(action)=14
18:47:48.712 [INFO] Nuoc thu 4 (Greedy): chon action=139, diem 905.7
18:48:00.139 [INFO] Nuoc thu 5 (alphaZero): chon action=122, temp=1.0000, N(action)=4
18:48:00.142 [INFO] Nuoc thu 6 (Greedy): chon action=138, diem 1183.9
18:48:11.680 [INFO] Nuoc thu 7 (alphaZero): chon action=131, temp=1.0000, N(action)=10
18:48:11.682 [INFO] Nuoc thu 8 (Greedy): chon action=140, diem 10095.7
18:48:22.991 [INFO] Nuoc thu 9 (alphaZero): chon action=166, temp=1.0000, N(action)=2
18:48:22.994 [INFO] Nuoc thu 10 (Greedy): chon action=141, diem 100095.7
18:48:22.994 [INFO] ========== VAN (vs Greedy) KET THUC: nguoi thang la player 2 (AlphaZero la player 1), tong 10 nuoc ==========
18:48:23.212 [INFO] ========== BAT DAU VAN TU CHOI VOI GREEDY (board 15x15), AlphaZero la player 2 ==========
18:48:23.212 [INFO] Nuoc thu 1 (Greedy): chon action=112 (khai cuoc, o trung tam)
18:48:34.905 [INFO] Nuoc thu 2 (alphaZero): chon action=121, temp=1.0000, N(action)=4
18:48:34.906 [INFO] Nuoc thu 3 (Greedy): chon action=111, diem 106.6
18:48:46.298 [INFO] Nuoc thu 4 (alphaZero): chon action=92, temp=1.0000, N(action)=10
18:48:46.301 [INFO] Nuoc thu 5 (Greedy): chon action=113, diem 1006.6
18:48:57.596 [INFO] Nuoc thu 6 (alphaZero): chon action=13, temp=1.0000, N(action)=4
18:48:57.598 [INFO] Nuoc thu 7 (Greedy): chon action=114, diem 10006.6
18:49:08.846 [INFO] Nuoc thu 8 (alphaZero): chon action=7, temp=1.0000, N(action)=4
18:49:08.850 [INFO] Nuoc thu 9 (Greedy): chon action=110, diem 100006.6
18:49:08.850 [INFO] ========== VAN (vs Greedy) KET THUC: nguoi thang la player 1 (AlphaZero la player 2), tong 9 nuoc ==========
18:49:09.055 [INFO] ========== BAT DAU VAN TU CHOI VOI GREEDY (board 15x15), AlphaZero la player 1 ==========
18:49:20.608 [INFO] Nuoc thu 1 (alphaZero): chon action=143, temp=1.0000, N(action)=10
18:49:20.611 [INFO] Nuoc thu 2 (Greedy): chon action=128, diem 96.7
18:49:32.198 [INFO] Nuoc thu 3 (alphaZero): chon action=136, temp=1.0000, N(action)=4
18:49:32.201 [INFO] Nuoc thu 4 (Greedy): chon action=127, diem 195.7
18:49:42.089 [INFO] Nuoc thu 5 (alphaZero): chon action=49, temp=1.0000, N(action)=4
18:49:42.091 [INFO] Nuoc thu 6 (Greedy): chon action=129, diem 1095.7
18:49:51.174 [INFO] Nuoc thu 7 (alphaZero): chon action=32, temp=1.0000, N(action)=6
18:49:51.177 [INFO] Nuoc thu 8 (Greedy): chon action=126, diem 10006.6
18:50:00.784 [INFO] Nuoc thu 9 (alphaZero): chon action=42, temp=1.0000, N(action)=4
18:50:00.787 [INFO] Nuoc thu 10 (Greedy): chon action=125, diem 100006.6
18:50:00.787 [INFO] ========== VAN (vs Greedy) KET THUC: nguoi thang la player 2 (AlphaZero la player 1), tong 10 nuoc ==========
