08:56:03.872 [INFO] ========== BAT DAU VAN TU CHOI VOI GREEDY (board 15x15), AlphaZero la player 1 ==========
08:56:20.300 [INFO] Nuoc thu 1 (alphaZero): chon action=18, temp=1.0000, N(action)=4
08:56:20.302 [INFO] Nuoc thu 2 (Greedy): chon action=19, diem 96.7
08:56:36.143 [INFO] Nuoc thu 3 (alphaZero): chon action=83, temp=1.0000, N(action)=3
08:56:36.145 [INFO] Nuoc thu 4 (Greedy): chon action=34, diem 195.7
08:56:52.046 [INFO] Nuoc thu 5 (alphaZero): chon action=55, temp=1.0000, N(action)=4
08:56:52.049 [INFO] Nuoc thu 6 (Greedy): chon action=49, diem 1006.6
08:57:08.123 [INFO] Nuoc thu 7 (alphaZero): chon action=221, temp=1.0000, N(action)=7
08:57:08.130 [INFO] Nuoc thu 8 (Greedy): chon action=64, diem 10006.6
08:57:23.574 [INFO] Nuoc thu 9 (alphaZero): chon action=174, temp=1.0000, N(action)=4
08:57:23.576 [INFO] Nuoc thu 10 (Greedy): chon action=4, diem 100012.8
08:57:23.576 [INFO] ========== VAN (vs Greedy) KET THUC: nguoi thang la player 2 (AlphaZero la player 1), tong 10 nuoc ==========
08:57:23.946 [INFO] ========== BAT DAU VAN TU CHOI VOI GREEDY (board 15x15), AlphaZero la player 1 ==========
08:57:39.307 [INFO] Nuoc thu 1 (alphaZero): chon action=7, temp=1.0000, N(action)=4
08:57:39.309 [INFO] Nuoc thu 2 (Greedy): chon action=6, diem 96.7
08:57:54.730 [INFO] Nuoc thu 3 (alphaZero): chon action=130, temp=1.0000, N(action)=3
08:57:54.732 [INFO] Nuoc thu 4 (Greedy): chon action=146, diem 96.7
08:58:10.738 [INFO] Nuoc thu 5 (alphaZero): chon action=30, temp=1.0000, N(action)=2
08:58:10.745 [INFO] Nuoc thu 6 (Greedy): chon action=145, diem 195.7
08:58:26.561 [INFO] Nuoc thu 7 (alphaZero): chon action=143, temp=1.0000, N(action)=2
08:58:26.565 [INFO] Nuoc thu 8 (Greedy): chon action=147, diem 1006.6
08:58:41.882 [INFO] Nuoc thu 9 (alphaZero): chon action=40, temp=1.0000, N(action)=4
08:58:41.886 [INFO] Nuoc thu 10 (Greedy): chon action=148, diem 10006.6
08:58:57.325 [INFO] Nuoc thu 11 (alphaZero): chon action=0, temp=1.0000, N(action)=9
08:58:57.328 [INFO] Nuoc thu 12 (Greedy): chon action=144, diem 100103.8
08:58:57.328 [INFO] ========== VAN (vs Greedy) KET THUC: nguoi thang la player 2 (AlphaZero la player 1), tong 12 nuoc ==========
08:58:57.656 [INFO] ========== BAT DAU VAN TU CHOI VOI GREEDY (board 15x15), AlphaZero la player 2 ==========
08:58:57.656 [INFO] Nuoc thu 1 (Greedy): chon action=112 (khai cuoc, o trung tam)
08:59:13.366 [INFO] Nuoc thu 2 (alphaZero): chon action=82, temp=1.0000, N(action)=6
08:59:13.368 [INFO] Nuoc thu 3 (Greedy): chon action=98, diem 195.7
08:59:29.252 [INFO] Nuoc thu 4 (alphaZero): chon action=119, temp=1.0000, N(action)=3
08:59:29.254 [INFO] Nuoc thu 5 (Greedy): chon action=126, diem 1006.6
08:59:45.015 [INFO] Nuoc thu 6 (alphaZero): chon action=101, temp=1.0000, N(action)=5
08:59:45.018 [INFO] Nuoc thu 7 (Greedy): chon action=84, diem 10006.6
09:00:00.639 [INFO] Nuoc thu 8 (alphaZero): chon action=220, temp=1.0000, N(action)=8
09:00:00.650 [INFO] Nuoc thu 9 (Greedy): chon action=70, diem 100006.6
09:00:00.650 [INFO] ========== VAN (vs Greedy) KET THUC: nguoi thang la player 1 (AlphaZero la player 2), tong 9 nuoc ==========
09:00:00.943 [INFO] ========== BAT DAU VAN TU CHOI VOI GREEDY (board 15x15), AlphaZero la player 1 ==========
09:00:16.629 [INFO] Nuoc thu 1 (alphaZero): chon action=135, temp=1.0000, N(action)=2
09:00:16.632 [INFO] Nuoc thu 2 (Greedy): chon action=120, diem 96.7
09:00:32.165 [INFO] Nuoc thu 3 (alphaZero): chon action=147, temp=1.0000, N(action)=4
09:00:32.167 [INFO] Nuoc thu 4 (Greedy): chon action=132, diem 96.7
09:00:47.604 [INFO] Nuoc thu 5 (alphaZero): chon action=164, temp=1.0000, N(action)=13
09:00:47.607 [INFO] Nuoc thu 6 (Greedy): chon action=133, diem 195.7
09:01:03.357 [INFO] Nuoc thu 7 (alphaZero): chon action=144, temp=1.0000, N(action)=3
09:01:03.360 [INFO] Nuoc thu 8 (Greedy): chon action=131, diem 1095.7
09:01:18.993 [INFO] Nuoc thu 9 (alphaZero): chon action=56, temp=1.0000, N(action)=2
09:01:18.995 [INFO] Nuoc thu 10 (Greedy): chon action=130, diem 10095.7
09:01:34.427 [INFO] Nuoc thu 11 (alphaZero): chon action=185, temp=1.0000, N(action)=4
09:01:34.429 [INFO] Nuoc thu 12 (Greedy): chon action=129, diem 100095.7
09:01:34.429 [INFO] ========== VAN (vs Greedy) KET THUC: nguoi thang la player 2 (AlphaZero la player 1), tong 12 nuoc ==========
09:01:34.743 [INFO] ========== BAT DAU VAN TU CHOI VOI GREEDY (board 15x15), AlphaZero la player 1 ==========
09:01:50.608 [INFO] Nuoc thu 1 (alphaZero): chon action=143, temp=1.0000, N(action)=4
09:01:50.610 [INFO] Nuoc thu 2 (Greedy): chon action=129, diem 96.7
09:02:06.772 [INFO] Nuoc thu 3 (alphaZero): chon action=72, temp=1.0000, N(action)=6
09:02:06.775 [INFO] Nuoc thu 4 (Greedy): chon action=128, diem 195.7
09:02:22.383 [INFO] Nuoc thu 5 (alphaZero): chon action=111, temp=1.0000, N(action)=4
09:02:22.385 [INFO] Nuoc thu 6 (Greedy): chon action=127, diem 1904.7
09:02:38.172 [INFO] Nuoc thu 7 (alphaZero): chon action=190, temp=1.0000, N(action)=7
09:02:38.174 [INFO] Nuoc thu 8 (Greedy): chon action=126, diem 10095.7
09:02:53.774 [INFO] Nuoc thu 9 (alphaZero): chon action=61, temp=1.0000, N(action)=9
09:02:53.776 [INFO] Nuoc thu 10 (Greedy): chon action=125, diem 100095.7
09:02:53.776 [INFO] ========== VAN (vs Greedy) KET THUC: nguoi thang la player 2 (AlphaZero la player 1), tong 10 nuoc ==========
09:02:54.117 [INFO] ========== BAT DAU VAN TU CHOI VOI GREEDY (board 15x15), AlphaZero la player 1 ==========
09:03:10.218 [INFO] Nuoc thu 1 (alphaZero): chon action=148, temp=1.0000, N(action)=8
09:03:10.220 [INFO] Nuoc thu 2 (Greedy): chon action=163, diem 96.7
09:03:26.080 [INFO] Nuoc thu 3 (alphaZero): chon action=201, temp=1.0000, N(action)=10
09:03:26.083 [INFO] Nuoc thu 4 (Greedy): chon action=162, diem 195.7
09:03:41.400 [INFO] Nuoc thu 5 (alphaZero): chon action=75, temp=1.0000, N(action)=7
09:03:41.402 [INFO] Nuoc thu 6 (Greedy): chon action=161, diem 1006.6
09:03:57.264 [INFO] Nuoc thu 7 (alphaZero): chon action=0, temp=1.0000, N(action)=10
09:03:57.266 [INFO] Nuoc thu 8 (Greedy): chon action=160, diem 10006.6
09:04:12.909 [INFO] Nuoc thu 9 (alphaZero): chon action=62, temp=1.0000, N(action)=2
09:04:12.912 [INFO] Nuoc thu 10 (Greedy): chon action=164, diem 100012.8
09:04:12.912 [INFO] ========== VAN (vs Greedy) KET THUC: nguoi thang la player 2 (AlphaZero la player 1), tong 10 nuoc ==========
09:04:13.217 [INFO] ========== BAT DAU VAN TU CHOI VOI GREEDY (board 15x15), AlphaZero la player 1 ==========
09:04:28.978 [INFO] Nuoc thu 1 (alphaZero): chon action=125, temp=1.0000, N(action)=2
09:04:28.981 [INFO] Nuoc thu 2 (Greedy): chon action=111, diem 96.7
09:04:44.267 [INFO] Nuoc thu 3 (alphaZero): chon action=194, temp=1.0000, N(action)=3
09:04:44.270 [INFO] Nuoc thu 4 (Greedy): chon action=110, diem 195.7
09:04:59.728 [INFO] Nuoc thu 5 (alphaZero): chon action=118, temp=1.0000, N(action)=4
09:04:59.730 [INFO] Nuoc thu 6 (Greedy): chon action=109, diem 1095.7
09:05:15.771 [INFO] Nuoc thu 7 (alphaZero): chon action=175, temp=1.0000, N(action)=2
09:05:15.773 [INFO] Nuoc thu 8 (Greedy): chon action=112, diem 10006.6
09:05:31.689 [INFO] Nuoc thu 9 (alphaZero): chon action=132, temp=1.0000, N(action)=5
09:05:31.691 [INFO] Nuoc thu 10 (Greedy): chon action=113, diem 100006.6
09:05:31.691 [INFO] ========== VAN (vs Greedy) KET THUC: nguoi thang la player 2 (AlphaZero la player 1), tong 10 nuoc ==========
09:05:32.059 [INFO] ========== BAT DAU VAN TU CHOI VOI GREEDY (board 15x15), AlphaZero la player 2 ==========
09:05:32.060 [INFO] Nuoc thu 1 (Greedy): chon action=112 (khai cuoc, o trung tam)
09:05:48.015 [INFO] Nuoc thu 2 (alphaZero): chon action=116, temp=1.0000, N(action)=2
09:05:48.018 [INFO] Nuoc thu 3 (Greedy): chon action=126, diem 106.6
09:06:03.694 [INFO] Nuoc thu 4 (alphaZero): chon action=119, temp=1.0000, N(action)=4
09:06:03.696 [INFO] Nuoc thu 5 (Greedy): chon action=140, diem 1006.6
09:06:19.280 [INFO] Nuoc thu 6 (alphaZero): chon action=161, temp=1.0000, N(action)=3
09:06:19.282 [INFO] Nuoc thu 7 (Greedy): chon action=98, diem 10006.6
09:06:35.312 [INFO] Nuoc thu 8 (alphaZero): chon action=152, temp=1.0000, N(action)=4
09:06:35.315 [INFO] Nuoc thu 9 (Greedy): chon action=154, diem 100006.6
09:06:35.316 [INFO] ========== VAN (vs Greedy) KET THUC: nguoi thang la player 1 (AlphaZero la player 2), tong 9 nuoc ==========
09:06:35.729 [INFO] ========== BAT DAU VAN TU CHOI VOI GREEDY (board 15x15), AlphaZero la player 2 ==========
09:06:35.730 [INFO] Nuoc thu 1 (Greedy): chon action=112 (khai cuoc, o trung tam)
09:06:51.896 [INFO] Nuoc thu 2 (alphaZero): chon action=49, temp=1.0000, N(action)=12
09:06:51.899 [INFO] Nuoc thu 3 (Greedy): chon action=113, diem 106.6
09:07:07.640 [INFO] Nuoc thu 4 (alphaZero): chon action=188, temp=1.0000, N(action)=7
09:07:07.642 [INFO] Nuoc thu 5 (Greedy): chon action=114, diem 1006.6
09:07:24.315 [INFO] Nuoc thu 6 (alphaZero): chon action=39, temp=1.0000, N(action)=5
09:07:24.319 [INFO] Nuoc thu 7 (Greedy): chon action=111, diem 10006.6
09:07:40.672 [INFO] Nuoc thu 8 (alphaZero): chon action=186, temp=1.0000, N(action)=3
09:07:40.675 [INFO] Nuoc thu 9 (Greedy): chon action=115, diem 100006.6
09:07:40.675 [INFO] ========== VAN (vs Greedy) KET THUC: nguoi thang la player 1 (AlphaZero la player 2), tong 9 nuoc ==========
09:07:41.007 [INFO] ========== BAT DAU VAN TU CHOI VOI GREEDY (board 15x15), AlphaZero la player 2 ==========
09:07:41.008 [INFO] Nuoc thu 1 (Greedy): chon action=112 (khai cuoc, o trung tam)
09:07:56.791 [INFO] Nuoc thu 2 (alphaZero): chon action=33, temp=1.0000, N(action)=5
09:07:56.792 [INFO] Nuoc thu 3 (Greedy): chon action=96, diem 106.6
09:08:12.307 [INFO] Nuoc thu 4 (alphaZero): chon action=44, temp=1.0000, N(action)=3
09:08:12.309 [INFO] Nuoc thu 5 (Greedy): chon action=80, diem 1006.6
09:08:28.124 [INFO] Nuoc thu 6 (alphaZero): chon action=17, temp=1.0000, N(action)=4
09:08:28.126 [INFO] Nuoc thu 7 (Greedy): chon action=128, diem 10006.6
09:08:43.991 [INFO] Nuoc thu 8 (alphaZero): chon action=7, temp=1.0000, N(action)=7
09:08:43.994 [INFO] Nuoc thu 9 (Greedy): chon action=144, diem 100006.6
09:08:43.994 [INFO] ========== VAN (vs Greedy) KET THUC: nguoi thang la player 1 (AlphaZero la player 2), tong 9 nuoc ==========
09:08:44.346 [INFO] ========== BAT DAU VAN TU CHOI VOI GREEDY (board 15x15), AlphaZero la player 2 ==========
09:08:44.346 [INFO] Nuoc thu 1 (Greedy): chon action=112 (khai cuoc, o trung tam)
09:09:00.234 [INFO] Nuoc thu 2 (alphaZero): chon action=104, temp=1.0000, N(action)=9
09:09:00.238 [INFO] Nuoc thu 3 (Greedy): chon action=96, diem 106.6
09:09:15.911 [INFO] Nuoc thu 4 (alphaZero): chon action=207, temp=1.0000, N(action)=12
09:09:15.913 [INFO] Nuoc thu 5 (Greedy): chon action=80, diem 1006.6
09:09:31.538 [INFO] Nuoc thu 6 (alphaZero): chon action=28, temp=1.0000, N(action)=4
09:09:31.540 [INFO] Nuoc thu 7 (Greedy): chon action=128, diem 10006.6
09:09:47.100 [INFO] Nuoc thu 8 (alphaZero): chon action=172, temp=1.0000, N(action)=5
09:09:47.102 [INFO] Nuoc thu 9 (Greedy): chon action=144, diem 100006.6
09:09:47.102 [INFO] ========== VAN (vs Greedy) KET THUC: nguoi thang la player 1 (AlphaZero la player 2), tong 9 nuoc ==========
09:09:47.503 [INFO] ========== BAT DAU VAN TU CHOI VOI GREEDY (board 15x15), AlphaZero la player 1 ==========
09:10:03.422 [INFO] Nuoc thu 1 (alphaZero): chon action=97, temp=1.0000, N(action)=5
09:10:03.427 [INFO] Nuoc thu 2 (Greedy): chon action=82, diem 96.7
09:10:18.983 [INFO] Nuoc thu 3 (alphaZero): chon action=107, temp=1.0000, N(action)=13
09:10:18.985 [INFO] Nuoc thu 4 (Greedy): chon action=83, diem 195.7
09:10:35.053 [INFO] Nuoc thu 5 (alphaZero): chon action=152, temp=1.0000, N(action)=3
09:10:35.056 [INFO] Nuoc thu 6 (Greedy): chon action=81, diem 1095.7
09:10:50.826 [INFO] Nuoc thu 7 (alphaZero): chon action=70, temp=1.0000, N(action)=8
09:10:50.829 [INFO] Nuoc thu 8 (Greedy): chon action=84, diem 10095.7
09:11:06.668 [INFO] Nuoc thu 9 (alphaZero): chon action=132, temp=1.0000, N(action)=5
09:11:06.670 [INFO] Nuoc thu 10 (Greedy): chon action=85, diem 100095.7
09:11:06.670 [INFO] ========== VAN (vs Greedy) KET THUC: nguoi thang la player 2 (AlphaZero la player 1), tong 10 nuoc ==========
09:11:07.012 [INFO] ========== BAT DAU VAN TU CHOI VOI GREEDY (board 15x15), AlphaZero la player 1 ==========
09:11:22.516 [INFO] Nuoc thu 1 (alphaZero): chon action=65, temp=1.0000, N(action)=6
09:11:22.519 [INFO] Nuoc thu 2 (Greedy): chon action=49, diem 96.7
09:11:37.904 [INFO] Nuoc thu 3 (alphaZero): chon action=183, temp=1.0000, N(action)=14
09:11:37.907 [INFO] Nuoc thu 4 (Greedy): chon action=64, diem 195.7
09:11:53.509 [INFO] Nuoc thu 5 (alphaZero): chon action=135, temp=1.0000, N(action)=12
09:11:53.514 [INFO] Nuoc thu 6 (Greedy): chon action=79, diem 1095.7
09:12:09.119 [INFO] Nuoc thu 7 (alphaZero): chon action=164, temp=1.0000, N(action)=7
09:12:09.122 [INFO] Nuoc thu 8 (Greedy): chon action=94, diem 10006.6
09:12:25.082 [INFO] Nuoc thu 9 (alphaZero): chon action=80, temp=1.0000, N(action)=3
09:12:25.084 [INFO] Nuoc thu 10 (Greedy): chon action=34, diem 100006.6
09:12:25.084 [INFO] ========== VAN (vs Greedy) KET THUC: nguoi thang la player 2 (AlphaZero la player 1), tong 10 nuoc ==========
09:12:25.439 [INFO] ========== BAT DAU VAN TU CHOI VOI GREEDY (board 15x15), AlphaZero la player 2 ==========
09:12:25.439 [INFO] Nuoc thu 1 (Greedy): chon action=112 (khai cuoc, o trung tam)
09:12:41.507 [INFO] Nuoc thu 2 (alphaZero): chon action=24, temp=1.0000, N(action)=5
09:12:41.509 [INFO] Nuoc thu 3 (Greedy): chon action=111, diem 106.6
09:12:57.142 [INFO] Nuoc thu 4 (alphaZero): chon action=93, temp=1.0000, N(action)=5
09:12:57.145 [INFO] Nuoc thu 5 (Greedy): chon action=113, diem 1006.6
09:13:13.275 [INFO] Nuoc thu 6 (alphaZero): chon action=213, temp=1.0000, N(action)=3
09:13:13.278 [INFO] Nuoc thu 7 (Greedy): chon action=114, diem 10006.6
09:13:29.355 [INFO] Nuoc thu 8 (alphaZero): chon action=132, temp=1.0000, N(action)=4
09:13:29.357 [INFO] Nuoc thu 9 (Greedy): chon action=110, diem 100006.6
09:13:29.357 [INFO] ========== VAN (vs Greedy) KET THUC: nguoi thang la player 1 (AlphaZero la player 2), tong 9 nuoc ==========
09:13:29.738 [INFO] ========== BAT DAU VAN TU CHOI VOI GREEDY (board 15x15), AlphaZero la player 1 ==========
09:13:45.068 [INFO] Nuoc thu 1 (alphaZero): chon action=214, temp=1.0000, N(action)=4
09:13:45.070 [INFO] Nuoc thu 2 (Greedy): chon action=213, diem 96.7
09:14:00.884 [INFO] Nuoc thu 3 (alphaZero): chon action=0, temp=1.0000, N(action)=9
09:14:00.886 [INFO] Nuoc thu 4 (Greedy): chon action=199, diem 24.7
09:14:16.705 [INFO] Nuoc thu 5 (alphaZero): chon action=181, temp=1.0000, N(action)=3
09:14:16.707 [INFO] Nuoc thu 6 (Greedy): chon action=198, diem 123.7
09:14:32.364 [INFO] Nuoc thu 7 (alphaZero): chon action=101, temp=1.0000, N(action)=10
09:14:32.365 [INFO] Nuoc thu 8 (Greedy): chon action=200, diem 1014.7
09:14:48.070 [INFO] Nuoc thu 9 (alphaZero): chon action=144, temp=1.0000, N(action)=3
09:14:48.072 [INFO] Nuoc thu 10 (Greedy): chon action=197, diem 10013.7
09:15:03.602 [INFO] Nuoc thu 11 (alphaZero): chon action=137, temp=1.0000, N(action)=9
09:15:03.604 [INFO] Nuoc thu 12 (Greedy): chon action=196, diem 100095.7
09:15:03.605 [INFO] ========== VAN (vs Greedy) KET THUC: nguoi thang la player 2 (AlphaZero la player 1), tong 12 nuoc ==========
09:15:03.917 [INFO] ========== BAT DAU VAN TU CHOI VOI GREEDY (board 15x15), AlphaZero la player 1 ==========
09:15:19.877 [INFO] Nuoc thu 1 (alphaZero): chon action=143, temp=1.0000, N(action)=4
09:15:19.879 [INFO] Nuoc thu 2 (Greedy): chon action=159, diem 96.7
09:15:35.291 [INFO] Nuoc thu 3 (alphaZero): chon action=73, temp=1.0000, N(action)=3
09:15:35.293 [INFO] Nuoc thu 4 (Greedy): chon action=158, diem 195.7
09:15:50.769 [INFO] Nuoc thu 5 (alphaZero): chon action=24, temp=1.0000, N(action)=4
09:15:50.774 [INFO] Nuoc thu 6 (Greedy): chon action=157, diem 1095.7
09:16:06.265 [INFO] Nuoc thu 7 (alphaZero): chon action=57, temp=1.0000, N(action)=5
09:16:06.266 [INFO] Nuoc thu 8 (Greedy): chon action=160, diem 10006.6
09:16:21.765 [INFO] Nuoc thu 9 (alphaZero): chon action=9, temp=1.0000, N(action)=8
09:16:21.770 [INFO] Nuoc thu 10 (Greedy): chon action=161, diem 100006.6
09:16:21.770 [INFO] ========== VAN (vs Greedy) KET THUC: nguoi thang la player 2 (AlphaZero la player 1), tong 10 nuoc ==========
09:16:22.137 [INFO] ========== BAT DAU VAN TU CHOI VOI GREEDY (board 15x15), AlphaZero la player 1 ==========
09:16:38.079 [INFO] Nuoc thu 1 (alphaZero): chon action=173, temp=1.0000, N(action)=5
09:16:38.083 [INFO] Nuoc thu 2 (Greedy): chon action=159, diem 96.7
09:16:53.815 [INFO] Nuoc thu 3 (alphaZero): chon action=172, temp=1.0000, N(action)=2
09:16:53.818 [INFO] Nuoc thu 4 (Greedy): chon action=174, diem 1005.7
09:17:09.401 [INFO] Nuoc thu 5 (alphaZero): chon action=51, temp=1.0000, N(action)=3
09:17:09.404 [INFO] Nuoc thu 6 (Greedy): chon action=189, diem 1095.7
09:17:25.191 [INFO] Nuoc thu 7 (alphaZero): chon action=46, temp=1.0000, N(action)=4
09:17:25.193 [INFO] Nuoc thu 8 (Greedy): chon action=144, diem 10006.6
09:17:41.158 [INFO] Nuoc thu 9 (alphaZero): chon action=10, temp=1.0000, N(action)=6
09:17:41.160 [INFO] Nuoc thu 10 (Greedy): chon action=204, diem 100006.6
09:17:41.160 [INFO] ========== VAN (vs Greedy) KET THUC: nguoi thang la player 2 (AlphaZero la player 1), tong 10 nuoc ==========
09:17:41.493 [INFO] ========== BAT DAU VAN TU CHOI VOI GREEDY (board 15x15), AlphaZero la player 2 ==========
09:17:41.493 [INFO] Nuoc thu 1 (Greedy): chon action=112 (khai cuoc, o trung tam)
09:17:57.244 [INFO] Nuoc thu 2 (alphaZero): chon action=10, temp=1.0000, N(action)=3
09:17:57.247 [INFO] Nuoc thu 3 (Greedy): chon action=128, diem 106.6
09:18:13.399 [INFO] Nuoc thu 4 (alphaZero): chon action=65, temp=1.0000, N(action)=7
09:18:13.402 [INFO] Nuoc thu 5 (Greedy): chon action=96, diem 1006.6
09:18:29.291 [INFO] Nuoc thu 6 (alphaZero): chon action=184, temp=1.0000, N(action)=9
09:18:29.294 [INFO] Nuoc thu 7 (Greedy): chon action=80, diem 10095.7
09:18:45.072 [INFO] Nuoc thu 8 (alphaZero): chon action=74, temp=1.0000, N(action)=7
09:18:45.074 [INFO] Nuoc thu 9 (Greedy): chon action=64, diem 100095.7
09:18:45.074 [INFO] ========== VAN (vs Greedy) KET THUC: nguoi thang la player 1 (AlphaZero la player 2), tong 9 nuoc ==========
09:18:45.397 [INFO] ========== BAT DAU VAN TU CHOI VOI GREEDY (board 15x15), AlphaZero la player 2 ==========
09:18:45.397 [INFO] Nuoc thu 1 (Greedy): chon action=112 (khai cuoc, o trung tam)
09:19:01.234 [INFO] Nuoc thu 2 (alphaZero): chon action=210, temp=1.0000, N(action)=7
09:19:01.237 [INFO] Nuoc thu 3 (Greedy): chon action=96, diem 106.6
09:19:17.046 [INFO] Nuoc thu 4 (alphaZero): chon action=203, temp=1.0000, N(action)=6
09:19:17.049 [INFO] Nuoc thu 5 (Greedy): chon action=80, diem 1006.6
09:19:32.999 [INFO] Nuoc thu 6 (alphaZero): chon action=220, temp=1.0000, N(action)=4
09:19:33.002 [INFO] Nuoc thu 7 (Greedy): chon action=128, diem 10006.6
09:19:48.940 [INFO] Nuoc thu 8 (alphaZero): chon action=46, temp=1.0000, N(action)=7
09:19:48.942 [INFO] Nuoc thu 9 (Greedy): chon action=144, diem 100006.6
09:19:48.942 [INFO] ========== VAN (vs Greedy) KET THUC: nguoi thang la player 1 (AlphaZero la player 2), tong 9 nuoc ==========
09:19:49.266 [INFO] ========== BAT DAU VAN TU CHOI VOI GREEDY (board 15x15), AlphaZero la player 2 ==========
09:19:49.266 [INFO] Nuoc thu 1 (Greedy): chon action=112 (khai cuoc, o trung tam)
09:20:05.051 [INFO] Nuoc thu 2 (alphaZero): chon action=51, temp=1.0000, N(action)=5
09:20:05.054 [INFO] Nuoc thu 3 (Greedy): chon action=126, diem 106.6
09:20:20.894 [INFO] Nuoc thu 4 (alphaZero): chon action=167, temp=1.0000, N(action)=3
09:20:20.896 [INFO] Nuoc thu 5 (Greedy): chon action=98, diem 1006.6
09:20:36.381 [INFO] Nuoc thu 6 (alphaZero): chon action=23, temp=1.0000, N(action)=9
09:20:36.383 [INFO] Nuoc thu 7 (Greedy): chon action=140, diem 10006.6
09:20:53.043 [INFO] Nuoc thu 8 (alphaZero): chon action=92, temp=1.0000, N(action)=10
09:20:53.047 [INFO] Nuoc thu 9 (Greedy): chon action=154, diem 100006.6
09:20:53.047 [INFO] ========== VAN (vs Greedy) KET THUC: nguoi thang la player 1 (AlphaZero la player 2), tong 9 nuoc ==========
09:20:53.411 [INFO] ========== BAT DAU VAN TU CHOI VOI GREEDY (board 15x15), AlphaZero la player 1 ==========
09:21:09.252 [INFO] Nuoc thu 1 (alphaZero): chon action=36, temp=1.0000, N(action)=4
09:21:09.254 [INFO] Nuoc thu 2 (Greedy): chon action=37, diem 96.7
09:21:24.742 [INFO] Nuoc thu 3 (alphaZero): chon action=94, temp=1.0000, N(action)=3
09:21:24.745 [INFO] Nuoc thu 4 (Greedy): chon action=52, diem 195.7
09:21:41.007 [INFO] Nuoc thu 5 (alphaZero): chon action=50, temp=1.0000, N(action)=8
09:21:41.017 [INFO] Nuoc thu 6 (Greedy): chon action=22, diem 1905.7
09:21:56.820 [INFO] Nuoc thu 7 (alphaZero): chon action=148, temp=1.0000, N(action)=7
09:21:56.822 [INFO] Nuoc thu 8 (Greedy): chon action=67, diem 10006.6
09:22:12.865 [INFO] Nuoc thu 9 (alphaZero): chon action=189, temp=1.0000, N(action)=3
09:22:12.868 [INFO] Nuoc thu 10 (Greedy): chon action=82, diem 100006.6
09:22:12.868 [INFO] ========== VAN (vs Greedy) KET THUC: nguoi thang la player 2 (AlphaZero la player 1), tong 10 nuoc ==========
09:22:13.267 [INFO] ========== BAT DAU VAN TU CHOI VOI GREEDY (board 15x15), AlphaZero la player 2 ==========
09:22:13.267 [INFO] Nuoc thu 1 (Greedy): chon action=112 (khai cuoc, o trung tam)
09:22:29.618 [INFO] Nuoc thu 2 (alphaZero): chon action=51, temp=1.0000, N(action)=20
09:22:29.620 [INFO] Nuoc thu 3 (Greedy): chon action=98, diem 106.6
09:22:45.347 [INFO] Nuoc thu 4 (alphaZero): chon action=202, temp=1.0000, N(action)=8
09:22:45.349 [INFO] Nuoc thu 5 (Greedy): chon action=126, diem 1006.6
09:23:00.758 [INFO] Nuoc thu 6 (alphaZero): chon action=43, temp=1.0000, N(action)=8
09:23:00.760 [INFO] Nuoc thu 7 (Greedy): chon action=84, diem 10006.6
09:23:16.761 [INFO] Nuoc thu 8 (alphaZero): chon action=35, temp=1.0000, N(action)=4
09:23:16.763 [INFO] Nuoc thu 9 (Greedy): chon action=70, diem 100006.6
09:23:16.763 [INFO] ========== VAN (vs Greedy) KET THUC: nguoi thang la player 1 (AlphaZero la player 2), tong 9 nuoc ==========
09:23:17.079 [INFO] ========== BAT DAU VAN TU CHOI VOI GREEDY (board 15x15), AlphaZero la player 2 ==========
09:23:17.079 [INFO] Nuoc thu 1 (Greedy): chon action=112 (khai cuoc, o trung tam)
09:23:32.929 [INFO] Nuoc thu 2 (alphaZero): chon action=91, temp=1.0000, N(action)=3
09:23:32.933 [INFO] Nuoc thu 3 (Greedy): chon action=126, diem 106.6
09:23:48.629 [INFO] Nuoc thu 4 (alphaZero): chon action=40, temp=1.0000, N(action)=2
09:23:48.631 [INFO] Nuoc thu 5 (Greedy): chon action=98, diem 1006.6
09:24:04.429 [INFO] Nuoc thu 6 (alphaZero): chon action=204, temp=1.0000, N(action)=14
09:24:04.431 [INFO] Nuoc thu 7 (Greedy): chon action=140, diem 10006.6
09:24:19.951 [INFO] Nuoc thu 8 (alphaZero): chon action=153, temp=1.0000, N(action)=9
09:24:19.961 [INFO] Nuoc thu 9 (Greedy): chon action=154, diem 100095.7
09:24:19.962 [INFO] ========== VAN (vs Greedy) KET THUC: nguoi thang la player 1 (AlphaZero la player 2), tong 9 nuoc ==========
09:24:20.227 [INFO] ========== BAT DAU VAN TU CHOI VOI GREEDY (board 15x15), AlphaZero la player 2 ==========
09:24:20.227 [INFO] Nuoc thu 1 (Greedy): chon action=112 (khai cuoc, o trung tam)
09:24:35.759 [INFO] Nuoc thu 2 (alphaZero): chon action=161, temp=1.0000, N(action)=3
09:24:35.767 [INFO] Nuoc thu 3 (Greedy): chon action=111, diem 106.6
09:24:51.649 [INFO] Nuoc thu 4 (alphaZero): chon action=223, temp=1.0000, N(action)=4
09:24:51.651 [INFO] Nuoc thu 5 (Greedy): chon action=110, diem 1006.6
09:25:07.184 [INFO] Nuoc thu 6 (alphaZero): chon action=211, temp=1.0000, N(action)=3
09:25:07.188 [INFO] Nuoc thu 7 (Greedy): chon action=113, diem 10006.6
09:25:22.852 [INFO] Nuoc thu 8 (alphaZero): chon action=102, temp=1.0000, N(action)=12
09:25:22.856 [INFO] Nuoc thu 9 (Greedy): chon action=114, diem 100006.6
09:25:22.856 [INFO] ========== VAN (vs Greedy) KET THUC: nguoi thang la player 1 (AlphaZero la player 2), tong 9 nuoc ==========
09:25:23.215 [INFO] ========== BAT DAU VAN TU CHOI VOI GREEDY (board 15x15), AlphaZero la player 2 ==========
09:25:23.216 [INFO] Nuoc thu 1 (Greedy): chon action=112 (khai cuoc, o trung tam)
09:25:39.011 [INFO] Nuoc thu 2 (alphaZero): chon action=146, temp=1.0000, N(action)=3
09:25:39.013 [INFO] Nuoc thu 3 (Greedy): chon action=126, diem 106.6
09:25:54.625 [INFO] Nuoc thu 4 (alphaZero): chon action=84, temp=1.0000, N(action)=9
09:25:54.627 [INFO] Nuoc thu 5 (Greedy): chon action=140, diem 1006.6
09:26:10.529 [INFO] Nuoc thu 6 (alphaZero): chon action=61, temp=1.0000, N(action)=4
09:26:10.531 [INFO] Nuoc thu 7 (Greedy): chon action=154, diem 10006.6
09:26:26.298 [INFO] Nuoc thu 8 (alphaZero): chon action=79, temp=1.0000, N(action)=6
09:26:26.300 [INFO] Nuoc thu 9 (Greedy): chon action=98, diem 100014.7
09:26:26.300 [INFO] ========== VAN (vs Greedy) KET THUC: nguoi thang la player 1 (AlphaZero la player 2), tong 9 nuoc ==========
09:26:26.605 [INFO] ========== BAT DAU VAN TU CHOI VOI GREEDY (board 15x15), AlphaZero la player 2 ==========
09:26:26.605 [INFO] Nuoc thu 1 (Greedy): chon action=112 (khai cuoc, o trung tam)
09:26:42.537 [INFO] Nuoc thu 2 (alphaZero): chon action=162, temp=1.0000, N(action)=3
09:26:42.540 [INFO] Nuoc thu 3 (Greedy): chon action=127, diem 106.6
09:26:58.400 [INFO] Nuoc thu 4 (alphaZero): chon action=123, temp=1.0000, N(action)=5
09:26:58.402 [INFO] Nuoc thu 5 (Greedy): chon action=97, diem 1006.6
09:27:14.808 [INFO] Nuoc thu 6 (alphaZero): chon action=129, temp=1.0000, N(action)=5
09:27:14.811 [INFO] Nuoc thu 7 (Greedy): chon action=82, diem 10006.6
09:27:30.579 [INFO] Nuoc thu 8 (alphaZero): chon action=151, temp=1.0000, N(action)=4
09:27:30.582 [INFO] Nuoc thu 9 (Greedy): chon action=142, diem 100006.6
09:27:30.582 [INFO] ========== VAN (vs Greedy) KET THUC: nguoi thang la player 1 (AlphaZero la player 2), tong 9 nuoc ==========
09:27:30.939 [INFO] ========== BAT DAU VAN TU CHOI VOI GREEDY (board 15x15), AlphaZero la player 1 ==========
09:27:46.838 [INFO] Nuoc thu 1 (alphaZero): chon action=28, temp=1.0000, N(action)=4
09:27:46.842 [INFO] Nuoc thu 2 (Greedy): chon action=42, diem 96.7
09:28:02.467 [INFO] Nuoc thu 3 (alphaZero): chon action=5, temp=1.0000, N(action)=3
09:28:02.471 [INFO] Nuoc thu 4 (Greedy): chon action=43, diem 195.7
09:28:18.284 [INFO] Nuoc thu 5 (alphaZero): chon action=1, temp=1.0000, N(action)=21
09:28:18.286 [INFO] Nuoc thu 6 (Greedy): chon action=41, diem 1006.6
09:28:34.676 [INFO] Nuoc thu 7 (alphaZero): chon action=102, temp=1.0000, N(action)=4
09:28:34.678 [INFO] Nuoc thu 8 (Greedy): chon action=40, diem 10006.6
09:28:50.355 [INFO] Nuoc thu 9 (alphaZero): chon action=82, temp=1.0000, N(action)=4
09:28:50.357 [INFO] Nuoc thu 10 (Greedy): chon action=44, diem 100012.8
09:28:50.357 [INFO] ========== VAN (vs Greedy) KET THUC: nguoi thang la player 2 (AlphaZero la player 1), tong 10 nuoc ==========
09:28:50.782 [INFO] ========== BAT DAU VAN TU CHOI VOI GREEDY (board 15x15), AlphaZero la player 1 ==========
09:29:06.576 [INFO] Nuoc thu 1 (alphaZero): chon action=221, temp=1.0000, N(action)=7
09:29:06.579 [INFO] Nuoc thu 2 (Greedy): chon action=222, diem 96.7
09:29:22.503 [INFO] Nuoc thu 3 (alphaZero): chon action=60, temp=1.0000, N(action)=4
09:29:22.505 [INFO] Nuoc thu 4 (Greedy): chon action=75, diem 96.7
09:29:38.351 [INFO] Nuoc thu 5 (alphaZero): chon action=177, temp=1.0000, N(action)=5
09:29:38.354 [INFO] Nuoc thu 6 (Greedy): chon action=161, diem 96.7
09:29:54.028 [INFO] Nuoc thu 7 (alphaZero): chon action=107, temp=1.0000, N(action)=3
09:29:54.030 [INFO] Nuoc thu 8 (Greedy): chon action=176, diem 195.7
09:30:09.797 [INFO] Nuoc thu 9 (alphaZero): chon action=125, temp=1.0000, N(action)=4
09:30:09.805 [INFO] Nuoc thu 10 (Greedy): chon action=191, diem 1095.7
09:30:25.688 [INFO] Nuoc thu 11 (alphaZero): chon action=65, temp=1.0000, N(action)=6
09:30:25.692 [INFO] Nuoc thu 12 (Greedy): chon action=146, diem 10006.6
09:30:40.936 [INFO] Nuoc thu 13 (alphaZero): chon action=108, temp=1.0000, N(action)=4
09:30:40.938 [INFO] Nuoc thu 14 (Greedy): chon action=206, diem 100014.7
09:30:40.938 [INFO] ========== VAN (vs Greedy) KET THUC: nguoi thang la player 2 (AlphaZero la player 1), tong 14 nuoc ==========
09:30:41.188 [INFO] ========== BAT DAU VAN TU CHOI VOI GREEDY (board 15x15), AlphaZero la player 2 ==========
09:30:41.188 [INFO] Nuoc thu 1 (Greedy): chon action=112 (khai cuoc, o trung tam)
09:30:54.682 [INFO] Nuoc thu 2 (alphaZero): chon action=172, temp=1.0000, N(action)=5
09:30:54.684 [INFO] Nuoc thu 3 (Greedy): chon action=113, diem 106.6
09:31:08.003 [INFO] Nuoc thu 4 (alphaZero): chon action=159, temp=1.0000, N(action)=4
09:31:08.006 [INFO] Nuoc thu 5 (Greedy): chon action=114, diem 1006.6
09:31:21.576 [INFO] Nuoc thu 6 (alphaZero): chon action=170, temp=1.0000, N(action)=4
09:31:21.578 [INFO] Nuoc thu 7 (Greedy): chon action=111, diem 10006.6
09:31:35.114 [INFO] Nuoc thu 8 (alphaZero): chon action=205, temp=1.0000, N(action)=14
09:31:35.117 [INFO] Nuoc thu 9 (Greedy): chon action=115, diem 100006.6
09:31:35.117 [INFO] ========== VAN (vs Greedy) KET THUC: nguoi thang la player 1 (AlphaZero la player 2), tong 9 nuoc ==========
09:31:35.417 [INFO] ========== BAT DAU VAN TU CHOI VOI GREEDY (board 15x15), AlphaZero la player 2 ==========
09:31:35.417 [INFO] Nuoc thu 1 (Greedy): chon action=112 (khai cuoc, o trung tam)
09:31:48.990 [INFO] Nuoc thu 2 (alphaZero): chon action=57, temp=1.0000, N(action)=7
09:31:48.992 [INFO] Nuoc thu 3 (Greedy): chon action=113, diem 106.6
09:32:02.474 [INFO] Nuoc thu 4 (alphaZero): chon action=91, temp=1.0000, N(action)=3
09:32:02.477 [INFO] Nuoc thu 5 (Greedy): chon action=114, diem 1006.6
09:32:15.836 [INFO] Nuoc thu 6 (alphaZero): chon action=42, temp=1.0000, N(action)=2
09:32:15.838 [INFO] Nuoc thu 7 (Greedy): chon action=115, diem 10006.6
09:32:28.356 [INFO] Nuoc thu 8 (alphaZero): chon action=8, temp=1.0000, N(action)=16
09:32:28.359 [INFO] Nuoc thu 9 (Greedy): chon action=111, diem 100006.6
09:32:28.359 [INFO] ========== VAN (vs Greedy) KET THUC: nguoi thang la player 1 (AlphaZero la player 2), tong 9 nuoc ==========
09:32:28.579 [INFO] ========== BAT DAU VAN TU CHOI VOI GREEDY (board 15x15), AlphaZero la player 2 ==========
09:32:28.579 [INFO] Nuoc thu 1 (Greedy): chon action=112 (khai cuoc, o trung tam)
09:32:40.146 [INFO] Nuoc thu 2 (alphaZero): chon action=154, temp=1.0000, N(action)=18
09:32:40.149 [INFO] Nuoc thu 3 (Greedy): chon action=111, diem 106.6
09:32:51.721 [INFO] Nuoc thu 4 (alphaZero): chon action=184, temp=1.0000, N(action)=5
09:32:51.724 [INFO] Nuoc thu 5 (Greedy): chon action=113, diem 1006.6
09:33:03.148 [INFO] Nuoc thu 6 (alphaZero): chon action=76, temp=1.0000, N(action)=7
09:33:03.151 [INFO] Nuoc thu 7 (Greedy): chon action=114, diem 10006.6
09:33:14.782 [INFO] Nuoc thu 8 (alphaZero): chon action=135, temp=1.0000, N(action)=9
09:33:14.784 [INFO] Nuoc thu 9 (Greedy): chon action=115, diem 100006.6
09:33:14.784 [INFO] ========== VAN (vs Greedy) KET THUC: nguoi thang la player 1 (AlphaZero la player 2), tong 9 nuoc ==========
09:33:14.989 [INFO] ========== BAT DAU VAN TU CHOI VOI GREEDY (board 15x15), AlphaZero la player 1 ==========
09:33:26.507 [INFO] Nuoc thu 1 (alphaZero): chon action=163, temp=1.0000, N(action)=4
09:33:26.509 [INFO] Nuoc thu 2 (Greedy): chon action=162, diem 96.7
09:33:37.942 [INFO] Nuoc thu 3 (alphaZero): chon action=201, temp=1.0000, N(action)=3
09:33:37.945 [INFO] Nuoc thu 4 (Greedy): chon action=178, diem 195.7
09:33:49.457 [INFO] Nuoc thu 5 (alphaZero): chon action=49, temp=1.0000, N(action)=4
09:33:49.460 [INFO] Nuoc thu 6 (Greedy): chon action=146, diem 1006.6
09:34:00.866 [INFO] Nuoc thu 7 (alphaZero): chon action=122, temp=1.0000, N(action)=4
09:34:00.868 [INFO] Nuoc thu 8 (Greedy): chon action=130, diem 10006.6
09:34:12.570 [INFO] Nuoc thu 9 (alphaZero): chon action=63, temp=1.0000, N(action)=7
09:34:12.572 [INFO] Nuoc thu 10 (Greedy): chon action=114, diem 100006.6
09:34:12.572 [INFO] ========== VAN (vs Greedy) KET THUC: nguoi thang la player 2 (AlphaZero la player 1), tong 10 nuoc ==========
09:34:12.778 [INFO] ========== BAT DAU VAN TU CHOI VOI GREEDY (board 15x15), AlphaZero la player 1 ==========
09:34:24.259 [INFO] Nuoc thu 1 (alphaZero): chon action=145, temp=1.0000, N(action)=5
09:34:24.262 [INFO] Nuoc thu 2 (Greedy): chon action=159, diem 96.7
09:34:35.697 [INFO] Nuoc thu 3 (alphaZero): chon action=154, temp=1.0000, N(action)=3
09:34:35.699 [INFO] Nuoc thu 4 (Greedy): chon action=144, diem 195.7
09:34:47.182 [INFO] Nuoc thu 5 (alphaZero): chon action=201, temp=1.0000, N(action)=6
09:34:47.183 [INFO] Nuoc thu 6 (Greedy): chon action=129, diem 1095.7
09:34:58.849 [INFO] Nuoc thu 7 (alphaZero): chon action=28, temp=1.0000, N(action)=4
09:34:58.852 [INFO] Nuoc thu 8 (Greedy): chon action=114, diem 10006.6
09:35:10.245 [INFO] Nuoc thu 9 (alphaZero): chon action=59, temp=1.0000, N(action)=7
09:35:10.247 [INFO] Nuoc thu 10 (Greedy): chon action=99, diem 100006.6
09:35:10.247 [INFO] ========== VAN (vs Greedy) KET THUC: nguoi thang la player 2 (AlphaZero la player 1), tong 10 nuoc ==========
09:35:10.461 [INFO] ========== BAT DAU VAN TU CHOI VOI GREEDY (board 15x15), AlphaZero la player 2 ==========
09:35:10.462 [INFO] Nuoc thu 1 (Greedy): chon action=112 (khai cuoc, o trung tam)
09:35:22.003 [INFO] Nuoc thu 2 (alphaZero): chon action=110, temp=1.0000, N(action)=2
09:35:22.005 [INFO] Nuoc thu 3 (Greedy): chon action=126, diem 195.7
09:35:33.615 [INFO] Nuoc thu 4 (alphaZero): chon action=109, temp=1.0000, N(action)=5
09:35:33.618 [INFO] Nuoc thu 5 (Greedy): chon action=140, diem 1006.6
09:35:45.395 [INFO] Nuoc thu 6 (alphaZero): chon action=167, temp=1.0000, N(action)=2
09:35:45.397 [INFO] Nuoc thu 7 (Greedy): chon action=98, diem 10006.6
09:35:56.995 [INFO] Nuoc thu 8 (alphaZero): chon action=210, temp=1.0000, N(action)=6
09:35:56.997 [INFO] Nuoc thu 9 (Greedy): chon action=84, diem 100006.6
09:35:56.997 [INFO] ========== VAN (vs Greedy) KET THUC: nguoi thang la player 1 (AlphaZero la player 2), tong 9 nuoc ==========
09:35:57.200 [INFO] ========== BAT DAU VAN TU CHOI VOI GREEDY (board 15x15), AlphaZero la player 1 ==========
09:36:08.734 [INFO] Nuoc thu 1 (alphaZero): chon action=195, temp=1.0000, N(action)=14
09:36:08.736 [INFO] Nuoc thu 2 (Greedy): chon action=180, diem 96.7
09:36:20.434 [INFO] Nuoc thu 3 (alphaZero): chon action=191, temp=1.0000, N(action)=7
09:36:20.437 [INFO] Nuoc thu 4 (Greedy): chon action=176, diem 96.7
09:36:31.222 [INFO] Nuoc thu 5 (alphaZero): chon action=214, temp=1.0000, N(action)=10
09:36:31.224 [INFO] Nuoc thu 6 (Greedy): chon action=192, diem 195.7
09:36:41.074 [INFO] Nuoc thu 7 (alphaZero): chon action=173, temp=1.0000, N(action)=10
09:36:41.077 [INFO] Nuoc thu 8 (Greedy): chon action=208, diem 1006.6
09:36:50.700 [INFO] Nuoc thu 9 (alphaZero): chon action=116, temp=1.0000, N(action)=11
09:36:50.703 [INFO] Nuoc thu 10 (Greedy): chon action=160, diem 10006.6
09:37:00.271 [INFO] Nuoc thu 11 (alphaZero): chon action=88, temp=1.0000, N(action)=3
09:37:00.273 [INFO] Nuoc thu 12 (Greedy): chon action=144, diem 100006.6
09:37:00.273 [INFO] ========== VAN (vs Greedy) KET THUC: nguoi thang la player 2 (AlphaZero la player 1), tong 12 nuoc ==========
09:37:00.616 [INFO] ========== BAT DAU VAN TU CHOI VOI GREEDY (board 15x15), AlphaZero la player 1 ==========
09:37:10.319 [INFO] Nuoc thu 1 (alphaZero): chon action=112, temp=1.0000, N(action)=4
09:37:10.322 [INFO] Nuoc thu 2 (Greedy): chon action=97, diem 96.7
09:37:19.877 [INFO] Nuoc thu 3 (alphaZero): chon action=207, temp=1.0000, N(action)=3
09:37:19.879 [INFO] Nuoc thu 4 (Greedy): chon action=96, diem 195.7
09:37:29.547 [INFO] Nuoc thu 5 (alphaZero): chon action=167, temp=1.0000, N(action)=3
09:37:29.549 [INFO] Nuoc thu 6 (Greedy): chon action=98, diem 1095.7
09:37:39.252 [INFO] Nuoc thu 7 (alphaZero): chon action=56, temp=1.0000, N(action)=3
09:37:39.254 [INFO] Nuoc thu 8 (Greedy): chon action=95, diem 10006.6
09:37:48.938 [INFO] Nuoc thu 9 (alphaZero): chon action=212, temp=1.0000, N(action)=18
09:37:48.940 [INFO] Nuoc thu 10 (Greedy): chon action=94, diem 100006.6
09:37:48.940 [INFO] ========== VAN (vs Greedy) KET THUC: nguoi thang la player 2 (AlphaZero la player 1), tong 10 nuoc ==========
