11:42:06.356 [INFO] ========== BAT DAU VAN TU CHOI VOI GREEDY (board 15x15), AlphaZero la player 1 ==========
11:42:24.834 [INFO] Nuoc thu 1 (alphaZero): chon action=214, temp=1.0000, N(action)=4
11:42:24.836 [INFO] Nuoc thu 2 (Greedy): chon action=215, diem 96.7
11:42:40.408 [INFO] Nuoc thu 3 (alphaZero): chon action=71, temp=1.0000, N(action)=11
11:42:40.410 [INFO] Nuoc thu 4 (Greedy): chon action=57, diem 96.7
11:42:56.609 [INFO] Nuoc thu 5 (alphaZero): chon action=181, temp=1.0000, N(action)=6
11:42:56.612 [INFO] Nuoc thu 6 (Greedy): chon action=72, diem 195.7
11:43:12.486 [INFO] Nuoc thu 7 (alphaZero): chon action=185, temp=1.0000, N(action)=4
11:43:12.500 [INFO] Nuoc thu 8 (Greedy): chon action=87, diem 1095.7
11:43:28.656 [INFO] Nuoc thu 9 (alphaZero): chon action=159, temp=1.0000, N(action)=8
11:43:28.659 [INFO] Nuoc thu 10 (Greedy): chon action=102, diem 10006.6
11:43:45.039 [INFO] Nuoc thu 11 (alphaZero): chon action=141, temp=1.0000, N(action)=6
11:43:45.042 [INFO] Nuoc thu 12 (Greedy): chon action=117, diem 100006.6
11:43:45.042 [INFO] ========== VAN (vs Greedy) KET THUC: nguoi thang la player 2 (AlphaZero la player 1), tong 12 nuoc ==========
11:43:45.441 [INFO] ========== BAT DAU VAN TU CHOI VOI GREEDY (board 15x15), AlphaZero la player 1 ==========
11:44:01.766 [INFO] Nuoc thu 1 (alphaZero): chon action=30, temp=1.0000, N(action)=4
11:44:01.769 [INFO] Nuoc thu 2 (Greedy): chon action=15, diem 96.7
11:44:17.668 [INFO] Nuoc thu 3 (alphaZero): chon action=62, temp=1.0000, N(action)=4
11:44:17.673 [INFO] Nuoc thu 4 (Greedy): chon action=47, diem 96.7
11:44:33.996 [INFO] Nuoc thu 5 (alphaZero): chon action=134, temp=1.0000, N(action)=9
11:44:33.998 [INFO] Nuoc thu 6 (Greedy): chon action=61, diem 195.7
11:44:50.266 [INFO] Nuoc thu 7 (alphaZero): chon action=52, temp=1.0000, N(action)=4
11:44:50.269 [INFO] Nuoc thu 8 (Greedy): chon action=33, diem 1006.6
11:45:05.777 [INFO] Nuoc thu 9 (alphaZero): chon action=173, temp=1.0000, N(action)=7
11:45:05.779 [INFO] Nuoc thu 10 (Greedy): chon action=19, diem 10006.6
11:45:21.841 [INFO] Nuoc thu 11 (alphaZero): chon action=223, temp=1.0000, N(action)=4
11:45:21.843 [INFO] Nuoc thu 12 (Greedy): chon action=75, diem 100005.7
11:45:21.843 [INFO] ========== VAN (vs Greedy) KET THUC: nguoi thang la player 2 (AlphaZero la player 1), tong 12 nuoc ==========
11:45:22.184 [INFO] ========== BAT DAU VAN TU CHOI VOI GREEDY (board 15x15), AlphaZero la player 2 ==========
11:45:22.184 [INFO] Nuoc thu 1 (Greedy): chon action=112 (khai cuoc, o trung tam)
11:45:37.900 [INFO] Nuoc thu 2 (alphaZero): chon action=197, temp=1.0000, N(action)=9
11:45:37.902 [INFO] Nuoc thu 3 (Greedy): chon action=126, diem 106.6
11:45:53.432 [INFO] Nuoc thu 4 (alphaZero): chon action=215, temp=1.0000, N(action)=4
11:45:53.434 [INFO] Nuoc thu 5 (Greedy): chon action=140, diem 1006.6
11:46:09.355 [INFO] Nuoc thu 6 (alphaZero): chon action=116, temp=1.0000, N(action)=6
11:46:09.357 [INFO] Nuoc thu 7 (Greedy): chon action=154, diem 10006.6
11:46:24.873 [INFO] Nuoc thu 8 (alphaZero): chon action=0, temp=1.0000, N(action)=4
11:46:24.875 [INFO] Nuoc thu 9 (Greedy): chon action=168, diem 100006.6
11:46:24.875 [INFO] ========== VAN (vs Greedy) KET THUC: nguoi thang la player 1 (AlphaZero la player 2), tong 9 nuoc ==========
11:46:25.248 [INFO] ========== BAT DAU VAN TU CHOI VOI GREEDY (board 15x15), AlphaZero la player 1 ==========
11:46:40.995 [INFO] Nuoc thu 1 (alphaZero): chon action=165, temp=1.0000, N(action)=4
11:46:40.997 [INFO] Nuoc thu 2 (Greedy): chon action=180, diem 96.7
11:46:57.007 [INFO] Nuoc thu 3 (alphaZero): chon action=66, temp=1.0000, N(action)=4
11:46:57.011 [INFO] Nuoc thu 4 (Greedy): chon action=65, diem 96.7
11:47:12.525 [INFO] Nuoc thu 5 (alphaZero): chon action=152, temp=1.0000, N(action)=4
11:47:12.527 [INFO] Nuoc thu 6 (Greedy): chon action=51, diem 195.7
11:47:28.488 [INFO] Nuoc thu 7 (alphaZero): chon action=202, temp=1.0000, N(action)=17
11:47:28.491 [INFO] Nuoc thu 8 (Greedy): chon action=37, diem 1006.6
11:47:44.219 [INFO] Nuoc thu 9 (alphaZero): chon action=170, temp=1.0000, N(action)=5
11:47:44.222 [INFO] Nuoc thu 10 (Greedy): chon action=79, diem 10006.6
11:47:59.624 [INFO] Nuoc thu 11 (alphaZero): chon action=213, temp=1.0000, N(action)=4
11:47:59.627 [INFO] Nuoc thu 12 (Greedy): chon action=23, diem 100006.6
11:47:59.627 [INFO] ========== VAN (vs Greedy) KET THUC: nguoi thang la player 2 (AlphaZero la player 1), tong 12 nuoc ==========
11:47:59.997 [INFO] ========== BAT DAU VAN TU CHOI VOI GREEDY (board 15x15), AlphaZero la player 2 ==========
11:47:59.998 [INFO] Nuoc thu 1 (Greedy): chon action=112 (khai cuoc, o trung tam)
11:48:15.429 [INFO] Nuoc thu 2 (alphaZero): chon action=138, temp=1.0000, N(action)=4
11:48:15.432 [INFO] Nuoc thu 3 (Greedy): chon action=128, diem 106.6
11:48:30.552 [INFO] Nuoc thu 4 (alphaZero): chon action=221, temp=1.0000, N(action)=4
11:48:30.554 [INFO] Nuoc thu 5 (Greedy): chon action=144, diem 1006.6
11:48:46.310 [INFO] Nuoc thu 6 (alphaZero): chon action=164, temp=1.0000, N(action)=5
11:48:46.312 [INFO] Nuoc thu 7 (Greedy): chon action=96, diem 10006.6
11:49:01.506 [INFO] Nuoc thu 8 (alphaZero): chon action=157, temp=1.0000, N(action)=4
11:49:01.508 [INFO] Nuoc thu 9 (Greedy): chon action=80, diem 100006.6
11:49:01.508 [INFO] ========== VAN (vs Greedy) KET THUC: nguoi thang la player 1 (AlphaZero la player 2), tong 9 nuoc ==========
11:49:01.841 [INFO] ========== BAT DAU VAN TU CHOI VOI GREEDY (board 15x15), AlphaZero la player 2 ==========
11:49:01.841 [INFO] Nuoc thu 1 (Greedy): chon action=112 (khai cuoc, o trung tam)
11:49:17.215 [INFO] Nuoc thu 2 (alphaZero): chon action=139, temp=1.0000, N(action)=13
11:49:17.217 [INFO] Nuoc thu 3 (Greedy): chon action=97, diem 106.6
11:49:32.886 [INFO] Nuoc thu 4 (alphaZero): chon action=169, temp=1.0000, N(action)=4
11:49:32.888 [INFO] Nuoc thu 5 (Greedy): chon action=127, diem 1006.6
11:49:48.142 [INFO] Nuoc thu 6 (alphaZero): chon action=39, temp=1.0000, N(action)=4
11:49:48.143 [INFO] Nuoc thu 7 (Greedy): chon action=142, diem 10006.6
11:50:03.721 [INFO] Nuoc thu 8 (alphaZero): chon action=211, temp=1.0000, N(action)=6
11:50:03.724 [INFO] Nuoc thu 9 (Greedy): chon action=157, diem 100006.6
11:50:03.724 [INFO] ========== VAN (vs Greedy) KET THUC: nguoi thang la player 1 (AlphaZero la player 2), tong 9 nuoc ==========
11:50:04.023 [INFO] ========== BAT DAU VAN TU CHOI VOI GREEDY (board 15x15), AlphaZero la player 2 ==========
11:50:04.023 [INFO] Nuoc thu 1 (Greedy): chon action=112 (khai cuoc, o trung tam)
11:50:19.493 [INFO] Nuoc thu 2 (alphaZero): chon action=41, temp=1.0000, N(action)=3
11:50:19.496 [INFO] Nuoc thu 3 (Greedy): chon action=126, diem 106.6
11:50:35.339 [INFO] Nuoc thu 4 (alphaZero): chon action=141, temp=1.0000, N(action)=4
11:50:35.342 [INFO] Nuoc thu 5 (Greedy): chon action=140, diem 1095.7
11:50:50.901 [INFO] Nuoc thu 6 (alphaZero): chon action=73, temp=1.0000, N(action)=4
11:50:50.909 [INFO] Nuoc thu 7 (Greedy): chon action=98, diem 10006.6
11:51:06.487 [INFO] Nuoc thu 8 (alphaZero): chon action=42, temp=1.0000, N(action)=11
11:51:06.489 [INFO] Nuoc thu 9 (Greedy): chon action=84, diem 100006.6
11:51:06.489 [INFO] ========== VAN (vs Greedy) KET THUC: nguoi thang la player 1 (AlphaZero la player 2), tong 9 nuoc ==========
11:51:06.863 [INFO] ========== BAT DAU VAN TU CHOI VOI GREEDY (board 15x15), AlphaZero la player 1 ==========
11:51:22.367 [INFO] Nuoc thu 1 (alphaZero): chon action=27, temp=1.0000, N(action)=4
11:51:22.369 [INFO] Nuoc thu 2 (Greedy): chon action=28, diem 96.7
11:51:38.329 [INFO] Nuoc thu 3 (alphaZero): chon action=157, temp=1.0000, N(action)=4
11:51:38.332 [INFO] Nuoc thu 4 (Greedy): chon action=43, diem 195.7
11:51:53.772 [INFO] Nuoc thu 5 (alphaZero): chon action=213, temp=1.0000, N(action)=4
11:51:53.774 [INFO] Nuoc thu 6 (Greedy): chon action=58, diem 1006.6
11:52:09.146 [INFO] Nuoc thu 7 (alphaZero): chon action=136, temp=1.0000, N(action)=6
11:52:09.148 [INFO] Nuoc thu 8 (Greedy): chon action=73, diem 10006.6
11:52:24.737 [INFO] Nuoc thu 9 (alphaZero): chon action=36, temp=1.0000, N(action)=5
11:52:24.740 [INFO] Nuoc thu 10 (Greedy): chon action=13, diem 100012.8
11:52:24.740 [INFO] ========== VAN (vs Greedy) KET THUC: nguoi thang la player 2 (AlphaZero la player 1), tong 10 nuoc ==========
11:52:25.096 [INFO] ========== BAT DAU VAN TU CHOI VOI GREEDY (board 15x15), AlphaZero la player 1 ==========
11:52:40.980 [INFO] Nuoc thu 1 (alphaZero): chon action=62, temp=1.0000, N(action)=4
11:52:40.983 [INFO] Nuoc thu 2 (Greedy): chon action=47, diem 96.7
11:52:56.504 [INFO] Nuoc thu 3 (alphaZero): chon action=195, temp=1.0000, N(action)=13
11:52:56.507 [INFO] Nuoc thu 4 (Greedy): chon action=46, diem 195.7
11:53:12.097 [INFO] Nuoc thu 5 (alphaZero): chon action=218, temp=1.0000, N(action)=4
11:53:12.100 [INFO] Nuoc thu 6 (Greedy): chon action=48, diem 1095.7
11:53:27.520 [INFO] Nuoc thu 7 (alphaZero): chon action=201, temp=1.0000, N(action)=4
11:53:27.522 [INFO] Nuoc thu 8 (Greedy): chon action=49, diem 10006.6
11:53:42.455 [INFO] Nuoc thu 9 (alphaZero): chon action=78, temp=1.0000, N(action)=4
11:53:42.457 [INFO] Nuoc thu 10 (Greedy): chon action=50, diem 100006.6
11:53:42.457 [INFO] ========== VAN (vs Greedy) KET THUC: nguoi thang la player 2 (AlphaZero la player 1), tong 10 nuoc ==========
11:53:42.783 [INFO] ========== BAT DAU VAN TU CHOI VOI GREEDY (board 15x15), AlphaZero la player 1 ==========
11:53:58.448 [INFO] Nuoc thu 1 (alphaZero): chon action=15, temp=1.0000, N(action)=3
11:53:58.450 [INFO] Nuoc thu 2 (Greedy): chon action=30, diem 96.7
11:54:14.251 [INFO] Nuoc thu 3 (alphaZero): chon action=1, temp=1.0000, N(action)=4
11:54:14.253 [INFO] Nuoc thu 4 (Greedy): chon action=2, diem 96.7
11:54:30.278 [INFO] Nuoc thu 5 (alphaZero): chon action=190, temp=1.0000, N(action)=4
11:54:30.281 [INFO] Nuoc thu 6 (Greedy): chon action=175, diem 96.7
11:54:45.817 [INFO] Nuoc thu 7 (alphaZero): chon action=87, temp=1.0000, N(action)=4
11:54:45.819 [INFO] Nuoc thu 8 (Greedy): chon action=174, diem 195.7
11:55:01.368 [INFO] Nuoc thu 9 (alphaZero): chon action=139, temp=1.0000, N(action)=4
11:55:01.369 [INFO] Nuoc thu 10 (Greedy): chon action=176, diem 1095.7
11:55:16.723 [INFO] Nuoc thu 11 (alphaZero): chon action=111, temp=1.0000, N(action)=4
11:55:16.725 [INFO] Nuoc thu 12 (Greedy): chon action=177, diem 10006.6
11:55:31.809 [INFO] Nuoc thu 13 (alphaZero): chon action=64, temp=1.0000, N(action)=4
11:55:31.814 [INFO] Nuoc thu 14 (Greedy): chon action=178, diem 100006.6
11:55:31.814 [INFO] ========== VAN (vs Greedy) KET THUC: nguoi thang la player 2 (AlphaZero la player 1), tong 14 nuoc ==========
11:55:32.147 [INFO] ========== BAT DAU VAN TU CHOI VOI GREEDY (board 15x15), AlphaZero la player 1 ==========
11:55:48.006 [INFO] Nuoc thu 1 (alphaZero): chon action=94, temp=1.0000, N(action)=4
11:55:48.008 [INFO] Nuoc thu 2 (Greedy): chon action=95, diem 96.7
11:56:04.261 [INFO] Nuoc thu 3 (alphaZero): chon action=184, temp=1.0000, N(action)=4
11:56:04.263 [INFO] Nuoc thu 4 (Greedy): chon action=80, diem 195.7
11:56:19.805 [INFO] Nuoc thu 5 (alphaZero): chon action=200, temp=1.0000, N(action)=4
11:56:19.807 [INFO] Nuoc thu 6 (Greedy): chon action=110, diem 1095.7
11:56:35.428 [INFO] Nuoc thu 7 (alphaZero): chon action=211, temp=1.0000, N(action)=4
11:56:35.430 [INFO] Nuoc thu 8 (Greedy): chon action=125, diem 10006.6
11:56:50.778 [INFO] Nuoc thu 9 (alphaZero): chon action=53, temp=1.0000, N(action)=4
11:56:50.781 [INFO] Nuoc thu 10 (Greedy): chon action=140, diem 100006.6
11:56:50.781 [INFO] ========== VAN (vs Greedy) KET THUC: nguoi thang la player 2 (AlphaZero la player 1), tong 10 nuoc ==========
11:56:51.074 [INFO] ========== BAT DAU VAN TU CHOI VOI GREEDY (board 15x15), AlphaZero la player 2 ==========
11:56:51.074 [INFO] Nuoc thu 1 (Greedy): chon action=112 (khai cuoc, o trung tam)
11:57:06.446 [INFO] Nuoc thu 2 (alphaZero): chon action=46, temp=1.0000, N(action)=8
11:57:06.448 [INFO] Nuoc thu 3 (Greedy): chon action=96, diem 106.6
11:57:22.189 [INFO] Nuoc thu 4 (alphaZero): chon action=47, temp=1.0000, N(action)=4
11:57:22.192 [INFO] Nuoc thu 5 (Greedy): chon action=80, diem 1006.6
11:57:37.576 [INFO] Nuoc thu 6 (alphaZero): chon action=152, temp=1.0000, N(action)=4
11:57:37.579 [INFO] Nuoc thu 7 (Greedy): chon action=128, diem 10006.6
11:57:53.216 [INFO] Nuoc thu 8 (alphaZero): chon action=75, temp=1.0000, N(action)=4
11:57:53.219 [INFO] Nuoc thu 9 (Greedy): chon action=144, diem 100006.6
11:57:53.219 [INFO] ========== VAN (vs Greedy) KET THUC: nguoi thang la player 1 (AlphaZero la player 2), tong 9 nuoc ==========
11:57:53.574 [INFO] ========== BAT DAU VAN TU CHOI VOI GREEDY (board 15x15), AlphaZero la player 2 ==========
11:57:53.574 [INFO] Nuoc thu 1 (Greedy): chon action=112 (khai cuoc, o trung tam)
11:58:09.202 [INFO] Nuoc thu 2 (alphaZero): chon action=63, temp=1.0000, N(action)=4
11:58:09.204 [INFO] Nuoc thu 3 (Greedy): chon action=97, diem 106.6
11:58:24.726 [INFO] Nuoc thu 4 (alphaZero): chon action=16, temp=1.0000, N(action)=5
11:58:24.729 [INFO] Nuoc thu 5 (Greedy): chon action=82, diem 1006.6
11:58:39.890 [INFO] Nuoc thu 6 (alphaZero): chon action=92, temp=1.0000, N(action)=6
11:58:39.892 [INFO] Nuoc thu 7 (Greedy): chon action=127, diem 10006.6
11:58:55.579 [INFO] Nuoc thu 8 (alphaZero): chon action=4, temp=1.0000, N(action)=6
11:58:55.582 [INFO] Nuoc thu 9 (Greedy): chon action=67, diem 100006.6
11:58:55.582 [INFO] ========== VAN (vs Greedy) KET THUC: nguoi thang la player 1 (AlphaZero la player 2), tong 9 nuoc ==========
11:58:55.923 [INFO] ========== BAT DAU VAN TU CHOI VOI GREEDY (board 15x15), AlphaZero la player 2 ==========
11:58:55.924 [INFO] Nuoc thu 1 (Greedy): chon action=112 (khai cuoc, o trung tam)
11:59:11.233 [INFO] Nuoc thu 2 (alphaZero): chon action=36, temp=1.0000, N(action)=7
11:59:11.235 [INFO] Nuoc thu 3 (Greedy): chon action=113, diem 106.6
11:59:26.256 [INFO] Nuoc thu 4 (alphaZero): chon action=51, temp=1.0000, N(action)=5
11:59:26.262 [INFO] Nuoc thu 5 (Greedy): chon action=111, diem 1006.6
11:59:41.922 [INFO] Nuoc thu 6 (alphaZero): chon action=109, temp=1.0000, N(action)=6
11:59:41.924 [INFO] Nuoc thu 7 (Greedy): chon action=114, diem 10006.6
11:59:57.602 [INFO] Nuoc thu 8 (alphaZero): chon action=97, temp=1.0000, N(action)=4
11:59:57.604 [INFO] Nuoc thu 9 (Greedy): chon action=110, diem 100014.7
11:59:57.604 [INFO] ========== VAN (vs Greedy) KET THUC: nguoi thang la player 1 (AlphaZero la player 2), tong 9 nuoc ==========
11:59:57.906 [INFO] ========== BAT DAU VAN TU CHOI VOI GREEDY (board 15x15), AlphaZero la player 1 ==========
12:00:13.487 [INFO] Nuoc thu 1 (alphaZero): chon action=135, temp=1.0000, N(action)=5
12:00:13.490 [INFO] Nuoc thu 2 (Greedy): chon action=150, diem 96.7
12:00:28.790 [INFO] Nuoc thu 3 (alphaZero): chon action=173, temp=1.0000, N(action)=4
12:00:28.792 [INFO] Nuoc thu 4 (Greedy): chon action=174, diem 96.7
12:00:44.202 [INFO] Nuoc thu 5 (alphaZero): chon action=212, temp=1.0000, N(action)=4
12:00:44.204 [INFO] Nuoc thu 6 (Greedy): chon action=158, diem 195.7
12:00:59.847 [INFO] Nuoc thu 7 (alphaZero): chon action=163, temp=1.0000, N(action)=4
12:00:59.851 [INFO] Nuoc thu 8 (Greedy): chon action=142, diem 1006.6
12:01:15.509 [INFO] Nuoc thu 9 (alphaZero): chon action=215, temp=1.0000, N(action)=17
12:01:15.511 [INFO] Nuoc thu 10 (Greedy): chon action=190, diem 10006.6
12:01:31.477 [INFO] Nuoc thu 11 (alphaZero): chon action=189, temp=1.0000, N(action)=4
12:01:31.478 [INFO] Nuoc thu 12 (Greedy): chon action=206, diem 100006.6
12:01:31.478 [INFO] ========== VAN (vs Greedy) KET THUC: nguoi thang la player 2 (AlphaZero la player 1), tong 12 nuoc ==========
12:01:31.834 [INFO] ========== BAT DAU VAN TU CHOI VOI GREEDY (board 15x15), AlphaZero la player 1 ==========
12:01:47.253 [INFO] Nuoc thu 1 (alphaZero): chon action=2, temp=1.0000, N(action)=5
12:01:47.256 [INFO] Nuoc thu 2 (Greedy): chon action=1, diem 96.7
12:02:03.124 [INFO] Nuoc thu 3 (alphaZero): chon action=55, temp=1.0000, N(action)=6
12:02:03.126 [INFO] Nuoc thu 4 (Greedy): chon action=54, diem 96.7
12:02:18.282 [INFO] Nuoc thu 5 (alphaZero): chon action=11, temp=1.0000, N(action)=8
12:02:18.284 [INFO] Nuoc thu 6 (Greedy): chon action=40, diem 195.7
12:02:33.960 [INFO] Nuoc thu 7 (alphaZero): chon action=115, temp=1.0000, N(action)=6
12:02:33.962 [INFO] Nuoc thu 8 (Greedy): chon action=26, diem 1014.7
12:02:49.547 [INFO] Nuoc thu 9 (alphaZero): chon action=97, temp=1.0000, N(action)=3
12:02:49.550 [INFO] Nuoc thu 10 (Greedy): chon action=68, diem 10006.6
12:03:04.965 [INFO] Nuoc thu 11 (alphaZero): chon action=43, temp=1.0000, N(action)=6
12:03:04.966 [INFO] Nuoc thu 12 (Greedy): chon action=82, diem 100095.7
12:03:04.966 [INFO] ========== VAN (vs Greedy) KET THUC: nguoi thang la player 2 (AlphaZero la player 1), tong 12 nuoc ==========
12:03:05.303 [INFO] ========== BAT DAU VAN TU CHOI VOI GREEDY (board 15x15), AlphaZero la player 1 ==========
12:03:20.825 [INFO] Nuoc thu 1 (alphaZero): chon action=64, temp=1.0000, N(action)=4
12:03:20.827 [INFO] Nuoc thu 2 (Greedy): chon action=50, diem 96.7
12:03:36.186 [INFO] Nuoc thu 3 (alphaZero): chon action=204, temp=1.0000, N(action)=3
12:03:36.188 [INFO] Nuoc thu 4 (Greedy): chon action=65, diem 195.7
12:03:51.650 [INFO] Nuoc thu 5 (alphaZero): chon action=116, temp=1.0000, N(action)=9
12:03:51.652 [INFO] Nuoc thu 6 (Greedy): chon action=80, diem 1095.7
12:04:07.102 [INFO] Nuoc thu 7 (alphaZero): chon action=60, temp=1.0000, N(action)=9
12:04:07.104 [INFO] Nuoc thu 8 (Greedy): chon action=95, diem 10006.6
12:04:22.936 [INFO] Nuoc thu 9 (alphaZero): chon action=186, temp=1.0000, N(action)=3
12:04:22.939 [INFO] Nuoc thu 10 (Greedy): chon action=35, diem 100006.6
12:04:22.939 [INFO] ========== VAN (vs Greedy) KET THUC: nguoi thang la player 2 (AlphaZero la player 1), tong 10 nuoc ==========
12:04:23.298 [INFO] ========== BAT DAU VAN TU CHOI VOI GREEDY (board 15x15), AlphaZero la player 2 ==========
12:04:23.298 [INFO] Nuoc thu 1 (Greedy): chon action=112 (khai cuoc, o trung tam)
12:04:38.926 [INFO] Nuoc thu 2 (alphaZero): chon action=137, temp=1.0000, N(action)=4
12:04:38.928 [INFO] Nuoc thu 3 (Greedy): chon action=111, diem 106.6
12:04:54.208 [INFO] Nuoc thu 4 (alphaZero): chon action=135, temp=1.0000, N(action)=4
12:04:54.210 [INFO] Nuoc thu 5 (Greedy): chon action=110, diem 1006.6
12:05:09.593 [INFO] Nuoc thu 6 (alphaZero): chon action=108, temp=1.0000, N(action)=4
12:05:09.595 [INFO] Nuoc thu 7 (Greedy): chon action=113, diem 10006.6
12:05:25.328 [INFO] Nuoc thu 8 (alphaZero): chon action=165, temp=1.0000, N(action)=4
12:05:25.332 [INFO] Nuoc thu 9 (Greedy): chon action=109, diem 100014.7
12:05:25.332 [INFO] ========== VAN (vs Greedy) KET THUC: nguoi thang la player 1 (AlphaZero la player 2), tong 9 nuoc ==========
12:05:25.620 [INFO] ========== BAT DAU VAN TU CHOI VOI GREEDY (board 15x15), AlphaZero la player 1 ==========
12:05:41.288 [INFO] Nuoc thu 1 (alphaZero): chon action=68, temp=1.0000, N(action)=4
12:05:41.291 [INFO] Nuoc thu 2 (Greedy): chon action=52, diem 96.7
12:05:56.543 [INFO] Nuoc thu 3 (alphaZero): chon action=137, temp=1.0000, N(action)=3
12:05:56.545 [INFO] Nuoc thu 4 (Greedy): chon action=53, diem 195.7
12:06:12.199 [INFO] Nuoc thu 5 (alphaZero): chon action=76, temp=1.0000, N(action)=4
12:06:12.202 [INFO] Nuoc thu 6 (Greedy): chon action=54, diem 1095.7
12:06:27.604 [INFO] Nuoc thu 7 (alphaZero): chon action=149, temp=1.0000, N(action)=6
12:06:27.607 [INFO] Nuoc thu 8 (Greedy): chon action=51, diem 10006.6
12:06:43.168 [INFO] Nuoc thu 9 (alphaZero): chon action=142, temp=1.0000, N(action)=4
12:06:43.171 [INFO] Nuoc thu 10 (Greedy): chon action=50, diem 100006.6
12:06:43.171 [INFO] ========== VAN (vs Greedy) KET THUC: nguoi thang la player 2 (AlphaZero la player 1), tong 10 nuoc ==========
12:06:43.508 [INFO] ========== BAT DAU VAN TU CHOI VOI GREEDY (board 15x15), AlphaZero la player 1 ==========
12:06:58.708 [INFO] Nuoc thu 1 (alphaZero): chon action=222, temp=1.0000, N(action)=10
12:06:58.710 [INFO] Nuoc thu 2 (Greedy): chon action=223, diem 96.7
12:07:14.939 [INFO] Nuoc thu 3 (alphaZero): chon action=193, temp=1.0000, N(action)=3
12:07:14.940 [INFO] Nuoc thu 4 (Greedy): chon action=207, diem 113.8
12:07:30.270 [INFO] Nuoc thu 5 (alphaZero): chon action=44, temp=1.0000, N(action)=4
12:07:30.272 [INFO] Nuoc thu 6 (Greedy): chon action=208, diem 121.8
12:07:46.306 [INFO] Nuoc thu 7 (alphaZero): chon action=28, temp=1.0000, N(action)=4
12:07:46.308 [INFO] Nuoc thu 8 (Greedy): chon action=206, diem 1014.7
12:08:01.882 [INFO] Nuoc thu 9 (alphaZero): chon action=151, temp=1.0000, N(action)=6
12:08:01.884 [INFO] Nuoc thu 10 (Greedy): chon action=205, diem 10006.6
12:08:17.550 [INFO] Nuoc thu 11 (alphaZero): chon action=181, temp=1.0000, N(action)=4
12:08:17.552 [INFO] Nuoc thu 12 (Greedy): chon action=209, diem 100010.9
12:08:17.552 [INFO] ========== VAN (vs Greedy) KET THUC: nguoi thang la player 2 (AlphaZero la player 1), tong 12 nuoc ==========
12:08:17.919 [INFO] ========== BAT DAU VAN TU CHOI VOI GREEDY (board 15x15), AlphaZero la player 1 ==========
12:08:33.596 [INFO] Nuoc thu 1 (alphaZero): chon action=173, temp=1.0000, N(action)=4
12:08:33.599 [INFO] Nuoc thu 2 (Greedy): chon action=158, diem 96.7
12:08:49.027 [INFO] Nuoc thu 3 (alphaZero): chon action=207, temp=1.0000, N(action)=3
12:08:49.030 [INFO] Nuoc thu 4 (Greedy): chon action=157, diem 195.7
12:09:04.323 [INFO] Nuoc thu 5 (alphaZero): chon action=177, temp=1.0000, N(action)=9
12:09:04.326 [INFO] Nuoc thu 6 (Greedy): chon action=159, diem 1095.7
12:09:19.857 [INFO] Nuoc thu 7 (alphaZero): chon action=76, temp=1.0000, N(action)=3
12:09:19.859 [INFO] Nuoc thu 8 (Greedy): chon action=160, diem 10006.6
12:09:35.454 [INFO] Nuoc thu 9 (alphaZero): chon action=62, temp=1.0000, N(action)=8
12:09:35.457 [INFO] Nuoc thu 10 (Greedy): chon action=161, diem 100095.7
12:09:35.457 [INFO] ========== VAN (vs Greedy) KET THUC: nguoi thang la player 2 (AlphaZero la player 1), tong 10 nuoc ==========
12:09:35.822 [INFO] ========== BAT DAU VAN TU CHOI VOI GREEDY (board 15x15), AlphaZero la player 1 ==========
12:09:51.510 [INFO] Nuoc thu 1 (alphaZero): chon action=45, temp=1.0000, N(action)=9
12:09:51.512 [INFO] Nuoc thu 2 (Greedy): chon action=30, diem 96.7
12:10:07.196 [INFO] Nuoc thu 3 (alphaZero): chon action=128, temp=1.0000, N(action)=4
12:10:07.199 [INFO] Nuoc thu 4 (Greedy): chon action=114, diem 96.7
12:10:23.107 [INFO] Nuoc thu 5 (alphaZero): chon action=198, temp=1.0000, N(action)=8
12:10:23.109 [INFO] Nuoc thu 6 (Greedy): chon action=113, diem 195.7
12:10:38.368 [INFO] Nuoc thu 7 (alphaZero): chon action=146, temp=1.0000, N(action)=4
12:10:38.371 [INFO] Nuoc thu 8 (Greedy): chon action=112, diem 1095.7
12:10:53.943 [INFO] Nuoc thu 9 (alphaZero): chon action=58, temp=1.0000, N(action)=4
12:10:53.947 [INFO] Nuoc thu 10 (Greedy): chon action=111, diem 10006.6
12:11:09.251 [INFO] Nuoc thu 11 (alphaZero): chon action=185, temp=1.0000, N(action)=12
12:11:09.253 [INFO] Nuoc thu 12 (Greedy): chon action=110, diem 100006.6
12:11:09.253 [INFO] ========== VAN (vs Greedy) KET THUC: nguoi thang la player 2 (AlphaZero la player 1), tong 12 nuoc ==========
12:11:09.586 [INFO] ========== BAT DAU VAN TU CHOI VOI GREEDY (board 15x15), AlphaZero la player 2 ==========
12:11:09.586 [INFO] Nuoc thu 1 (Greedy): chon action=112 (khai cuoc, o trung tam)
12:11:25.340 [INFO] Nuoc thu 2 (alphaZero): chon action=30, temp=1.0000, N(action)=4
12:11:25.344 [INFO] Nuoc thu 3 (Greedy): chon action=113, diem 106.6
12:11:40.417 [INFO] Nuoc thu 4 (alphaZero): chon action=199, temp=1.0000, N(action)=4
12:11:40.420 [INFO] Nuoc thu 5 (Greedy): chon action=111, diem 1006.6
12:11:56.283 [INFO] Nuoc thu 6 (alphaZero): chon action=155, temp=1.0000, N(action)=6
12:11:56.285 [INFO] Nuoc thu 7 (Greedy): chon action=114, diem 10006.6
12:12:11.886 [INFO] Nuoc thu 8 (alphaZero): chon action=14, temp=1.0000, N(action)=13
12:12:11.889 [INFO] Nuoc thu 9 (Greedy): chon action=115, diem 100006.6
12:12:11.889 [INFO] ========== VAN (vs Greedy) KET THUC: nguoi thang la player 1 (AlphaZero la player 2), tong 9 nuoc ==========
12:12:12.276 [INFO] ========== BAT DAU VAN TU CHOI VOI GREEDY (board 15x15), AlphaZero la player 1 ==========
12:12:27.994 [INFO] Nuoc thu 1 (alphaZero): chon action=185, temp=1.0000, N(action)=4
12:12:27.996 [INFO] Nuoc thu 2 (Greedy): chon action=171, diem 96.7
12:12:43.329 [INFO] Nuoc thu 3 (alphaZero): chon action=107, temp=1.0000, N(action)=5
12:12:43.331 [INFO] Nuoc thu 4 (Greedy): chon action=170, diem 195.7
12:12:58.855 [INFO] Nuoc thu 5 (alphaZero): chon action=160, temp=1.0000, N(action)=4
12:12:58.858 [INFO] Nuoc thu 6 (Greedy): chon action=169, diem 1095.7
12:13:14.406 [INFO] Nuoc thu 7 (alphaZero): chon action=46, temp=1.0000, N(action)=12
12:13:14.408 [INFO] Nuoc thu 8 (Greedy): chon action=168, diem 10006.6
12:13:29.714 [INFO] Nuoc thu 9 (alphaZero): chon action=218, temp=1.0000, N(action)=4
12:13:29.725 [INFO] Nuoc thu 10 (Greedy): chon action=172, diem 100006.6
12:13:29.726 [INFO] ========== VAN (vs Greedy) KET THUC: nguoi thang la player 2 (AlphaZero la player 1), tong 10 nuoc ==========
12:13:30.142 [INFO] ========== BAT DAU VAN TU CHOI VOI GREEDY (board 15x15), AlphaZero la player 2 ==========
12:13:30.142 [INFO] Nuoc thu 1 (Greedy): chon action=112 (khai cuoc, o trung tam)
12:13:45.412 [INFO] Nuoc thu 2 (alphaZero): chon action=148, temp=1.0000, N(action)=4
12:13:45.414 [INFO] Nuoc thu 3 (Greedy): chon action=127, diem 106.6
12:14:00.962 [INFO] Nuoc thu 4 (alphaZero): chon action=179, temp=1.0000, N(action)=4
12:14:00.964 [INFO] Nuoc thu 5 (Greedy): chon action=97, diem 1006.6
12:14:16.700 [INFO] Nuoc thu 6 (alphaZero): chon action=162, temp=1.0000, N(action)=4
12:14:16.702 [INFO] Nuoc thu 7 (Greedy): chon action=82, diem 10006.6
12:14:32.180 [INFO] Nuoc thu 8 (alphaZero): chon action=188, temp=1.0000, N(action)=7
12:14:32.182 [INFO] Nuoc thu 9 (Greedy): chon action=142, diem 100006.6
12:14:32.183 [INFO] ========== VAN (vs Greedy) KET THUC: nguoi thang la player 1 (AlphaZero la player 2), tong 9 nuoc ==========
12:14:32.512 [INFO] ========== BAT DAU VAN TU CHOI VOI GREEDY (board 15x15), AlphaZero la player 1 ==========
12:14:48.067 [INFO] Nuoc thu 1 (alphaZero): chon action=9, temp=1.0000, N(action)=3
12:14:48.069 [INFO] Nuoc thu 2 (Greedy): chon action=10, diem 96.7
12:15:03.756 [INFO] Nuoc thu 3 (alphaZero): chon action=104, temp=1.0000, N(action)=4
12:15:03.758 [INFO] Nuoc thu 4 (Greedy): chon action=119, diem 96.7
12:15:19.152 [INFO] Nuoc thu 5 (alphaZero): chon action=209, temp=1.0000, N(action)=14
12:15:19.154 [INFO] Nuoc thu 6 (Greedy): chon action=194, diem 96.7
12:15:34.654 [INFO] Nuoc thu 7 (alphaZero): chon action=108, temp=1.0000, N(action)=4
12:15:34.656 [INFO] Nuoc thu 8 (Greedy): chon action=109, diem 96.7
12:15:50.215 [INFO] Nuoc thu 9 (alphaZero): chon action=145, temp=1.0000, N(action)=4
12:15:50.219 [INFO] Nuoc thu 10 (Greedy): chon action=94, diem 195.7
12:16:05.631 [INFO] Nuoc thu 11 (alphaZero): chon action=112, temp=1.0000, N(action)=3
12:16:05.633 [INFO] Nuoc thu 12 (Greedy): chon action=124, diem 1095.7
12:16:20.923 [INFO] Nuoc thu 13 (alphaZero): chon action=74, temp=1.0000, N(action)=4
12:16:20.925 [INFO] Nuoc thu 14 (Greedy): chon action=79, diem 10006.6
12:16:36.456 [INFO] Nuoc thu 15 (alphaZero): chon action=213, temp=0.0010, N(action)=21
12:16:36.458 [INFO] Nuoc thu 16 (Greedy): chon action=64, diem 100006.6
12:16:36.458 [INFO] ========== VAN (vs Greedy) KET THUC: nguoi thang la player 2 (AlphaZero la player 1), tong 16 nuoc ==========
12:16:36.950 [INFO] ========== BAT DAU VAN TU CHOI VOI GREEDY (board 15x15), AlphaZero la player 1 ==========
12:16:52.432 [INFO] Nuoc thu 1 (alphaZero): chon action=155, temp=1.0000, N(action)=3
12:16:52.437 [INFO] Nuoc thu 2 (Greedy): chon action=139, diem 96.7
12:17:08.066 [INFO] Nuoc thu 3 (alphaZero): chon action=45, temp=1.0000, N(action)=3
12:17:08.068 [INFO] Nuoc thu 4 (Greedy): chon action=140, diem 195.7
12:17:23.906 [INFO] Nuoc thu 5 (alphaZero): chon action=144, temp=1.0000, N(action)=4
12:17:23.909 [INFO] Nuoc thu 6 (Greedy): chon action=141, diem 1095.7
12:17:39.521 [INFO] Nuoc thu 7 (alphaZero): chon action=43, temp=1.0000, N(action)=4
12:17:39.523 [INFO] Nuoc thu 8 (Greedy): chon action=142, diem 10006.6
12:17:54.730 [INFO] Nuoc thu 9 (alphaZero): chon action=179, temp=1.0000, N(action)=4
12:17:54.732 [INFO] Nuoc thu 10 (Greedy): chon action=143, diem 100014.7
12:17:54.732 [INFO] ========== VAN (vs Greedy) KET THUC: nguoi thang la player 2 (AlphaZero la player 1), tong 10 nuoc ==========
