11:42:06.356 [INFO] ========== BAT DAU VAN TU CHOI VOI GREEDY (board 15x15), AlphaZero la player 2 ==========
11:42:06.356 [INFO] Nuoc thu 1 (Greedy): chon action=112 (khai cuoc, o trung tam)
11:42:24.842 [INFO] Nuoc thu 2 (alphaZero): chon action=0, temp=1.0000, N(action)=4
11:42:24.846 [INFO] Nuoc thu 3 (Greedy): chon action=98, diem 106.6
11:42:40.260 [INFO] Nuoc thu 4 (alphaZero): chon action=126, temp=1.0000, N(action)=4
11:42:40.263 [INFO] Nuoc thu 5 (Greedy): chon action=113, diem 205.6
11:42:55.972 [INFO] Nuoc thu 6 (alphaZero): chon action=8, temp=1.0000, N(action)=4
11:42:55.975 [INFO] Nuoc thu 7 (Greedy): chon action=114, diem 1105.6
11:43:11.973 [INFO] Nuoc thu 8 (alphaZero): chon action=124, temp=1.0000, N(action)=4
11:43:11.976 [INFO] Nuoc thu 9 (Greedy): chon action=111, diem 10095.7
11:43:28.354 [INFO] Nuoc thu 10 (alphaZero): chon action=217, temp=1.0000, N(action)=9
11:43:28.356 [INFO] Nuoc thu 11 (Greedy): chon action=110, diem 100184.8
11:43:28.356 [INFO] ========== VAN (vs Greedy) KET THUC: nguoi thang la player 1 (AlphaZero la player 2), tong 11 nuoc ==========
11:43:28.714 [INFO] ========== BAT DAU VAN TU CHOI VOI GREEDY (board 15x15), AlphaZero la player 2 ==========
11:43:28.714 [INFO] Nuoc thu 1 (Greedy): chon action=112 (khai cuoc, o trung tam)
11:43:45.022 [INFO] Nuoc thu 2 (alphaZero): chon action=2, temp=1.0000, N(action)=4
11:43:45.025 [INFO] Nuoc thu 3 (Greedy): chon action=128, diem 106.6
11:44:01.181 [INFO] Nuoc thu 4 (alphaZero): chon action=24, temp=1.0000, N(action)=4
11:44:01.184 [INFO] Nuoc thu 5 (Greedy): chon action=96, diem 1006.6
11:44:17.185 [INFO] Nuoc thu 6 (alphaZero): chon action=38, temp=1.0000, N(action)=4
11:44:17.189 [INFO] Nuoc thu 7 (Greedy): chon action=144, diem 10006.6
11:44:33.274 [INFO] Nuoc thu 8 (alphaZero): chon action=175, temp=1.0000, N(action)=5
11:44:33.277 [INFO] Nuoc thu 9 (Greedy): chon action=160, diem 100095.7
11:44:33.278 [INFO] ========== VAN (vs Greedy) KET THUC: nguoi thang la player 1 (AlphaZero la player 2), tong 9 nuoc ==========
11:44:33.681 [INFO] ========== BAT DAU VAN TU CHOI VOI GREEDY (board 15x15), AlphaZero la player 1 ==========
11:44:49.904 [INFO] Nuoc thu 1 (alphaZero): chon action=103, temp=1.0000, N(action)=12
11:44:49.905 [INFO] Nuoc thu 2 (Greedy): chon action=102, diem 96.7
11:45:05.754 [INFO] Nuoc thu 3 (alphaZero): chon action=191, temp=1.0000, N(action)=3
11:45:05.757 [INFO] Nuoc thu 4 (Greedy): chon action=87, diem 195.7
11:45:21.387 [INFO] Nuoc thu 5 (alphaZero): chon action=130, temp=1.0000, N(action)=4
11:45:21.389 [INFO] Nuoc thu 6 (Greedy): chon action=117, diem 1095.7
11:45:37.108 [INFO] Nuoc thu 7 (alphaZero): chon action=214, temp=1.0000, N(action)=3
11:45:37.111 [INFO] Nuoc thu 8 (Greedy): chon action=72, diem 10006.6
11:45:52.648 [INFO] Nuoc thu 9 (alphaZero): chon action=77, temp=1.0000, N(action)=4
11:45:52.650 [INFO] Nuoc thu 10 (Greedy): chon action=132, diem 100006.6
11:45:52.651 [INFO] ========== VAN (vs Greedy) KET THUC: nguoi thang la player 2 (AlphaZero la player 1), tong 10 nuoc ==========
11:45:52.981 [INFO] ========== BAT DAU VAN TU CHOI VOI GREEDY (board 15x15), AlphaZero la player 2 ==========
11:45:52.982 [INFO] Nuoc thu 1 (Greedy): chon action=112 (khai cuoc, o trung tam)
11:46:08.600 [INFO] Nuoc thu 2 (alphaZero): chon action=22, temp=1.0000, N(action)=4
11:46:08.602 [INFO] Nuoc thu 3 (Greedy): chon action=128, diem 106.6
11:46:24.035 [INFO] Nuoc thu 4 (alphaZero): chon action=188, temp=1.0000, N(action)=8
11:46:24.037 [INFO] Nuoc thu 5 (Greedy): chon action=96, diem 1006.6
11:46:39.892 [INFO] Nuoc thu 6 (alphaZero): chon action=170, temp=1.0000, N(action)=10
11:46:39.895 [INFO] Nuoc thu 7 (Greedy): chon action=80, diem 10006.6
11:46:55.531 [INFO] Nuoc thu 8 (alphaZero): chon action=31, temp=1.0000, N(action)=7
11:46:55.535 [INFO] Nuoc thu 9 (Greedy): chon action=64, diem 100006.6
11:46:55.535 [INFO] ========== VAN (vs Greedy) KET THUC: nguoi thang la player 1 (AlphaZero la player 2), tong 9 nuoc ==========
11:46:55.898 [INFO] ========== BAT DAU VAN TU CHOI VOI GREEDY (board 15x15), AlphaZero la player 2 ==========
11:46:55.899 [INFO] Nuoc thu 1 (Greedy): chon action=112 (khai cuoc, o trung tam)
11:47:11.431 [INFO] Nuoc thu 2 (alphaZero): chon action=33, temp=1.0000, N(action)=5
11:47:11.434 [INFO] Nuoc thu 3 (Greedy): chon action=126, diem 106.6
11:47:26.935 [INFO] Nuoc thu 4 (alphaZero): chon action=187, temp=1.0000, N(action)=3
11:47:26.937 [INFO] Nuoc thu 5 (Greedy): chon action=98, diem 1006.6
11:47:42.664 [INFO] Nuoc thu 6 (alphaZero): chon action=26, temp=1.0000, N(action)=4
11:47:42.667 [INFO] Nuoc thu 7 (Greedy): chon action=84, diem 10006.6
11:47:58.485 [INFO] Nuoc thu 8 (alphaZero): chon action=146, temp=1.0000, N(action)=4
11:47:58.486 [INFO] Nuoc thu 9 (Greedy): chon action=140, diem 100006.6
11:47:58.487 [INFO] ========== VAN (vs Greedy) KET THUC: nguoi thang la player 1 (AlphaZero la player 2), tong 9 nuoc ==========
11:47:58.832 [INFO] ========== BAT DAU VAN TU CHOI VOI GREEDY (board 15x15), AlphaZero la player 1 ==========
11:48:14.388 [INFO] Nuoc thu 1 (alphaZero): chon action=142, temp=1.0000, N(action)=4
11:48:14.390 [INFO] Nuoc thu 2 (Greedy): chon action=143, diem 96.7
11:48:30.137 [INFO] Nuoc thu 3 (alphaZero): chon action=53, temp=1.0000, N(action)=4
11:48:30.140 [INFO] Nuoc thu 4 (Greedy): chon action=128, diem 195.7
11:48:46.048 [INFO] Nuoc thu 5 (alphaZero): chon action=15, temp=1.0000, N(action)=4
11:48:46.050 [INFO] Nuoc thu 6 (Greedy): chon action=158, diem 1095.7
11:49:01.781 [INFO] Nuoc thu 7 (alphaZero): chon action=60, temp=1.0000, N(action)=6
11:49:01.784 [INFO] Nuoc thu 8 (Greedy): chon action=173, diem 10006.6
11:49:17.802 [INFO] Nuoc thu 9 (alphaZero): chon action=97, temp=1.0000, N(action)=5
11:49:17.804 [INFO] Nuoc thu 10 (Greedy): chon action=113, diem 100095.7
11:49:17.804 [INFO] ========== VAN (vs Greedy) KET THUC: nguoi thang la player 2 (AlphaZero la player 1), tong 10 nuoc ==========
11:49:18.121 [INFO] ========== BAT DAU VAN TU CHOI VOI GREEDY (board 15x15), AlphaZero la player 2 ==========
11:49:18.121 [INFO] Nuoc thu 1 (Greedy): chon action=112 (khai cuoc, o trung tam)
11:49:33.671 [INFO] Nuoc thu 2 (alphaZero): chon action=213, temp=1.0000, N(action)=10
11:49:33.673 [INFO] Nuoc thu 3 (Greedy): chon action=128, diem 106.6
11:49:49.738 [INFO] Nuoc thu 4 (alphaZero): chon action=118, temp=1.0000, N(action)=4
11:49:49.740 [INFO] Nuoc thu 5 (Greedy): chon action=144, diem 1006.6
11:50:05.596 [INFO] Nuoc thu 6 (alphaZero): chon action=68, temp=1.0000, N(action)=4
11:50:05.599 [INFO] Nuoc thu 7 (Greedy): chon action=160, diem 10006.6
11:50:21.459 [INFO] Nuoc thu 8 (alphaZero): chon action=215, temp=1.0000, N(action)=10
11:50:21.462 [INFO] Nuoc thu 9 (Greedy): chon action=96, diem 100006.6
11:50:21.462 [INFO] ========== VAN (vs Greedy) KET THUC: nguoi thang la player 1 (AlphaZero la player 2), tong 9 nuoc ==========
11:50:21.792 [INFO] ========== BAT DAU VAN TU CHOI VOI GREEDY (board 15x15), AlphaZero la player 1 ==========
11:50:37.584 [INFO] Nuoc thu 1 (alphaZero): chon action=152, temp=1.0000, N(action)=4
11:50:37.587 [INFO] Nuoc thu 2 (Greedy): chon action=166, diem 96.7
11:50:53.600 [INFO] Nuoc thu 3 (alphaZero): chon action=223, temp=1.0000, N(action)=6
11:50:53.603 [INFO] Nuoc thu 4 (Greedy): chon action=151, diem 195.7
11:51:09.193 [INFO] Nuoc thu 5 (alphaZero): chon action=22, temp=1.0000, N(action)=4
11:51:09.196 [INFO] Nuoc thu 6 (Greedy): chon action=136, diem 1095.7
11:51:24.847 [INFO] Nuoc thu 7 (alphaZero): chon action=47, temp=1.0000, N(action)=5
11:51:24.849 [INFO] Nuoc thu 8 (Greedy): chon action=181, diem 10006.6
11:51:40.189 [INFO] Nuoc thu 9 (alphaZero): chon action=52, temp=1.0000, N(action)=11
11:51:40.192 [INFO] Nuoc thu 10 (Greedy): chon action=196, diem 100006.6
11:51:40.192 [INFO] ========== VAN (vs Greedy) KET THUC: nguoi thang la player 2 (AlphaZero la player 1), tong 10 nuoc ==========
11:51:40.507 [INFO] ========== BAT DAU VAN TU CHOI VOI GREEDY (board 15x15), AlphaZero la player 2 ==========
11:51:40.507 [INFO] Nuoc thu 1 (Greedy): chon action=112 (khai cuoc, o trung tam)
11:51:56.199 [INFO] Nuoc thu 2 (alphaZero): chon action=87, temp=1.0000, N(action)=4
11:51:56.203 [INFO] Nuoc thu 3 (Greedy): chon action=96, diem 106.6
11:52:11.854 [INFO] Nuoc thu 4 (alphaZero): chon action=24, temp=1.0000, N(action)=8
11:52:11.856 [INFO] Nuoc thu 5 (Greedy): chon action=80, diem 1006.6
11:52:27.304 [INFO] Nuoc thu 6 (alphaZero): chon action=85, temp=1.0000, N(action)=6
11:52:27.307 [INFO] Nuoc thu 7 (Greedy): chon action=128, diem 10006.6
11:52:42.996 [INFO] Nuoc thu 8 (alphaZero): chon action=117, temp=1.0000, N(action)=4
11:52:42.998 [INFO] Nuoc thu 9 (Greedy): chon action=144, diem 100006.6
11:52:42.998 [INFO] ========== VAN (vs Greedy) KET THUC: nguoi thang la player 1 (AlphaZero la player 2), tong 9 nuoc ==========
11:52:43.405 [INFO] ========== BAT DAU VAN TU CHOI VOI GREEDY (board 15x15), AlphaZero la player 2 ==========
11:52:43.405 [INFO] Nuoc thu 1 (Greedy): chon action=112 (khai cuoc, o trung tam)
11:52:59.243 [INFO] Nuoc thu 2 (alphaZero): chon action=182, temp=1.0000, N(action)=6
11:52:59.245 [INFO] Nuoc thu 3 (Greedy): chon action=126, diem 106.6
11:53:14.384 [INFO] Nuoc thu 4 (alphaZero): chon action=187, temp=1.0000, N(action)=4
11:53:14.387 [INFO] Nuoc thu 5 (Greedy): chon action=140, diem 1006.6
11:53:30.224 [INFO] Nuoc thu 6 (alphaZero): chon action=152, temp=1.0000, N(action)=4
11:53:30.228 [INFO] Nuoc thu 7 (Greedy): chon action=154, diem 10006.6
11:53:45.724 [INFO] Nuoc thu 8 (alphaZero): chon action=211, temp=1.0000, N(action)=4
11:53:45.728 [INFO] Nuoc thu 9 (Greedy): chon action=168, diem 100103.8
11:53:45.728 [INFO] ========== VAN (vs Greedy) KET THUC: nguoi thang la player 1 (AlphaZero la player 2), tong 9 nuoc ==========
11:53:46.109 [INFO] ========== BAT DAU VAN TU CHOI VOI GREEDY (board 15x15), AlphaZero la player 1 ==========
11:54:02.008 [INFO] Nuoc thu 1 (alphaZero): chon action=59, temp=1.0000, N(action)=3
11:54:02.010 [INFO] Nuoc thu 2 (Greedy): chon action=44, diem 96.7
11:54:17.567 [INFO] Nuoc thu 3 (alphaZero): chon action=191, temp=1.0000, N(action)=17
11:54:17.569 [INFO] Nuoc thu 4 (Greedy): chon action=205, diem 96.7
11:54:32.553 [INFO] Nuoc thu 5 (alphaZero): chon action=68, temp=1.0000, N(action)=7
11:54:32.554 [INFO] Nuoc thu 6 (Greedy): chon action=206, diem 195.7
11:54:47.755 [INFO] Nuoc thu 7 (alphaZero): chon action=128, temp=1.0000, N(action)=5
11:54:47.758 [INFO] Nuoc thu 8 (Greedy): chon action=207, diem 1095.7
11:55:03.308 [INFO] Nuoc thu 9 (alphaZero): chon action=65, temp=1.0000, N(action)=9
11:55:03.311 [INFO] Nuoc thu 10 (Greedy): chon action=204, diem 10006.6
11:55:18.519 [INFO] Nuoc thu 11 (alphaZero): chon action=23, temp=1.0000, N(action)=4
11:55:18.521 [INFO] Nuoc thu 12 (Greedy): chon action=208, diem 100006.6
11:55:18.521 [INFO] ========== VAN (vs Greedy) KET THUC: nguoi thang la player 2 (AlphaZero la player 1), tong 12 nuoc ==========
11:55:18.848 [INFO] ========== BAT DAU VAN TU CHOI VOI GREEDY (board 15x15), AlphaZero la player 1 ==========
11:55:34.450 [INFO] Nuoc thu 1 (alphaZero): chon action=158, temp=1.0000, N(action)=7
11:55:34.453 [INFO] Nuoc thu 2 (Greedy): chon action=172, diem 96.7
11:55:49.933 [INFO] Nuoc thu 3 (alphaZero): chon action=138, temp=1.0000, N(action)=4
11:55:49.935 [INFO] Nuoc thu 4 (Greedy): chon action=173, diem 195.7
11:56:05.162 [INFO] Nuoc thu 5 (alphaZero): chon action=151, temp=1.0000, N(action)=4
11:56:05.167 [INFO] Nuoc thu 6 (Greedy): chon action=174, diem 1095.7
11:56:20.399 [INFO] Nuoc thu 7 (alphaZero): chon action=87, temp=1.0000, N(action)=12
11:56:20.402 [INFO] Nuoc thu 8 (Greedy): chon action=171, diem 10006.6
11:56:36.105 [INFO] Nuoc thu 9 (alphaZero): chon action=219, temp=1.0000, N(action)=4
11:56:36.107 [INFO] Nuoc thu 10 (Greedy): chon action=175, diem 100006.6
11:56:36.107 [INFO] ========== VAN (vs Greedy) KET THUC: nguoi thang la player 2 (AlphaZero la player 1), tong 10 nuoc ==========
11:56:36.410 [INFO] ========== BAT DAU VAN TU CHOI VOI GREEDY (board 15x15), AlphaZero la player 2 ==========
11:56:36.412 [INFO] Nuoc thu 1 (Greedy): chon action=112 (khai cuoc, o trung tam)
11:56:51.880 [INFO] Nuoc thu 2 (alphaZero): chon action=153, temp=1.0000, N(action)=7
11:56:51.882 [INFO] Nuoc thu 3 (Greedy): chon action=111, diem 106.6
11:57:07.757 [INFO] Nuoc thu 4 (alphaZero): chon action=118, temp=1.0000, N(action)=3
11:57:07.759 [INFO] Nuoc thu 5 (Greedy): chon action=110, diem 1006.6
11:57:23.626 [INFO] Nuoc thu 6 (alphaZero): chon action=191, temp=1.0000, N(action)=5
11:57:23.629 [INFO] Nuoc thu 7 (Greedy): chon action=113, diem 10006.6
11:57:39.237 [INFO] Nuoc thu 8 (alphaZero): chon action=186, temp=1.0000, N(action)=4
11:57:39.240 [INFO] Nuoc thu 9 (Greedy): chon action=109, diem 100006.6
11:57:39.240 [INFO] ========== VAN (vs Greedy) KET THUC: nguoi thang la player 1 (AlphaZero la player 2), tong 9 nuoc ==========
11:57:39.627 [INFO] ========== BAT DAU VAN TU CHOI VOI GREEDY (board 15x15), AlphaZero la player 2 ==========
11:57:39.627 [INFO] Nuoc thu 1 (Greedy): chon action=112 (khai cuoc, o trung tam)
11:57:55.069 [INFO] Nuoc thu 2 (alphaZero): chon action=2, temp=1.0000, N(action)=4
11:57:55.071 [INFO] Nuoc thu 3 (Greedy): chon action=96, diem 106.6
11:58:10.696 [INFO] Nuoc thu 4 (alphaZero): chon action=223, temp=1.0000, N(action)=5
11:58:10.698 [INFO] Nuoc thu 5 (Greedy): chon action=128, diem 1006.6
11:58:26.034 [INFO] Nuoc thu 6 (alphaZero): chon action=192, temp=1.0000, N(action)=5
11:58:26.036 [INFO] Nuoc thu 7 (Greedy): chon action=80, diem 10006.6
11:58:41.483 [INFO] Nuoc thu 8 (alphaZero): chon action=212, temp=1.0000, N(action)=4
11:58:41.486 [INFO] Nuoc thu 9 (Greedy): chon action=64, diem 100006.6
11:58:41.487 [INFO] ========== VAN (vs Greedy) KET THUC: nguoi thang la player 1 (AlphaZero la player 2), tong 9 nuoc ==========
11:58:41.798 [INFO] ========== BAT DAU VAN TU CHOI VOI GREEDY (board 15x15), AlphaZero la player 2 ==========
11:58:41.798 [INFO] Nuoc thu 1 (Greedy): chon action=112 (khai cuoc, o trung tam)
11:58:57.130 [INFO] Nuoc thu 2 (alphaZero): chon action=148, temp=1.0000, N(action)=4
11:58:57.134 [INFO] Nuoc thu 3 (Greedy): chon action=111, diem 106.6
11:59:12.854 [INFO] Nuoc thu 4 (alphaZero): chon action=86, temp=1.0000, N(action)=8
11:59:12.856 [INFO] Nuoc thu 5 (Greedy): chon action=113, diem 1006.6
11:59:28.692 [INFO] Nuoc thu 6 (alphaZero): chon action=199, temp=1.0000, N(action)=4
11:59:28.694 [INFO] Nuoc thu 7 (Greedy): chon action=114, diem 10006.6
11:59:44.600 [INFO] Nuoc thu 8 (alphaZero): chon action=137, temp=1.0000, N(action)=7
11:59:44.602 [INFO] Nuoc thu 9 (Greedy): chon action=115, diem 100006.6
11:59:44.602 [INFO] ========== VAN (vs Greedy) KET THUC: nguoi thang la player 1 (AlphaZero la player 2), tong 9 nuoc ==========
11:59:44.876 [INFO] ========== BAT DAU VAN TU CHOI VOI GREEDY (board 15x15), AlphaZero la player 2 ==========
11:59:44.876 [INFO] Nuoc thu 1 (Greedy): chon action=112 (khai cuoc, o trung tam)
12:00:00.419 [INFO] Nuoc thu 2 (alphaZero): chon action=18, temp=1.0000, N(action)=3
12:00:00.422 [INFO] Nuoc thu 3 (Greedy): chon action=128, diem 106.6
12:00:16.015 [INFO] Nuoc thu 4 (alphaZero): chon action=222, temp=1.0000, N(action)=7
12:00:16.017 [INFO] Nuoc thu 5 (Greedy): chon action=144, diem 1006.6
12:00:31.729 [INFO] Nuoc thu 6 (alphaZero): chon action=19, temp=1.0000, N(action)=9
12:00:31.731 [INFO] Nuoc thu 7 (Greedy): chon action=160, diem 10006.6
12:00:47.427 [INFO] Nuoc thu 8 (alphaZero): chon action=108, temp=1.0000, N(action)=7
12:00:47.430 [INFO] Nuoc thu 9 (Greedy): chon action=176, diem 100006.6
12:00:47.430 [INFO] ========== VAN (vs Greedy) KET THUC: nguoi thang la player 1 (AlphaZero la player 2), tong 9 nuoc ==========
12:00:47.774 [INFO] ========== BAT DAU VAN TU CHOI VOI GREEDY (board 15x15), AlphaZero la player 2 ==========
12:00:47.774 [INFO] Nuoc thu 1 (Greedy): chon action=112 (khai cuoc, o trung tam)
12:01:03.345 [INFO] Nuoc thu 2 (alphaZero): chon action=117, temp=1.0000, N(action)=4
12:01:03.347 [INFO] Nuoc thu 3 (Greedy): chon action=126, diem 106.6
12:01:18.706 [INFO] Nuoc thu 4 (alphaZero): chon action=54, temp=1.0000, N(action)=18
12:01:18.709 [INFO] Nuoc thu 5 (Greedy): chon action=98, diem 1006.6
12:01:33.821 [INFO] Nuoc thu 6 (alphaZero): chon action=37, temp=1.0000, N(action)=4
12:01:33.823 [INFO] Nuoc thu 7 (Greedy): chon action=140, diem 10006.6
12:01:49.512 [INFO] Nuoc thu 8 (alphaZero): chon action=5, temp=1.0000, N(action)=4
12:01:49.516 [INFO] Nuoc thu 9 (Greedy): chon action=84, diem 100006.6
12:01:49.516 [INFO] ========== VAN (vs Greedy) KET THUC: nguoi thang la player 1 (AlphaZero la player 2), tong 9 nuoc ==========
12:01:49.871 [INFO] ========== BAT DAU VAN TU CHOI VOI GREEDY (board 15x15), AlphaZero la player 1 ==========
12:02:05.504 [INFO] Nuoc thu 1 (alphaZero): chon action=103, temp=1.0000, N(action)=11
12:02:05.508 [INFO] Nuoc thu 2 (Greedy): chon action=87, diem 96.7
12:02:21.615 [INFO] Nuoc thu 3 (alphaZero): chon action=129, temp=1.0000, N(action)=8
12:02:21.618 [INFO] Nuoc thu 4 (Greedy): chon action=88, diem 195.7
12:02:37.394 [INFO] Nuoc thu 5 (alphaZero): chon action=46, temp=1.0000, N(action)=4
12:02:37.396 [INFO] Nuoc thu 6 (Greedy): chon action=86, diem 1006.6
12:02:52.813 [INFO] Nuoc thu 7 (alphaZero): chon action=170, temp=1.0000, N(action)=4
12:02:52.815 [INFO] Nuoc thu 8 (Greedy): chon action=85, diem 10006.6
12:03:08.157 [INFO] Nuoc thu 9 (alphaZero): chon action=29, temp=1.0000, N(action)=6
12:03:08.159 [INFO] Nuoc thu 10 (Greedy): chon action=89, diem 100012.8
12:03:08.159 [INFO] ========== VAN (vs Greedy) KET THUC: nguoi thang la player 2 (AlphaZero la player 1), tong 10 nuoc ==========
12:03:08.448 [INFO] ========== BAT DAU VAN TU CHOI VOI GREEDY (board 15x15), AlphaZero la player 1 ==========
12:03:24.677 [INFO] Nuoc thu 1 (alphaZero): chon action=156, temp=1.0000, N(action)=4
12:03:24.679 [INFO] Nuoc thu 2 (Greedy): chon action=170, diem 96.7
12:03:40.237 [INFO] Nuoc thu 3 (alphaZero): chon action=6, temp=1.0000, N(action)=4
12:03:40.239 [INFO] Nuoc thu 4 (Greedy): chon action=155, diem 195.7
12:03:55.284 [INFO] Nuoc thu 5 (alphaZero): chon action=74, temp=1.0000, N(action)=3
12:03:55.288 [INFO] Nuoc thu 6 (Greedy): chon action=140, diem 1095.7
12:04:11.097 [INFO] Nuoc thu 7 (alphaZero): chon action=201, temp=1.0000, N(action)=4
12:04:11.104 [INFO] Nuoc thu 8 (Greedy): chon action=185, diem 10095.7
12:04:26.640 [INFO] Nuoc thu 9 (alphaZero): chon action=21, temp=1.0000, N(action)=4
12:04:26.643 [INFO] Nuoc thu 10 (Greedy): chon action=200, diem 100095.7
12:04:26.643 [INFO] ========== VAN (vs Greedy) KET THUC: nguoi thang la player 2 (AlphaZero la player 1), tong 10 nuoc ==========
12:04:26.988 [INFO] ========== BAT DAU VAN TU CHOI VOI GREEDY (board 15x15), AlphaZero la player 2 ==========
12:04:26.989 [INFO] Nuoc thu 1 (Greedy): chon action=112 (khai cuoc, o trung tam)
12:04:43.029 [INFO] Nuoc thu 2 (alphaZero): chon action=122, temp=1.0000, N(action)=3
12:04:43.031 [INFO] Nuoc thu 3 (Greedy): chon action=98, diem 106.6
12:04:58.354 [INFO] Nuoc thu 4 (alphaZero): chon action=101, temp=1.0000, N(action)=5
12:04:58.357 [INFO] Nuoc thu 5 (Greedy): chon action=84, diem 1006.6
12:05:13.877 [INFO] Nuoc thu 6 (alphaZero): chon action=91, temp=1.0000, N(action)=4
12:05:13.879 [INFO] Nuoc thu 7 (Greedy): chon action=70, diem 10006.6
12:05:29.139 [INFO] Nuoc thu 8 (alphaZero): chon action=105, temp=1.0000, N(action)=6
12:05:29.141 [INFO] Nuoc thu 9 (Greedy): chon action=56, diem 100006.6
12:05:29.141 [INFO] ========== VAN (vs Greedy) KET THUC: nguoi thang la player 1 (AlphaZero la player 2), tong 9 nuoc ==========
12:05:29.544 [INFO] ========== BAT DAU VAN TU CHOI VOI GREEDY (board 15x15), AlphaZero la player 1 ==========
12:05:45.243 [INFO] Nuoc thu 1 (alphaZero): chon action=87, temp=1.0000, N(action)=4
12:05:45.246 [INFO] Nuoc thu 2 (Greedy): chon action=101, diem 96.7
12:06:00.898 [INFO] Nuoc thu 3 (alphaZero): chon action=116, temp=1.0000, N(action)=4
12:06:00.901 [INFO] Nuoc thu 4 (Greedy): chon action=102, diem 284.8
12:06:16.441 [INFO] Nuoc thu 5 (alphaZero): chon action=83, temp=1.0000, N(action)=4
12:06:16.443 [INFO] Nuoc thu 6 (Greedy): chon action=100, diem 1095.7
12:06:31.905 [INFO] Nuoc thu 7 (alphaZero): chon action=49, temp=1.0000, N(action)=5
12:06:31.908 [INFO] Nuoc thu 8 (Greedy): chon action=99, diem 10095.7
12:06:47.724 [INFO] Nuoc thu 9 (alphaZero): chon action=121, temp=1.0000, N(action)=4
12:06:47.734 [INFO] Nuoc thu 10 (Greedy): chon action=98, diem 100095.7
12:06:47.735 [INFO] ========== VAN (vs Greedy) KET THUC: nguoi thang la player 2 (AlphaZero la player 1), tong 10 nuoc ==========
12:06:48.079 [INFO] ========== BAT DAU VAN TU CHOI VOI GREEDY (board 15x15), AlphaZero la player 1 ==========
12:07:03.605 [INFO] Nuoc thu 1 (alphaZero): chon action=63, temp=1.0000, N(action)=3
12:07:03.607 [INFO] Nuoc thu 2 (Greedy): chon action=49, diem 96.7
12:07:18.803 [INFO] Nuoc thu 3 (alphaZero): chon action=111, temp=1.0000, N(action)=4
12:07:18.806 [INFO] Nuoc thu 4 (Greedy): chon action=64, diem 195.7
12:07:34.305 [INFO] Nuoc thu 5 (alphaZero): chon action=93, temp=1.0000, N(action)=4
12:07:34.308 [INFO] Nuoc thu 6 (Greedy): chon action=79, diem 1184.8
12:07:49.713 [INFO] Nuoc thu 7 (alphaZero): chon action=107, temp=1.0000, N(action)=4
12:07:49.715 [INFO] Nuoc thu 8 (Greedy): chon action=94, diem 10095.7
12:08:05.453 [INFO] Nuoc thu 9 (alphaZero): chon action=82, temp=1.0000, N(action)=4
12:08:05.455 [INFO] Nuoc thu 10 (Greedy): chon action=109, diem 100095.7
12:08:05.455 [INFO] ========== VAN (vs Greedy) KET THUC: nguoi thang la player 2 (AlphaZero la player 1), tong 10 nuoc ==========
12:08:05.866 [INFO] ========== BAT DAU VAN TU CHOI VOI GREEDY (board 15x15), AlphaZero la player 2 ==========
12:08:05.867 [INFO] Nuoc thu 1 (Greedy): chon action=112 (khai cuoc, o trung tam)
12:08:21.551 [INFO] Nuoc thu 2 (alphaZero): chon action=212, temp=1.0000, N(action)=8
12:08:21.554 [INFO] Nuoc thu 3 (Greedy): chon action=126, diem 106.6
12:08:37.168 [INFO] Nuoc thu 4 (alphaZero): chon action=65, temp=1.0000, N(action)=4
12:08:37.172 [INFO] Nuoc thu 5 (Greedy): chon action=98, diem 1006.6
12:08:52.646 [INFO] Nuoc thu 6 (alphaZero): chon action=171, temp=1.0000, N(action)=8
12:08:52.648 [INFO] Nuoc thu 7 (Greedy): chon action=84, diem 10006.6
12:09:08.076 [INFO] Nuoc thu 8 (alphaZero): chon action=74, temp=1.0000, N(action)=4
12:09:08.078 [INFO] Nuoc thu 9 (Greedy): chon action=140, diem 100006.6
12:09:08.078 [INFO] ========== VAN (vs Greedy) KET THUC: nguoi thang la player 1 (AlphaZero la player 2), tong 9 nuoc ==========
12:09:08.408 [INFO] ========== BAT DAU VAN TU CHOI VOI GREEDY (board 15x15), AlphaZero la player 2 ==========
12:09:08.408 [INFO] Nuoc thu 1 (Greedy): chon action=112 (khai cuoc, o trung tam)
12:09:23.881 [INFO] Nuoc thu 2 (alphaZero): chon action=201, temp=1.0000, N(action)=6
12:09:23.883 [INFO] Nuoc thu 3 (Greedy): chon action=97, diem 106.6
12:09:39.552 [INFO] Nuoc thu 4 (alphaZero): chon action=92, temp=1.0000, N(action)=6
12:09:39.554 [INFO] Nuoc thu 5 (Greedy): chon action=127, diem 1006.6
12:09:55.181 [INFO] Nuoc thu 6 (alphaZero): chon action=199, temp=1.0000, N(action)=4
12:09:55.184 [INFO] Nuoc thu 7 (Greedy): chon action=142, diem 10006.6
12:10:10.800 [INFO] Nuoc thu 8 (alphaZero): chon action=135, temp=1.0000, N(action)=14
12:10:10.803 [INFO] Nuoc thu 9 (Greedy): chon action=157, diem 100006.6
12:10:10.803 [INFO] ========== VAN (vs Greedy) KET THUC: nguoi thang la player 1 (AlphaZero la player 2), tong 9 nuoc ==========
12:10:11.144 [INFO] ========== BAT DAU VAN TU CHOI VOI GREEDY (board 15x15), AlphaZero la player 2 ==========
12:10:11.145 [INFO] Nuoc thu 1 (Greedy): chon action=112 (khai cuoc, o trung tam)
12:10:26.877 [INFO] Nuoc thu 2 (alphaZero): chon action=109, temp=1.0000, N(action)=4
12:10:26.879 [INFO] Nuoc thu 3 (Greedy): chon action=98, diem 106.6
12:10:42.546 [INFO] Nuoc thu 4 (alphaZero): chon action=7, temp=1.0000, N(action)=4
12:10:42.548 [INFO] Nuoc thu 5 (Greedy): chon action=126, diem 1006.6
12:10:58.116 [INFO] Nuoc thu 6 (alphaZero): chon action=104, temp=1.0000, N(action)=4
12:10:58.122 [INFO] Nuoc thu 7 (Greedy): chon action=140, diem 10006.6
12:11:13.228 [INFO] Nuoc thu 8 (alphaZero): chon action=223, temp=1.0000, N(action)=8
12:11:13.231 [INFO] Nuoc thu 9 (Greedy): chon action=84, diem 100006.6
12:11:13.231 [INFO] ========== VAN (vs Greedy) KET THUC: nguoi thang la player 1 (AlphaZero la player 2), tong 9 nuoc ==========
12:11:13.575 [INFO] ========== BAT DAU VAN TU CHOI VOI GREEDY (board 15x15), AlphaZero la player 1 ==========
12:11:29.128 [INFO] Nuoc thu 1 (alphaZero): chon action=167, temp=1.0000, N(action)=4
12:11:29.130 [INFO] Nuoc thu 2 (Greedy): chon action=153, diem 96.7
12:11:44.240 [INFO] Nuoc thu 3 (alphaZero): chon action=201, temp=1.0000, N(action)=4
12:11:44.244 [INFO] Nuoc thu 4 (Greedy): chon action=152, diem 195.7
12:11:59.907 [INFO] Nuoc thu 5 (alphaZero): chon action=149, temp=1.0000, N(action)=4
12:11:59.909 [INFO] Nuoc thu 6 (Greedy): chon action=151, diem 1095.7
12:12:15.769 [INFO] Nuoc thu 7 (alphaZero): chon action=80, temp=1.0000, N(action)=3
12:12:15.771 [INFO] Nuoc thu 8 (Greedy): chon action=154, diem 10006.6
12:12:31.142 [INFO] Nuoc thu 9 (alphaZero): chon action=193, temp=1.0000, N(action)=7
12:12:31.145 [INFO] Nuoc thu 10 (Greedy): chon action=155, diem 100006.6
12:12:31.145 [INFO] ========== VAN (vs Greedy) KET THUC: nguoi thang la player 2 (AlphaZero la player 1), tong 10 nuoc ==========
12:12:31.474 [INFO] ========== BAT DAU VAN TU CHOI VOI GREEDY (board 15x15), AlphaZero la player 1 ==========
12:12:47.489 [INFO] Nuoc thu 1 (alphaZero): chon action=67, temp=1.0000, N(action)=4
12:12:47.493 [INFO] Nuoc thu 2 (Greedy): chon action=82, diem 96.7
12:13:03.190 [INFO] Nuoc thu 3 (alphaZero): chon action=86, temp=1.0000, N(action)=11
12:13:03.193 [INFO] Nuoc thu 4 (Greedy): chon action=68, diem 195.7
12:13:18.264 [INFO] Nuoc thu 5 (alphaZero): chon action=177, temp=1.0000, N(action)=5
12:13:18.266 [INFO] Nuoc thu 6 (Greedy): chon action=96, diem 1006.6
12:13:33.600 [INFO] Nuoc thu 7 (alphaZero): chon action=213, temp=1.0000, N(action)=4
12:13:33.602 [INFO] Nuoc thu 8 (Greedy): chon action=54, diem 10006.6
12:13:49.347 [INFO] Nuoc thu 9 (alphaZero): chon action=123, temp=1.0000, N(action)=3
12:13:49.350 [INFO] Nuoc thu 10 (Greedy): chon action=110, diem 100006.6
12:13:49.350 [INFO] ========== VAN (vs Greedy) KET THUC: nguoi thang la player 2 (AlphaZero la player 1), tong 10 nuoc ==========
12:13:49.635 [INFO] ========== BAT DAU VAN TU CHOI VOI GREEDY (board 15x15), AlphaZero la player 1 ==========
12:14:05.174 [INFO] Nuoc thu 1 (alphaZero): chon action=92, temp=1.0000, N(action)=4
12:14:05.175 [INFO] Nuoc thu 2 (Greedy): chon action=77, diem 96.7
12:14:21.292 [INFO] Nuoc thu 3 (alphaZero): chon action=67, temp=1.0000, N(action)=9
12:14:21.297 [INFO] Nuoc thu 4 (Greedy): chon action=76, diem 195.7
12:14:36.582 [INFO] Nuoc thu 5 (alphaZero): chon action=196, temp=1.0000, N(action)=3
12:14:36.585 [INFO] Nuoc thu 6 (Greedy): chon action=78, diem 1095.7
12:14:52.580 [INFO] Nuoc thu 7 (alphaZero): chon action=54, temp=1.0000, N(action)=11
12:14:52.583 [INFO] Nuoc thu 8 (Greedy): chon action=79, diem 10006.6
12:15:07.906 [INFO] Nuoc thu 9 (alphaZero): chon action=10, temp=1.0000, N(action)=4
12:15:07.909 [INFO] Nuoc thu 10 (Greedy): chon action=80, diem 100006.6
12:15:07.909 [INFO] ========== VAN (vs Greedy) KET THUC: nguoi thang la player 2 (AlphaZero la player 1), tong 10 nuoc ==========
12:15:08.208 [INFO] ========== BAT DAU VAN TU CHOI VOI GREEDY (board 15x15), AlphaZero la player 2 ==========
12:15:08.208 [INFO] Nuoc thu 1 (Greedy): chon action=112 (khai cuoc, o trung tam)
12:15:23.647 [INFO] Nuoc thu 2 (alphaZero): chon action=58, temp=1.0000, N(action)=6
12:15:23.657 [INFO] Nuoc thu 3 (Greedy): chon action=111, diem 106.6
12:15:39.176 [INFO] Nuoc thu 4 (alphaZero): chon action=224, temp=1.0000, N(action)=6
12:15:39.178 [INFO] Nuoc thu 5 (Greedy): chon action=113, diem 1006.6
12:15:55.004 [INFO] Nuoc thu 6 (alphaZero): chon action=69, temp=1.0000, N(action)=3
12:15:55.008 [INFO] Nuoc thu 7 (Greedy): chon action=114, diem 10006.6
12:16:10.869 [INFO] Nuoc thu 8 (alphaZero): chon action=23, temp=1.0000, N(action)=7
12:16:10.871 [INFO] Nuoc thu 9 (Greedy): chon action=115, diem 100006.6
12:16:10.871 [INFO] ========== VAN (vs Greedy) KET THUC: nguoi thang la player 1 (AlphaZero la player 2), tong 9 nuoc ==========
12:16:11.182 [INFO] ========== BAT DAU VAN TU CHOI VOI GREEDY (board 15x15), AlphaZero la player 2 ==========
12:16:11.183 [INFO] Nuoc thu 1 (Greedy): chon action=112 (khai cuoc, o trung tam)
12:16:27.030 [INFO] Nuoc thu 2 (alphaZero): chon action=99, temp=1.0000, N(action)=6
12:16:27.032 [INFO] Nuoc thu 3 (Greedy): chon action=113, diem 195.7
12:16:42.422 [INFO] Nuoc thu 4 (alphaZero): chon action=149, temp=1.0000, N(action)=11
12:16:42.425 [INFO] Nuoc thu 5 (Greedy): chon action=114, diem 1095.7
12:16:58.045 [INFO] Nuoc thu 6 (alphaZero): chon action=173, temp=1.0000, N(action)=4
12:16:58.048 [INFO] Nuoc thu 7 (Greedy): chon action=115, diem 10095.7
12:17:13.546 [INFO] Nuoc thu 8 (alphaZero): chon action=182, temp=1.0000, N(action)=4
12:17:13.549 [INFO] Nuoc thu 9 (Greedy): chon action=116, diem 100006.6
12:17:13.549 [INFO] ========== VAN (vs Greedy) KET THUC: nguoi thang la player 1 (AlphaZero la player 2), tong 9 nuoc ==========
12:17:13.861 [INFO] ========== BAT DAU VAN TU CHOI VOI GREEDY (board 15x15), AlphaZero la player 2 ==========
12:17:13.861 [INFO] Nuoc thu 1 (Greedy): chon action=112 (khai cuoc, o trung tam)
12:17:29.624 [INFO] Nuoc thu 2 (alphaZero): chon action=151, temp=1.0000, N(action)=4
12:17:29.625 [INFO] Nuoc thu 3 (Greedy): chon action=113, diem 106.6
12:17:45.459 [INFO] Nuoc thu 4 (alphaZero): chon action=218, temp=1.0000, N(action)=4
12:17:45.463 [INFO] Nuoc thu 5 (Greedy): chon action=111, diem 1006.6
12:17:59.789 [INFO] Nuoc thu 6 (alphaZero): chon action=118, temp=1.0000, N(action)=5
12:17:59.793 [INFO] Nuoc thu 7 (Greedy): chon action=114, diem 10006.6
12:18:12.975 [INFO] Nuoc thu 8 (alphaZero): chon action=4, temp=1.0000, N(action)=3
12:18:12.977 [INFO] Nuoc thu 9 (Greedy): chon action=115, diem 100006.6
12:18:12.977 [INFO] ========== VAN (vs Greedy) KET THUC: nguoi thang la player 1 (AlphaZero la player 2), tong 9 nuoc ==========
12:18:13.238 [INFO] ========== BAT DAU VAN TU CHOI VOI GREEDY (board 15x15), AlphaZero la player 1 ==========
12:18:26.608 [INFO] Nuoc thu 1 (alphaZero): chon action=153, temp=1.0000, N(action)=4
12:18:26.610 [INFO] Nuoc thu 2 (Greedy): chon action=154, diem 96.7
12:18:39.198 [INFO] Nuoc thu 3 (alphaZero): chon action=138, temp=1.0000, N(action)=4
12:18:39.200 [INFO] Nuoc thu 4 (Greedy): chon action=168, diem 1005.7
12:18:50.335 [INFO] Nuoc thu 5 (alphaZero): chon action=199, temp=1.0000, N(action)=4
12:18:50.339 [INFO] Nuoc thu 6 (Greedy): chon action=182, diem 1006.6
12:19:01.241 [INFO] Nuoc thu 7 (alphaZero): chon action=196, temp=1.0000, N(action)=7
12:19:01.243 [INFO] Nuoc thu 8 (Greedy): chon action=140, diem 1006.6
12:19:12.354 [INFO] Nuoc thu 9 (alphaZero): chon action=14, temp=1.0000, N(action)=4
12:19:12.363 [INFO] Nuoc thu 10 (Greedy): chon action=126, diem 100006.6
12:19:12.364 [INFO] ========== VAN (vs Greedy) KET THUC: nguoi thang la player 2 (AlphaZero la player 1), tong 10 nuoc ==========
12:19:12.585 [INFO] ========== BAT DAU VAN TU CHOI VOI GREEDY (board 15x15), AlphaZero la player 2 ==========
12:19:12.585 [INFO] Nuoc thu 1 (Greedy): chon action=112 (khai cuoc, o trung tam)
12:19:23.706 [INFO] Nuoc thu 2 (alphaZero): chon action=151, temp=1.0000, N(action)=11
12:19:23.714 [INFO] Nuoc thu 3 (Greedy): chon action=111, diem 106.6
12:19:34.699 [INFO] Nuoc thu 4 (alphaZero): chon action=78, temp=1.0000, N(action)=4
12:19:34.701 [INFO] Nuoc thu 5 (Greedy): chon action=110, diem 1006.6
12:19:45.556 [INFO] Nuoc thu 6 (alphaZero): chon action=224, temp=1.0000, N(action)=4
12:19:45.558 [INFO] Nuoc thu 7 (Greedy): chon action=113, diem 10006.6
12:19:56.522 [INFO] Nuoc thu 8 (alphaZero): chon action=23, temp=1.0000, N(action)=25
12:19:56.524 [INFO] Nuoc thu 9 (Greedy): chon action=109, diem 100006.6
12:19:56.525 [INFO] ========== VAN (vs Greedy) KET THUC: nguoi thang la player 1 (AlphaZero la player 2), tong 9 nuoc ==========
12:19:56.734 [INFO] ========== BAT DAU VAN TU CHOI VOI GREEDY (board 15x15), AlphaZero la player 1 ==========
12:20:07.967 [INFO] Nuoc thu 1 (alphaZero): chon action=26, temp=1.0000, N(action)=6
12:20:07.969 [INFO] Nuoc thu 2 (Greedy): chon action=42, diem 96.7
12:20:19.305 [INFO] Nuoc thu 3 (alphaZero): chon action=197, temp=1.0000, N(action)=4
12:20:19.307 [INFO] Nuoc thu 4 (Greedy): chon action=27, diem 195.7
12:20:30.263 [INFO] Nuoc thu 5 (alphaZero): chon action=120, temp=1.0000, N(action)=3
12:20:30.265 [INFO] Nuoc thu 6 (Greedy): chon action=57, diem 1006.6
12:20:41.462 [INFO] Nuoc thu 7 (alphaZero): chon action=188, temp=1.0000, N(action)=4
12:20:41.465 [INFO] Nuoc thu 8 (Greedy): chon action=72, diem 10006.6
12:20:52.528 [INFO] Nuoc thu 9 (alphaZero): chon action=2, temp=1.0000, N(action)=4
12:20:52.530 [INFO] Nuoc thu 10 (Greedy): chon action=12, diem 100012.8
12:20:52.530 [INFO] ========== VAN (vs Greedy) KET THUC: nguoi thang la player 2 (AlphaZero la player 1), tong 10 nuoc ==========
12:20:52.732 [INFO] ========== BAT DAU VAN TU CHOI VOI GREEDY (board 15x15), AlphaZero la player 2 ==========
12:20:52.732 [INFO] Nuoc thu 1 (Greedy): chon action=112 (khai cuoc, o trung tam)
12:21:04.391 [INFO] Nuoc thu 2 (alphaZero): chon action=214, temp=1.0000, N(action)=12
12:21:04.394 [INFO] Nuoc thu 3 (Greedy): chon action=97, diem 106.6
12:21:16.056 [INFO] Nuoc thu 4 (alphaZero): chon action=83, temp=1.0000, N(action)=5
12:21:16.058 [INFO] Nuoc thu 5 (Greedy): chon action=82, diem 1095.7
12:21:27.710 [INFO] Nuoc thu 6 (alphaZero): chon action=5, temp=1.0000, N(action)=4
12:21:27.712 [INFO] Nuoc thu 7 (Greedy): chon action=67, diem 10095.7
12:21:39.149 [INFO] Nuoc thu 8 (alphaZero): chon action=110, temp=1.0000, N(action)=4
12:21:39.151 [INFO] Nuoc thu 9 (Greedy): chon action=127, diem 100006.6
12:21:39.151 [INFO] ========== VAN (vs Greedy) KET THUC: nguoi thang la player 1 (AlphaZero la player 2), tong 9 nuoc ==========
12:21:39.365 [INFO] ========== BAT DAU VAN TU CHOI VOI GREEDY (board 15x15), AlphaZero la player 2 ==========
12:21:39.365 [INFO] Nuoc thu 1 (Greedy): chon action=112 (khai cuoc, o trung tam)
12:21:50.929 [INFO] Nuoc thu 2 (alphaZero): chon action=53, temp=1.0000, N(action)=7
12:21:50.931 [INFO] Nuoc thu 3 (Greedy): chon action=96, diem 106.6
12:22:02.647 [INFO] Nuoc thu 4 (alphaZero): chon action=180, temp=1.0000, N(action)=3
12:22:02.650 [INFO] Nuoc thu 5 (Greedy): chon action=80, diem 1006.6
12:22:13.797 [INFO] Nuoc thu 6 (alphaZero): chon action=128, temp=1.0000, N(action)=3
12:22:13.800 [INFO] Nuoc thu 7 (Greedy): chon action=64, diem 1006.6
12:22:25.146 [INFO] Nuoc thu 8 (alphaZero): chon action=87, temp=1.0000, N(action)=4
12:22:25.148 [INFO] Nuoc thu 9 (Greedy): chon action=48, diem 100006.6
12:22:25.148 [INFO] ========== VAN (vs Greedy) KET THUC: nguoi thang la player 1 (AlphaZero la player 2), tong 9 nuoc ==========
