18:07:06.906 [INFO] ========== BAT DAU VAN TU CHOI VOI GREEDY (board 15x15), AlphaZero la player 1 ==========
18:07:25.805 [INFO] Nuoc thu 1 (alphaZero): chon action=35, temp=1.0000, N(action)=6
18:07:25.810 [INFO] Nuoc thu 2 (Greedy): chon action=20, diem 96.7
18:07:41.645 [INFO] Nuoc thu 3 (alphaZero): chon action=61, temp=1.0000, N(action)=6
18:07:41.647 [INFO] Nuoc thu 4 (Greedy): chon action=19, diem 195.7
18:07:57.507 [INFO] Nuoc thu 5 (alphaZero): chon action=203, temp=1.0000, N(action)=6
18:07:57.510 [INFO] Nuoc thu 6 (Greedy): chon action=21, diem 1095.7
18:08:14.016 [INFO] Nuoc thu 7 (alphaZero): chon action=24, temp=1.0000, N(action)=4
18:08:14.025 [INFO] Nuoc thu 8 (Greedy): chon action=22, diem 10006.6
18:08:30.637 [INFO] Nuoc thu 9 (alphaZero): chon action=199, temp=1.0000, N(action)=6
18:08:30.640 [INFO] Nuoc thu 10 (Greedy): chon action=23, diem 100014.7
18:08:30.640 [INFO] ========== VAN (vs Greedy) KET THUC: nguoi thang la player 2 (AlphaZero la player 1), tong 10 nuoc ==========
18:08:31.006 [INFO] ========== BAT DAU VAN TU CHOI VOI GREEDY (board 15x15), AlphaZero la player 2 ==========
18:08:31.006 [INFO] Nuoc thu 1 (Greedy): chon action=112 (khai cuoc, o trung tam)
18:08:47.694 [INFO] Nuoc thu 2 (alphaZero): chon action=116, temp=1.0000, N(action)=4
18:08:47.698 [INFO] Nuoc thu 3 (Greedy): chon action=96, diem 106.6
18:09:04.357 [INFO] Nuoc thu 4 (alphaZero): chon action=113, temp=1.0000, N(action)=4
18:09:04.360 [INFO] Nuoc thu 5 (Greedy): chon action=128, diem 1095.7
18:09:20.762 [INFO] Nuoc thu 6 (alphaZero): chon action=214, temp=1.0000, N(action)=4
18:09:20.765 [INFO] Nuoc thu 7 (Greedy): chon action=80, diem 10006.6
18:09:37.150 [INFO] Nuoc thu 8 (alphaZero): chon action=1, temp=1.0000, N(action)=10
18:09:37.152 [INFO] Nuoc thu 9 (Greedy): chon action=64, diem 100006.6
18:09:37.152 [INFO] ========== VAN (vs Greedy) KET THUC: nguoi thang la player 1 (AlphaZero la player 2), tong 9 nuoc ==========
18:09:37.550 [INFO] ========== BAT DAU VAN TU CHOI VOI GREEDY (board 15x15), AlphaZero la player 1 ==========
18:09:53.897 [INFO] Nuoc thu 1 (alphaZero): chon action=146, temp=1.0000, N(action)=4
18:09:53.900 [INFO] Nuoc thu 2 (Greedy): chon action=132, diem 96.7
18:10:10.533 [INFO] Nuoc thu 3 (alphaZero): chon action=207, temp=1.0000, N(action)=4
18:10:10.536 [INFO] Nuoc thu 4 (Greedy): chon action=131, diem 195.7
18:10:26.392 [INFO] Nuoc thu 5 (alphaZero): chon action=69, temp=1.0000, N(action)=4
18:10:26.394 [INFO] Nuoc thu 6 (Greedy): chon action=130, diem 1095.7
18:10:42.428 [INFO] Nuoc thu 7 (alphaZero): chon action=161, temp=1.0000, N(action)=4
18:10:42.430 [INFO] Nuoc thu 8 (Greedy): chon action=133, diem 10006.6
18:10:58.128 [INFO] Nuoc thu 9 (alphaZero): chon action=0, temp=1.0000, N(action)=4
18:10:58.132 [INFO] Nuoc thu 10 (Greedy): chon action=129, diem 100006.6
18:10:58.132 [INFO] ========== VAN (vs Greedy) KET THUC: nguoi thang la player 2 (AlphaZero la player 1), tong 10 nuoc ==========
18:10:58.502 [INFO] ========== BAT DAU VAN TU CHOI VOI GREEDY (board 15x15), AlphaZero la player 1 ==========
18:11:14.526 [INFO] Nuoc thu 1 (alphaZero): chon action=71, temp=1.0000, N(action)=4
18:11:14.528 [INFO] Nuoc thu 2 (Greedy): chon action=56, diem 96.7
18:11:30.147 [INFO] Nuoc thu 3 (alphaZero): chon action=218, temp=1.0000, N(action)=4
18:11:30.150 [INFO] Nuoc thu 4 (Greedy): chon action=55, diem 195.7
18:11:46.192 [INFO] Nuoc thu 5 (alphaZero): chon action=120, temp=1.0000, N(action)=4
18:11:46.194 [INFO] Nuoc thu 6 (Greedy): chon action=57, diem 1095.7
18:12:02.165 [INFO] Nuoc thu 7 (alphaZero): chon action=110, temp=1.0000, N(action)=4
18:12:02.168 [INFO] Nuoc thu 8 (Greedy): chon action=58, diem 10006.6
18:12:18.152 [INFO] Nuoc thu 9 (alphaZero): chon action=18, temp=1.0000, N(action)=4
18:12:18.155 [INFO] Nuoc thu 10 (Greedy): chon action=54, diem 100006.6
18:12:18.155 [INFO] ========== VAN (vs Greedy) KET THUC: nguoi thang la player 2 (AlphaZero la player 1), tong 10 nuoc ==========
18:12:18.492 [INFO] ========== BAT DAU VAN TU CHOI VOI GREEDY (board 15x15), AlphaZero la player 2 ==========
18:12:18.492 [INFO] Nuoc thu 1 (Greedy): chon action=112 (khai cuoc, o trung tam)
18:12:34.399 [INFO] Nuoc thu 2 (alphaZero): chon action=68, temp=1.0000, N(action)=4
18:12:34.401 [INFO] Nuoc thu 3 (Greedy): chon action=111, diem 106.6
18:12:50.415 [INFO] Nuoc thu 4 (alphaZero): chon action=171, temp=1.0000, N(action)=4
18:12:50.419 [INFO] Nuoc thu 5 (Greedy): chon action=113, diem 1006.6
18:13:06.560 [INFO] Nuoc thu 6 (alphaZero): chon action=115, temp=1.0000, N(action)=4
18:13:06.562 [INFO] Nuoc thu 7 (Greedy): chon action=110, diem 10006.6
18:13:22.247 [INFO] Nuoc thu 8 (alphaZero): chon action=63, temp=1.0000, N(action)=6
18:13:22.249 [INFO] Nuoc thu 9 (Greedy): chon action=114, diem 100014.7
18:13:22.249 [INFO] ========== VAN (vs Greedy) KET THUC: nguoi thang la player 1 (AlphaZero la player 2), tong 9 nuoc ==========
18:13:22.590 [INFO] ========== BAT DAU VAN TU CHOI VOI GREEDY (board 15x15), AlphaZero la player 2 ==========
18:13:22.591 [INFO] Nuoc thu 1 (Greedy): chon action=112 (khai cuoc, o trung tam)
18:13:38.544 [INFO] Nuoc thu 2 (alphaZero): chon action=168, temp=1.0000, N(action)=4
18:13:38.546 [INFO] Nuoc thu 3 (Greedy): chon action=127, diem 106.6
18:13:54.479 [INFO] Nuoc thu 4 (alphaZero): chon action=41, temp=1.0000, N(action)=4
18:13:54.483 [INFO] Nuoc thu 5 (Greedy): chon action=142, diem 1006.6
18:14:10.272 [INFO] Nuoc thu 6 (alphaZero): chon action=123, temp=1.0000, N(action)=6
18:14:10.274 [INFO] Nuoc thu 7 (Greedy): chon action=157, diem 10006.6
18:14:25.973 [INFO] Nuoc thu 8 (alphaZero): chon action=214, temp=1.0000, N(action)=4
18:14:25.975 [INFO] Nuoc thu 9 (Greedy): chon action=172, diem 100006.6
18:14:25.975 [INFO] ========== VAN (vs Greedy) KET THUC: nguoi thang la player 1 (AlphaZero la player 2), tong 9 nuoc ==========
18:14:26.328 [INFO] ========== BAT DAU VAN TU CHOI VOI GREEDY (board 15x15), AlphaZero la player 2 ==========
18:14:26.328 [INFO] Nuoc thu 1 (Greedy): chon action=112 (khai cuoc, o trung tam)
18:14:41.845 [INFO] Nuoc thu 2 (alphaZero): chon action=181, temp=1.0000, N(action)=4
18:14:41.846 [INFO] Nuoc thu 3 (Greedy): chon action=97, diem 106.6
18:14:57.886 [INFO] Nuoc thu 4 (alphaZero): chon action=120, temp=1.0000, N(action)=4
18:14:57.889 [INFO] Nuoc thu 5 (Greedy): chon action=127, diem 1006.6
18:15:13.512 [INFO] Nuoc thu 6 (alphaZero): chon action=11, temp=1.0000, N(action)=4
18:15:13.515 [INFO] Nuoc thu 7 (Greedy): chon action=82, diem 10006.6
18:15:29.408 [INFO] Nuoc thu 8 (alphaZero): chon action=136, temp=1.0000, N(action)=12
18:15:29.412 [INFO] Nuoc thu 9 (Greedy): chon action=142, diem 100006.6
18:15:29.412 [INFO] ========== VAN (vs Greedy) KET THUC: nguoi thang la player 1 (AlphaZero la player 2), tong 9 nuoc ==========
18:15:29.791 [INFO] ========== BAT DAU VAN TU CHOI VOI GREEDY (board 15x15), AlphaZero la player 2 ==========
18:15:29.792 [INFO] Nuoc thu 1 (Greedy): chon action=112 (khai cuoc, o trung tam)
18:15:46.167 [INFO] Nuoc thu 2 (alphaZero): chon action=28, temp=1.0000, N(action)=4
18:15:46.169 [INFO] Nuoc thu 3 (Greedy): chon action=127, diem 106.6
18:16:01.799 [INFO] Nuoc thu 4 (alphaZero): chon action=58, temp=1.0000, N(action)=4
18:16:01.802 [INFO] Nuoc thu 5 (Greedy): chon action=97, diem 1006.6
18:16:17.524 [INFO] Nuoc thu 6 (alphaZero): chon action=11, temp=1.0000, N(action)=4
18:16:17.526 [INFO] Nuoc thu 7 (Greedy): chon action=82, diem 10006.6
18:16:33.211 [INFO] Nuoc thu 8 (alphaZero): chon action=213, temp=1.0000, N(action)=4
18:16:33.213 [INFO] Nuoc thu 9 (Greedy): chon action=67, diem 100006.6
18:16:33.214 [INFO] ========== VAN (vs Greedy) KET THUC: nguoi thang la player 1 (AlphaZero la player 2), tong 9 nuoc ==========
18:16:33.551 [INFO] ========== BAT DAU VAN TU CHOI VOI GREEDY (board 15x15), AlphaZero la player 2 ==========
18:16:33.551 [INFO] Nuoc thu 1 (Greedy): chon action=112 (khai cuoc, o trung tam)
18:16:49.629 [INFO] Nuoc thu 2 (alphaZero): chon action=94, temp=1.0000, N(action)=6
18:16:49.631 [INFO] Nuoc thu 3 (Greedy): chon action=111, diem 106.6
18:17:05.543 [INFO] Nuoc thu 4 (alphaZero): chon action=177, temp=1.0000, N(action)=4
18:17:05.546 [INFO] Nuoc thu 5 (Greedy): chon action=110, diem 1095.7
18:17:21.399 [INFO] Nuoc thu 6 (alphaZero): chon action=180, temp=1.0000, N(action)=4
18:17:21.401 [INFO] Nuoc thu 7 (Greedy): chon action=109, diem 10095.7
18:17:37.407 [INFO] Nuoc thu 8 (alphaZero): chon action=44, temp=1.0000, N(action)=4
18:17:37.411 [INFO] Nuoc thu 9 (Greedy): chon action=108, diem 100095.7
18:17:37.411 [INFO] ========== VAN (vs Greedy) KET THUC: nguoi thang la player 1 (AlphaZero la player 2), tong 9 nuoc ==========
18:17:37.792 [INFO] ========== BAT DAU VAN TU CHOI VOI GREEDY (board 15x15), AlphaZero la player 1 ==========
18:17:53.195 [INFO] Nuoc thu 1 (alphaZero): chon action=57, temp=1.0000, N(action)=4
18:17:53.197 [INFO] Nuoc thu 2 (Greedy): chon action=43, diem 96.7
18:18:08.931 [INFO] Nuoc thu 3 (alphaZero): chon action=0, temp=1.0000, N(action)=4
18:18:08.934 [INFO] Nuoc thu 4 (Greedy): chon action=42, diem 195.7
18:18:25.172 [INFO] Nuoc thu 5 (alphaZero): chon action=85, temp=1.0000, N(action)=2
18:18:25.176 [INFO] Nuoc thu 6 (Greedy): chon action=41, diem 1095.7
18:18:41.077 [INFO] Nuoc thu 7 (alphaZero): chon action=111, temp=1.0000, N(action)=10
18:18:41.080 [INFO] Nuoc thu 8 (Greedy): chon action=40, diem 10006.6
18:18:56.567 [INFO] Nuoc thu 9 (alphaZero): chon action=88, temp=1.0000, N(action)=6
18:18:56.570 [INFO] Nuoc thu 10 (Greedy): chon action=39, diem 100006.6
18:18:56.570 [INFO] ========== VAN (vs Greedy) KET THUC: nguoi thang la player 2 (AlphaZero la player 1), tong 10 nuoc ==========
18:18:57.012 [INFO] ========== BAT DAU VAN TU CHOI VOI GREEDY (board 15x15), AlphaZero la player 1 ==========
18:19:13.002 [INFO] Nuoc thu 1 (alphaZero): chon action=172, temp=1.0000, N(action)=4
18:19:13.004 [INFO] Nuoc thu 2 (Greedy): chon action=171, diem 96.7
18:19:28.467 [INFO] Nuoc thu 3 (alphaZero): chon action=10, temp=1.0000, N(action)=4
18:19:28.469 [INFO] Nuoc thu 4 (Greedy): chon action=187, diem 195.7
18:19:44.305 [INFO] Nuoc thu 5 (alphaZero): chon action=164, temp=1.0000, N(action)=4
18:19:44.310 [INFO] Nuoc thu 6 (Greedy): chon action=203, diem 1006.6
18:19:59.941 [INFO] Nuoc thu 7 (alphaZero): chon action=64, temp=1.0000, N(action)=4
18:19:59.943 [INFO] Nuoc thu 8 (Greedy): chon action=155, diem 10006.6
18:20:15.441 [INFO] Nuoc thu 9 (alphaZero): chon action=195, temp=1.0000, N(action)=6
18:20:15.445 [INFO] Nuoc thu 10 (Greedy): chon action=139, diem 100006.6
18:20:15.445 [INFO] ========== VAN (vs Greedy) KET THUC: nguoi thang la player 2 (AlphaZero la player 1), tong 10 nuoc ==========
18:20:15.820 [INFO] ========== BAT DAU VAN TU CHOI VOI GREEDY (board 15x15), AlphaZero la player 1 ==========
18:20:31.758 [INFO] Nuoc thu 1 (alphaZero): chon action=150, temp=1.0000, N(action)=4
18:20:31.759 [INFO] Nuoc thu 2 (Greedy): chon action=135, diem 96.7
18:20:47.675 [INFO] Nuoc thu 3 (alphaZero): chon action=86, temp=1.0000, N(action)=4
18:20:47.678 [INFO] Nuoc thu 4 (Greedy): chon action=102, diem 96.7
18:21:03.365 [INFO] Nuoc thu 5 (alphaZero): chon action=10, temp=1.0000, N(action)=4
18:21:03.367 [INFO] Nuoc thu 6 (Greedy): chon action=101, diem 195.7
18:21:19.069 [INFO] Nuoc thu 7 (alphaZero): chon action=48, temp=1.0000, N(action)=2
18:21:19.071 [INFO] Nuoc thu 8 (Greedy): chon action=100, diem 1095.7
18:21:34.550 [INFO] Nuoc thu 9 (alphaZero): chon action=82, temp=1.0000, N(action)=8
18:21:34.552 [INFO] Nuoc thu 10 (Greedy): chon action=99, diem 10006.6
18:21:50.178 [INFO] Nuoc thu 11 (alphaZero): chon action=171, temp=1.0000, N(action)=6
18:21:50.180 [INFO] Nuoc thu 12 (Greedy): chon action=98, diem 100095.7
18:21:50.180 [INFO] ========== VAN (vs Greedy) KET THUC: nguoi thang la player 2 (AlphaZero la player 1), tong 12 nuoc ==========
18:21:50.709 [INFO] ========== BAT DAU VAN TU CHOI VOI GREEDY (board 15x15), AlphaZero la player 1 ==========
18:22:06.431 [INFO] Nuoc thu 1 (alphaZero): chon action=185, temp=1.0000, N(action)=4
18:22:06.434 [INFO] Nuoc thu 2 (Greedy): chon action=184, diem 96.7
18:22:22.306 [INFO] Nuoc thu 3 (alphaZero): chon action=124, temp=1.0000, N(action)=4
18:22:22.315 [INFO] Nuoc thu 4 (Greedy): chon action=169, diem 195.7
18:22:38.075 [INFO] Nuoc thu 5 (alphaZero): chon action=31, temp=1.0000, N(action)=16
18:22:38.077 [INFO] Nuoc thu 6 (Greedy): chon action=199, diem 1095.7
18:22:54.282 [INFO] Nuoc thu 7 (alphaZero): chon action=23, temp=1.0000, N(action)=4
18:22:54.284 [INFO] Nuoc thu 8 (Greedy): chon action=154, diem 10006.6
18:23:09.896 [INFO] Nuoc thu 9 (alphaZero): chon action=126, temp=1.0000, N(action)=12
18:23:09.899 [INFO] Nuoc thu 10 (Greedy): chon action=139, diem 100014.7
18:23:09.899 [INFO] ========== VAN (vs Greedy) KET THUC: nguoi thang la player 2 (AlphaZero la player 1), tong 10 nuoc ==========
18:23:10.184 [INFO] ========== BAT DAU VAN TU CHOI VOI GREEDY (board 15x15), AlphaZero la player 1 ==========
18:23:25.770 [INFO] Nuoc thu 1 (alphaZero): chon action=105, temp=1.0000, N(action)=4
18:23:25.772 [INFO] Nuoc thu 2 (Greedy): chon action=120, diem 96.7
18:23:41.612 [INFO] Nuoc thu 3 (alphaZero): chon action=187, temp=1.0000, N(action)=4
18:23:41.615 [INFO] Nuoc thu 4 (Greedy): chon action=203, diem 96.7
18:23:57.361 [INFO] Nuoc thu 5 (alphaZero): chon action=150, temp=1.0000, N(action)=4
18:23:57.363 [INFO] Nuoc thu 6 (Greedy): chon action=188, diem 195.7
18:24:13.232 [INFO] Nuoc thu 7 (alphaZero): chon action=136, temp=1.0000, N(action)=4
18:24:13.235 [INFO] Nuoc thu 8 (Greedy): chon action=173, diem 1095.7
18:24:29.247 [INFO] Nuoc thu 9 (alphaZero): chon action=223, temp=1.0000, N(action)=4
18:24:29.249 [INFO] Nuoc thu 10 (Greedy): chon action=158, diem 10006.6
18:24:45.148 [INFO] Nuoc thu 11 (alphaZero): chon action=42, temp=1.0000, N(action)=16
18:24:45.150 [INFO] Nuoc thu 12 (Greedy): chon action=143, diem 100006.6
18:24:45.150 [INFO] ========== VAN (vs Greedy) KET THUC: nguoi thang la player 2 (AlphaZero la player 1), tong 12 nuoc ==========
18:24:45.528 [INFO] ========== BAT DAU VAN TU CHOI VOI GREEDY (board 15x15), AlphaZero la player 1 ==========
18:25:01.913 [INFO] Nuoc thu 1 (alphaZero): chon action=2, temp=1.0000, N(action)=4
18:25:01.915 [INFO] Nuoc thu 2 (Greedy): chon action=1, diem 96.7
18:25:17.601 [INFO] Nuoc thu 3 (alphaZero): chon action=29, temp=1.0000, N(action)=4
18:25:17.603 [INFO] Nuoc thu 4 (Greedy): chon action=44, diem 96.7
18:25:33.303 [INFO] Nuoc thu 5 (alphaZero): chon action=21, temp=1.0000, N(action)=4
18:25:33.307 [INFO] Nuoc thu 6 (Greedy): chon action=37, diem 96.7
18:25:49.319 [INFO] Nuoc thu 7 (alphaZero): chon action=147, temp=1.0000, N(action)=2
18:25:49.322 [INFO] Nuoc thu 8 (Greedy): chon action=36, diem 195.7
18:26:05.306 [INFO] Nuoc thu 9 (alphaZero): chon action=217, temp=1.0000, N(action)=4
18:26:05.310 [INFO] Nuoc thu 10 (Greedy): chon action=35, diem 1095.7
18:26:21.086 [INFO] Nuoc thu 11 (alphaZero): chon action=122, temp=1.0000, N(action)=4
18:26:21.089 [INFO] Nuoc thu 12 (Greedy): chon action=38, diem 10006.6
18:26:36.649 [INFO] Nuoc thu 13 (alphaZero): chon action=154, temp=1.0000, N(action)=6
18:26:36.651 [INFO] Nuoc thu 14 (Greedy): chon action=34, diem 100006.6
18:26:36.651 [INFO] ========== VAN (vs Greedy) KET THUC: nguoi thang la player 2 (AlphaZero la player 1), tong 14 nuoc ==========
18:26:36.955 [INFO] ========== BAT DAU VAN TU CHOI VOI GREEDY (board 15x15), AlphaZero la player 2 ==========
18:26:36.955 [INFO] Nuoc thu 1 (Greedy): chon action=112 (khai cuoc, o trung tam)
18:26:52.754 [INFO] Nuoc thu 2 (alphaZero): chon action=174, temp=1.0000, N(action)=6
18:26:52.756 [INFO] Nuoc thu 3 (Greedy): chon action=127, diem 106.6
18:27:08.690 [INFO] Nuoc thu 4 (alphaZero): chon action=220, temp=1.0000, N(action)=6
18:27:08.692 [INFO] Nuoc thu 5 (Greedy): chon action=142, diem 1006.6
18:27:24.486 [INFO] Nuoc thu 6 (alphaZero): chon action=80, temp=1.0000, N(action)=20
18:27:24.488 [INFO] Nuoc thu 7 (Greedy): chon action=97, diem 10006.6
18:27:40.154 [INFO] Nuoc thu 8 (alphaZero): chon action=117, temp=1.0000, N(action)=4
18:27:40.156 [INFO] Nuoc thu 9 (Greedy): chon action=82, diem 100006.6
18:27:40.156 [INFO] ========== VAN (vs Greedy) KET THUC: nguoi thang la player 1 (AlphaZero la player 2), tong 9 nuoc ==========
18:27:40.464 [INFO] ========== BAT DAU VAN TU CHOI VOI GREEDY (board 15x15), AlphaZero la player 2 ==========
18:27:40.464 [INFO] Nuoc thu 1 (Greedy): chon action=112 (khai cuoc, o trung tam)
18:27:56.027 [INFO] Nuoc thu 2 (alphaZero): chon action=162, temp=1.0000, N(action)=4
18:27:56.030 [INFO] Nuoc thu 3 (Greedy): chon action=96, diem 106.6
18:28:11.990 [INFO] Nuoc thu 4 (alphaZero): chon action=24, temp=1.0000, N(action)=4
18:28:11.992 [INFO] Nuoc thu 5 (Greedy): chon action=128, diem 1006.6
18:28:27.745 [INFO] Nuoc thu 6 (alphaZero): chon action=171, temp=1.0000, N(action)=4
18:28:27.748 [INFO] Nuoc thu 7 (Greedy): chon action=80, diem 10006.6
18:28:43.838 [INFO] Nuoc thu 8 (alphaZero): chon action=8, temp=1.0000, N(action)=4
18:28:43.840 [INFO] Nuoc thu 9 (Greedy): chon action=64, diem 100006.6
18:28:43.841 [INFO] ========== VAN (vs Greedy) KET THUC: nguoi thang la player 1 (AlphaZero la player 2), tong 9 nuoc ==========
18:28:44.206 [INFO] ========== BAT DAU VAN TU CHOI VOI GREEDY (board 15x15), AlphaZero la player 1 ==========
18:29:00.084 [INFO] Nuoc thu 1 (alphaZero): chon action=17, temp=1.0000, N(action)=2
18:29:00.086 [INFO] Nuoc thu 2 (Greedy): chon action=16, diem 96.7
18:29:15.823 [INFO] Nuoc thu 3 (alphaZero): chon action=7, temp=1.0000, N(action)=4
18:29:15.827 [INFO] Nuoc thu 4 (Greedy): chon action=32, diem 195.7
18:29:31.349 [INFO] Nuoc thu 5 (alphaZero): chon action=109, temp=1.0000, N(action)=4
18:29:31.352 [INFO] Nuoc thu 6 (Greedy): chon action=48, diem 1006.6
18:29:47.271 [INFO] Nuoc thu 7 (alphaZero): chon action=188, temp=1.0000, N(action)=2
18:29:47.275 [INFO] Nuoc thu 8 (Greedy): chon action=64, diem 10006.6
18:30:03.613 [INFO] Nuoc thu 9 (alphaZero): chon action=152, temp=1.0000, N(action)=8
18:30:03.616 [INFO] Nuoc thu 10 (Greedy): chon action=80, diem 100006.6
18:30:03.616 [INFO] ========== VAN (vs Greedy) KET THUC: nguoi thang la player 2 (AlphaZero la player 1), tong 10 nuoc ==========
18:30:03.927 [INFO] ========== BAT DAU VAN TU CHOI VOI GREEDY (board 15x15), AlphaZero la player 1 ==========
18:30:22.076 [INFO] Nuoc thu 1 (alphaZero): chon action=46, temp=1.0000, N(action)=4
18:30:22.078 [INFO] Nuoc thu 2 (Greedy): chon action=61, diem 96.7
18:30:39.191 [INFO] Nuoc thu 3 (alphaZero): chon action=92, temp=1.0000, N(action)=2
18:30:39.195 [INFO] Nuoc thu 4 (Greedy): chon action=62, diem 195.7
18:30:56.582 [INFO] Nuoc thu 5 (alphaZero): chon action=60, temp=1.0000, N(action)=4
18:30:56.585 [INFO] Nuoc thu 6 (Greedy): chon action=47, diem 294.7
18:31:14.075 [INFO] Nuoc thu 7 (alphaZero): chon action=199, temp=1.0000, N(action)=4
18:31:14.079 [INFO] Nuoc thu 8 (Greedy): chon action=32, diem 1095.7
18:31:31.762 [INFO] Nuoc thu 9 (alphaZero): chon action=202, temp=1.0000, N(action)=4
18:31:31.766 [INFO] Nuoc thu 10 (Greedy): chon action=17, diem 10006.6
18:31:49.269 [INFO] Nuoc thu 11 (alphaZero): chon action=162, temp=1.0000, N(action)=8
18:31:49.272 [INFO] Nuoc thu 12 (Greedy): chon action=77, diem 100113.7
18:31:49.272 [INFO] ========== VAN (vs Greedy) KET THUC: nguoi thang la player 2 (AlphaZero la player 1), tong 12 nuoc ==========
18:31:49.602 [INFO] ========== BAT DAU VAN TU CHOI VOI GREEDY (board 15x15), AlphaZero la player 1 ==========
18:32:07.254 [INFO] Nuoc thu 1 (alphaZero): chon action=144, temp=1.0000, N(action)=4
18:32:07.256 [INFO] Nuoc thu 2 (Greedy): chon action=159, diem 96.7
18:32:25.111 [INFO] Nuoc thu 3 (alphaZero): chon action=209, temp=1.0000, N(action)=4
18:32:25.115 [INFO] Nuoc thu 4 (Greedy): chon action=158, diem 195.7
18:32:42.816 [INFO] Nuoc thu 5 (alphaZero): chon action=18, temp=1.0000, N(action)=6
18:32:42.820 [INFO] Nuoc thu 6 (Greedy): chon action=160, diem 1095.7
18:32:59.884 [INFO] Nuoc thu 7 (alphaZero): chon action=44, temp=1.0000, N(action)=4
18:32:59.887 [INFO] Nuoc thu 8 (Greedy): chon action=157, diem 10006.6
18:33:17.384 [INFO] Nuoc thu 9 (alphaZero): chon action=57, temp=1.0000, N(action)=6
18:33:17.388 [INFO] Nuoc thu 10 (Greedy): chon action=156, diem 100006.6
18:33:17.388 [INFO] ========== VAN (vs Greedy) KET THUC: nguoi thang la player 2 (AlphaZero la player 1), tong 10 nuoc ==========
18:33:17.764 [INFO] ========== BAT DAU VAN TU CHOI VOI GREEDY (board 15x15), AlphaZero la player 2 ==========
18:33:17.765 [INFO] Nuoc thu 1 (Greedy): chon action=112 (khai cuoc, o trung tam)
18:33:34.872 [INFO] Nuoc thu 2 (alphaZero): chon action=215, temp=1.0000, N(action)=4
18:33:34.877 [INFO] Nuoc thu 3 (Greedy): chon action=127, diem 106.6
18:33:52.713 [INFO] Nuoc thu 4 (alphaZero): chon action=65, temp=1.0000, N(action)=4
18:33:52.720 [INFO] Nuoc thu 5 (Greedy): chon action=142, diem 1006.6
18:34:10.050 [INFO] Nuoc thu 6 (alphaZero): chon action=75, temp=1.0000, N(action)=4
18:34:10.052 [INFO] Nuoc thu 7 (Greedy): chon action=157, diem 10006.6
18:34:27.171 [INFO] Nuoc thu 8 (alphaZero): chon action=41, temp=1.0000, N(action)=4
18:34:27.175 [INFO] Nuoc thu 9 (Greedy): chon action=172, diem 100006.6
18:34:27.175 [INFO] ========== VAN (vs Greedy) KET THUC: nguoi thang la player 1 (AlphaZero la player 2), tong 9 nuoc ==========
18:34:27.545 [INFO] ========== BAT DAU VAN TU CHOI VOI GREEDY (board 15x15), AlphaZero la player 2 ==========
18:34:27.545 [INFO] Nuoc thu 1 (Greedy): chon action=112 (khai cuoc, o trung tam)
18:34:45.189 [INFO] Nuoc thu 2 (alphaZero): chon action=193, temp=1.0000, N(action)=6
18:34:45.191 [INFO] Nuoc thu 3 (Greedy): chon action=126, diem 106.6
18:35:02.813 [INFO] Nuoc thu 4 (alphaZero): chon action=27, temp=1.0000, N(action)=4
18:35:02.818 [INFO] Nuoc thu 5 (Greedy): chon action=140, diem 1006.6
18:35:20.588 [INFO] Nuoc thu 6 (alphaZero): chon action=26, temp=1.0000, N(action)=6
18:35:20.591 [INFO] Nuoc thu 7 (Greedy): chon action=154, diem 10006.6
18:35:38.342 [INFO] Nuoc thu 8 (alphaZero): chon action=102, temp=1.0000, N(action)=10
18:35:38.347 [INFO] Nuoc thu 9 (Greedy): chon action=168, diem 100006.6
18:35:38.347 [INFO] ========== VAN (vs Greedy) KET THUC: nguoi thang la player 1 (AlphaZero la player 2), tong 9 nuoc ==========
18:35:38.742 [INFO] ========== BAT DAU VAN TU CHOI VOI GREEDY (board 15x15), AlphaZero la player 1 ==========
18:35:55.414 [INFO] Nuoc thu 1 (alphaZero): chon action=7, temp=1.0000, N(action)=4
18:35:55.417 [INFO] Nuoc thu 2 (Greedy): chon action=8, diem 96.7
18:36:13.447 [INFO] Nuoc thu 3 (alphaZero): chon action=196, temp=1.0000, N(action)=6
18:36:13.451 [INFO] Nuoc thu 4 (Greedy): chon action=181, diem 96.7
18:36:31.223 [INFO] Nuoc thu 5 (alphaZero): chon action=29, temp=1.0000, N(action)=6
18:36:31.226 [INFO] Nuoc thu 6 (Greedy): chon action=197, diem 195.7
18:36:49.335 [INFO] Nuoc thu 7 (alphaZero): chon action=92, temp=1.0000, N(action)=2
18:36:49.339 [INFO] Nuoc thu 8 (Greedy): chon action=182, diem 294.7
18:37:06.867 [INFO] Nuoc thu 9 (alphaZero): chon action=125, temp=1.0000, N(action)=6
18:37:06.870 [INFO] Nuoc thu 10 (Greedy): chon action=167, diem 1105.6
18:37:24.737 [INFO] Nuoc thu 11 (alphaZero): chon action=0, temp=1.0000, N(action)=6
18:37:24.741 [INFO] Nuoc thu 12 (Greedy): chon action=152, diem 10006.6
18:37:42.310 [INFO] Nuoc thu 13 (alphaZero): chon action=95, temp=1.0000, N(action)=4
18:37:42.312 [INFO] Nuoc thu 14 (Greedy): chon action=212, diem 100012.8
18:37:42.312 [INFO] ========== VAN (vs Greedy) KET THUC: nguoi thang la player 2 (AlphaZero la player 1), tong 14 nuoc ==========
18:37:42.699 [INFO] ========== BAT DAU VAN TU CHOI VOI GREEDY (board 15x15), AlphaZero la player 1 ==========
18:38:00.273 [INFO] Nuoc thu 1 (alphaZero): chon action=86, temp=1.0000, N(action)=20
18:38:00.279 [INFO] Nuoc thu 2 (Greedy): chon action=85, diem 96.7
18:38:17.783 [INFO] Nuoc thu 3 (alphaZero): chon action=170, temp=1.0000, N(action)=4
18:38:17.788 [INFO] Nuoc thu 4 (Greedy): chon action=100, diem 195.7
18:38:35.936 [INFO] Nuoc thu 5 (alphaZero): chon action=99, temp=1.0000, N(action)=4
18:38:35.940 [INFO] Nuoc thu 6 (Greedy): chon action=115, diem 1095.7
18:38:52.819 [INFO] Nuoc thu 7 (alphaZero): chon action=29, temp=1.0000, N(action)=4
18:38:52.822 [INFO] Nuoc thu 8 (Greedy): chon action=70, diem 10095.7
18:39:10.680 [INFO] Nuoc thu 9 (alphaZero): chon action=199, temp=1.0000, N(action)=4
18:39:10.684 [INFO] Nuoc thu 10 (Greedy): chon action=55, diem 100006.6
18:39:10.685 [INFO] ========== VAN (vs Greedy) KET THUC: nguoi thang la player 2 (AlphaZero la player 1), tong 10 nuoc ==========
18:39:11.029 [INFO] ========== BAT DAU VAN TU CHOI VOI GREEDY (board 15x15), AlphaZero la player 2 ==========
18:39:11.029 [INFO] Nuoc thu 1 (Greedy): chon action=112 (khai cuoc, o trung tam)
18:39:28.339 [INFO] Nuoc thu 2 (alphaZero): chon action=216, temp=1.0000, N(action)=4
18:39:28.342 [INFO] Nuoc thu 3 (Greedy): chon action=96, diem 106.6
18:39:45.357 [INFO] Nuoc thu 4 (alphaZero): chon action=110, temp=1.0000, N(action)=4
18:39:45.365 [INFO] Nuoc thu 5 (Greedy): chon action=80, diem 1006.6
18:40:01.170 [INFO] Nuoc thu 6 (alphaZero): chon action=68, temp=1.0000, N(action)=6
18:40:01.173 [INFO] Nuoc thu 7 (Greedy): chon action=128, diem 10006.6
18:40:16.907 [INFO] Nuoc thu 8 (alphaZero): chon action=15, temp=1.0000, N(action)=4
18:40:16.910 [INFO] Nuoc thu 9 (Greedy): chon action=64, diem 100006.6
18:40:16.910 [INFO] ========== VAN (vs Greedy) KET THUC: nguoi thang la player 1 (AlphaZero la player 2), tong 9 nuoc ==========
18:40:17.219 [INFO] ========== BAT DAU VAN TU CHOI VOI GREEDY (board 15x15), AlphaZero la player 2 ==========
18:40:17.219 [INFO] Nuoc thu 1 (Greedy): chon action=112 (khai cuoc, o trung tam)
18:40:33.060 [INFO] Nuoc thu 2 (alphaZero): chon action=129, temp=1.0000, N(action)=4
18:40:33.062 [INFO] Nuoc thu 3 (Greedy): chon action=113, diem 195.7
18:40:48.814 [INFO] Nuoc thu 4 (alphaZero): chon action=70, temp=1.0000, N(action)=4
18:40:48.818 [INFO] Nuoc thu 5 (Greedy): chon action=114, diem 1095.7
18:41:04.880 [INFO] Nuoc thu 6 (alphaZero): chon action=125, temp=1.0000, N(action)=4
18:41:04.882 [INFO] Nuoc thu 7 (Greedy): chon action=115, diem 10095.7
18:41:20.580 [INFO] Nuoc thu 8 (alphaZero): chon action=182, temp=1.0000, N(action)=4
18:41:20.582 [INFO] Nuoc thu 9 (Greedy): chon action=111, diem 100095.7
18:41:20.582 [INFO] ========== VAN (vs Greedy) KET THUC: nguoi thang la player 1 (AlphaZero la player 2), tong 9 nuoc ==========
18:41:20.896 [INFO] ========== BAT DAU VAN TU CHOI VOI GREEDY (board 15x15), AlphaZero la player 2 ==========
18:41:20.896 [INFO] Nuoc thu 1 (Greedy): chon action=112 (khai cuoc, o trung tam)
18:41:36.713 [INFO] Nuoc thu 2 (alphaZero): chon action=171, temp=1.0000, N(action)=4
18:41:36.718 [INFO] Nuoc thu 3 (Greedy): chon action=97, diem 106.6
18:41:52.560 [INFO] Nuoc thu 4 (alphaZero): chon action=103, temp=1.0000, N(action)=4
18:41:52.563 [INFO] Nuoc thu 5 (Greedy): chon action=82, diem 1006.6
18:42:08.567 [INFO] Nuoc thu 6 (alphaZero): chon action=221, temp=1.0000, N(action)=4
18:42:08.570 [INFO] Nuoc thu 7 (Greedy): chon action=67, diem 10006.6
18:42:24.532 [INFO] Nuoc thu 8 (alphaZero): chon action=48, temp=1.0000, N(action)=8
18:42:24.535 [INFO] Nuoc thu 9 (Greedy): chon action=127, diem 100006.6
18:42:24.535 [INFO] ========== VAN (vs Greedy) KET THUC: nguoi thang la player 1 (AlphaZero la player 2), tong 9 nuoc ==========
18:42:24.930 [INFO] ========== BAT DAU VAN TU CHOI VOI GREEDY (board 15x15), AlphaZero la player 2 ==========
18:42:24.930 [INFO] Nuoc thu 1 (Greedy): chon action=112 (khai cuoc, o trung tam)
18:42:40.529 [INFO] Nuoc thu 2 (alphaZero): chon action=193, temp=1.0000, N(action)=4
18:42:40.532 [INFO] Nuoc thu 3 (Greedy): chon action=98, diem 106.6
18:42:55.845 [INFO] Nuoc thu 4 (alphaZero): chon action=84, temp=1.0000, N(action)=4
18:42:55.846 [INFO] Nuoc thu 5 (Greedy): chon action=113, diem 205.6
18:43:11.632 [INFO] Nuoc thu 6 (alphaZero): chon action=48, temp=1.0000, N(action)=6
18:43:11.633 [INFO] Nuoc thu 7 (Greedy): chon action=128, diem 1105.6
18:43:26.606 [INFO] Nuoc thu 8 (alphaZero): chon action=224, temp=1.0000, N(action)=6
18:43:26.609 [INFO] Nuoc thu 9 (Greedy): chon action=83, diem 10095.7
18:43:40.372 [INFO] Nuoc thu 10 (alphaZero): chon action=198, temp=1.0000, N(action)=2
18:43:40.376 [INFO] Nuoc thu 11 (Greedy): chon action=68, diem 100095.7
18:43:40.377 [INFO] ========== VAN (vs Greedy) KET THUC: nguoi thang la player 1 (AlphaZero la player 2), tong 11 nuoc ==========
18:43:40.616 [INFO] ========== BAT DAU VAN TU CHOI VOI GREEDY (board 15x15), AlphaZero la player 2 ==========
18:43:40.617 [INFO] Nuoc thu 1 (Greedy): chon action=112 (khai cuoc, o trung tam)
18:43:54.226 [INFO] Nuoc thu 2 (alphaZero): chon action=195, temp=1.0000, N(action)=4
18:43:54.228 [INFO] Nuoc thu 3 (Greedy): chon action=111, diem 106.6
18:44:08.006 [INFO] Nuoc thu 4 (alphaZero): chon action=53, temp=1.0000, N(action)=4
18:44:08.015 [INFO] Nuoc thu 5 (Greedy): chon action=110, diem 1006.6
18:44:21.551 [INFO] Nuoc thu 6 (alphaZero): chon action=101, temp=1.0000, N(action)=6
18:44:21.553 [INFO] Nuoc thu 7 (Greedy): chon action=109, diem 10006.6
18:44:35.042 [INFO] Nuoc thu 8 (alphaZero): chon action=145, temp=1.0000, N(action)=14
18:44:35.044 [INFO] Nuoc thu 9 (Greedy): chon action=108, diem 100006.6
18:44:35.044 [INFO] ========== VAN (vs Greedy) KET THUC: nguoi thang la player 1 (AlphaZero la player 2), tong 9 nuoc ==========
