15:50:45.182 [INFO] ========== BAT DAU VAN TU CHOI VOI GREEDY (board 15x15), AlphaZero la player 1 ==========
15:51:03.269 [INFO] Nuoc thu 1 (alphaZero): chon action=140, temp=1.0000, N(action)=4
15:51:03.272 [INFO] Nuoc thu 2 (Greedy): chon action=139, diem 96.7
15:51:18.951 [INFO] Nuoc thu 3 (alphaZero): chon action=152, temp=1.0000, N(action)=4
15:51:18.953 [INFO] Nuoc thu 4 (Greedy): chon action=125, diem 195.7
15:51:34.881 [INFO] Nuoc thu 5 (alphaZero): chon action=49, temp=1.0000, N(action)=4
15:51:34.883 [INFO] Nuoc thu 6 (Greedy): chon action=153, diem 1095.7
15:51:51.627 [INFO] Nuoc thu 7 (alphaZero): chon action=32, temp=1.0000, N(action)=12
15:51:51.631 [INFO] Nuoc thu 8 (Greedy): chon action=167, diem 10095.7
15:52:08.762 [INFO] Nuoc thu 9 (alphaZero): chon action=192, temp=1.0000, N(action)=4
15:52:08.765 [INFO] Nuoc thu 10 (Greedy): chon action=111, diem 100006.6
15:52:08.766 [INFO] ========== VAN (vs Greedy) KET THUC: nguoi thang la player 2 (AlphaZero la player 1), tong 10 nuoc ==========
15:52:09.132 [INFO] ========== BAT DAU VAN TU CHOI VOI GREEDY (board 15x15), AlphaZero la player 2 ==========
15:52:09.133 [INFO] Nuoc thu 1 (Greedy): chon action=112 (khai cuoc, o trung tam)
15:52:25.502 [INFO] Nuoc thu 2 (alphaZero): chon action=74, temp=1.0000, N(action)=2
15:52:25.505 [INFO] Nuoc thu 3 (Greedy): chon action=96, diem 106.6
15:52:41.655 [INFO] Nuoc thu 4 (alphaZero): chon action=164, temp=1.0000, N(action)=18
15:52:41.656 [INFO] Nuoc thu 5 (Greedy): chon action=128, diem 1006.6
15:52:57.774 [INFO] Nuoc thu 6 (alphaZero): chon action=181, temp=1.0000, N(action)=4
15:52:57.777 [INFO] Nuoc thu 7 (Greedy): chon action=80, diem 10006.6
15:53:13.663 [INFO] Nuoc thu 8 (alphaZero): chon action=179, temp=1.0000, N(action)=4
15:53:13.665 [INFO] Nuoc thu 9 (Greedy): chon action=144, diem 100006.6
15:53:13.665 [INFO] ========== VAN (vs Greedy) KET THUC: nguoi thang la player 1 (AlphaZero la player 2), tong 9 nuoc ==========
15:53:14.054 [INFO] ========== BAT DAU VAN TU CHOI VOI GREEDY (board 15x15), AlphaZero la player 2 ==========
15:53:14.055 [INFO] Nuoc thu 1 (Greedy): chon action=112 (khai cuoc, o trung tam)
15:53:29.462 [INFO] Nuoc thu 2 (alphaZero): chon action=167, temp=1.0000, N(action)=4
15:53:29.464 [INFO] Nuoc thu 3 (Greedy): chon action=96, diem 106.6
15:53:44.850 [INFO] Nuoc thu 4 (alphaZero): chon action=52, temp=1.0000, N(action)=4
15:53:44.852 [INFO] Nuoc thu 5 (Greedy): chon action=80, diem 1006.6
15:54:00.626 [INFO] Nuoc thu 6 (alphaZero): chon action=66, temp=1.0000, N(action)=4
15:54:00.629 [INFO] Nuoc thu 7 (Greedy): chon action=128, diem 10006.6
15:54:15.518 [INFO] Nuoc thu 8 (alphaZero): chon action=224, temp=1.0000, N(action)=4
15:54:15.520 [INFO] Nuoc thu 9 (Greedy): chon action=144, diem 100006.6
15:54:15.520 [INFO] ========== VAN (vs Greedy) KET THUC: nguoi thang la player 1 (AlphaZero la player 2), tong 9 nuoc ==========
15:54:15.892 [INFO] ========== BAT DAU VAN TU CHOI VOI GREEDY (board 15x15), AlphaZero la player 1 ==========
15:54:31.682 [INFO] Nuoc thu 1 (alphaZero): chon action=14, temp=1.0000, N(action)=4
15:54:31.686 [INFO] Nuoc thu 2 (Greedy): chon action=13, diem 15.7
15:54:47.368 [INFO] Nuoc thu 3 (alphaZero): chon action=17, temp=1.0000, N(action)=4
15:54:47.370 [INFO] Nuoc thu 4 (Greedy): chon action=16, diem 96.7
15:55:02.482 [INFO] Nuoc thu 5 (alphaZero): chon action=156, temp=1.0000, N(action)=8
15:55:02.483 [INFO] Nuoc thu 6 (Greedy): chon action=32, diem 195.7
15:55:17.791 [INFO] Nuoc thu 7 (alphaZero): chon action=127, temp=1.0000, N(action)=4
15:55:17.794 [INFO] Nuoc thu 8 (Greedy): chon action=48, diem 1006.6
15:55:33.145 [INFO] Nuoc thu 9 (alphaZero): chon action=207, temp=1.0000, N(action)=2
15:55:33.152 [INFO] Nuoc thu 10 (Greedy): chon action=64, diem 10006.6
15:55:48.716 [INFO] Nuoc thu 11 (alphaZero): chon action=114, temp=1.0000, N(action)=14
15:55:48.720 [INFO] Nuoc thu 12 (Greedy): chon action=80, diem 100006.6
15:55:48.720 [INFO] ========== VAN (vs Greedy) KET THUC: nguoi thang la player 2 (AlphaZero la player 1), tong 12 nuoc ==========
15:55:49.044 [INFO] ========== BAT DAU VAN TU CHOI VOI GREEDY (board 15x15), AlphaZero la player 2 ==========
15:55:49.044 [INFO] Nuoc thu 1 (Greedy): chon action=112 (khai cuoc, o trung tam)
15:56:04.791 [INFO] Nuoc thu 2 (alphaZero): chon action=135, temp=1.0000, N(action)=4
15:56:04.793 [INFO] Nuoc thu 3 (Greedy): chon action=126, diem 106.6
15:56:20.484 [INFO] Nuoc thu 4 (alphaZero): chon action=29, temp=1.0000, N(action)=4
15:56:20.486 [INFO] Nuoc thu 5 (Greedy): chon action=140, diem 1006.6
15:56:36.156 [INFO] Nuoc thu 6 (alphaZero): chon action=1, temp=1.0000, N(action)=4
15:56:36.158 [INFO] Nuoc thu 7 (Greedy): chon action=98, diem 10006.6
15:56:51.562 [INFO] Nuoc thu 8 (alphaZero): chon action=130, temp=1.0000, N(action)=4
15:56:51.564 [INFO] Nuoc thu 9 (Greedy): chon action=84, diem 100006.6
15:56:51.564 [INFO] ========== VAN (vs Greedy) KET THUC: nguoi thang la player 1 (AlphaZero la player 2), tong 9 nuoc ==========
15:56:51.846 [INFO] ========== BAT DAU VAN TU CHOI VOI GREEDY (board 15x15), AlphaZero la player 1 ==========
15:57:07.169 [INFO] Nuoc thu 1 (alphaZero): chon action=177, temp=1.0000, N(action)=6
15:57:07.173 [INFO] Nuoc thu 2 (Greedy): chon action=193, diem 96.7
15:57:23.219 [INFO] Nuoc thu 3 (alphaZero): chon action=207, temp=1.0000, N(action)=4
15:57:23.221 [INFO] Nuoc thu 4 (Greedy): chon action=192, diem 1004.7
15:57:38.805 [INFO] Nuoc thu 5 (alphaZero): chon action=194, temp=1.0000, N(action)=4
15:57:38.807 [INFO] Nuoc thu 6 (Greedy): chon action=208, diem 302.8
15:57:54.285 [INFO] Nuoc thu 7 (alphaZero): chon action=214, temp=1.0000, N(action)=4
15:57:54.288 [INFO] Nuoc thu 8 (Greedy): chon action=178, diem 1202.8
15:58:09.950 [INFO] Nuoc thu 9 (alphaZero): chon action=212, temp=1.0000, N(action)=4
15:58:09.952 [INFO] Nuoc thu 10 (Greedy): chon action=163, diem 10095.7
15:58:25.304 [INFO] Nuoc thu 11 (alphaZero): chon action=21, temp=1.0000, N(action)=4
15:58:25.307 [INFO] Nuoc thu 12 (Greedy): chon action=223, diem 100012.8
15:58:25.307 [INFO] ========== VAN (vs Greedy) KET THUC: nguoi thang la player 2 (AlphaZero la player 1), tong 12 nuoc ==========
15:58:25.670 [INFO] ========== BAT DAU VAN TU CHOI VOI GREEDY (board 15x15), AlphaZero la player 1 ==========
15:58:41.084 [INFO] Nuoc thu 1 (alphaZero): chon action=79, temp=1.0000, N(action)=4
15:58:41.086 [INFO] Nuoc thu 2 (Greedy): chon action=94, diem 96.7
15:58:56.983 [INFO] Nuoc thu 3 (alphaZero): chon action=190, temp=1.0000, N(action)=6
15:58:56.986 [INFO] Nuoc thu 4 (Greedy): chon action=93, diem 195.7
15:59:12.220 [INFO] Nuoc thu 5 (alphaZero): chon action=168, temp=1.0000, N(action)=6
15:59:12.222 [INFO] Nuoc thu 6 (Greedy): chon action=95, diem 1095.7
15:59:27.728 [INFO] Nuoc thu 7 (alphaZero): chon action=132, temp=1.0000, N(action)=4
15:59:27.739 [INFO] Nuoc thu 8 (Greedy): chon action=92, diem 10006.6
15:59:43.278 [INFO] Nuoc thu 9 (alphaZero): chon action=115, temp=1.0000, N(action)=2
15:59:43.282 [INFO] Nuoc thu 10 (Greedy): chon action=96, diem 100006.6
15:59:43.282 [INFO] ========== VAN (vs Greedy) KET THUC: nguoi thang la player 2 (AlphaZero la player 1), tong 10 nuoc ==========
15:59:43.617 [INFO] ========== BAT DAU VAN TU CHOI VOI GREEDY (board 15x15), AlphaZero la player 1 ==========
15:59:59.231 [INFO] Nuoc thu 1 (alphaZero): chon action=212, temp=1.0000, N(action)=12
15:59:59.233 [INFO] Nuoc thu 2 (Greedy): chon action=213, diem 96.7
16:00:14.601 [INFO] Nuoc thu 3 (alphaZero): chon action=34, temp=1.0000, N(action)=4
16:00:14.603 [INFO] Nuoc thu 4 (Greedy): chon action=33, diem 96.7
16:00:30.214 [INFO] Nuoc thu 5 (alphaZero): chon action=146, temp=1.0000, N(action)=4
16:00:30.216 [INFO] Nuoc thu 6 (Greedy): chon action=19, diem 195.7
16:00:45.314 [INFO] Nuoc thu 7 (alphaZero): chon action=138, temp=1.0000, N(action)=4
16:00:45.316 [INFO] Nuoc thu 8 (Greedy): chon action=47, diem 1006.6
16:01:00.858 [INFO] Nuoc thu 9 (alphaZero): chon action=133, temp=1.0000, N(action)=8
16:01:00.861 [INFO] Nuoc thu 10 (Greedy): chon action=61, diem 10006.6
16:01:15.780 [INFO] Nuoc thu 11 (alphaZero): chon action=21, temp=1.0000, N(action)=6
16:01:15.782 [INFO] Nuoc thu 12 (Greedy): chon action=5, diem 100012.8
16:01:15.782 [INFO] ========== VAN (vs Greedy) KET THUC: nguoi thang la player 2 (AlphaZero la player 1), tong 12 nuoc ==========
16:01:16.099 [INFO] ========== BAT DAU VAN TU CHOI VOI GREEDY (board 15x15), AlphaZero la player 1 ==========
16:01:31.493 [INFO] Nuoc thu 1 (alphaZero): chon action=80, temp=1.0000, N(action)=10
16:01:31.496 [INFO] Nuoc thu 2 (Greedy): chon action=66, diem 96.7
16:01:47.031 [INFO] Nuoc thu 3 (alphaZero): chon action=147, temp=1.0000, N(action)=4
16:01:47.033 [INFO] Nuoc thu 4 (Greedy): chon action=81, diem 195.7
16:02:03.080 [INFO] Nuoc thu 5 (alphaZero): chon action=93, temp=1.0000, N(action)=4
16:02:03.082 [INFO] Nuoc thu 6 (Greedy): chon action=96, diem 1095.7
16:02:18.787 [INFO] Nuoc thu 7 (alphaZero): chon action=198, temp=1.0000, N(action)=4
16:02:18.789 [INFO] Nuoc thu 8 (Greedy): chon action=51, diem 10006.6
16:02:34.153 [INFO] Nuoc thu 9 (alphaZero): chon action=207, temp=1.0000, N(action)=4
16:02:34.155 [INFO] Nuoc thu 10 (Greedy): chon action=36, diem 100006.6
16:02:34.155 [INFO] ========== VAN (vs Greedy) KET THUC: nguoi thang la player 2 (AlphaZero la player 1), tong 10 nuoc ==========
16:02:34.518 [INFO] ========== BAT DAU VAN TU CHOI VOI GREEDY (board 15x15), AlphaZero la player 1 ==========
16:02:49.968 [INFO] Nuoc thu 1 (alphaZero): chon action=76, temp=1.0000, N(action)=4
16:02:49.970 [INFO] Nuoc thu 2 (Greedy): chon action=92, diem 96.7
16:03:05.362 [INFO] Nuoc thu 3 (alphaZero): chon action=141, temp=1.0000, N(action)=4
16:03:05.364 [INFO] Nuoc thu 4 (Greedy): chon action=91, diem 195.7
16:03:21.119 [INFO] Nuoc thu 5 (alphaZero): chon action=106, temp=1.0000, N(action)=2
16:03:21.121 [INFO] Nuoc thu 6 (Greedy): chon action=93, diem 1006.6
16:03:36.396 [INFO] Nuoc thu 7 (alphaZero): chon action=189, temp=1.0000, N(action)=10
16:03:36.399 [INFO] Nuoc thu 8 (Greedy): chon action=94, diem 10006.6
16:03:52.046 [INFO] Nuoc thu 9 (alphaZero): chon action=169, temp=1.0000, N(action)=16
16:03:52.048 [INFO] Nuoc thu 10 (Greedy): chon action=90, diem 100019.9
16:03:52.049 [INFO] ========== VAN (vs Greedy) KET THUC: nguoi thang la player 2 (AlphaZero la player 1), tong 10 nuoc ==========
16:03:52.401 [INFO] ========== BAT DAU VAN TU CHOI VOI GREEDY (board 15x15), AlphaZero la player 1 ==========
16:04:08.216 [INFO] Nuoc thu 1 (alphaZero): chon action=26, temp=1.0000, N(action)=4
16:04:08.219 [INFO] Nuoc thu 2 (Greedy): chon action=27, diem 96.7
16:04:23.624 [INFO] Nuoc thu 3 (alphaZero): chon action=22, temp=1.0000, N(action)=8
16:04:23.627 [INFO] Nuoc thu 4 (Greedy): chon action=42, diem 195.7
16:04:39.157 [INFO] Nuoc thu 5 (alphaZero): chon action=139, temp=1.0000, N(action)=6
16:04:39.159 [INFO] Nuoc thu 6 (Greedy): chon action=57, diem 1006.6
16:04:54.590 [INFO] Nuoc thu 7 (alphaZero): chon action=187, temp=1.0000, N(action)=4
16:04:54.593 [INFO] Nuoc thu 8 (Greedy): chon action=72, diem 10006.6
16:05:10.361 [INFO] Nuoc thu 9 (alphaZero): chon action=36, temp=1.0000, N(action)=10
16:05:10.364 [INFO] Nuoc thu 10 (Greedy): chon action=12, diem 100012.8
16:05:10.364 [INFO] ========== VAN (vs Greedy) KET THUC: nguoi thang la player 2 (AlphaZero la player 1), tong 10 nuoc ==========
16:05:10.705 [INFO] ========== BAT DAU VAN TU CHOI VOI GREEDY (board 15x15), AlphaZero la player 2 ==========
16:05:10.705 [INFO] Nuoc thu 1 (Greedy): chon action=112 (khai cuoc, o trung tam)
16:05:25.990 [INFO] Nuoc thu 2 (alphaZero): chon action=10, temp=1.0000, N(action)=6
16:05:25.991 [INFO] Nuoc thu 3 (Greedy): chon action=96, diem 106.6
16:05:41.256 [INFO] Nuoc thu 4 (alphaZero): chon action=124, temp=1.0000, N(action)=4
16:05:41.259 [INFO] Nuoc thu 5 (Greedy): chon action=128, diem 1006.6
16:05:57.015 [INFO] Nuoc thu 6 (alphaZero): chon action=186, temp=1.0000, N(action)=4
16:05:57.017 [INFO] Nuoc thu 7 (Greedy): chon action=144, diem 10006.6
16:06:12.673 [INFO] Nuoc thu 8 (alphaZero): chon action=95, temp=1.0000, N(action)=4
16:06:12.677 [INFO] Nuoc thu 9 (Greedy): chon action=80, diem 100095.7
16:06:12.677 [INFO] ========== VAN (vs Greedy) KET THUC: nguoi thang la player 1 (AlphaZero la player 2), tong 9 nuoc ==========
16:06:12.987 [INFO] ========== BAT DAU VAN TU CHOI VOI GREEDY (board 15x15), AlphaZero la player 2 ==========
16:06:12.987 [INFO] Nuoc thu 1 (Greedy): chon action=112 (khai cuoc, o trung tam)
16:06:28.104 [INFO] Nuoc thu 2 (alphaZero): chon action=222, temp=1.0000, N(action)=10
16:06:28.108 [INFO] Nuoc thu 3 (Greedy): chon action=111, diem 106.6
16:06:44.066 [INFO] Nuoc thu 4 (alphaZero): chon action=47, temp=1.0000, N(action)=4
16:06:44.068 [INFO] Nuoc thu 5 (Greedy): chon action=110, diem 1006.6
16:06:59.650 [INFO] Nuoc thu 6 (alphaZero): chon action=183, temp=1.0000, N(action)=4
16:06:59.652 [INFO] Nuoc thu 7 (Greedy): chon action=109, diem 10006.6
16:07:15.028 [INFO] Nuoc thu 8 (alphaZero): chon action=167, temp=1.0000, N(action)=4
16:07:15.033 [INFO] Nuoc thu 9 (Greedy): chon action=113, diem 100006.6
16:07:15.033 [INFO] ========== VAN (vs Greedy) KET THUC: nguoi thang la player 1 (AlphaZero la player 2), tong 9 nuoc ==========
16:07:15.310 [INFO] ========== BAT DAU VAN TU CHOI VOI GREEDY (board 15x15), AlphaZero la player 1 ==========
16:07:30.987 [INFO] Nuoc thu 1 (alphaZero): chon action=24, temp=1.0000, N(action)=4
16:07:30.990 [INFO] Nuoc thu 2 (Greedy): chon action=25, diem 96.7
16:07:46.286 [INFO] Nuoc thu 3 (alphaZero): chon action=35, temp=1.0000, N(action)=6
16:07:46.290 [INFO] Nuoc thu 4 (Greedy): chon action=40, diem 195.7
16:08:01.617 [INFO] Nuoc thu 5 (alphaZero): chon action=180, temp=1.0000, N(action)=4
16:08:01.619 [INFO] Nuoc thu 6 (Greedy): chon action=55, diem 1006.6
16:08:17.237 [INFO] Nuoc thu 7 (alphaZero): chon action=49, temp=1.0000, N(action)=4
16:08:17.239 [INFO] Nuoc thu 8 (Greedy): chon action=70, diem 10006.6
16:08:32.894 [INFO] Nuoc thu 9 (alphaZero): chon action=94, temp=1.0000, N(action)=14
16:08:32.897 [INFO] Nuoc thu 10 (Greedy): chon action=10, diem 100012.8
16:08:32.897 [INFO] ========== VAN (vs Greedy) KET THUC: nguoi thang la player 2 (AlphaZero la player 1), tong 10 nuoc ==========
16:08:33.241 [INFO] ========== BAT DAU VAN TU CHOI VOI GREEDY (board 15x15), AlphaZero la player 1 ==========
16:08:48.906 [INFO] Nuoc thu 1 (alphaZero): chon action=6, temp=1.0000, N(action)=6
16:08:48.908 [INFO] Nuoc thu 2 (Greedy): chon action=5, diem 96.7
16:09:04.217 [INFO] Nuoc thu 3 (alphaZero): chon action=71, temp=1.0000, N(action)=4
16:09:04.221 [INFO] Nuoc thu 4 (Greedy): chon action=57, diem 96.7
16:09:19.969 [INFO] Nuoc thu 5 (alphaZero): chon action=29, temp=1.0000, N(action)=8
16:09:19.975 [INFO] Nuoc thu 6 (Greedy): chon action=56, diem 195.7
16:09:35.226 [INFO] Nuoc thu 7 (alphaZero): chon action=0, temp=1.0000, N(action)=6
16:09:35.228 [INFO] Nuoc thu 8 (Greedy): chon action=55, diem 1095.7
16:09:50.823 [INFO] Nuoc thu 9 (alphaZero): chon action=183, temp=1.0000, N(action)=4
16:09:50.825 [INFO] Nuoc thu 10 (Greedy): chon action=54, diem 10006.6
16:10:06.327 [INFO] Nuoc thu 11 (alphaZero): chon action=118, temp=1.0000, N(action)=4
16:10:06.329 [INFO] Nuoc thu 12 (Greedy): chon action=58, diem 100006.6
16:10:06.329 [INFO] ========== VAN (vs Greedy) KET THUC: nguoi thang la player 2 (AlphaZero la player 1), tong 12 nuoc ==========
16:10:06.669 [INFO] ========== BAT DAU VAN TU CHOI VOI GREEDY (board 15x15), AlphaZero la player 2 ==========
16:10:06.670 [INFO] Nuoc thu 1 (Greedy): chon action=112 (khai cuoc, o trung tam)
16:10:21.700 [INFO] Nuoc thu 2 (alphaZero): chon action=76, temp=1.0000, N(action)=4
16:10:21.703 [INFO] Nuoc thu 3 (Greedy): chon action=111, diem 106.6
16:10:37.445 [INFO] Nuoc thu 4 (alphaZero): chon action=191, temp=1.0000, N(action)=4
16:10:37.447 [INFO] Nuoc thu 5 (Greedy): chon action=113, diem 1006.6
16:10:52.697 [INFO] Nuoc thu 6 (alphaZero): chon action=92, temp=1.0000, N(action)=6
16:10:52.699 [INFO] Nuoc thu 7 (Greedy): chon action=114, diem 10006.6
16:11:08.015 [INFO] Nuoc thu 8 (alphaZero): chon action=17, temp=1.0000, N(action)=6
16:11:08.017 [INFO] Nuoc thu 9 (Greedy): chon action=115, diem 100006.6
16:11:08.017 [INFO] ========== VAN (vs Greedy) KET THUC: nguoi thang la player 1 (AlphaZero la player 2), tong 9 nuoc ==========
16:11:08.320 [INFO] ========== BAT DAU VAN TU CHOI VOI GREEDY (board 15x15), AlphaZero la player 1 ==========
16:11:23.950 [INFO] Nuoc thu 1 (alphaZero): chon action=160, temp=1.0000, N(action)=4
16:11:23.952 [INFO] Nuoc thu 2 (Greedy): chon action=144, diem 96.7
16:11:39.328 [INFO] Nuoc thu 3 (alphaZero): chon action=76, temp=1.0000, N(action)=4
16:11:39.330 [INFO] Nuoc thu 4 (Greedy): chon action=145, diem 195.7
16:11:54.883 [INFO] Nuoc thu 5 (alphaZero): chon action=168, temp=1.0000, N(action)=10
16:11:54.886 [INFO] Nuoc thu 6 (Greedy): chon action=146, diem 1095.7
16:12:10.224 [INFO] Nuoc thu 7 (alphaZero): chon action=212, temp=1.0000, N(action)=2
16:12:10.227 [INFO] Nuoc thu 8 (Greedy): chon action=143, diem 10006.6
16:12:25.508 [INFO] Nuoc thu 9 (alphaZero): chon action=100, temp=1.0000, N(action)=10
16:12:25.510 [INFO] Nuoc thu 10 (Greedy): chon action=147, diem 100006.6
16:12:25.510 [INFO] ========== VAN (vs Greedy) KET THUC: nguoi thang la player 2 (AlphaZero la player 1), tong 10 nuoc ==========
16:12:25.834 [INFO] ========== BAT DAU VAN TU CHOI VOI GREEDY (board 15x15), AlphaZero la player 2 ==========
16:12:25.834 [INFO] Nuoc thu 1 (Greedy): chon action=112 (khai cuoc, o trung tam)
16:12:40.964 [INFO] Nuoc thu 2 (alphaZero): chon action=134, temp=1.0000, N(action)=6
16:12:40.966 [INFO] Nuoc thu 3 (Greedy): chon action=128, diem 106.6
16:12:56.287 [INFO] Nuoc thu 4 (alphaZero): chon action=213, temp=1.0000, N(action)=4
16:12:56.289 [INFO] Nuoc thu 5 (Greedy): chon action=144, diem 1006.6
16:13:12.038 [INFO] Nuoc thu 6 (alphaZero): chon action=102, temp=1.0000, N(action)=10
16:13:12.041 [INFO] Nuoc thu 7 (Greedy): chon action=160, diem 10006.6
16:13:27.276 [INFO] Nuoc thu 8 (alphaZero): chon action=28, temp=1.0000, N(action)=4
16:13:27.278 [INFO] Nuoc thu 9 (Greedy): chon action=176, diem 100006.6
16:13:27.278 [INFO] ========== VAN (vs Greedy) KET THUC: nguoi thang la player 1 (AlphaZero la player 2), tong 9 nuoc ==========
16:13:27.581 [INFO] ========== BAT DAU VAN TU CHOI VOI GREEDY (board 15x15), AlphaZero la player 2 ==========
16:13:27.581 [INFO] Nuoc thu 1 (Greedy): chon action=112 (khai cuoc, o trung tam)
16:13:43.121 [INFO] Nuoc thu 2 (alphaZero): chon action=221, temp=1.0000, N(action)=4
16:13:43.124 [INFO] Nuoc thu 3 (Greedy): chon action=126, diem 106.6
16:13:58.897 [INFO] Nuoc thu 4 (alphaZero): chon action=30, temp=1.0000, N(action)=4
16:13:58.899 [INFO] Nuoc thu 5 (Greedy): chon action=140, diem 1006.6
16:14:14.425 [INFO] Nuoc thu 6 (alphaZero): chon action=97, temp=1.0000, N(action)=4
16:14:14.429 [INFO] Nuoc thu 7 (Greedy): chon action=98, diem 10095.7
16:14:29.885 [INFO] Nuoc thu 8 (alphaZero): chon action=76, temp=1.0000, N(action)=4
16:14:29.887 [INFO] Nuoc thu 9 (Greedy): chon action=154, diem 100006.6
16:14:29.887 [INFO] ========== VAN (vs Greedy) KET THUC: nguoi thang la player 1 (AlphaZero la player 2), tong 9 nuoc ==========
16:14:30.210 [INFO] ========== BAT DAU VAN TU CHOI VOI GREEDY (board 15x15), AlphaZero la player 1 ==========
16:14:45.781 [INFO] Nuoc thu 1 (alphaZero): chon action=23, temp=1.0000, N(action)=4
16:14:45.784 [INFO] Nuoc thu 2 (Greedy): chon action=39, diem 96.7
16:15:01.337 [INFO] Nuoc thu 3 (alphaZero): chon action=9, temp=1.0000, N(action)=2
16:15:01.338 [INFO] Nuoc thu 4 (Greedy): chon action=38, diem 195.7
16:15:16.903 [INFO] Nuoc thu 5 (alphaZero): chon action=107, temp=1.0000, N(action)=4
16:15:16.906 [INFO] Nuoc thu 6 (Greedy): chon action=37, diem 1095.7
16:15:32.604 [INFO] Nuoc thu 7 (alphaZero): chon action=150, temp=1.0000, N(action)=4
16:15:32.606 [INFO] Nuoc thu 8 (Greedy): chon action=40, diem 10006.6
16:15:47.982 [INFO] Nuoc thu 9 (alphaZero): chon action=31, temp=1.0000, N(action)=4
16:15:47.985 [INFO] Nuoc thu 10 (Greedy): chon action=36, diem 100006.6
16:15:47.985 [INFO] ========== VAN (vs Greedy) KET THUC: nguoi thang la player 2 (AlphaZero la player 1), tong 10 nuoc ==========
16:15:48.309 [INFO] ========== BAT DAU VAN TU CHOI VOI GREEDY (board 15x15), AlphaZero la player 2 ==========
16:15:48.309 [INFO] Nuoc thu 1 (Greedy): chon action=112 (khai cuoc, o trung tam)
16:16:03.988 [INFO] Nuoc thu 2 (alphaZero): chon action=185, temp=1.0000, N(action)=4
16:16:03.991 [INFO] Nuoc thu 3 (Greedy): chon action=128, diem 106.6
16:16:19.039 [INFO] Nuoc thu 4 (alphaZero): chon action=161, temp=1.0000, N(action)=4
16:16:19.041 [INFO] Nuoc thu 5 (Greedy): chon action=144, diem 1006.6
16:16:34.867 [INFO] Nuoc thu 6 (alphaZero): chon action=146, temp=1.0000, N(action)=4
16:16:34.869 [INFO] Nuoc thu 7 (Greedy): chon action=160, diem 10184.8
16:16:50.136 [INFO] Nuoc thu 8 (alphaZero): chon action=34, temp=1.0000, N(action)=4
16:16:50.138 [INFO] Nuoc thu 9 (Greedy): chon action=176, diem 100905.7
16:16:50.138 [INFO] ========== VAN (vs Greedy) KET THUC: nguoi thang la player 1 (AlphaZero la player 2), tong 9 nuoc ==========
16:16:50.445 [INFO] ========== BAT DAU VAN TU CHOI VOI GREEDY (board 15x15), AlphaZero la player 1 ==========
16:17:05.773 [INFO] Nuoc thu 1 (alphaZero): chon action=107, temp=1.0000, N(action)=4
16:17:05.775 [INFO] Nuoc thu 2 (Greedy): chon action=92, diem 96.7
16:17:21.437 [INFO] Nuoc thu 3 (alphaZero): chon action=200, temp=1.0000, N(action)=6
16:17:21.439 [INFO] Nuoc thu 4 (Greedy): chon action=108, diem 195.7
16:17:36.782 [INFO] Nuoc thu 5 (alphaZero): chon action=198, temp=1.0000, N(action)=2
16:17:36.784 [INFO] Nuoc thu 6 (Greedy): chon action=124, diem 1006.6
16:17:52.375 [INFO] Nuoc thu 7 (alphaZero): chon action=118, temp=1.0000, N(action)=4
16:17:52.377 [INFO] Nuoc thu 8 (Greedy): chon action=140, diem 10006.6
16:18:07.801 [INFO] Nuoc thu 9 (alphaZero): chon action=54, temp=1.0000, N(action)=8
16:18:07.804 [INFO] Nuoc thu 10 (Greedy): chon action=156, diem 100006.6
16:18:07.804 [INFO] ========== VAN (vs Greedy) KET THUC: nguoi thang la player 2 (AlphaZero la player 1), tong 10 nuoc ==========
16:18:08.113 [INFO] ========== BAT DAU VAN TU CHOI VOI GREEDY (board 15x15), AlphaZero la player 2 ==========
16:18:08.113 [INFO] Nuoc thu 1 (Greedy): chon action=112 (khai cuoc, o trung tam)
16:18:23.610 [INFO] Nuoc thu 2 (alphaZero): chon action=2, temp=1.0000, N(action)=4
16:18:23.613 [INFO] Nuoc thu 3 (Greedy): chon action=126, diem 106.6
16:18:38.839 [INFO] Nuoc thu 4 (alphaZero): chon action=219, temp=1.0000, N(action)=2
16:18:38.841 [INFO] Nuoc thu 5 (Greedy): chon action=140, diem 1006.6
16:18:53.962 [INFO] Nuoc thu 6 (alphaZero): chon action=155, temp=1.0000, N(action)=6
16:18:53.966 [INFO] Nuoc thu 7 (Greedy): chon action=154, diem 10095.7
16:19:09.768 [INFO] Nuoc thu 8 (alphaZero): chon action=174, temp=1.0000, N(action)=4
16:19:09.771 [INFO] Nuoc thu 9 (Greedy): chon action=98, diem 100006.6
16:19:09.771 [INFO] ========== VAN (vs Greedy) KET THUC: nguoi thang la player 1 (AlphaZero la player 2), tong 9 nuoc ==========
16:19:10.113 [INFO] ========== BAT DAU VAN TU CHOI VOI GREEDY (board 15x15), AlphaZero la player 2 ==========
16:19:10.115 [INFO] Nuoc thu 1 (Greedy): chon action=112 (khai cuoc, o trung tam)
16:19:26.138 [INFO] Nuoc thu 2 (alphaZero): chon action=76, temp=1.0000, N(action)=16
16:19:26.142 [INFO] Nuoc thu 3 (Greedy): chon action=127, diem 106.6
16:19:41.705 [INFO] Nuoc thu 4 (alphaZero): chon action=46, temp=1.0000, N(action)=16
16:19:41.709 [INFO] Nuoc thu 5 (Greedy): chon action=142, diem 1006.6
16:19:57.209 [INFO] Nuoc thu 6 (alphaZero): chon action=97, temp=1.0000, N(action)=2
16:19:57.211 [INFO] Nuoc thu 7 (Greedy): chon action=157, diem 1006.6
16:20:12.769 [INFO] Nuoc thu 8 (alphaZero): chon action=0, temp=1.0000, N(action)=4
16:20:12.772 [INFO] Nuoc thu 9 (Greedy): chon action=172, diem 100006.6
16:20:12.773 [INFO] ========== VAN (vs Greedy) KET THUC: nguoi thang la player 1 (AlphaZero la player 2), tong 9 nuoc ==========
16:20:13.039 [INFO] ========== BAT DAU VAN TU CHOI VOI GREEDY (board 15x15), AlphaZero la player 2 ==========
16:20:13.039 [INFO] Nuoc thu 1 (Greedy): chon action=112 (khai cuoc, o trung tam)
16:20:28.430 [INFO] Nuoc thu 2 (alphaZero): chon action=138, temp=1.0000, N(action)=6
16:20:28.434 [INFO] Nuoc thu 3 (Greedy): chon action=127, diem 106.6
16:20:44.134 [INFO] Nuoc thu 4 (alphaZero): chon action=52, temp=1.0000, N(action)=2
16:20:44.137 [INFO] Nuoc thu 5 (Greedy): chon action=97, diem 1006.6
16:20:59.356 [INFO] Nuoc thu 6 (alphaZero): chon action=71, temp=1.0000, N(action)=4
16:20:59.358 [INFO] Nuoc thu 7 (Greedy): chon action=142, diem 10006.6
16:21:14.792 [INFO] Nuoc thu 8 (alphaZero): chon action=130, temp=1.0000, N(action)=2
16:21:14.795 [INFO] Nuoc thu 9 (Greedy): chon action=157, diem 100006.6
16:21:14.795 [INFO] ========== VAN (vs Greedy) KET THUC: nguoi thang la player 1 (AlphaZero la player 2), tong 9 nuoc ==========
16:21:15.152 [INFO] ========== BAT DAU VAN TU CHOI VOI GREEDY (board 15x15), AlphaZero la player 1 ==========
16:21:30.741 [INFO] Nuoc thu 1 (alphaZero): chon action=142, temp=1.0000, N(action)=4
16:21:30.743 [INFO] Nuoc thu 2 (Greedy): chon action=143, diem 96.7
16:21:45.932 [INFO] Nuoc thu 3 (alphaZero): chon action=153, temp=1.0000, N(action)=4
16:21:45.935 [INFO] Nuoc thu 4 (Greedy): chon action=157, diem 195.7
16:22:01.476 [INFO] Nuoc thu 5 (alphaZero): chon action=129, temp=1.0000, N(action)=6
16:22:01.478 [INFO] Nuoc thu 6 (Greedy): chon action=158, diem 294.7
16:22:17.176 [INFO] Nuoc thu 7 (alphaZero): chon action=29, temp=1.0000, N(action)=4
16:22:17.178 [INFO] Nuoc thu 8 (Greedy): chon action=128, diem 1184.8
16:22:32.663 [INFO] Nuoc thu 9 (alphaZero): chon action=159, temp=1.0000, N(action)=4
16:22:32.665 [INFO] Nuoc thu 10 (Greedy): chon action=173, diem 10194.7
16:22:48.049 [INFO] Nuoc thu 11 (alphaZero): chon action=139, temp=1.0000, N(action)=4
16:22:48.051 [INFO] Nuoc thu 12 (Greedy): chon action=113, diem 100095.7
16:22:48.051 [INFO] ========== VAN (vs Greedy) KET THUC: nguoi thang la player 2 (AlphaZero la player 1), tong 12 nuoc ==========
16:22:48.359 [INFO] ========== BAT DAU VAN TU CHOI VOI GREEDY (board 15x15), AlphaZero la player 2 ==========
16:22:48.359 [INFO] Nuoc thu 1 (Greedy): chon action=112 (khai cuoc, o trung tam)
16:23:03.966 [INFO] Nuoc thu 2 (alphaZero): chon action=53, temp=1.0000, N(action)=6
16:23:03.969 [INFO] Nuoc thu 3 (Greedy): chon action=113, diem 106.6
16:23:19.478 [INFO] Nuoc thu 4 (alphaZero): chon action=190, temp=1.0000, N(action)=4
16:23:19.480 [INFO] Nuoc thu 5 (Greedy): chon action=114, diem 1006.6
16:23:34.981 [INFO] Nuoc thu 6 (alphaZero): chon action=120, temp=1.0000, N(action)=4
16:23:34.983 [INFO] Nuoc thu 7 (Greedy): chon action=115, diem 10006.6
16:23:50.478 [INFO] Nuoc thu 8 (alphaZero): chon action=146, temp=1.0000, N(action)=4
16:23:50.481 [INFO] Nuoc thu 9 (Greedy): chon action=116, diem 100006.6
16:23:50.482 [INFO] ========== VAN (vs Greedy) KET THUC: nguoi thang la player 1 (AlphaZero la player 2), tong 9 nuoc ==========
16:23:50.833 [INFO] ========== BAT DAU VAN TU CHOI VOI GREEDY (board 15x15), AlphaZero la player 2 ==========
16:23:50.833 [INFO] Nuoc thu 1 (Greedy): chon action=112 (khai cuoc, o trung tam)
16:24:06.599 [INFO] Nuoc thu 2 (alphaZero): chon action=104, temp=1.0000, N(action)=4
16:24:06.601 [INFO] Nuoc thu 3 (Greedy): chon action=96, diem 106.6
16:24:22.284 [INFO] Nuoc thu 4 (alphaZero): chon action=183, temp=1.0000, N(action)=4
16:24:22.285 [INFO] Nuoc thu 5 (Greedy): chon action=80, diem 1006.6
16:24:37.725 [INFO] Nuoc thu 6 (alphaZero): chon action=192, temp=1.0000, N(action)=4
16:24:37.728 [INFO] Nuoc thu 7 (Greedy): chon action=64, diem 10006.6
16:24:53.162 [INFO] Nuoc thu 8 (alphaZero): chon action=197, temp=1.0000, N(action)=4
16:24:53.165 [INFO] Nuoc thu 9 (Greedy): chon action=128, diem 100006.6
16:24:53.165 [INFO] ========== VAN (vs Greedy) KET THUC: nguoi thang la player 1 (AlphaZero la player 2), tong 9 nuoc ==========
16:24:53.472 [INFO] ========== BAT DAU VAN TU CHOI VOI GREEDY (board 15x15), AlphaZero la player 2 ==========
16:24:53.472 [INFO] Nuoc thu 1 (Greedy): chon action=112 (khai cuoc, o trung tam)
16:25:09.170 [INFO] Nuoc thu 2 (alphaZero): chon action=161, temp=1.0000, N(action)=10
16:25:09.173 [INFO] Nuoc thu 3 (Greedy): chon action=126, diem 106.6
16:25:25.007 [INFO] Nuoc thu 4 (alphaZero): chon action=72, temp=1.0000, N(action)=4
16:25:25.009 [INFO] Nuoc thu 5 (Greedy): chon action=140, diem 1006.6
16:25:40.618 [INFO] Nuoc thu 6 (alphaZero): chon action=45, temp=1.0000, N(action)=4
16:25:40.620 [INFO] Nuoc thu 7 (Greedy): chon action=98, diem 10006.6
16:25:56.211 [INFO] Nuoc thu 8 (alphaZero): chon action=77, temp=1.0000, N(action)=4
16:25:56.221 [INFO] Nuoc thu 9 (Greedy): chon action=154, diem 100006.6
16:25:56.222 [INFO] ========== VAN (vs Greedy) KET THUC: nguoi thang la player 1 (AlphaZero la player 2), tong 9 nuoc ==========
16:25:56.514 [INFO] ========== BAT DAU VAN TU CHOI VOI GREEDY (board 15x15), AlphaZero la player 2 ==========
16:25:56.514 [INFO] Nuoc thu 1 (Greedy): chon action=112 (khai cuoc, o trung tam)
16:26:12.594 [INFO] Nuoc thu 2 (alphaZero): chon action=121, temp=1.0000, N(action)=6
16:26:12.597 [INFO] Nuoc thu 3 (Greedy): chon action=111, diem 106.6
16:26:25.854 [INFO] Nuoc thu 4 (alphaZero): chon action=183, temp=1.0000, N(action)=4
16:26:25.856 [INFO] Nuoc thu 5 (Greedy): chon action=113, diem 1006.6
16:26:39.048 [INFO] Nuoc thu 6 (alphaZero): chon action=115, temp=1.0000, N(action)=4
16:26:39.051 [INFO] Nuoc thu 7 (Greedy): chon action=110, diem 10006.6
16:26:52.046 [INFO] Nuoc thu 8 (alphaZero): chon action=37, temp=1.0000, N(action)=4
16:26:52.049 [INFO] Nuoc thu 9 (Greedy): chon action=114, diem 100014.7
16:26:52.049 [INFO] ========== VAN (vs Greedy) KET THUC: nguoi thang la player 1 (AlphaZero la player 2), tong 9 nuoc ==========
16:26:52.311 [INFO] ========== BAT DAU VAN TU CHOI VOI GREEDY (board 15x15), AlphaZero la player 2 ==========
16:26:52.311 [INFO] Nuoc thu 1 (Greedy): chon action=112 (khai cuoc, o trung tam)
16:27:05.636 [INFO] Nuoc thu 2 (alphaZero): chon action=84, temp=1.0000, N(action)=6
16:27:05.637 [INFO] Nuoc thu 3 (Greedy): chon action=127, diem 106.6
16:27:18.484 [INFO] Nuoc thu 4 (alphaZero): chon action=202, temp=1.0000, N(action)=4
16:27:18.487 [INFO] Nuoc thu 5 (Greedy): chon action=97, diem 1006.6
16:27:31.442 [INFO] Nuoc thu 6 (alphaZero): chon action=158, temp=1.0000, N(action)=4
16:27:31.444 [INFO] Nuoc thu 7 (Greedy): chon action=142, diem 10095.7
16:27:42.412 [INFO] Nuoc thu 8 (alphaZero): chon action=42, temp=1.0000, N(action)=4
16:27:42.414 [INFO] Nuoc thu 9 (Greedy): chon action=157, diem 100095.7
16:27:42.414 [INFO] ========== VAN (vs Greedy) KET THUC: nguoi thang la player 1 (AlphaZero la player 2), tong 9 nuoc ==========
16:27:42.605 [INFO] ========== BAT DAU VAN TU CHOI VOI GREEDY (board 15x15), AlphaZero la player 2 ==========
16:27:42.605 [INFO] Nuoc thu 1 (Greedy): chon action=112 (khai cuoc, o trung tam)
16:27:53.452 [INFO] Nuoc thu 2 (alphaZero): chon action=198, temp=1.0000, N(action)=4
16:27:53.454 [INFO] Nuoc thu 3 (Greedy): chon action=96, diem 106.6
16:28:04.189 [INFO] Nuoc thu 4 (alphaZero): chon action=156, temp=1.0000, N(action)=2
16:28:04.192 [INFO] Nuoc thu 5 (Greedy): chon action=128, diem 1006.6
16:28:15.277 [INFO] Nuoc thu 6 (alphaZero): chon action=127, temp=1.0000, N(action)=6
16:28:15.279 [INFO] Nuoc thu 7 (Greedy): chon action=144, diem 10006.6
16:28:26.241 [INFO] Nuoc thu 8 (alphaZero): chon action=76, temp=1.0000, N(action)=4
16:28:26.243 [INFO] Nuoc thu 9 (Greedy): chon action=80, diem 100006.6
16:28:26.243 [INFO] ========== VAN (vs Greedy) KET THUC: nguoi thang la player 1 (AlphaZero la player 2), tong 9 nuoc ==========
16:28:26.440 [INFO] ========== BAT DAU VAN TU CHOI VOI GREEDY (board 15x15), AlphaZero la player 2 ==========
16:28:26.440 [INFO] Nuoc thu 1 (Greedy): chon action=112 (khai cuoc, o trung tam)
16:28:37.425 [INFO] Nuoc thu 2 (alphaZero): chon action=46, temp=1.0000, N(action)=4
16:28:37.428 [INFO] Nuoc thu 3 (Greedy): chon action=113, diem 106.6
16:28:48.458 [INFO] Nuoc thu 4 (alphaZero): chon action=3, temp=1.0000, N(action)=4
16:28:48.464 [INFO] Nuoc thu 5 (Greedy): chon action=114, diem 1006.6
16:28:59.542 [INFO] Nuoc thu 6 (alphaZero): chon action=17, temp=1.0000, N(action)=8
16:28:59.544 [INFO] Nuoc thu 7 (Greedy): chon action=115, diem 10006.6
16:29:10.315 [INFO] Nuoc thu 8 (alphaZero): chon action=76, temp=1.0000, N(action)=4
16:29:10.317 [INFO] Nuoc thu 9 (Greedy): chon action=116, diem 100006.6
16:29:10.317 [INFO] ========== VAN (vs Greedy) KET THUC: nguoi thang la player 1 (AlphaZero la player 2), tong 9 nuoc ==========
16:29:10.565 [INFO] ========== BAT DAU VAN TU CHOI VOI GREEDY (board 15x15), AlphaZero la player 1 ==========
16:29:21.796 [INFO] Nuoc thu 1 (alphaZero): chon action=8, temp=1.0000, N(action)=4
16:29:21.799 [INFO] Nuoc thu 2 (Greedy): chon action=7, diem 96.7
16:29:32.823 [INFO] Nuoc thu 3 (alphaZero): chon action=81, temp=1.0000, N(action)=6
16:29:32.826 [INFO] Nuoc thu 4 (Greedy): chon action=65, diem 96.7
16:29:43.934 [INFO] Nuoc thu 5 (alphaZero): chon action=24, temp=1.0000, N(action)=4
16:29:43.936 [INFO] Nuoc thu 6 (Greedy): chon action=80, diem 195.7
16:29:54.957 [INFO] Nuoc thu 7 (alphaZero): chon action=201, temp=1.0000, N(action)=4
16:29:54.959 [INFO] Nuoc thu 8 (Greedy): chon action=95, diem 1095.7
16:30:05.984 [INFO] Nuoc thu 9 (alphaZero): chon action=28, temp=1.0000, N(action)=4
16:30:05.985 [INFO] Nuoc thu 10 (Greedy): chon action=50, diem 10006.6
16:30:16.845 [INFO] Nuoc thu 11 (alphaZero): chon action=166, temp=1.0000, N(action)=8
16:30:16.847 [INFO] Nuoc thu 12 (Greedy): chon action=35, diem 100006.6
16:30:16.847 [INFO] ========== VAN (vs Greedy) KET THUC: nguoi thang la player 2 (AlphaZero la player 1), tong 12 nuoc ==========
16:30:17.054 [INFO] ========== BAT DAU VAN TU CHOI VOI GREEDY (board 15x15), AlphaZero la player 2 ==========
16:30:17.054 [INFO] Nuoc thu 1 (Greedy): chon action=112 (khai cuoc, o trung tam)
16:30:28.105 [INFO] Nuoc thu 2 (alphaZero): chon action=131, temp=1.0000, N(action)=2
16:30:28.108 [INFO] Nuoc thu 3 (Greedy): chon action=97, diem 106.6
16:30:39.066 [INFO] Nuoc thu 4 (alphaZero): chon action=53, temp=1.0000, N(action)=4
16:30:39.069 [INFO] Nuoc thu 5 (Greedy): chon action=127, diem 1006.6
16:30:49.913 [INFO] Nuoc thu 6 (alphaZero): chon action=37, temp=1.0000, N(action)=4
16:30:49.915 [INFO] Nuoc thu 7 (Greedy): chon action=142, diem 10006.6
16:31:00.218 [INFO] Nuoc thu 8 (alphaZero): chon action=166, temp=1.0000, N(action)=6
16:31:00.221 [INFO] Nuoc thu 9 (Greedy): chon action=82, diem 100006.6
16:31:00.221 [INFO] ========== VAN (vs Greedy) KET THUC: nguoi thang la player 1 (AlphaZero la player 2), tong 9 nuoc ==========
16:31:00.384 [INFO] ========== BAT DAU VAN TU CHOI VOI GREEDY (board 15x15), AlphaZero la player 1 ==========
16:31:09.913 [INFO] Nuoc thu 1 (alphaZero): chon action=0, temp=1.0000, N(action)=6
16:31:09.915 [INFO] Nuoc thu 2 (Greedy): chon action=16, diem 15.7
16:31:19.355 [INFO] Nuoc thu 3 (alphaZero): chon action=219, temp=1.0000, N(action)=4
16:31:19.357 [INFO] Nuoc thu 4 (Greedy): chon action=31, diem 106.6
16:31:28.666 [INFO] Nuoc thu 5 (alphaZero): chon action=165, temp=1.0000, N(action)=4
16:31:28.668 [INFO] Nuoc thu 6 (Greedy): chon action=46, diem 1006.6
16:31:37.992 [INFO] Nuoc thu 7 (alphaZero): chon action=3, temp=1.0000, N(action)=4
16:31:37.994 [INFO] Nuoc thu 8 (Greedy): chon action=61, diem 10006.6
16:31:46.777 [INFO] Nuoc thu 9 (alphaZero): chon action=187, temp=1.0000, N(action)=4
16:31:46.780 [INFO] Nuoc thu 10 (Greedy): chon action=1, diem 100013.8
16:31:46.780 [INFO] ========== VAN (vs Greedy) KET THUC: nguoi thang la player 2 (AlphaZero la player 1), tong 10 nuoc ==========
