18:07:06.896 [INFO] ========== BAT DAU VAN TU CHOI VOI GREEDY (board 15x15), AlphaZero la player 1 ==========
18:07:25.240 [INFO] Nuoc thu 1 (alphaZero): chon action=133, temp=1.0000, N(action)=4
18:07:25.245 [INFO] Nuoc thu 2 (Greedy): chon action=148, diem 96.7
18:07:40.883 [INFO] Nuoc thu 3 (alphaZero): chon action=49, temp=1.0000, N(action)=4
18:07:40.885 [INFO] Nuoc thu 4 (Greedy): chon action=132, diem 195.7
18:07:56.548 [INFO] Nuoc thu 5 (alphaZero): chon action=23, temp=1.0000, N(action)=6
18:07:56.551 [INFO] Nuoc thu 6 (Greedy): chon action=116, diem 1006.6
18:08:12.607 [INFO] Nuoc thu 7 (alphaZero): chon action=223, temp=1.0000, N(action)=4
18:08:12.610 [INFO] Nuoc thu 8 (Greedy): chon action=100, diem 10006.6
18:08:29.059 [INFO] Nuoc thu 9 (alphaZero): chon action=24, temp=1.0000, N(action)=6
18:08:29.064 [INFO] Nuoc thu 10 (Greedy): chon action=84, diem 100006.6
18:08:29.064 [INFO] ========== VAN (vs Greedy) KET THUC: nguoi thang la player 2 (AlphaZero la player 1), tong 10 nuoc ==========
18:08:29.425 [INFO] ========== BAT DAU VAN TU CHOI VOI GREEDY (board 15x15), AlphaZero la player 2 ==========
18:08:29.425 [INFO] Nuoc thu 1 (Greedy): chon action=112 (khai cuoc, o trung tam)
18:08:45.982 [INFO] Nuoc thu 2 (alphaZero): chon action=154, temp=1.0000, N(action)=8
18:08:45.992 [INFO] Nuoc thu 3 (Greedy): chon action=98, diem 106.6
18:09:02.779 [INFO] Nuoc thu 4 (alphaZero): chon action=208, temp=1.0000, N(action)=8
18:09:02.783 [INFO] Nuoc thu 5 (Greedy): chon action=126, diem 1006.6
18:09:19.042 [INFO] Nuoc thu 6 (alphaZero): chon action=22, temp=1.0000, N(action)=6
18:09:19.046 [INFO] Nuoc thu 7 (Greedy): chon action=84, diem 10006.6
18:09:35.523 [INFO] Nuoc thu 8 (alphaZero): chon action=193, temp=1.0000, N(action)=6
18:09:35.526 [INFO] Nuoc thu 9 (Greedy): chon action=140, diem 100014.7
18:09:35.526 [INFO] ========== VAN (vs Greedy) KET THUC: nguoi thang la player 1 (AlphaZero la player 2), tong 9 nuoc ==========
18:09:35.897 [INFO] ========== BAT DAU VAN TU CHOI VOI GREEDY (board 15x15), AlphaZero la player 1 ==========
18:09:52.728 [INFO] Nuoc thu 1 (alphaZero): chon action=168, temp=1.0000, N(action)=4
18:09:52.732 [INFO] Nuoc thu 2 (Greedy): chon action=167, diem 96.7
18:10:09.026 [INFO] Nuoc thu 3 (alphaZero): chon action=37, temp=1.0000, N(action)=4
18:10:09.029 [INFO] Nuoc thu 4 (Greedy): chon action=183, diem 195.7
18:10:24.932 [INFO] Nuoc thu 5 (alphaZero): chon action=7, temp=1.0000, N(action)=4
18:10:24.935 [INFO] Nuoc thu 6 (Greedy): chon action=151, diem 1006.6
18:10:40.509 [INFO] Nuoc thu 7 (alphaZero): chon action=65, temp=1.0000, N(action)=4
18:10:40.511 [INFO] Nuoc thu 8 (Greedy): chon action=199, diem 10006.6
18:10:56.384 [INFO] Nuoc thu 9 (alphaZero): chon action=38, temp=1.0000, N(action)=4
18:10:56.388 [INFO] Nuoc thu 10 (Greedy): chon action=215, diem 100005.7
18:10:56.388 [INFO] ========== VAN (vs Greedy) KET THUC: nguoi thang la player 2 (AlphaZero la player 1), tong 10 nuoc ==========
18:10:56.709 [INFO] ========== BAT DAU VAN TU CHOI VOI GREEDY (board 15x15), AlphaZero la player 1 ==========
18:11:12.260 [INFO] Nuoc thu 1 (alphaZero): chon action=144, temp=1.0000, N(action)=4
18:11:12.262 [INFO] Nuoc thu 2 (Greedy): chon action=129, diem 96.7
18:11:27.755 [INFO] Nuoc thu 3 (alphaZero): chon action=120, temp=1.0000, N(action)=4
18:11:27.758 [INFO] Nuoc thu 4 (Greedy): chon action=145, diem 195.7
18:11:43.799 [INFO] Nuoc thu 5 (alphaZero): chon action=106, temp=1.0000, N(action)=16
18:11:43.801 [INFO] Nuoc thu 6 (Greedy): chon action=113, diem 1006.6
18:11:59.467 [INFO] Nuoc thu 7 (alphaZero): chon action=81, temp=1.0000, N(action)=6
18:11:59.469 [INFO] Nuoc thu 8 (Greedy): chon action=161, diem 10006.6
18:12:15.161 [INFO] Nuoc thu 9 (alphaZero): chon action=172, temp=1.0000, N(action)=4
18:12:15.163 [INFO] Nuoc thu 10 (Greedy): chon action=97, diem 100014.7
18:12:15.164 [INFO] ========== VAN (vs Greedy) KET THUC: nguoi thang la player 2 (AlphaZero la player 1), tong 10 nuoc ==========
18:12:15.440 [INFO] ========== BAT DAU VAN TU CHOI VOI GREEDY (board 15x15), AlphaZero la player 2 ==========
18:12:15.441 [INFO] Nuoc thu 1 (Greedy): chon action=112 (khai cuoc, o trung tam)
18:12:31.519 [INFO] Nuoc thu 2 (alphaZero): chon action=58, temp=1.0000, N(action)=4
18:12:31.522 [INFO] Nuoc thu 3 (Greedy): chon action=96, diem 106.6
18:12:47.341 [INFO] Nuoc thu 4 (alphaZero): chon action=218, temp=1.0000, N(action)=6
18:12:47.343 [INFO] Nuoc thu 5 (Greedy): chon action=128, diem 1006.6
18:13:02.898 [INFO] Nuoc thu 6 (alphaZero): chon action=127, temp=1.0000, N(action)=4
18:13:02.900 [INFO] Nuoc thu 7 (Greedy): chon action=80, diem 10006.6
18:13:18.679 [INFO] Nuoc thu 8 (alphaZero): chon action=20, temp=1.0000, N(action)=4
18:13:18.681 [INFO] Nuoc thu 9 (Greedy): chon action=144, diem 100006.6
18:13:18.681 [INFO] ========== VAN (vs Greedy) KET THUC: nguoi thang la player 1 (AlphaZero la player 2), tong 9 nuoc ==========
18:13:19.014 [INFO] ========== BAT DAU VAN TU CHOI VOI GREEDY (board 15x15), AlphaZero la player 1 ==========
18:13:34.611 [INFO] Nuoc thu 1 (alphaZero): chon action=146, temp=1.0000, N(action)=4
18:13:34.613 [INFO] Nuoc thu 2 (Greedy): chon action=161, diem 96.7
18:13:50.270 [INFO] Nuoc thu 3 (alphaZero): chon action=74, temp=1.0000, N(action)=6
18:13:50.272 [INFO] Nuoc thu 4 (Greedy): chon action=145, diem 195.7
18:14:05.795 [INFO] Nuoc thu 5 (alphaZero): chon action=209, temp=1.0000, N(action)=16
18:14:05.798 [INFO] Nuoc thu 6 (Greedy): chon action=129, diem 1006.6
18:14:21.519 [INFO] Nuoc thu 7 (alphaZero): chon action=127, temp=1.0000, N(action)=4
18:14:21.521 [INFO] Nuoc thu 8 (Greedy): chon action=113, diem 10095.7
18:14:37.206 [INFO] Nuoc thu 9 (alphaZero): chon action=0, temp=1.0000, N(action)=4
18:14:37.208 [INFO] Nuoc thu 10 (Greedy): chon action=97, diem 100006.6
18:14:37.208 [INFO] ========== VAN (vs Greedy) KET THUC: nguoi thang la player 2 (AlphaZero la player 1), tong 10 nuoc ==========
18:14:37.593 [INFO] ========== BAT DAU VAN TU CHOI VOI GREEDY (board 15x15), AlphaZero la player 2 ==========
18:14:37.594 [INFO] Nuoc thu 1 (Greedy): chon action=112 (khai cuoc, o trung tam)
18:14:53.310 [INFO] Nuoc thu 2 (alphaZero): chon action=9, temp=1.0000, N(action)=12
18:14:53.318 [INFO] Nuoc thu 3 (Greedy): chon action=97, diem 106.6
18:15:09.116 [INFO] Nuoc thu 4 (alphaZero): chon action=54, temp=1.0000, N(action)=4
18:15:09.119 [INFO] Nuoc thu 5 (Greedy): chon action=127, diem 1006.6
18:15:24.823 [INFO] Nuoc thu 6 (alphaZero): chon action=83, temp=1.0000, N(action)=4
18:15:24.825 [INFO] Nuoc thu 7 (Greedy): chon action=82, diem 10095.7
18:15:40.182 [INFO] Nuoc thu 8 (alphaZero): chon action=21, temp=1.0000, N(action)=4
18:15:40.184 [INFO] Nuoc thu 9 (Greedy): chon action=67, diem 100095.7
18:15:40.184 [INFO] ========== VAN (vs Greedy) KET THUC: nguoi thang la player 1 (AlphaZero la player 2), tong 9 nuoc ==========
18:15:40.481 [INFO] ========== BAT DAU VAN TU CHOI VOI GREEDY (board 15x15), AlphaZero la player 2 ==========
18:15:40.481 [INFO] Nuoc thu 1 (Greedy): chon action=112 (khai cuoc, o trung tam)
18:15:56.304 [INFO] Nuoc thu 2 (alphaZero): chon action=157, temp=1.0000, N(action)=4
18:15:56.306 [INFO] Nuoc thu 3 (Greedy): chon action=113, diem 106.6
18:16:12.151 [INFO] Nuoc thu 4 (alphaZero): chon action=138, temp=1.0000, N(action)=4
18:16:12.153 [INFO] Nuoc thu 5 (Greedy): chon action=111, diem 1006.6
18:16:27.719 [INFO] Nuoc thu 6 (alphaZero): chon action=148, temp=1.0000, N(action)=8
18:16:27.721 [INFO] Nuoc thu 7 (Greedy): chon action=114, diem 10006.6
18:16:43.782 [INFO] Nuoc thu 8 (alphaZero): chon action=127, temp=1.0000, N(action)=4
18:16:43.786 [INFO] Nuoc thu 9 (Greedy): chon action=115, diem 100006.6
18:16:43.786 [INFO] ========== VAN (vs Greedy) KET THUC: nguoi thang la player 1 (AlphaZero la player 2), tong 9 nuoc ==========
18:16:44.157 [INFO] ========== BAT DAU VAN TU CHOI VOI GREEDY (board 15x15), AlphaZero la player 1 ==========
18:16:59.767 [INFO] Nuoc thu 1 (alphaZero): chon action=57, temp=1.0000, N(action)=4
18:16:59.771 [INFO] Nuoc thu 2 (Greedy): chon action=41, diem 96.7
18:17:15.912 [INFO] Nuoc thu 3 (alphaZero): chon action=178, temp=1.0000, N(action)=4
18:17:15.914 [INFO] Nuoc thu 4 (Greedy): chon action=42, diem 195.7
18:17:31.791 [INFO] Nuoc thu 5 (alphaZero): chon action=214, temp=1.0000, N(action)=8
18:17:31.794 [INFO] Nuoc thu 6 (Greedy): chon action=43, diem 1095.7
18:17:47.322 [INFO] Nuoc thu 7 (alphaZero): chon action=159, temp=1.0000, N(action)=4
18:17:47.325 [INFO] Nuoc thu 8 (Greedy): chon action=40, diem 10006.6
18:18:03.137 [INFO] Nuoc thu 9 (alphaZero): chon action=72, temp=1.0000, N(action)=4
18:18:03.140 [INFO] Nuoc thu 10 (Greedy): chon action=39, diem 100006.6
18:18:03.140 [INFO] ========== VAN (vs Greedy) KET THUC: nguoi thang la player 2 (AlphaZero la player 1), tong 10 nuoc ==========
18:18:03.443 [INFO] ========== BAT DAU VAN TU CHOI VOI GREEDY (board 15x15), AlphaZero la player 2 ==========
18:18:03.443 [INFO] Nuoc thu 1 (Greedy): chon action=112 (khai cuoc, o trung tam)
18:18:19.497 [INFO] Nuoc thu 2 (alphaZero): chon action=102, temp=1.0000, N(action)=8
18:18:19.500 [INFO] Nuoc thu 3 (Greedy): chon action=98, diem 106.6
18:18:35.027 [INFO] Nuoc thu 4 (alphaZero): chon action=26, temp=1.0000, N(action)=6
18:18:35.030 [INFO] Nuoc thu 5 (Greedy): chon action=126, diem 1006.6
18:18:50.950 [INFO] Nuoc thu 6 (alphaZero): chon action=51, temp=1.0000, N(action)=4
18:18:50.952 [INFO] Nuoc thu 7 (Greedy): chon action=84, diem 10006.6
18:19:06.666 [INFO] Nuoc thu 8 (alphaZero): chon action=136, temp=1.0000, N(action)=10
18:19:06.669 [INFO] Nuoc thu 9 (Greedy): chon action=140, diem 100006.6
18:19:06.669 [INFO] ========== VAN (vs Greedy) KET THUC: nguoi thang la player 1 (AlphaZero la player 2), tong 9 nuoc ==========
18:19:06.935 [INFO] ========== BAT DAU VAN TU CHOI VOI GREEDY (board 15x15), AlphaZero la player 1 ==========
18:19:22.619 [INFO] Nuoc thu 1 (alphaZero): chon action=37, temp=1.0000, N(action)=4
18:19:22.621 [INFO] Nuoc thu 2 (Greedy): chon action=36, diem 96.7
18:19:38.496 [INFO] Nuoc thu 3 (alphaZero): chon action=135, temp=1.0000, N(action)=4
18:19:38.498 [INFO] Nuoc thu 4 (Greedy): chon action=21, diem 195.7
18:19:54.169 [INFO] Nuoc thu 5 (alphaZero): chon action=91, temp=1.0000, N(action)=4
18:19:54.173 [INFO] Nuoc thu 6 (Greedy): chon action=51, diem 1095.7
18:20:09.709 [INFO] Nuoc thu 7 (alphaZero): chon action=79, temp=1.0000, N(action)=6
18:20:09.711 [INFO] Nuoc thu 8 (Greedy): chon action=66, diem 10006.6
18:20:25.475 [INFO] Nuoc thu 9 (alphaZero): chon action=168, temp=1.0000, N(action)=4
18:20:25.477 [INFO] Nuoc thu 10 (Greedy): chon action=81, diem 100006.6
18:20:25.478 [INFO] ========== VAN (vs Greedy) KET THUC: nguoi thang la player 2 (AlphaZero la player 1), tong 10 nuoc ==========
18:20:25.757 [INFO] ========== BAT DAU VAN TU CHOI VOI GREEDY (board 15x15), AlphaZero la player 1 ==========
18:20:41.557 [INFO] Nuoc thu 1 (alphaZero): chon action=15, temp=1.0000, N(action)=4
18:20:41.558 [INFO] Nuoc thu 2 (Greedy): chon action=30, diem 96.7
18:20:57.517 [INFO] Nuoc thu 3 (alphaZero): chon action=168, temp=1.0000, N(action)=4
18:20:57.520 [INFO] Nuoc thu 4 (Greedy): chon action=152, diem 96.7
18:21:13.514 [INFO] Nuoc thu 5 (alphaZero): chon action=39, temp=1.0000, N(action)=4
18:21:13.516 [INFO] Nuoc thu 6 (Greedy): chon action=167, diem 195.7
18:21:29.114 [INFO] Nuoc thu 7 (alphaZero): chon action=9, temp=1.0000, N(action)=8
18:21:29.116 [INFO] Nuoc thu 8 (Greedy): chon action=182, diem 1095.7
18:21:45.018 [INFO] Nuoc thu 9 (alphaZero): chon action=71, temp=1.0000, N(action)=4
18:21:45.022 [INFO] Nuoc thu 10 (Greedy): chon action=197, diem 10006.6
18:22:00.717 [INFO] Nuoc thu 11 (alphaZero): chon action=101, temp=1.0000, N(action)=4
18:22:00.718 [INFO] Nuoc thu 12 (Greedy): chon action=137, diem 100006.6
18:22:00.718 [INFO] ========== VAN (vs Greedy) KET THUC: nguoi thang la player 2 (AlphaZero la player 1), tong 12 nuoc ==========
18:22:01.021 [INFO] ========== BAT DAU VAN TU CHOI VOI GREEDY (board 15x15), AlphaZero la player 1 ==========
18:22:16.887 [INFO] Nuoc thu 1 (alphaZero): chon action=5, temp=1.0000, N(action)=2
18:22:16.891 [INFO] Nuoc thu 2 (Greedy): chon action=6, diem 96.7
18:22:32.125 [INFO] Nuoc thu 3 (alphaZero): chon action=162, temp=1.0000, N(action)=4
18:22:32.128 [INFO] Nuoc thu 4 (Greedy): chon action=146, diem 96.7
18:22:48.175 [INFO] Nuoc thu 5 (alphaZero): chon action=182, temp=1.0000, N(action)=4
18:22:48.178 [INFO] Nuoc thu 6 (Greedy): chon action=147, diem 195.7
18:23:04.011 [INFO] Nuoc thu 7 (alphaZero): chon action=33, temp=1.0000, N(action)=10
18:23:04.014 [INFO] Nuoc thu 8 (Greedy): chon action=148, diem 1095.7
18:23:19.830 [INFO] Nuoc thu 9 (alphaZero): chon action=51, temp=1.0000, N(action)=6
18:23:19.832 [INFO] Nuoc thu 10 (Greedy): chon action=145, diem 10006.6
18:23:35.809 [INFO] Nuoc thu 11 (alphaZero): chon action=83, temp=1.0000, N(action)=4
18:23:35.812 [INFO] Nuoc thu 12 (Greedy): chon action=144, diem 100006.6
18:23:35.812 [INFO] ========== VAN (vs Greedy) KET THUC: nguoi thang la player 2 (AlphaZero la player 1), tong 12 nuoc ==========
18:23:36.083 [INFO] ========== BAT DAU VAN TU CHOI VOI GREEDY (board 15x15), AlphaZero la player 2 ==========
18:23:36.083 [INFO] Nuoc thu 1 (Greedy): chon action=112 (khai cuoc, o trung tam)
18:23:51.554 [INFO] Nuoc thu 2 (alphaZero): chon action=100, temp=1.0000, N(action)=10
18:23:51.557 [INFO] Nuoc thu 3 (Greedy): chon action=126, diem 106.6
18:24:07.312 [INFO] Nuoc thu 4 (alphaZero): chon action=108, temp=1.0000, N(action)=4
18:24:07.315 [INFO] Nuoc thu 5 (Greedy): chon action=98, diem 1006.6
18:24:23.171 [INFO] Nuoc thu 6 (alphaZero): chon action=185, temp=1.0000, N(action)=4
18:24:23.174 [INFO] Nuoc thu 7 (Greedy): chon action=84, diem 10095.7
18:24:38.849 [INFO] Nuoc thu 8 (alphaZero): chon action=80, temp=1.0000, N(action)=8
18:24:38.852 [INFO] Nuoc thu 9 (Greedy): chon action=140, diem 100006.6
18:24:38.852 [INFO] ========== VAN (vs Greedy) KET THUC: nguoi thang la player 1 (AlphaZero la player 2), tong 9 nuoc ==========
18:24:39.163 [INFO] ========== BAT DAU VAN TU CHOI VOI GREEDY (board 15x15), AlphaZero la player 1 ==========
18:24:54.812 [INFO] Nuoc thu 1 (alphaZero): chon action=156, temp=1.0000, N(action)=4
18:24:54.815 [INFO] Nuoc thu 2 (Greedy): chon action=140, diem 96.7
18:25:10.331 [INFO] Nuoc thu 3 (alphaZero): chon action=20, temp=1.0000, N(action)=14
18:25:10.334 [INFO] Nuoc thu 4 (Greedy): chon action=141, diem 195.7
18:25:25.844 [INFO] Nuoc thu 5 (alphaZero): chon action=129, temp=1.0000, N(action)=4
18:25:25.846 [INFO] Nuoc thu 6 (Greedy): chon action=142, diem 1095.7
18:25:41.826 [INFO] Nuoc thu 7 (alphaZero): chon action=6, temp=1.0000, N(action)=4
18:25:41.829 [INFO] Nuoc thu 8 (Greedy): chon action=143, diem 10095.7
18:25:57.282 [INFO] Nuoc thu 9 (alphaZero): chon action=188, temp=1.0000, N(action)=4
18:25:57.285 [INFO] Nuoc thu 10 (Greedy): chon action=144, diem 100095.7
18:25:57.285 [INFO] ========== VAN (vs Greedy) KET THUC: nguoi thang la player 2 (AlphaZero la player 1), tong 10 nuoc ==========
18:25:57.612 [INFO] ========== BAT DAU VAN TU CHOI VOI GREEDY (board 15x15), AlphaZero la player 2 ==========
18:25:57.612 [INFO] Nuoc thu 1 (Greedy): chon action=112 (khai cuoc, o trung tam)
18:26:13.722 [INFO] Nuoc thu 2 (alphaZero): chon action=48, temp=1.0000, N(action)=4
18:26:13.725 [INFO] Nuoc thu 3 (Greedy): chon action=113, diem 106.6
18:26:29.673 [INFO] Nuoc thu 4 (alphaZero): chon action=56, temp=1.0000, N(action)=4
18:26:29.675 [INFO] Nuoc thu 5 (Greedy): chon action=111, diem 1006.6
18:26:45.732 [INFO] Nuoc thu 6 (alphaZero): chon action=189, temp=1.0000, N(action)=12
18:26:45.736 [INFO] Nuoc thu 7 (Greedy): chon action=110, diem 10006.6
18:27:01.577 [INFO] Nuoc thu 8 (alphaZero): chon action=220, temp=1.0000, N(action)=4
18:27:01.579 [INFO] Nuoc thu 9 (Greedy): chon action=114, diem 100006.6
18:27:01.579 [INFO] ========== VAN (vs Greedy) KET THUC: nguoi thang la player 1 (AlphaZero la player 2), tong 9 nuoc ==========
18:27:01.862 [INFO] ========== BAT DAU VAN TU CHOI VOI GREEDY (board 15x15), AlphaZero la player 1 ==========
18:27:17.405 [INFO] Nuoc thu 1 (alphaZero): chon action=139, temp=1.0000, N(action)=6
18:27:17.406 [INFO] Nuoc thu 2 (Greedy): chon action=124, diem 96.7
18:27:33.399 [INFO] Nuoc thu 3 (alphaZero): chon action=152, temp=1.0000, N(action)=2
18:27:33.401 [INFO] Nuoc thu 4 (Greedy): chon action=125, diem 195.7
18:27:49.206 [INFO] Nuoc thu 5 (alphaZero): chon action=15, temp=1.0000, N(action)=12
18:27:49.209 [INFO] Nuoc thu 6 (Greedy): chon action=123, diem 1095.7
18:28:04.681 [INFO] Nuoc thu 7 (alphaZero): chon action=149, temp=1.0000, N(action)=6
18:28:04.684 [INFO] Nuoc thu 8 (Greedy): chon action=126, diem 10006.6
18:28:20.536 [INFO] Nuoc thu 9 (alphaZero): chon action=18, temp=1.0000, N(action)=6
18:28:20.538 [INFO] Nuoc thu 10 (Greedy): chon action=127, diem 100006.6
18:28:20.538 [INFO] ========== VAN (vs Greedy) KET THUC: nguoi thang la player 2 (AlphaZero la player 1), tong 10 nuoc ==========
18:28:20.837 [INFO] ========== BAT DAU VAN TU CHOI VOI GREEDY (board 15x15), AlphaZero la player 2 ==========
18:28:20.837 [INFO] Nuoc thu 1 (Greedy): chon action=112 (khai cuoc, o trung tam)
18:28:36.771 [INFO] Nuoc thu 2 (alphaZero): chon action=64, temp=1.0000, N(action)=4
18:28:36.774 [INFO] Nuoc thu 3 (Greedy): chon action=113, diem 106.6
18:28:52.347 [INFO] Nuoc thu 4 (alphaZero): chon action=190, temp=1.0000, N(action)=4
18:28:52.355 [INFO] Nuoc thu 5 (Greedy): chon action=111, diem 1006.6
18:29:08.094 [INFO] Nuoc thu 6 (alphaZero): chon action=82, temp=1.0000, N(action)=4
18:29:08.096 [INFO] Nuoc thu 7 (Greedy): chon action=114, diem 10006.6
18:29:23.756 [INFO] Nuoc thu 8 (alphaZero): chon action=13, temp=1.0000, N(action)=4
18:29:23.759 [INFO] Nuoc thu 9 (Greedy): chon action=115, diem 100006.6
18:29:23.759 [INFO] ========== VAN (vs Greedy) KET THUC: nguoi thang la player 1 (AlphaZero la player 2), tong 9 nuoc ==========
18:29:24.156 [INFO] ========== BAT DAU VAN TU CHOI VOI GREEDY (board 15x15), AlphaZero la player 2 ==========
18:29:24.156 [INFO] Nuoc thu 1 (Greedy): chon action=112 (khai cuoc, o trung tam)
18:29:39.870 [INFO] Nuoc thu 2 (alphaZero): chon action=200, temp=1.0000, N(action)=4
18:29:39.872 [INFO] Nuoc thu 3 (Greedy): chon action=98, diem 106.6
18:29:56.067 [INFO] Nuoc thu 4 (alphaZero): chon action=12, temp=1.0000, N(action)=4
18:29:56.072 [INFO] Nuoc thu 5 (Greedy): chon action=84, diem 1006.6
18:30:12.806 [INFO] Nuoc thu 6 (alphaZero): chon action=173, temp=1.0000, N(action)=4
18:30:12.808 [INFO] Nuoc thu 7 (Greedy): chon action=126, diem 10006.6
18:30:30.964 [INFO] Nuoc thu 8 (alphaZero): chon action=148, temp=1.0000, N(action)=4
18:30:30.967 [INFO] Nuoc thu 9 (Greedy): chon action=140, diem 100006.6
18:30:30.968 [INFO] ========== VAN (vs Greedy) KET THUC: nguoi thang la player 1 (AlphaZero la player 2), tong 9 nuoc ==========
18:30:31.306 [INFO] ========== BAT DAU VAN TU CHOI VOI GREEDY (board 15x15), AlphaZero la player 1 ==========
18:30:48.301 [INFO] Nuoc thu 1 (alphaZero): chon action=36, temp=1.0000, N(action)=4
18:30:48.304 [INFO] Nuoc thu 2 (Greedy): chon action=37, diem 96.7
18:31:05.529 [INFO] Nuoc thu 3 (alphaZero): chon action=82, temp=1.0000, N(action)=6
18:31:05.533 [INFO] Nuoc thu 4 (Greedy): chon action=51, diem 195.7
18:31:23.049 [INFO] Nuoc thu 5 (alphaZero): chon action=2, temp=1.0000, N(action)=8
18:31:23.053 [INFO] Nuoc thu 6 (Greedy): chon action=65, diem 1006.6
18:31:40.176 [INFO] Nuoc thu 7 (alphaZero): chon action=18, temp=1.0000, N(action)=6
18:31:40.179 [INFO] Nuoc thu 8 (Greedy): chon action=79, diem 10006.6
18:31:57.448 [INFO] Nuoc thu 9 (alphaZero): chon action=58, temp=1.0000, N(action)=4
18:31:57.452 [INFO] Nuoc thu 10 (Greedy): chon action=93, diem 100006.6
18:31:57.452 [INFO] ========== VAN (vs Greedy) KET THUC: nguoi thang la player 2 (AlphaZero la player 1), tong 10 nuoc ==========
18:31:57.822 [INFO] ========== BAT DAU VAN TU CHOI VOI GREEDY (board 15x15), AlphaZero la player 1 ==========
18:32:15.494 [INFO] Nuoc thu 1 (alphaZero): chon action=41, temp=1.0000, N(action)=10
18:32:15.498 [INFO] Nuoc thu 2 (Greedy): chon action=42, diem 96.7
18:32:33.172 [INFO] Nuoc thu 3 (alphaZero): chon action=205, temp=1.0000, N(action)=4
18:32:33.181 [INFO] Nuoc thu 4 (Greedy): chon action=57, diem 195.7
18:32:50.349 [INFO] Nuoc thu 5 (alphaZero): chon action=15, temp=1.0000, N(action)=4
18:32:50.351 [INFO] Nuoc thu 6 (Greedy): chon action=27, diem 1095.7
18:33:07.967 [INFO] Nuoc thu 7 (alphaZero): chon action=220, temp=1.0000, N(action)=4
18:33:07.971 [INFO] Nuoc thu 8 (Greedy): chon action=72, diem 10006.6
18:33:25.311 [INFO] Nuoc thu 9 (alphaZero): chon action=37, temp=1.0000, N(action)=4
18:33:25.313 [INFO] Nuoc thu 10 (Greedy): chon action=87, diem 100006.6
18:33:25.313 [INFO] ========== VAN (vs Greedy) KET THUC: nguoi thang la player 2 (AlphaZero la player 1), tong 10 nuoc ==========
18:33:25.650 [INFO] ========== BAT DAU VAN TU CHOI VOI GREEDY (board 15x15), AlphaZero la player 2 ==========
18:33:25.650 [INFO] Nuoc thu 1 (Greedy): chon action=112 (khai cuoc, o trung tam)
18:33:42.683 [INFO] Nuoc thu 2 (alphaZero): chon action=154, temp=1.0000, N(action)=4
18:33:42.685 [INFO] Nuoc thu 3 (Greedy): chon action=127, diem 106.6
18:34:00.042 [INFO] Nuoc thu 4 (alphaZero): chon action=61, temp=1.0000, N(action)=4
18:34:00.046 [INFO] Nuoc thu 5 (Greedy): chon action=97, diem 1006.6
18:34:16.855 [INFO] Nuoc thu 6 (alphaZero): chon action=70, temp=1.0000, N(action)=4
18:34:16.857 [INFO] Nuoc thu 7 (Greedy): chon action=142, diem 10006.6
18:34:34.276 [INFO] Nuoc thu 8 (alphaZero): chon action=193, temp=1.0000, N(action)=4
18:34:34.279 [INFO] Nuoc thu 9 (Greedy): chon action=157, diem 100006.6
18:34:34.279 [INFO] ========== VAN (vs Greedy) KET THUC: nguoi thang la player 1 (AlphaZero la player 2), tong 9 nuoc ==========
18:34:34.657 [INFO] ========== BAT DAU VAN TU CHOI VOI GREEDY (board 15x15), AlphaZero la player 2 ==========
18:34:34.657 [INFO] Nuoc thu 1 (Greedy): chon action=112 (khai cuoc, o trung tam)
18:34:51.945 [INFO] Nuoc thu 2 (alphaZero): chon action=78, temp=1.0000, N(action)=4
18:34:51.949 [INFO] Nuoc thu 3 (Greedy): chon action=126, diem 106.6
18:35:09.761 [INFO] Nuoc thu 4 (alphaZero): chon action=224, temp=1.0000, N(action)=6
18:35:09.765 [INFO] Nuoc thu 5 (Greedy): chon action=140, diem 1006.6
18:35:27.196 [INFO] Nuoc thu 6 (alphaZero): chon action=43, temp=1.0000, N(action)=4
18:35:27.200 [INFO] Nuoc thu 7 (Greedy): chon action=98, diem 10006.6
18:35:44.900 [INFO] Nuoc thu 8 (alphaZero): chon action=45, temp=1.0000, N(action)=4
18:35:44.903 [INFO] Nuoc thu 9 (Greedy): chon action=84, diem 100006.6
18:35:44.903 [INFO] ========== VAN (vs Greedy) KET THUC: nguoi thang la player 1 (AlphaZero la player 2), tong 9 nuoc ==========
18:35:45.277 [INFO] ========== BAT DAU VAN TU CHOI VOI GREEDY (board 15x15), AlphaZero la player 2 ==========
18:35:45.277 [INFO] Nuoc thu 1 (Greedy): chon action=112 (khai cuoc, o trung tam)
18:36:01.953 [INFO] Nuoc thu 2 (alphaZero): chon action=139, temp=1.0000, N(action)=6
18:36:01.955 [INFO] Nuoc thu 3 (Greedy): chon action=126, diem 106.6
18:36:19.799 [INFO] Nuoc thu 4 (alphaZero): chon action=171, temp=1.0000, N(action)=6
18:36:19.801 [INFO] Nuoc thu 5 (Greedy): chon action=140, diem 1095.7
18:36:37.628 [INFO] Nuoc thu 6 (alphaZero): chon action=32, temp=1.0000, N(action)=4
18:36:37.631 [INFO] Nuoc thu 7 (Greedy): chon action=154, diem 10095.7
18:36:54.952 [INFO] Nuoc thu 8 (alphaZero): chon action=4, temp=1.0000, N(action)=4
18:36:54.956 [INFO] Nuoc thu 9 (Greedy): chon action=168, diem 100006.6
18:36:54.956 [INFO] ========== VAN (vs Greedy) KET THUC: nguoi thang la player 1 (AlphaZero la player 2), tong 9 nuoc ==========
18:36:55.268 [INFO] ========== BAT DAU VAN TU CHOI VOI GREEDY (board 15x15), AlphaZero la player 2 ==========
18:36:55.268 [INFO] Nuoc thu 1 (Greedy): chon action=112 (khai cuoc, o trung tam)
18:37:13.068 [INFO] Nuoc thu 2 (alphaZero): chon action=152, temp=1.0000, N(action)=6
18:37:13.070 [INFO] Nuoc thu 3 (Greedy): chon action=96, diem 106.6
18:37:30.890 [INFO] Nuoc thu 4 (alphaZero): chon action=73, temp=1.0000, N(action)=10
18:37:30.892 [INFO] Nuoc thu 5 (Greedy): chon action=128, diem 1006.6
18:37:48.681 [INFO] Nuoc thu 6 (alphaZero): chon action=85, temp=1.0000, N(action)=4
18:37:48.684 [INFO] Nuoc thu 7 (Greedy): chon action=144, diem 10006.6
18:38:06.288 [INFO] Nuoc thu 8 (alphaZero): chon action=217, temp=1.0000, N(action)=4
18:38:06.294 [INFO] Nuoc thu 9 (Greedy): chon action=160, diem 100006.6
18:38:06.294 [INFO] ========== VAN (vs Greedy) KET THUC: nguoi thang la player 1 (AlphaZero la player 2), tong 9 nuoc ==========
18:38:06.677 [INFO] ========== BAT DAU VAN TU CHOI VOI GREEDY (board 15x15), AlphaZero la player 1 ==========
18:38:24.322 [INFO] Nuoc thu 1 (alphaZero): chon action=128, temp=1.0000, N(action)=4
18:38:24.327 [INFO] Nuoc thu 2 (Greedy): chon action=143, diem 96.7
18:38:42.244 [INFO] Nuoc thu 3 (alphaZero): chon action=187, temp=1.0000, N(action)=10
18:38:42.247 [INFO] Nuoc thu 4 (Greedy): chon action=142, diem 195.7
18:38:59.859 [INFO] Nuoc thu 5 (alphaZero): chon action=78, temp=1.0000, N(action)=4
18:38:59.861 [INFO] Nuoc thu 6 (Greedy): chon action=144, diem 1095.7
18:39:17.368 [INFO] Nuoc thu 7 (alphaZero): chon action=161, temp=1.0000, N(action)=12
18:39:17.371 [INFO] Nuoc thu 8 (Greedy): chon action=145, diem 10095.7
18:39:34.732 [INFO] Nuoc thu 9 (alphaZero): chon action=72, temp=1.0000, N(action)=6
18:39:34.736 [INFO] Nuoc thu 10 (Greedy): chon action=146, diem 100095.7
18:39:34.736 [INFO] ========== VAN (vs Greedy) KET THUC: nguoi thang la player 2 (AlphaZero la player 1), tong 10 nuoc ==========
18:39:35.133 [INFO] ========== BAT DAU VAN TU CHOI VOI GREEDY (board 15x15), AlphaZero la player 2 ==========
18:39:35.134 [INFO] Nuoc thu 1 (Greedy): chon action=112 (khai cuoc, o trung tam)
18:39:51.233 [INFO] Nuoc thu 2 (alphaZero): chon action=217, temp=1.0000, N(action)=6
18:39:51.236 [INFO] Nuoc thu 3 (Greedy): chon action=126, diem 106.6
18:40:07.384 [INFO] Nuoc thu 4 (alphaZero): chon action=113, temp=1.0000, N(action)=4
18:40:07.390 [INFO] Nuoc thu 5 (Greedy): chon action=98, diem 1095.7
18:40:22.947 [INFO] Nuoc thu 6 (alphaZero): chon action=52, temp=1.0000, N(action)=12
18:40:22.949 [INFO] Nuoc thu 7 (Greedy): chon action=140, diem 10006.6
18:40:38.758 [INFO] Nuoc thu 8 (alphaZero): chon action=119, temp=1.0000, N(action)=4
18:40:38.760 [INFO] Nuoc thu 9 (Greedy): chon action=154, diem 100006.6
18:40:38.760 [INFO] ========== VAN (vs Greedy) KET THUC: nguoi thang la player 1 (AlphaZero la player 2), tong 9 nuoc ==========
18:40:39.075 [INFO] ========== BAT DAU VAN TU CHOI VOI GREEDY (board 15x15), AlphaZero la player 1 ==========
18:40:55.068 [INFO] Nuoc thu 1 (alphaZero): chon action=179, temp=1.0000, N(action)=4
18:40:55.070 [INFO] Nuoc thu 2 (Greedy): chon action=194, diem 96.7
18:41:10.907 [INFO] Nuoc thu 3 (alphaZero): chon action=19, temp=1.0000, N(action)=6
18:41:10.908 [INFO] Nuoc thu 4 (Greedy): chon action=34, diem 96.7
18:41:26.478 [INFO] Nuoc thu 5 (alphaZero): chon action=64, temp=1.0000, N(action)=4
18:41:26.481 [INFO] Nuoc thu 6 (Greedy): chon action=18, diem 195.7
18:41:42.147 [INFO] Nuoc thu 7 (alphaZero): chon action=125, temp=1.0000, N(action)=4
18:41:42.150 [INFO] Nuoc thu 8 (Greedy): chon action=50, diem 1095.7
18:41:58.200 [INFO] Nuoc thu 9 (alphaZero): chon action=216, temp=1.0000, N(action)=4
18:41:58.210 [INFO] Nuoc thu 10 (Greedy): chon action=66, diem 10006.6
18:42:13.901 [INFO] Nuoc thu 11 (alphaZero): chon action=222, temp=1.0000, N(action)=4
18:42:13.904 [INFO] Nuoc thu 12 (Greedy): chon action=82, diem 100006.6
18:42:13.904 [INFO] ========== VAN (vs Greedy) KET THUC: nguoi thang la player 2 (AlphaZero la player 1), tong 12 nuoc ==========
18:42:14.245 [INFO] ========== BAT DAU VAN TU CHOI VOI GREEDY (board 15x15), AlphaZero la player 2 ==========
18:42:14.245 [INFO] Nuoc thu 1 (Greedy): chon action=112 (khai cuoc, o trung tam)
18:42:29.946 [INFO] Nuoc thu 2 (alphaZero): chon action=79, temp=1.0000, N(action)=4
18:42:29.948 [INFO] Nuoc thu 3 (Greedy): chon action=97, diem 106.6
18:42:46.420 [INFO] Nuoc thu 4 (alphaZero): chon action=84, temp=1.0000, N(action)=12
18:42:46.422 [INFO] Nuoc thu 5 (Greedy): chon action=127, diem 1006.6
18:43:02.161 [INFO] Nuoc thu 6 (alphaZero): chon action=46, temp=1.0000, N(action)=4
18:43:02.163 [INFO] Nuoc thu 7 (Greedy): chon action=142, diem 10006.6
18:43:18.048 [INFO] Nuoc thu 8 (alphaZero): chon action=28, temp=1.0000, N(action)=6
18:43:18.052 [INFO] Nuoc thu 9 (Greedy): chon action=157, diem 100006.6
18:43:18.052 [INFO] ========== VAN (vs Greedy) KET THUC: nguoi thang la player 1 (AlphaZero la player 2), tong 9 nuoc ==========
18:43:18.410 [INFO] ========== BAT DAU VAN TU CHOI VOI GREEDY (board 15x15), AlphaZero la player 1 ==========
18:43:32.190 [INFO] Nuoc thu 1 (alphaZero): chon action=116, temp=1.0000, N(action)=4
18:43:32.193 [INFO] Nuoc thu 2 (Greedy): chon action=115, diem 96.7
18:43:45.668 [INFO] Nuoc thu 3 (alphaZero): chon action=64, temp=1.0000, N(action)=4
18:43:45.669 [INFO] Nuoc thu 4 (Greedy): chon action=100, diem 195.7
18:43:59.033 [INFO] Nuoc thu 5 (alphaZero): chon action=4, temp=1.0000, N(action)=6
18:43:59.035 [INFO] Nuoc thu 6 (Greedy): chon action=130, diem 1095.7
18:44:12.590 [INFO] Nuoc thu 7 (alphaZero): chon action=168, temp=1.0000, N(action)=10
18:44:12.594 [INFO] Nuoc thu 8 (Greedy): chon action=85, diem 10006.6
18:44:25.937 [INFO] Nuoc thu 9 (alphaZero): chon action=59, temp=1.0000, N(action)=4
18:44:25.940 [INFO] Nuoc thu 10 (Greedy): chon action=145, diem 100006.6
18:44:25.940 [INFO] ========== VAN (vs Greedy) KET THUC: nguoi thang la player 2 (AlphaZero la player 1), tong 10 nuoc ==========
18:44:26.235 [INFO] ========== BAT DAU VAN TU CHOI VOI GREEDY (board 15x15), AlphaZero la player 2 ==========
18:44:26.235 [INFO] Nuoc thu 1 (Greedy): chon action=112 (khai cuoc, o trung tam)
18:44:38.947 [INFO] Nuoc thu 2 (alphaZero): chon action=220, temp=1.0000, N(action)=4
18:44:38.949 [INFO] Nuoc thu 3 (Greedy): chon action=126, diem 106.6
18:44:50.632 [INFO] Nuoc thu 4 (alphaZero): chon action=154, temp=1.0000, N(action)=4
18:44:50.634 [INFO] Nuoc thu 5 (Greedy): chon action=98, diem 1006.6
18:45:02.143 [INFO] Nuoc thu 6 (alphaZero): chon action=138, temp=1.0000, N(action)=6
18:45:02.145 [INFO] Nuoc thu 7 (Greedy): chon action=84, diem 10006.6
18:45:13.450 [INFO] Nuoc thu 8 (alphaZero): chon action=169, temp=1.0000, N(action)=4
18:45:13.452 [INFO] Nuoc thu 9 (Greedy): chon action=140, diem 100014.7
18:45:13.452 [INFO] ========== VAN (vs Greedy) KET THUC: nguoi thang la player 1 (AlphaZero la player 2), tong 9 nuoc ==========
18:45:13.640 [INFO] ========== BAT DAU VAN TU CHOI VOI GREEDY (board 15x15), AlphaZero la player 1 ==========
18:45:25.292 [INFO] Nuoc thu 1 (alphaZero): chon action=160, temp=1.0000, N(action)=11
18:45:25.294 [INFO] Nuoc thu 2 (Greedy): chon action=145, diem 96.7
18:45:36.856 [INFO] Nuoc thu 3 (alphaZero): chon action=130, temp=1.0000, N(action)=4
18:45:36.858 [INFO] Nuoc thu 4 (Greedy): chon action=146, diem 284.8
18:45:48.548 [INFO] Nuoc thu 5 (alphaZero): chon action=69, temp=1.0000, N(action)=4
18:45:48.550 [INFO] Nuoc thu 6 (Greedy): chon action=144, diem 1184.8
18:45:59.912 [INFO] Nuoc thu 7 (alphaZero): chon action=21, temp=1.0000, N(action)=4
18:45:59.914 [INFO] Nuoc thu 8 (Greedy): chon action=143, diem 10006.6
18:46:11.353 [INFO] Nuoc thu 9 (alphaZero): chon action=27, temp=1.0000, N(action)=2
18:46:11.355 [INFO] Nuoc thu 10 (Greedy): chon action=142, diem 100006.6
18:46:11.355 [INFO] ========== VAN (vs Greedy) KET THUC: nguoi thang la player 2 (AlphaZero la player 1), tong 10 nuoc ==========
18:46:11.532 [INFO] ========== BAT DAU VAN TU CHOI VOI GREEDY (board 15x15), AlphaZero la player 2 ==========
18:46:11.533 [INFO] Nuoc thu 1 (Greedy): chon action=112 (khai cuoc, o trung tam)
18:46:23.125 [INFO] Nuoc thu 2 (alphaZero): chon action=132, temp=1.0000, N(action)=4
18:46:23.127 [INFO] Nuoc thu 3 (Greedy): chon action=128, diem 106.6
18:46:34.667 [INFO] Nuoc thu 4 (alphaZero): chon action=21, temp=1.0000, N(action)=4
18:46:34.669 [INFO] Nuoc thu 5 (Greedy): chon action=144, diem 1006.6
18:46:46.193 [INFO] Nuoc thu 6 (alphaZero): chon action=54, temp=1.0000, N(action)=4
18:46:46.194 [INFO] Nuoc thu 7 (Greedy): chon action=160, diem 10006.6
18:46:57.584 [INFO] Nuoc thu 8 (alphaZero): chon action=167, temp=1.0000, N(action)=6
18:46:57.586 [INFO] Nuoc thu 9 (Greedy): chon action=96, diem 100006.6
18:46:57.586 [INFO] ========== VAN (vs Greedy) KET THUC: nguoi thang la player 1 (AlphaZero la player 2), tong 9 nuoc ==========
18:46:57.810 [INFO] ========== BAT DAU VAN TU CHOI VOI GREEDY (board 15x15), AlphaZero la player 2 ==========
18:46:57.810 [INFO] Nuoc thu 1 (Greedy): chon action=112 (khai cuoc, o trung tam)
18:47:09.677 [INFO] Nuoc thu 2 (alphaZero): chon action=205, temp=1.0000, N(action)=4
18:47:09.679 [INFO] Nuoc thu 3 (Greedy): chon action=111, diem 106.6
18:47:21.300 [INFO] Nuoc thu 4 (alphaZero): chon action=47, temp=1.0000, N(action)=4
18:47:21.302 [INFO] Nuoc thu 5 (Greedy): chon action=113, diem 1006.6
18:47:32.617 [INFO] Nuoc thu 6 (alphaZero): chon action=17, temp=1.0000, N(action)=22
18:47:32.620 [INFO] Nuoc thu 7 (Greedy): chon action=110, diem 10006.6
18:47:44.061 [INFO] Nuoc thu 8 (alphaZero): chon action=117, temp=1.0000, N(action)=4
18:47:44.063 [INFO] Nuoc thu 9 (Greedy): chon action=114, diem 100006.6
18:47:44.063 [INFO] ========== VAN (vs Greedy) KET THUC: nguoi thang la player 1 (AlphaZero la player 2), tong 9 nuoc ==========
18:47:44.261 [INFO] ========== BAT DAU VAN TU CHOI VOI GREEDY (board 15x15), AlphaZero la player 1 ==========
18:47:55.803 [INFO] Nuoc thu 1 (alphaZero): chon action=1, temp=1.0000, N(action)=6
18:47:55.805 [INFO] Nuoc thu 2 (Greedy): chon action=2, diem 96.7
18:48:07.417 [INFO] Nuoc thu 3 (alphaZero): chon action=187, temp=1.0000, N(action)=12
18:48:07.418 [INFO] Nuoc thu 4 (Greedy): chon action=201, diem 96.7
18:48:18.941 [INFO] Nuoc thu 5 (alphaZero): chon action=57, temp=1.0000, N(action)=4
18:48:18.943 [INFO] Nuoc thu 6 (Greedy): chon action=186, diem 195.7
18:48:30.418 [INFO] Nuoc thu 7 (alphaZero): chon action=50, temp=1.0000, N(action)=4
18:48:30.420 [INFO] Nuoc thu 8 (Greedy): chon action=171, diem 1095.7
18:48:42.050 [INFO] Nuoc thu 9 (alphaZero): chon action=69, temp=1.0000, N(action)=12
18:48:42.052 [INFO] Nuoc thu 10 (Greedy): chon action=156, diem 10006.6
18:48:53.604 [INFO] Nuoc thu 11 (alphaZero): chon action=93, temp=1.0000, N(action)=12
18:48:53.606 [INFO] Nuoc thu 12 (Greedy): chon action=141, diem 100006.6
18:48:53.606 [INFO] ========== VAN (vs Greedy) KET THUC: nguoi thang la player 2 (AlphaZero la player 1), tong 12 nuoc ==========
18:48:53.769 [INFO] ========== BAT DAU VAN TU CHOI VOI GREEDY (board 15x15), AlphaZero la player 2 ==========
18:48:53.770 [INFO] Nuoc thu 1 (Greedy): chon action=112 (khai cuoc, o trung tam)
18:49:05.347 [INFO] Nuoc thu 2 (alphaZero): chon action=157, temp=1.0000, N(action)=4
18:49:05.350 [INFO] Nuoc thu 3 (Greedy): chon action=128, diem 106.6
18:49:16.740 [INFO] Nuoc thu 4 (alphaZero): chon action=173, temp=1.0000, N(action)=20
18:49:16.742 [INFO] Nuoc thu 5 (Greedy): chon action=144, diem 1006.6
18:49:28.348 [INFO] Nuoc thu 6 (alphaZero): chon action=88, temp=1.0000, N(action)=4
18:49:28.351 [INFO] Nuoc thu 7 (Greedy): chon action=96, diem 10006.6
18:49:39.075 [INFO] Nuoc thu 8 (alphaZero): chon action=50, temp=1.0000, N(action)=8
18:49:39.078 [INFO] Nuoc thu 9 (Greedy): chon action=160, diem 100006.6
18:49:39.078 [INFO] ========== VAN (vs Greedy) KET THUC: nguoi thang la player 1 (AlphaZero la player 2), tong 9 nuoc ==========
