11:42:06.356 [INFO] ========== BAT DAU VAN TU CHOI VOI GREEDY (board 15x15), AlphaZero la player 2 ==========
11:42:06.356 [INFO] Nuoc thu 1 (Greedy): chon action=112 (khai cuoc, o trung tam)
11:42:24.305 [INFO] Nuoc thu 2 (alphaZero): chon action=89, temp=1.0000, N(action)=4
11:42:24.318 [INFO] Nuoc thu 3 (Greedy): chon action=97, diem 106.6
11:42:40.100 [INFO] Nuoc thu 4 (alphaZero): chon action=52, temp=1.0000, N(action)=6
11:42:40.103 [INFO] Nuoc thu 5 (Greedy): chon action=82, diem 1006.6
11:42:55.708 [INFO] Nuoc thu 6 (alphaZero): chon action=203, temp=1.0000, N(action)=4
11:42:55.710 [INFO] Nuoc thu 7 (Greedy): chon action=127, diem 10006.6
11:43:11.345 [INFO] Nuoc thu 8 (alphaZero): chon action=65, temp=1.0000, N(action)=4
11:43:11.349 [INFO] Nuoc thu 9 (Greedy): chon action=67, diem 100014.7
11:43:11.349 [INFO] ========== VAN (vs Greedy) KET THUC: nguoi thang la player 1 (AlphaZero la player 2), tong 9 nuoc ==========
11:43:11.795 [INFO] ========== BAT DAU VAN TU CHOI VOI GREEDY (board 15x15), AlphaZero la player 1 ==========
11:43:27.773 [INFO] Nuoc thu 1 (alphaZero): chon action=91, temp=1.0000, N(action)=4
11:43:27.775 [INFO] Nuoc thu 2 (Greedy): chon action=77, diem 96.7
11:43:43.797 [INFO] Nuoc thu 3 (alphaZero): chon action=54, temp=1.0000, N(action)=5
11:43:43.800 [INFO] Nuoc thu 4 (Greedy): chon action=92, diem 195.7
11:44:00.069 [INFO] Nuoc thu 5 (alphaZero): chon action=81, temp=1.0000, N(action)=7
11:44:00.071 [INFO] Nuoc thu 6 (Greedy): chon action=107, diem 1095.7
11:44:15.841 [INFO] Nuoc thu 7 (alphaZero): chon action=180, temp=1.0000, N(action)=4
11:44:15.843 [INFO] Nuoc thu 8 (Greedy): chon action=62, diem 10006.6
11:44:31.848 [INFO] Nuoc thu 9 (alphaZero): chon action=25, temp=1.0000, N(action)=4
11:44:31.850 [INFO] Nuoc thu 10 (Greedy): chon action=122, diem 100006.6
11:44:31.850 [INFO] ========== VAN (vs Greedy) KET THUC: nguoi thang la player 2 (AlphaZero la player 1), tong 10 nuoc ==========
11:44:32.195 [INFO] ========== BAT DAU VAN TU CHOI VOI GREEDY (board 15x15), AlphaZero la player 2 ==========
11:44:32.195 [INFO] Nuoc thu 1 (Greedy): chon action=112 (khai cuoc, o trung tam)
11:44:48.266 [INFO] Nuoc thu 2 (alphaZero): chon action=131, temp=1.0000, N(action)=4
11:44:48.268 [INFO] Nuoc thu 3 (Greedy): chon action=126, diem 106.6
11:45:03.969 [INFO] Nuoc thu 4 (alphaZero): chon action=87, temp=1.0000, N(action)=4
11:45:03.971 [INFO] Nuoc thu 5 (Greedy): chon action=98, diem 1006.6
11:45:19.546 [INFO] Nuoc thu 6 (alphaZero): chon action=138, temp=1.0000, N(action)=4
11:45:19.548 [INFO] Nuoc thu 7 (Greedy): chon action=84, diem 10006.6
11:45:34.802 [INFO] Nuoc thu 8 (alphaZero): chon action=30, temp=1.0000, N(action)=4
11:45:34.803 [INFO] Nuoc thu 9 (Greedy): chon action=140, diem 100006.6
11:45:34.803 [INFO] ========== VAN (vs Greedy) KET THUC: nguoi thang la player 1 (AlphaZero la player 2), tong 9 nuoc ==========
11:45:35.090 [INFO] ========== BAT DAU VAN TU CHOI VOI GREEDY (board 15x15), AlphaZero la player 2 ==========
11:45:35.090 [INFO] Nuoc thu 1 (Greedy): chon action=112 (khai cuoc, o trung tam)
11:45:50.528 [INFO] Nuoc thu 2 (alphaZero): chon action=97, temp=1.0000, N(action)=5
11:45:50.530 [INFO] Nuoc thu 3 (Greedy): chon action=113, diem 195.7
11:46:06.362 [INFO] Nuoc thu 4 (alphaZero): chon action=62, temp=1.0000, N(action)=3
11:46:06.364 [INFO] Nuoc thu 5 (Greedy): chon action=111, diem 1095.7
11:46:22.126 [INFO] Nuoc thu 6 (alphaZero): chon action=205, temp=1.0000, N(action)=6
11:46:22.128 [INFO] Nuoc thu 7 (Greedy): chon action=110, diem 10006.6
11:46:37.553 [INFO] Nuoc thu 8 (alphaZero): chon action=148, temp=1.0000, N(action)=4
11:46:37.555 [INFO] Nuoc thu 9 (Greedy): chon action=114, diem 100006.6
11:46:37.555 [INFO] ========== VAN (vs Greedy) KET THUC: nguoi thang la player 1 (AlphaZero la player 2), tong 9 nuoc ==========
11:46:37.941 [INFO] ========== BAT DAU VAN TU CHOI VOI GREEDY (board 15x15), AlphaZero la player 1 ==========
11:46:53.856 [INFO] Nuoc thu 1 (alphaZero): chon action=150, temp=1.0000, N(action)=3
11:46:53.859 [INFO] Nuoc thu 2 (Greedy): chon action=165, diem 96.7
11:47:09.088 [INFO] Nuoc thu 3 (alphaZero): chon action=111, temp=1.0000, N(action)=6
11:47:09.090 [INFO] Nuoc thu 4 (Greedy): chon action=97, diem 96.7
11:47:24.119 [INFO] Nuoc thu 5 (alphaZero): chon action=149, temp=1.0000, N(action)=4
11:47:24.121 [INFO] Nuoc thu 6 (Greedy): chon action=96, diem 195.7
11:47:39.604 [INFO] Nuoc thu 7 (alphaZero): chon action=92, temp=1.0000, N(action)=4
11:47:39.615 [INFO] Nuoc thu 8 (Greedy): chon action=95, diem 1095.7
11:47:54.926 [INFO] Nuoc thu 9 (alphaZero): chon action=0, temp=1.0000, N(action)=11
11:47:54.928 [INFO] Nuoc thu 10 (Greedy): chon action=94, diem 10006.6
11:48:10.386 [INFO] Nuoc thu 11 (alphaZero): chon action=159, temp=1.0000, N(action)=4
11:48:10.389 [INFO] Nuoc thu 12 (Greedy): chon action=93, diem 100014.7
11:48:10.389 [INFO] ========== VAN (vs Greedy) KET THUC: nguoi thang la player 2 (AlphaZero la player 1), tong 12 nuoc ==========
11:48:10.695 [INFO] ========== BAT DAU VAN TU CHOI VOI GREEDY (board 15x15), AlphaZero la player 1 ==========
11:48:26.187 [INFO] Nuoc thu 1 (alphaZero): chon action=138, temp=1.0000, N(action)=4
11:48:26.190 [INFO] Nuoc thu 2 (Greedy): chon action=123, diem 96.7
11:48:41.908 [INFO] Nuoc thu 3 (alphaZero): chon action=79, temp=1.0000, N(action)=4
11:48:41.910 [INFO] Nuoc thu 4 (Greedy): chon action=124, diem 195.7
11:48:57.573 [INFO] Nuoc thu 5 (alphaZero): chon action=155, temp=1.0000, N(action)=4
11:48:57.578 [INFO] Nuoc thu 6 (Greedy): chon action=122, diem 1095.7
11:49:13.253 [INFO] Nuoc thu 7 (alphaZero): chon action=136, temp=1.0000, N(action)=6
11:49:13.256 [INFO] Nuoc thu 8 (Greedy): chon action=121, diem 10095.7
11:49:28.988 [INFO] Nuoc thu 9 (alphaZero): chon action=51, temp=1.0000, N(action)=4
11:49:28.990 [INFO] Nuoc thu 10 (Greedy): chon action=120, diem 100012.8
11:49:28.990 [INFO] ========== VAN (vs Greedy) KET THUC: nguoi thang la player 2 (AlphaZero la player 1), tong 10 nuoc ==========
11:49:29.263 [INFO] ========== BAT DAU VAN TU CHOI VOI GREEDY (board 15x15), AlphaZero la player 1 ==========
11:49:44.927 [INFO] Nuoc thu 1 (alphaZero): chon action=77, temp=1.0000, N(action)=8
11:49:44.929 [INFO] Nuoc thu 2 (Greedy): chon action=93, diem 96.7
11:50:00.323 [INFO] Nuoc thu 3 (alphaZero): chon action=55, temp=1.0000, N(action)=4
11:50:00.326 [INFO] Nuoc thu 4 (Greedy): chon action=78, diem 195.7
11:50:16.121 [INFO] Nuoc thu 5 (alphaZero): chon action=163, temp=1.0000, N(action)=6
11:50:16.123 [INFO] Nuoc thu 6 (Greedy): chon action=63, diem 1095.7
11:50:31.798 [INFO] Nuoc thu 7 (alphaZero): chon action=144, temp=1.0000, N(action)=4
11:50:31.803 [INFO] Nuoc thu 8 (Greedy): chon action=48, diem 10006.6
11:50:47.199 [INFO] Nuoc thu 9 (alphaZero): chon action=208, temp=1.0000, N(action)=4
11:50:47.201 [INFO] Nuoc thu 10 (Greedy): chon action=108, diem 100006.6
11:50:47.201 [INFO] ========== VAN (vs Greedy) KET THUC: nguoi thang la player 2 (AlphaZero la player 1), tong 10 nuoc ==========
11:50:47.532 [INFO] ========== BAT DAU VAN TU CHOI VOI GREEDY (board 15x15), AlphaZero la player 2 ==========
11:50:47.533 [INFO] Nuoc thu 1 (Greedy): chon action=112 (khai cuoc, o trung tam)
11:51:02.951 [INFO] Nuoc thu 2 (alphaZero): chon action=222, temp=1.0000, N(action)=3
11:51:02.953 [INFO] Nuoc thu 3 (Greedy): chon action=98, diem 106.6
11:51:18.263 [INFO] Nuoc thu 4 (alphaZero): chon action=134, temp=1.0000, N(action)=4
11:51:18.274 [INFO] Nuoc thu 5 (Greedy): chon action=84, diem 1006.6
11:51:33.876 [INFO] Nuoc thu 6 (alphaZero): chon action=19, temp=1.0000, N(action)=10
11:51:33.879 [INFO] Nuoc thu 7 (Greedy): chon action=70, diem 10006.6
11:51:49.225 [INFO] Nuoc thu 8 (alphaZero): chon action=73, temp=1.0000, N(action)=3
11:51:49.227 [INFO] Nuoc thu 9 (Greedy): chon action=126, diem 100006.6
11:51:49.227 [INFO] ========== VAN (vs Greedy) KET THUC: nguoi thang la player 1 (AlphaZero la player 2), tong 9 nuoc ==========
11:51:49.532 [INFO] ========== BAT DAU VAN TU CHOI VOI GREEDY (board 15x15), AlphaZero la player 1 ==========
11:52:05.336 [INFO] Nuoc thu 1 (alphaZero): chon action=175, temp=1.0000, N(action)=6
11:52:05.339 [INFO] Nuoc thu 2 (Greedy): chon action=189, diem 96.7
11:52:20.503 [INFO] Nuoc thu 3 (alphaZero): chon action=105, temp=1.0000, N(action)=4
11:52:20.505 [INFO] Nuoc thu 4 (Greedy): chon action=190, diem 195.7
11:52:36.284 [INFO] Nuoc thu 5 (alphaZero): chon action=161, temp=1.0000, N(action)=6
11:52:36.286 [INFO] Nuoc thu 6 (Greedy): chon action=191, diem 1095.7
11:52:51.671 [INFO] Nuoc thu 7 (alphaZero): chon action=47, temp=1.0000, N(action)=9
11:52:51.674 [INFO] Nuoc thu 8 (Greedy): chon action=192, diem 10006.6
11:53:07.452 [INFO] Nuoc thu 9 (alphaZero): chon action=0, temp=1.0000, N(action)=4
11:53:07.463 [INFO] Nuoc thu 10 (Greedy): chon action=188, diem 100006.6
11:53:07.463 [INFO] ========== VAN (vs Greedy) KET THUC: nguoi thang la player 2 (AlphaZero la player 1), tong 10 nuoc ==========
11:53:07.783 [INFO] ========== BAT DAU VAN TU CHOI VOI GREEDY (board 15x15), AlphaZero la player 1 ==========
11:53:23.238 [INFO] Nuoc thu 1 (alphaZero): chon action=215, temp=1.0000, N(action)=3
11:53:23.240 [INFO] Nuoc thu 2 (Greedy): chon action=214, diem 96.7
11:53:39.000 [INFO] Nuoc thu 3 (alphaZero): chon action=122, temp=1.0000, N(action)=4
11:53:39.002 [INFO] Nuoc thu 4 (Greedy): chon action=107, diem 96.7
11:53:54.508 [INFO] Nuoc thu 5 (alphaZero): chon action=14, temp=1.0000, N(action)=4
11:53:54.510 [INFO] Nuoc thu 6 (Greedy): chon action=106, diem 195.7
11:54:10.312 [INFO] Nuoc thu 7 (alphaZero): chon action=168, temp=1.0000, N(action)=4
11:54:10.315 [INFO] Nuoc thu 8 (Greedy): chon action=108, diem 1095.7
11:54:25.619 [INFO] Nuoc thu 9 (alphaZero): chon action=44, temp=1.0000, N(action)=3
11:54:25.621 [INFO] Nuoc thu 10 (Greedy): chon action=109, diem 10006.6
11:54:40.949 [INFO] Nuoc thu 11 (alphaZero): chon action=217, temp=1.0000, N(action)=4
11:54:40.951 [INFO] Nuoc thu 12 (Greedy): chon action=110, diem 100006.6
11:54:40.951 [INFO] ========== VAN (vs Greedy) KET THUC: nguoi thang la player 2 (AlphaZero la player 1), tong 12 nuoc ==========
11:54:41.319 [INFO] ========== BAT DAU VAN TU CHOI VOI GREEDY (board 15x15), AlphaZero la player 1 ==========
11:54:57.482 [INFO] Nuoc thu 1 (alphaZero): chon action=192, temp=1.0000, N(action)=4
11:54:57.485 [INFO] Nuoc thu 2 (Greedy): chon action=178, diem 96.7
11:55:13.246 [INFO] Nuoc thu 3 (alphaZero): chon action=199, temp=1.0000, N(action)=3
11:55:13.247 [INFO] Nuoc thu 4 (Greedy): chon action=177, diem 195.7
11:55:29.148 [INFO] Nuoc thu 5 (alphaZero): chon action=160, temp=1.0000, N(action)=4
11:55:29.151 [INFO] Nuoc thu 6 (Greedy): chon action=176, diem 1904.7
11:55:44.379 [INFO] Nuoc thu 7 (alphaZero): chon action=147, temp=1.0000, N(action)=4
11:55:44.381 [INFO] Nuoc thu 8 (Greedy): chon action=175, diem 10095.7
11:55:59.857 [INFO] Nuoc thu 9 (alphaZero): chon action=149, temp=1.0000, N(action)=4
11:55:59.859 [INFO] Nuoc thu 10 (Greedy): chon action=174, diem 100095.7
11:55:59.859 [INFO] ========== VAN (vs Greedy) KET THUC: nguoi thang la player 2 (AlphaZero la player 1), tong 10 nuoc ==========
11:56:00.175 [INFO] ========== BAT DAU VAN TU CHOI VOI GREEDY (board 15x15), AlphaZero la player 2 ==========
11:56:00.175 [INFO] Nuoc thu 1 (Greedy): chon action=112 (khai cuoc, o trung tam)
11:56:15.571 [INFO] Nuoc thu 2 (alphaZero): chon action=203, temp=1.0000, N(action)=5
11:56:15.574 [INFO] Nuoc thu 3 (Greedy): chon action=111, diem 106.6
11:56:31.255 [INFO] Nuoc thu 4 (alphaZero): chon action=144, temp=1.0000, N(action)=6
11:56:31.257 [INFO] Nuoc thu 5 (Greedy): chon action=113, diem 1006.6
11:56:46.582 [INFO] Nuoc thu 6 (alphaZero): chon action=34, temp=1.0000, N(action)=4
11:56:46.585 [INFO] Nuoc thu 7 (Greedy): chon action=110, diem 10006.6
11:57:01.919 [INFO] Nuoc thu 8 (alphaZero): chon action=117, temp=1.0000, N(action)=4
11:57:01.922 [INFO] Nuoc thu 9 (Greedy): chon action=114, diem 100006.6
11:57:01.922 [INFO] ========== VAN (vs Greedy) KET THUC: nguoi thang la player 1 (AlphaZero la player 2), tong 9 nuoc ==========
11:57:02.216 [INFO] ========== BAT DAU VAN TU CHOI VOI GREEDY (board 15x15), AlphaZero la player 2 ==========
11:57:02.216 [INFO] Nuoc thu 1 (Greedy): chon action=112 (khai cuoc, o trung tam)
11:57:17.724 [INFO] Nuoc thu 2 (alphaZero): chon action=104, temp=1.0000, N(action)=4
11:57:17.726 [INFO] Nuoc thu 3 (Greedy): chon action=98, diem 106.6
11:57:33.060 [INFO] Nuoc thu 4 (alphaZero): chon action=106, temp=1.0000, N(action)=4
11:57:33.063 [INFO] Nuoc thu 5 (Greedy): chon action=84, diem 1006.6
11:57:48.278 [INFO] Nuoc thu 6 (alphaZero): chon action=114, temp=1.0000, N(action)=4
11:57:48.280 [INFO] Nuoc thu 7 (Greedy): chon action=70, diem 10006.6
11:58:03.706 [INFO] Nuoc thu 8 (alphaZero): chon action=117, temp=1.0000, N(action)=4
11:58:03.708 [INFO] Nuoc thu 9 (Greedy): chon action=126, diem 100006.6
11:58:03.708 [INFO] ========== VAN (vs Greedy) KET THUC: nguoi thang la player 1 (AlphaZero la player 2), tong 9 nuoc ==========
11:58:04.005 [INFO] ========== BAT DAU VAN TU CHOI VOI GREEDY (board 15x15), AlphaZero la player 2 ==========
11:58:04.005 [INFO] Nuoc thu 1 (Greedy): chon action=112 (khai cuoc, o trung tam)
11:58:19.726 [INFO] Nuoc thu 2 (alphaZero): chon action=69, temp=1.0000, N(action)=5
11:58:19.731 [INFO] Nuoc thu 3 (Greedy): chon action=111, diem 106.6
11:58:35.169 [INFO] Nuoc thu 4 (alphaZero): chon action=219, temp=1.0000, N(action)=4
11:58:35.173 [INFO] Nuoc thu 5 (Greedy): chon action=113, diem 1006.6
11:58:51.078 [INFO] Nuoc thu 6 (alphaZero): chon action=57, temp=1.0000, N(action)=6
11:58:51.080 [INFO] Nuoc thu 7 (Greedy): chon action=110, diem 10006.6
11:59:06.689 [INFO] Nuoc thu 8 (alphaZero): chon action=67, temp=1.0000, N(action)=4
11:59:06.700 [INFO] Nuoc thu 9 (Greedy): chon action=109, diem 100006.6
11:59:06.700 [INFO] ========== VAN (vs Greedy) KET THUC: nguoi thang la player 1 (AlphaZero la player 2), tong 9 nuoc ==========
11:59:06.995 [INFO] ========== BAT DAU VAN TU CHOI VOI GREEDY (board 15x15), AlphaZero la player 2 ==========
11:59:06.995 [INFO] Nuoc thu 1 (Greedy): chon action=112 (khai cuoc, o trung tam)
11:59:22.570 [INFO] Nuoc thu 2 (alphaZero): chon action=43, temp=1.0000, N(action)=7
11:59:22.574 [INFO] Nuoc thu 3 (Greedy): chon action=127, diem 106.6
11:59:38.068 [INFO] Nuoc thu 4 (alphaZero): chon action=26, temp=1.0000, N(action)=4
11:59:38.072 [INFO] Nuoc thu 5 (Greedy): chon action=142, diem 1006.6
11:59:53.878 [INFO] Nuoc thu 6 (alphaZero): chon action=2, temp=1.0000, N(action)=5
11:59:53.880 [INFO] Nuoc thu 7 (Greedy): chon action=157, diem 10006.6
12:00:09.156 [INFO] Nuoc thu 8 (alphaZero): chon action=81, temp=1.0000, N(action)=7
12:00:09.159 [INFO] Nuoc thu 9 (Greedy): chon action=97, diem 100095.7
12:00:09.159 [INFO] ========== VAN (vs Greedy) KET THUC: nguoi thang la player 1 (AlphaZero la player 2), tong 9 nuoc ==========
12:00:09.447 [INFO] ========== BAT DAU VAN TU CHOI VOI GREEDY (board 15x15), AlphaZero la player 2 ==========
12:00:09.447 [INFO] Nuoc thu 1 (Greedy): chon action=112 (khai cuoc, o trung tam)
12:00:25.024 [INFO] Nuoc thu 2 (alphaZero): chon action=45, temp=1.0000, N(action)=3
12:00:25.027 [INFO] Nuoc thu 3 (Greedy): chon action=127, diem 106.6
12:00:40.412 [INFO] Nuoc thu 4 (alphaZero): chon action=201, temp=1.0000, N(action)=7
12:00:40.415 [INFO] Nuoc thu 5 (Greedy): chon action=142, diem 1006.6
12:00:56.101 [INFO] Nuoc thu 6 (alphaZero): chon action=47, temp=1.0000, N(action)=3
12:00:56.111 [INFO] Nuoc thu 7 (Greedy): chon action=97, diem 10006.6
12:01:11.759 [INFO] Nuoc thu 8 (alphaZero): chon action=173, temp=1.0000, N(action)=4
12:01:11.760 [INFO] Nuoc thu 9 (Greedy): chon action=157, diem 100095.7
12:01:11.761 [INFO] ========== VAN (vs Greedy) KET THUC: nguoi thang la player 1 (AlphaZero la player 2), tong 9 nuoc ==========
12:01:12.081 [INFO] ========== BAT DAU VAN TU CHOI VOI GREEDY (board 15x15), AlphaZero la player 1 ==========
12:01:27.851 [INFO] Nuoc thu 1 (alphaZero): chon action=103, temp=1.0000, N(action)=4
12:01:27.853 [INFO] Nuoc thu 2 (Greedy): chon action=88, diem 96.7
12:01:43.254 [INFO] Nuoc thu 3 (alphaZero): chon action=152, temp=1.0000, N(action)=4
12:01:43.256 [INFO] Nuoc thu 4 (Greedy): chon action=87, diem 195.7
12:01:58.874 [INFO] Nuoc thu 5 (alphaZero): chon action=58, temp=1.0000, N(action)=4
12:01:58.878 [INFO] Nuoc thu 6 (Greedy): chon action=86, diem 1006.6
12:02:14.609 [INFO] Nuoc thu 7 (alphaZero): chon action=13, temp=1.0000, N(action)=5
12:02:14.612 [INFO] Nuoc thu 8 (Greedy): chon action=85, diem 10006.6
12:02:30.204 [INFO] Nuoc thu 9 (alphaZero): chon action=72, temp=1.0000, N(action)=4
12:02:30.206 [INFO] Nuoc thu 10 (Greedy): chon action=89, diem 100012.8
12:02:30.206 [INFO] ========== VAN (vs Greedy) KET THUC: nguoi thang la player 2 (AlphaZero la player 1), tong 10 nuoc ==========
12:02:30.552 [INFO] ========== BAT DAU VAN TU CHOI VOI GREEDY (board 15x15), AlphaZero la player 1 ==========
12:02:46.365 [INFO] Nuoc thu 1 (alphaZero): chon action=115, temp=1.0000, N(action)=4
12:02:46.367 [INFO] Nuoc thu 2 (Greedy): chon action=129, diem 96.7
12:03:01.968 [INFO] Nuoc thu 3 (alphaZero): chon action=188, temp=1.0000, N(action)=3
12:03:01.970 [INFO] Nuoc thu 4 (Greedy): chon action=114, diem 195.7
12:03:17.244 [INFO] Nuoc thu 5 (alphaZero): chon action=102, temp=1.0000, N(action)=3
12:03:17.246 [INFO] Nuoc thu 6 (Greedy): chon action=99, diem 1095.7
12:03:32.830 [INFO] Nuoc thu 7 (alphaZero): chon action=192, temp=1.0000, N(action)=4
12:03:32.832 [INFO] Nuoc thu 8 (Greedy): chon action=144, diem 10006.6
12:03:48.480 [INFO] Nuoc thu 9 (alphaZero): chon action=118, temp=1.0000, N(action)=4
12:03:48.482 [INFO] Nuoc thu 10 (Greedy): chon action=159, diem 100006.6
12:03:48.482 [INFO] ========== VAN (vs Greedy) KET THUC: nguoi thang la player 2 (AlphaZero la player 1), tong 10 nuoc ==========
12:03:48.821 [INFO] ========== BAT DAU VAN TU CHOI VOI GREEDY (board 15x15), AlphaZero la player 1 ==========
12:04:04.191 [INFO] Nuoc thu 1 (alphaZero): chon action=35, temp=1.0000, N(action)=4
12:04:04.193 [INFO] Nuoc thu 2 (Greedy): chon action=21, diem 96.7
12:04:19.318 [INFO] Nuoc thu 3 (alphaZero): chon action=211, temp=1.0000, N(action)=22
12:04:19.319 [INFO] Nuoc thu 4 (Greedy): chon action=20, diem 195.7
12:04:34.788 [INFO] Nuoc thu 5 (alphaZero): chon action=10, temp=1.0000, N(action)=4
12:04:34.791 [INFO] Nuoc thu 6 (Greedy): chon action=19, diem 1095.7
12:04:50.502 [INFO] Nuoc thu 7 (alphaZero): chon action=223, temp=1.0000, N(action)=4
12:04:50.505 [INFO] Nuoc thu 8 (Greedy): chon action=18, diem 10006.6
12:05:06.507 [INFO] Nuoc thu 9 (alphaZero): chon action=158, temp=1.0000, N(action)=9
12:05:06.509 [INFO] Nuoc thu 10 (Greedy): chon action=22, diem 100006.6
12:05:06.509 [INFO] ========== VAN (vs Greedy) KET THUC: nguoi thang la player 2 (AlphaZero la player 1), tong 10 nuoc ==========
12:05:06.811 [INFO] ========== BAT DAU VAN TU CHOI VOI GREEDY (board 15x15), AlphaZero la player 2 ==========
12:05:06.811 [INFO] Nuoc thu 1 (Greedy): chon action=112 (khai cuoc, o trung tam)
12:05:22.487 [INFO] Nuoc thu 2 (alphaZero): chon action=150, temp=1.0000, N(action)=4
12:05:22.491 [INFO] Nuoc thu 3 (Greedy): chon action=126, diem 106.6
12:05:38.212 [INFO] Nuoc thu 4 (alphaZero): chon action=159, temp=1.0000, N(action)=9
12:05:38.214 [INFO] Nuoc thu 5 (Greedy): chon action=98, diem 1006.6
12:05:54.178 [INFO] Nuoc thu 6 (alphaZero): chon action=157, temp=1.0000, N(action)=8
12:05:54.180 [INFO] Nuoc thu 7 (Greedy): chon action=140, diem 10006.6
12:06:09.456 [INFO] Nuoc thu 8 (alphaZero): chon action=54, temp=1.0000, N(action)=5
12:06:09.458 [INFO] Nuoc thu 9 (Greedy): chon action=84, diem 100006.6
12:06:09.458 [INFO] ========== VAN (vs Greedy) KET THUC: nguoi thang la player 1 (AlphaZero la player 2), tong 9 nuoc ==========
12:06:09.771 [INFO] ========== BAT DAU VAN TU CHOI VOI GREEDY (board 15x15), AlphaZero la player 1 ==========
12:06:25.611 [INFO] Nuoc thu 1 (alphaZero): chon action=205, temp=1.0000, N(action)=12
12:06:25.614 [INFO] Nuoc thu 2 (Greedy): chon action=191, diem 96.7
12:06:41.042 [INFO] Nuoc thu 3 (alphaZero): chon action=164, temp=1.0000, N(action)=4
12:06:41.045 [INFO] Nuoc thu 4 (Greedy): chon action=206, diem 195.7
12:06:56.792 [INFO] Nuoc thu 5 (alphaZero): chon action=90, temp=1.0000, N(action)=9
12:06:56.794 [INFO] Nuoc thu 6 (Greedy): chon action=176, diem 1006.6
12:07:12.562 [INFO] Nuoc thu 7 (alphaZero): chon action=54, temp=1.0000, N(action)=6
12:07:12.564 [INFO] Nuoc thu 8 (Greedy): chon action=161, diem 10006.6
12:07:27.882 [INFO] Nuoc thu 9 (alphaZero): chon action=71, temp=1.0000, N(action)=6
12:07:27.885 [INFO] Nuoc thu 10 (Greedy): chon action=221, diem 100012.8
12:07:27.885 [INFO] ========== VAN (vs Greedy) KET THUC: nguoi thang la player 2 (AlphaZero la player 1), tong 10 nuoc ==========
12:07:28.207 [INFO] ========== BAT DAU VAN TU CHOI VOI GREEDY (board 15x15), AlphaZero la player 2 ==========
12:07:28.207 [INFO] Nuoc thu 1 (Greedy): chon action=112 (khai cuoc, o trung tam)
12:07:43.682 [INFO] Nuoc thu 2 (alphaZero): chon action=19, temp=1.0000, N(action)=3
12:07:43.685 [INFO] Nuoc thu 3 (Greedy): chon action=111, diem 106.6
12:07:59.206 [INFO] Nuoc thu 4 (alphaZero): chon action=167, temp=1.0000, N(action)=4
12:07:59.208 [INFO] Nuoc thu 5 (Greedy): chon action=110, diem 1006.6
12:08:14.615 [INFO] Nuoc thu 6 (alphaZero): chon action=199, temp=1.0000, N(action)=3
12:08:14.620 [INFO] Nuoc thu 7 (Greedy): chon action=113, diem 10006.6
12:08:30.166 [INFO] Nuoc thu 8 (alphaZero): chon action=212, temp=1.0000, N(action)=8
12:08:30.168 [INFO] Nuoc thu 9 (Greedy): chon action=109, diem 100006.6
12:08:30.168 [INFO] ========== VAN (vs Greedy) KET THUC: nguoi thang la player 1 (AlphaZero la player 2), tong 9 nuoc ==========
12:08:30.505 [INFO] ========== BAT DAU VAN TU CHOI VOI GREEDY (board 15x15), AlphaZero la player 1 ==========
12:08:46.595 [INFO] Nuoc thu 1 (alphaZero): chon action=103, temp=1.0000, N(action)=4
12:08:46.597 [INFO] Nuoc thu 2 (Greedy): chon action=88, diem 96.7
12:09:02.000 [INFO] Nuoc thu 3 (alphaZero): chon action=19, temp=1.0000, N(action)=4
12:09:02.002 [INFO] Nuoc thu 4 (Greedy): chon action=102, diem 195.7
12:09:17.691 [INFO] Nuoc thu 5 (alphaZero): chon action=91, temp=1.0000, N(action)=4
12:09:17.693 [INFO] Nuoc thu 6 (Greedy): chon action=116, diem 1006.6
12:09:33.603 [INFO] Nuoc thu 7 (alphaZero): chon action=157, temp=1.0000, N(action)=9
12:09:33.605 [INFO] Nuoc thu 8 (Greedy): chon action=130, diem 10006.6
12:09:49.076 [INFO] Nuoc thu 9 (alphaZero): chon action=92, temp=1.0000, N(action)=3
12:09:49.078 [INFO] Nuoc thu 10 (Greedy): chon action=144, diem 100006.6
12:09:49.078 [INFO] ========== VAN (vs Greedy) KET THUC: nguoi thang la player 2 (AlphaZero la player 1), tong 10 nuoc ==========
12:09:49.382 [INFO] ========== BAT DAU VAN TU CHOI VOI GREEDY (board 15x15), AlphaZero la player 2 ==========
12:09:49.382 [INFO] Nuoc thu 1 (Greedy): chon action=112 (khai cuoc, o trung tam)
12:10:05.050 [INFO] Nuoc thu 2 (alphaZero): chon action=211, temp=1.0000, N(action)=4
12:10:05.052 [INFO] Nuoc thu 3 (Greedy): chon action=128, diem 106.6
12:10:21.047 [INFO] Nuoc thu 4 (alphaZero): chon action=198, temp=1.0000, N(action)=4
12:10:21.049 [INFO] Nuoc thu 5 (Greedy): chon action=96, diem 1006.6
12:10:36.744 [INFO] Nuoc thu 6 (alphaZero): chon action=31, temp=1.0000, N(action)=4
12:10:36.747 [INFO] Nuoc thu 7 (Greedy): chon action=144, diem 10006.6
12:10:52.598 [INFO] Nuoc thu 8 (alphaZero): chon action=185, temp=1.0000, N(action)=4
12:10:52.601 [INFO] Nuoc thu 9 (Greedy): chon action=160, diem 100006.6
12:10:52.601 [INFO] ========== VAN (vs Greedy) KET THUC: nguoi thang la player 1 (AlphaZero la player 2), tong 9 nuoc ==========
12:10:52.931 [INFO] ========== BAT DAU VAN TU CHOI VOI GREEDY (board 15x15), AlphaZero la player 1 ==========
12:11:09.003 [INFO] Nuoc thu 1 (alphaZero): chon action=17, temp=1.0000, N(action)=5
12:11:09.005 [INFO] Nuoc thu 2 (Greedy): chon action=33, diem 96.7
12:11:24.897 [INFO] Nuoc thu 3 (alphaZero): chon action=112, temp=1.0000, N(action)=5
12:11:24.899 [INFO] Nuoc thu 4 (Greedy): chon action=32, diem 195.7
12:11:40.616 [INFO] Nuoc thu 5 (alphaZero): chon action=100, temp=1.0000, N(action)=6
12:11:40.631 [INFO] Nuoc thu 6 (Greedy): chon action=31, diem 1095.7
12:11:55.975 [INFO] Nuoc thu 7 (alphaZero): chon action=25, temp=1.0000, N(action)=4
12:11:55.977 [INFO] Nuoc thu 8 (Greedy): chon action=34, diem 10006.6
12:12:11.596 [INFO] Nuoc thu 9 (alphaZero): chon action=110, temp=1.0000, N(action)=6
12:12:11.598 [INFO] Nuoc thu 10 (Greedy): chon action=35, diem 100006.6
12:12:11.598 [INFO] ========== VAN (vs Greedy) KET THUC: nguoi thang la player 2 (AlphaZero la player 1), tong 10 nuoc ==========
12:12:11.923 [INFO] ========== BAT DAU VAN TU CHOI VOI GREEDY (board 15x15), AlphaZero la player 2 ==========
12:12:11.924 [INFO] Nuoc thu 1 (Greedy): chon action=112 (khai cuoc, o trung tam)
12:12:27.658 [INFO] Nuoc thu 2 (alphaZero): chon action=222, temp=1.0000, N(action)=3
12:12:27.660 [INFO] Nuoc thu 3 (Greedy): chon action=126, diem 106.6
12:12:43.326 [INFO] Nuoc thu 4 (alphaZero): chon action=110, temp=1.0000, N(action)=4
12:12:43.329 [INFO] Nuoc thu 5 (Greedy): chon action=140, diem 1006.6
12:12:59.384 [INFO] Nuoc thu 6 (alphaZero): chon action=104, temp=1.0000, N(action)=4
12:12:59.387 [INFO] Nuoc thu 7 (Greedy): chon action=98, diem 10006.6
12:13:15.261 [INFO] Nuoc thu 8 (alphaZero): chon action=82, temp=1.0000, N(action)=5
12:13:15.262 [INFO] Nuoc thu 9 (Greedy): chon action=84, diem 100006.6
12:13:15.262 [INFO] ========== VAN (vs Greedy) KET THUC: nguoi thang la player 1 (AlphaZero la player 2), tong 9 nuoc ==========
12:13:15.635 [INFO] ========== BAT DAU VAN TU CHOI VOI GREEDY (board 15x15), AlphaZero la player 2 ==========
12:13:15.635 [INFO] Nuoc thu 1 (Greedy): chon action=112 (khai cuoc, o trung tam)
12:13:31.647 [INFO] Nuoc thu 2 (alphaZero): chon action=140, temp=1.0000, N(action)=5
12:13:31.649 [INFO] Nuoc thu 3 (Greedy): chon action=128, diem 106.6
12:13:46.835 [INFO] Nuoc thu 4 (alphaZero): chon action=94, temp=1.0000, N(action)=12
12:13:46.837 [INFO] Nuoc thu 5 (Greedy): chon action=96, diem 1006.6
12:14:02.012 [INFO] Nuoc thu 6 (alphaZero): chon action=147, temp=1.0000, N(action)=4
12:14:02.016 [INFO] Nuoc thu 7 (Greedy): chon action=80, diem 10095.7
12:14:17.671 [INFO] Nuoc thu 8 (alphaZero): chon action=211, temp=1.0000, N(action)=5
12:14:17.674 [INFO] Nuoc thu 9 (Greedy): chon action=64, diem 100006.6
12:14:17.674 [INFO] ========== VAN (vs Greedy) KET THUC: nguoi thang la player 1 (AlphaZero la player 2), tong 9 nuoc ==========
12:14:18.001 [INFO] ========== BAT DAU VAN TU CHOI VOI GREEDY (board 15x15), AlphaZero la player 2 ==========
12:14:18.002 [INFO] Nuoc thu 1 (Greedy): chon action=112 (khai cuoc, o trung tam)
12:14:33.663 [INFO] Nuoc thu 2 (alphaZero): chon action=62, temp=1.0000, N(action)=4
12:14:33.666 [INFO] Nuoc thu 3 (Greedy): chon action=128, diem 106.6
12:14:49.293 [INFO] Nuoc thu 4 (alphaZero): chon action=161, temp=1.0000, N(action)=3
12:14:49.296 [INFO] Nuoc thu 5 (Greedy): chon action=144, diem 1006.6
12:15:04.853 [INFO] Nuoc thu 6 (alphaZero): chon action=140, temp=1.0000, N(action)=6
12:15:04.857 [INFO] Nuoc thu 7 (Greedy): chon action=160, diem 10095.7
12:15:20.338 [INFO] Nuoc thu 8 (alphaZero): chon action=67, temp=1.0000, N(action)=4
12:15:20.340 [INFO] Nuoc thu 9 (Greedy): chon action=176, diem 100095.7
12:15:20.341 [INFO] ========== VAN (vs Greedy) KET THUC: nguoi thang la player 1 (AlphaZero la player 2), tong 9 nuoc ==========
12:15:20.641 [INFO] ========== BAT DAU VAN TU CHOI VOI GREEDY (board 15x15), AlphaZero la player 1 ==========
12:15:36.309 [INFO] Nuoc thu 1 (alphaZero): chon action=132, temp=1.0000, N(action)=4
12:15:36.311 [INFO] Nuoc thu 2 (Greedy): chon action=116, diem 96.7
12:15:52.157 [INFO] Nuoc thu 3 (alphaZero): chon action=88, temp=1.0000, N(action)=3
12:15:52.159 [INFO] Nuoc thu 4 (Greedy): chon action=131, diem 195.7
12:16:07.911 [INFO] Nuoc thu 5 (alphaZero): chon action=141, temp=1.0000, N(action)=4
12:16:07.914 [INFO] Nuoc thu 6 (Greedy): chon action=146, diem 1095.7
12:16:23.496 [INFO] Nuoc thu 7 (alphaZero): chon action=224, temp=1.0000, N(action)=4
12:16:23.498 [INFO] Nuoc thu 8 (Greedy): chon action=161, diem 10006.6
12:16:39.578 [INFO] Nuoc thu 9 (alphaZero): chon action=151, temp=1.0000, N(action)=4
12:16:39.580 [INFO] Nuoc thu 10 (Greedy): chon action=101, diem 100006.6
12:16:39.580 [INFO] ========== VAN (vs Greedy) KET THUC: nguoi thang la player 2 (AlphaZero la player 1), tong 10 nuoc ==========
12:16:39.964 [INFO] ========== BAT DAU VAN TU CHOI VOI GREEDY (board 15x15), AlphaZero la player 1 ==========
12:16:55.625 [INFO] Nuoc thu 1 (alphaZero): chon action=188, temp=1.0000, N(action)=4
12:16:55.627 [INFO] Nuoc thu 2 (Greedy): chon action=174, diem 96.7
12:17:11.106 [INFO] Nuoc thu 3 (alphaZero): chon action=95, temp=1.0000, N(action)=4
12:17:11.108 [INFO] Nuoc thu 4 (Greedy): chon action=189, diem 195.7
12:17:26.990 [INFO] Nuoc thu 5 (alphaZero): chon action=39, temp=1.0000, N(action)=5
12:17:26.991 [INFO] Nuoc thu 6 (Greedy): chon action=204, diem 1095.7
12:17:42.862 [INFO] Nuoc thu 7 (alphaZero): chon action=153, temp=1.0000, N(action)=4
12:17:42.864 [INFO] Nuoc thu 8 (Greedy): chon action=159, diem 10006.6
12:17:57.754 [INFO] Nuoc thu 9 (alphaZero): chon action=205, temp=1.0000, N(action)=17
12:17:57.756 [INFO] Nuoc thu 10 (Greedy): chon action=219, diem 100012.8
12:17:57.756 [INFO] ========== VAN (vs Greedy) KET THUC: nguoi thang la player 2 (AlphaZero la player 1), tong 10 nuoc ==========
12:17:58.047 [INFO] ========== BAT DAU VAN TU CHOI VOI GREEDY (board 15x15), AlphaZero la player 2 ==========
12:17:58.047 [INFO] Nuoc thu 1 (Greedy): chon action=112 (khai cuoc, o trung tam)
12:18:11.514 [INFO] Nuoc thu 2 (alphaZero): chon action=124, temp=1.0000, N(action)=3
12:18:11.516 [INFO] Nuoc thu 3 (Greedy): chon action=113, diem 106.6
12:18:24.493 [INFO] Nuoc thu 4 (alphaZero): chon action=167, temp=1.0000, N(action)=4
12:18:24.495 [INFO] Nuoc thu 5 (Greedy): chon action=114, diem 1006.6
12:18:37.157 [INFO] Nuoc thu 6 (alphaZero): chon action=147, temp=1.0000, N(action)=6
12:18:37.159 [INFO] Nuoc thu 7 (Greedy): chon action=111, diem 10006.6
12:18:48.229 [INFO] Nuoc thu 8 (alphaZero): chon action=193, temp=1.0000, N(action)=4
12:18:48.231 [INFO] Nuoc thu 9 (Greedy): chon action=110, diem 100095.7
12:18:48.232 [INFO] ========== VAN (vs Greedy) KET THUC: nguoi thang la player 1 (AlphaZero la player 2), tong 9 nuoc ==========
12:18:48.455 [INFO] ========== BAT DAU VAN TU CHOI VOI GREEDY (board 15x15), AlphaZero la player 2 ==========
12:18:48.455 [INFO] Nuoc thu 1 (Greedy): chon action=112 (khai cuoc, o trung tam)
12:18:59.488 [INFO] Nuoc thu 2 (alphaZero): chon action=177, temp=1.0000, N(action)=4
12:18:59.490 [INFO] Nuoc thu 3 (Greedy): chon action=128, diem 106.6
12:19:10.466 [INFO] Nuoc thu 4 (alphaZero): chon action=85, temp=1.0000, N(action)=3
12:19:10.468 [INFO] Nuoc thu 5 (Greedy): chon action=144, diem 1006.6
12:19:21.541 [INFO] Nuoc thu 6 (alphaZero): chon action=65, temp=1.0000, N(action)=4
12:19:21.543 [INFO] Nuoc thu 7 (Greedy): chon action=160, diem 10006.6
12:19:32.666 [INFO] Nuoc thu 8 (alphaZero): chon action=14, temp=1.0000, N(action)=4
12:19:32.669 [INFO] Nuoc thu 9 (Greedy): chon action=176, diem 100095.7
12:19:32.669 [INFO] ========== VAN (vs Greedy) KET THUC: nguoi thang la player 1 (AlphaZero la player 2), tong 9 nuoc ==========
12:19:32.874 [INFO] ========== BAT DAU VAN TU CHOI VOI GREEDY (board 15x15), AlphaZero la player 2 ==========
12:19:32.875 [INFO] Nuoc thu 1 (Greedy): chon action=112 (khai cuoc, o trung tam)
12:19:44.196 [INFO] Nuoc thu 2 (alphaZero): chon action=37, temp=1.0000, N(action)=4
12:19:44.197 [INFO] Nuoc thu 3 (Greedy): chon action=128, diem 106.6
12:19:55.497 [INFO] Nuoc thu 4 (alphaZero): chon action=216, temp=1.0000, N(action)=7
12:19:55.499 [INFO] Nuoc thu 5 (Greedy): chon action=96, diem 1006.6
12:20:06.669 [INFO] Nuoc thu 6 (alphaZero): chon action=123, temp=1.0000, N(action)=4
12:20:06.671 [INFO] Nuoc thu 7 (Greedy): chon action=80, diem 10006.6
12:20:17.853 [INFO] Nuoc thu 8 (alphaZero): chon action=88, temp=1.0000, N(action)=9
12:20:17.855 [INFO] Nuoc thu 9 (Greedy): chon action=64, diem 100006.6
12:20:17.855 [INFO] ========== VAN (vs Greedy) KET THUC: nguoi thang la player 1 (AlphaZero la player 2), tong 9 nuoc ==========
12:20:18.025 [INFO] ========== BAT DAU VAN TU CHOI VOI GREEDY (board 15x15), AlphaZero la player 1 ==========
12:20:29.341 [INFO] Nuoc thu 1 (alphaZero): chon action=97, temp=1.0000, N(action)=6
12:20:29.343 [INFO] Nuoc thu 2 (Greedy): chon action=82, diem 96.7
12:20:40.669 [INFO] Nuoc thu 3 (alphaZero): chon action=108, temp=1.0000, N(action)=3
12:20:40.672 [INFO] Nuoc thu 4 (Greedy): chon action=98, diem 195.7
12:20:51.648 [INFO] Nuoc thu 5 (alphaZero): chon action=147, temp=1.0000, N(action)=4
12:20:51.651 [INFO] Nuoc thu 6 (Greedy): chon action=114, diem 1006.6
12:21:03.284 [INFO] Nuoc thu 7 (alphaZero): chon action=222, temp=1.0000, N(action)=5
12:21:03.286 [INFO] Nuoc thu 8 (Greedy): chon action=130, diem 10006.6
12:21:14.941 [INFO] Nuoc thu 9 (alphaZero): chon action=12, temp=1.0000, N(action)=5
12:21:14.943 [INFO] Nuoc thu 10 (Greedy): chon action=146, diem 100095.7
12:21:14.943 [INFO] ========== VAN (vs Greedy) KET THUC: nguoi thang la player 2 (AlphaZero la player 1), tong 10 nuoc ==========
12:21:15.110 [INFO] ========== BAT DAU VAN TU CHOI VOI GREEDY (board 15x15), AlphaZero la player 2 ==========
12:21:15.111 [INFO] Nuoc thu 1 (Greedy): chon action=112 (khai cuoc, o trung tam)
12:21:26.680 [INFO] Nuoc thu 2 (alphaZero): chon action=142, temp=1.0000, N(action)=4
12:21:26.682 [INFO] Nuoc thu 3 (Greedy): chon action=126, diem 195.7
12:21:38.482 [INFO] Nuoc thu 4 (alphaZero): chon action=39, temp=1.0000, N(action)=4
12:21:38.486 [INFO] Nuoc thu 5 (Greedy): chon action=98, diem 1006.6
12:21:50.200 [INFO] Nuoc thu 6 (alphaZero): chon action=70, temp=1.0000, N(action)=4
12:21:50.203 [INFO] Nuoc thu 7 (Greedy): chon action=140, diem 10006.6
12:22:01.740 [INFO] Nuoc thu 8 (alphaZero): chon action=210, temp=1.0000, N(action)=4
12:22:01.743 [INFO] Nuoc thu 9 (Greedy): chon action=84, diem 100014.7
12:22:01.743 [INFO] ========== VAN (vs Greedy) KET THUC: nguoi thang la player 1 (AlphaZero la player 2), tong 9 nuoc ==========
12:22:01.942 [INFO] ========== BAT DAU VAN TU CHOI VOI GREEDY (board 15x15), AlphaZero la player 1 ==========
12:22:13.464 [INFO] Nuoc thu 1 (alphaZero): chon action=107, temp=1.0000, N(action)=10
12:22:13.467 [INFO] Nuoc thu 2 (Greedy): chon action=92, diem 96.7
12:22:24.641 [INFO] Nuoc thu 3 (alphaZero): chon action=55, temp=1.0000, N(action)=4
12:22:24.645 [INFO] Nuoc thu 4 (Greedy): chon action=93, diem 195.7
12:22:33.925 [INFO] Nuoc thu 5 (alphaZero): chon action=69, temp=1.0000, N(action)=8
12:22:33.927 [INFO] Nuoc thu 6 (Greedy): chon action=91, diem 1095.7
12:22:43.311 [INFO] Nuoc thu 7 (alphaZero): chon action=183, temp=1.0000, N(action)=5
12:22:43.313 [INFO] Nuoc thu 8 (Greedy): chon action=94, diem 10006.6
12:22:52.558 [INFO] Nuoc thu 9 (alphaZero): chon action=181, temp=1.0000, N(action)=6
12:22:52.560 [INFO] Nuoc thu 10 (Greedy): chon action=95, diem 100006.6
12:22:52.560 [INFO] ========== VAN (vs Greedy) KET THUC: nguoi thang la player 2 (AlphaZero la player 1), tong 10 nuoc ==========
