15:50:45.192 [INFO] ========== BAT DAU VAN TU CHOI VOI GREEDY (board 15x15), AlphaZero la player 2 ==========
15:50:45.192 [INFO] Nuoc thu 1 (Greedy): chon action=112 (khai cuoc, o trung tam)
15:51:03.269 [INFO] Nuoc thu 2 (alphaZero): chon action=18, temp=1.0000, N(action)=6
15:51:03.282 [INFO] Nuoc thu 3 (Greedy): chon action=97, diem 106.6
15:51:18.764 [INFO] Nuoc thu 4 (alphaZero): chon action=199, temp=1.0000, N(action)=8
15:51:18.766 [INFO] Nuoc thu 5 (Greedy): chon action=82, diem 1006.6
15:51:34.057 [INFO] Nuoc thu 6 (alphaZero): chon action=154, temp=1.0000, N(action)=4
15:51:34.060 [INFO] Nuoc thu 7 (Greedy): chon action=67, diem 10006.6
15:51:50.732 [INFO] Nuoc thu 8 (alphaZero): chon action=144, temp=1.0000, N(action)=6
15:51:50.737 [INFO] Nuoc thu 9 (Greedy): chon action=127, diem 100006.6
15:51:50.738 [INFO] ========== VAN (vs Greedy) KET THUC: nguoi thang la player 1 (AlphaZero la player 2), tong 9 nuoc ==========
15:51:51.157 [INFO] ========== BAT DAU VAN TU CHOI VOI GREEDY (board 15x15), AlphaZero la player 2 ==========
15:51:51.158 [INFO] Nuoc thu 1 (Greedy): chon action=112 (khai cuoc, o trung tam)
15:52:08.333 [INFO] Nuoc thu 2 (alphaZero): chon action=27, temp=1.0000, N(action)=4
15:52:08.336 [INFO] Nuoc thu 3 (Greedy): chon action=111, diem 106.6
15:52:24.618 [INFO] Nuoc thu 4 (alphaZero): chon action=45, temp=1.0000, N(action)=8
15:52:24.620 [INFO] Nuoc thu 5 (Greedy): chon action=113, diem 1006.6
15:52:40.480 [INFO] Nuoc thu 6 (alphaZero): chon action=46, temp=1.0000, N(action)=14
15:52:40.482 [INFO] Nuoc thu 7 (Greedy): chon action=114, diem 10006.6
15:52:56.756 [INFO] Nuoc thu 8 (alphaZero): chon action=47, temp=1.0000, N(action)=4
15:52:56.758 [INFO] Nuoc thu 9 (Greedy): chon action=115, diem 100006.6
15:52:56.758 [INFO] ========== VAN (vs Greedy) KET THUC: nguoi thang la player 1 (AlphaZero la player 2), tong 9 nuoc ==========
15:52:57.063 [INFO] ========== BAT DAU VAN TU CHOI VOI GREEDY (board 15x15), AlphaZero la player 1 ==========
15:53:12.355 [INFO] Nuoc thu 1 (alphaZero): chon action=120, temp=1.0000, N(action)=4
15:53:12.357 [INFO] Nuoc thu 2 (Greedy): chon action=135, diem 96.7
15:53:28.128 [INFO] Nuoc thu 3 (alphaZero): chon action=40, temp=1.0000, N(action)=10
15:53:28.131 [INFO] Nuoc thu 4 (Greedy): chon action=24, diem 96.7
15:53:43.863 [INFO] Nuoc thu 5 (alphaZero): chon action=155, temp=1.0000, N(action)=6
15:53:43.866 [INFO] Nuoc thu 6 (Greedy): chon action=39, diem 195.7
15:53:59.339 [INFO] Nuoc thu 7 (alphaZero): chon action=128, temp=1.0000, N(action)=4
15:53:59.341 [INFO] Nuoc thu 8 (Greedy): chon action=54, diem 1095.7
15:54:14.811 [INFO] Nuoc thu 9 (alphaZero): chon action=220, temp=1.0000, N(action)=10
15:54:14.814 [INFO] Nuoc thu 10 (Greedy): chon action=69, diem 10006.6
15:54:30.132 [INFO] Nuoc thu 11 (alphaZero): chon action=121, temp=1.0000, N(action)=6
15:54:30.134 [INFO] Nuoc thu 12 (Greedy): chon action=84, diem 100006.6
15:54:30.134 [INFO] ========== VAN (vs Greedy) KET THUC: nguoi thang la player 2 (AlphaZero la player 1), tong 12 nuoc ==========
15:54:30.442 [INFO] ========== BAT DAU VAN TU CHOI VOI GREEDY (board 15x15), AlphaZero la player 2 ==========
15:54:30.442 [INFO] Nuoc thu 1 (Greedy): chon action=112 (khai cuoc, o trung tam)
15:54:46.346 [INFO] Nuoc thu 2 (alphaZero): chon action=184, temp=1.0000, N(action)=6
15:54:46.349 [INFO] Nuoc thu 3 (Greedy): chon action=97, diem 106.6
15:55:01.862 [INFO] Nuoc thu 4 (alphaZero): chon action=107, temp=1.0000, N(action)=4
15:55:01.865 [INFO] Nuoc thu 5 (Greedy): chon action=127, diem 1006.6
15:55:17.756 [INFO] Nuoc thu 6 (alphaZero): chon action=1, temp=1.0000, N(action)=6
15:55:17.758 [INFO] Nuoc thu 7 (Greedy): chon action=142, diem 10006.6
15:55:33.391 [INFO] Nuoc thu 8 (alphaZero): chon action=154, temp=1.0000, N(action)=6
15:55:33.396 [INFO] Nuoc thu 9 (Greedy): chon action=82, diem 100006.6
15:55:33.397 [INFO] ========== VAN (vs Greedy) KET THUC: nguoi thang la player 1 (AlphaZero la player 2), tong 9 nuoc ==========
15:55:33.731 [INFO] ========== BAT DAU VAN TU CHOI VOI GREEDY (board 15x15), AlphaZero la player 2 ==========
15:55:33.731 [INFO] Nuoc thu 1 (Greedy): chon action=112 (khai cuoc, o trung tam)
15:55:49.577 [INFO] Nuoc thu 2 (alphaZero): chon action=194, temp=1.0000, N(action)=8
15:55:49.580 [INFO] Nuoc thu 3 (Greedy): chon action=113, diem 106.6
15:56:05.440 [INFO] Nuoc thu 4 (alphaZero): chon action=2, temp=1.0000, N(action)=8
15:56:05.444 [INFO] Nuoc thu 5 (Greedy): chon action=111, diem 1006.6
15:56:21.021 [INFO] Nuoc thu 6 (alphaZero): chon action=14, temp=1.0000, N(action)=6
15:56:21.023 [INFO] Nuoc thu 7 (Greedy): chon action=114, diem 10006.6
15:56:36.544 [INFO] Nuoc thu 8 (alphaZero): chon action=162, temp=1.0000, N(action)=4
15:56:36.546 [INFO] Nuoc thu 9 (Greedy): chon action=115, diem 100006.6
15:56:36.546 [INFO] ========== VAN (vs Greedy) KET THUC: nguoi thang la player 1 (AlphaZero la player 2), tong 9 nuoc ==========
15:56:36.867 [INFO] ========== BAT DAU VAN TU CHOI VOI GREEDY (board 15x15), AlphaZero la player 1 ==========
15:56:53.099 [INFO] Nuoc thu 1 (alphaZero): chon action=134, temp=1.0000, N(action)=4
15:56:53.101 [INFO] Nuoc thu 2 (Greedy): chon action=119, diem 96.7
15:57:08.301 [INFO] Nuoc thu 3 (alphaZero): chon action=146, temp=1.0000, N(action)=4
15:57:08.303 [INFO] Nuoc thu 4 (Greedy): chon action=130, diem 96.7
15:57:23.949 [INFO] Nuoc thu 5 (alphaZero): chon action=82, temp=1.0000, N(action)=6
15:57:23.951 [INFO] Nuoc thu 6 (Greedy): chon action=131, diem 195.7
15:57:39.685 [INFO] Nuoc thu 7 (alphaZero): chon action=108, temp=1.0000, N(action)=6
15:57:39.688 [INFO] Nuoc thu 8 (Greedy): chon action=132, diem 1095.7
15:57:55.219 [INFO] Nuoc thu 9 (alphaZero): chon action=11, temp=1.0000, N(action)=4
15:57:55.221 [INFO] Nuoc thu 10 (Greedy): chon action=129, diem 10006.6
15:58:10.926 [INFO] Nuoc thu 11 (alphaZero): chon action=64, temp=1.0000, N(action)=14
15:58:10.928 [INFO] Nuoc thu 12 (Greedy): chon action=133, diem 100014.7
15:58:10.928 [INFO] ========== VAN (vs Greedy) KET THUC: nguoi thang la player 2 (AlphaZero la player 1), tong 12 nuoc ==========
15:58:11.255 [INFO] ========== BAT DAU VAN TU CHOI VOI GREEDY (board 15x15), AlphaZero la player 1 ==========
15:58:26.959 [INFO] Nuoc thu 1 (alphaZero): chon action=114, temp=1.0000, N(action)=6
15:58:26.962 [INFO] Nuoc thu 2 (Greedy): chon action=128, diem 96.7
15:58:42.420 [INFO] Nuoc thu 3 (alphaZero): chon action=179, temp=1.0000, N(action)=6
15:58:42.422 [INFO] Nuoc thu 4 (Greedy): chon action=113, diem 195.7
15:58:57.998 [INFO] Nuoc thu 5 (alphaZero): chon action=94, temp=1.0000, N(action)=8
15:58:58.001 [INFO] Nuoc thu 6 (Greedy): chon action=98, diem 1095.7
15:59:13.787 [INFO] Nuoc thu 7 (alphaZero): chon action=16, temp=1.0000, N(action)=4
15:59:13.789 [INFO] Nuoc thu 8 (Greedy): chon action=143, diem 10006.6
15:59:28.962 [INFO] Nuoc thu 9 (alphaZero): chon action=31, temp=1.0000, N(action)=6
15:59:28.964 [INFO] Nuoc thu 10 (Greedy): chon action=158, diem 100006.6
15:59:28.964 [INFO] ========== VAN (vs Greedy) KET THUC: nguoi thang la player 2 (AlphaZero la player 1), tong 10 nuoc ==========
15:59:29.325 [INFO] ========== BAT DAU VAN TU CHOI VOI GREEDY (board 15x15), AlphaZero la player 1 ==========
15:59:45.148 [INFO] Nuoc thu 1 (alphaZero): chon action=165, temp=1.0000, N(action)=8
15:59:45.151 [INFO] Nuoc thu 2 (Greedy): chon action=150, diem 96.7
16:00:00.884 [INFO] Nuoc thu 3 (alphaZero): chon action=109, temp=1.0000, N(action)=6
16:00:00.886 [INFO] Nuoc thu 4 (Greedy): chon action=95, diem 96.7
16:00:16.646 [INFO] Nuoc thu 5 (alphaZero): chon action=162, temp=1.0000, N(action)=4
16:00:16.656 [INFO] Nuoc thu 6 (Greedy): chon action=94, diem 195.7
16:00:32.624 [INFO] Nuoc thu 7 (alphaZero): chon action=207, temp=1.0000, N(action)=4
16:00:32.636 [INFO] Nuoc thu 8 (Greedy): chon action=93, diem 1095.7
16:00:47.970 [INFO] Nuoc thu 9 (alphaZero): chon action=134, temp=1.0000, N(action)=4
16:00:47.973 [INFO] Nuoc thu 10 (Greedy): chon action=96, diem 10006.6
16:01:03.175 [INFO] Nuoc thu 11 (alphaZero): chon action=206, temp=1.0000, N(action)=6
16:01:03.176 [INFO] Nuoc thu 12 (Greedy): chon action=92, diem 100006.6
16:01:03.176 [INFO] ========== VAN (vs Greedy) KET THUC: nguoi thang la player 2 (AlphaZero la player 1), tong 12 nuoc ==========
16:01:03.639 [INFO] ========== BAT DAU VAN TU CHOI VOI GREEDY (board 15x15), AlphaZero la player 1 ==========
16:01:19.135 [INFO] Nuoc thu 1 (alphaZero): chon action=109, temp=1.0000, N(action)=4
16:01:19.137 [INFO] Nuoc thu 2 (Greedy): chon action=123, diem 96.7
16:01:34.864 [INFO] Nuoc thu 3 (alphaZero): chon action=116, temp=1.0000, N(action)=4
16:01:34.866 [INFO] Nuoc thu 4 (Greedy): chon action=124, diem 195.7
16:01:50.432 [INFO] Nuoc thu 5 (alphaZero): chon action=21, temp=1.0000, N(action)=6
16:01:50.434 [INFO] Nuoc thu 6 (Greedy): chon action=125, diem 1095.7
16:02:06.114 [INFO] Nuoc thu 7 (alphaZero): chon action=49, temp=1.0000, N(action)=4
16:02:06.117 [INFO] Nuoc thu 8 (Greedy): chon action=122, diem 10006.6
16:02:21.852 [INFO] Nuoc thu 9 (alphaZero): chon action=23, temp=1.0000, N(action)=4
16:02:21.854 [INFO] Nuoc thu 10 (Greedy): chon action=126, diem 100006.6
16:02:21.854 [INFO] ========== VAN (vs Greedy) KET THUC: nguoi thang la player 2 (AlphaZero la player 1), tong 10 nuoc ==========
16:02:22.212 [INFO] ========== BAT DAU VAN TU CHOI VOI GREEDY (board 15x15), AlphaZero la player 2 ==========
16:02:22.212 [INFO] Nuoc thu 1 (Greedy): chon action=112 (khai cuoc, o trung tam)
16:02:37.842 [INFO] Nuoc thu 2 (alphaZero): chon action=23, temp=1.0000, N(action)=4
16:02:37.845 [INFO] Nuoc thu 3 (Greedy): chon action=111, diem 106.6
16:02:53.720 [INFO] Nuoc thu 4 (alphaZero): chon action=114, temp=1.0000, N(action)=4
16:02:53.722 [INFO] Nuoc thu 5 (Greedy): chon action=110, diem 1006.6
16:03:09.173 [INFO] Nuoc thu 6 (alphaZero): chon action=151, temp=1.0000, N(action)=4
16:03:09.175 [INFO] Nuoc thu 7 (Greedy): chon action=109, diem 10006.6
16:03:24.738 [INFO] Nuoc thu 8 (alphaZero): chon action=12, temp=1.0000, N(action)=6
16:03:24.743 [INFO] Nuoc thu 9 (Greedy): chon action=113, diem 100014.7
16:03:24.743 [INFO] ========== VAN (vs Greedy) KET THUC: nguoi thang la player 1 (AlphaZero la player 2), tong 9 nuoc ==========
16:03:25.119 [INFO] ========== BAT DAU VAN TU CHOI VOI GREEDY (board 15x15), AlphaZero la player 2 ==========
16:03:25.119 [INFO] Nuoc thu 1 (Greedy): chon action=112 (khai cuoc, o trung tam)
16:03:40.878 [INFO] Nuoc thu 2 (alphaZero): chon action=153, temp=1.0000, N(action)=4
16:03:40.880 [INFO] Nuoc thu 3 (Greedy): chon action=97, diem 106.6
16:03:56.297 [INFO] Nuoc thu 4 (alphaZero): chon action=67, temp=1.0000, N(action)=4
16:03:56.299 [INFO] Nuoc thu 5 (Greedy): chon action=127, diem 1006.6
16:04:11.939 [INFO] Nuoc thu 6 (alphaZero): chon action=39, temp=1.0000, N(action)=6
16:04:11.940 [INFO] Nuoc thu 7 (Greedy): chon action=142, diem 10006.6
16:04:27.133 [INFO] Nuoc thu 8 (alphaZero): chon action=10, temp=1.0000, N(action)=2
16:04:27.135 [INFO] Nuoc thu 9 (Greedy): chon action=82, diem 100014.7
16:04:27.135 [INFO] ========== VAN (vs Greedy) KET THUC: nguoi thang la player 1 (AlphaZero la player 2), tong 9 nuoc ==========
16:04:27.358 [INFO] ========== BAT DAU VAN TU CHOI VOI GREEDY (board 15x15), AlphaZero la player 1 ==========
16:04:42.862 [INFO] Nuoc thu 1 (alphaZero): chon action=179, temp=1.0000, N(action)=16
16:04:42.864 [INFO] Nuoc thu 2 (Greedy): chon action=164, diem 96.7
16:04:58.391 [INFO] Nuoc thu 3 (alphaZero): chon action=39, temp=1.0000, N(action)=4
16:04:58.394 [INFO] Nuoc thu 4 (Greedy): chon action=24, diem 96.7
16:05:13.630 [INFO] Nuoc thu 5 (alphaZero): chon action=108, temp=1.0000, N(action)=4
16:05:13.632 [INFO] Nuoc thu 6 (Greedy): chon action=23, diem 195.7
16:05:29.304 [INFO] Nuoc thu 7 (alphaZero): chon action=59, temp=1.0000, N(action)=4
16:05:29.308 [INFO] Nuoc thu 8 (Greedy): chon action=25, diem 1095.7
16:05:44.989 [INFO] Nuoc thu 9 (alphaZero): chon action=122, temp=1.0000, N(action)=20
16:05:44.991 [INFO] Nuoc thu 10 (Greedy): chon action=26, diem 10006.6
16:05:59.953 [INFO] Nuoc thu 11 (alphaZero): chon action=109, temp=1.0000, N(action)=10
16:05:59.955 [INFO] Nuoc thu 12 (Greedy): chon action=27, diem 100006.6
16:05:59.955 [INFO] ========== VAN (vs Greedy) KET THUC: nguoi thang la player 2 (AlphaZero la player 1), tong 12 nuoc ==========
16:06:00.265 [INFO] ========== BAT DAU VAN TU CHOI VOI GREEDY (board 15x15), AlphaZero la player 2 ==========
16:06:00.265 [INFO] Nuoc thu 1 (Greedy): chon action=112 (khai cuoc, o trung tam)
16:06:15.999 [INFO] Nuoc thu 2 (alphaZero): chon action=211, temp=1.0000, N(action)=4
16:06:16.001 [INFO] Nuoc thu 3 (Greedy): chon action=111, diem 106.6
16:06:31.162 [INFO] Nuoc thu 4 (alphaZero): chon action=122, temp=1.0000, N(action)=6
16:06:31.164 [INFO] Nuoc thu 5 (Greedy): chon action=110, diem 1006.6
16:06:46.603 [INFO] Nuoc thu 6 (alphaZero): chon action=215, temp=1.0000, N(action)=4
16:06:46.614 [INFO] Nuoc thu 7 (Greedy): chon action=109, diem 10006.6
16:07:01.696 [INFO] Nuoc thu 8 (alphaZero): chon action=166, temp=1.0000, N(action)=10
16:07:01.698 [INFO] Nuoc thu 9 (Greedy): chon action=108, diem 100095.7
16:07:01.698 [INFO] ========== VAN (vs Greedy) KET THUC: nguoi thang la player 1 (AlphaZero la player 2), tong 9 nuoc ==========
16:07:02.042 [INFO] ========== BAT DAU VAN TU CHOI VOI GREEDY (board 15x15), AlphaZero la player 1 ==========
16:07:17.556 [INFO] Nuoc thu 1 (alphaZero): chon action=108, temp=1.0000, N(action)=4
16:07:17.568 [INFO] Nuoc thu 2 (Greedy): chon action=122, diem 96.7
16:07:33.204 [INFO] Nuoc thu 3 (alphaZero): chon action=170, temp=1.0000, N(action)=4
16:07:33.206 [INFO] Nuoc thu 4 (Greedy): chon action=123, diem 195.7
16:07:49.083 [INFO] Nuoc thu 5 (alphaZero): chon action=104, temp=1.0000, N(action)=6
16:07:49.085 [INFO] Nuoc thu 6 (Greedy): chon action=124, diem 1095.7
16:08:04.949 [INFO] Nuoc thu 7 (alphaZero): chon action=166, temp=1.0000, N(action)=4
16:08:04.960 [INFO] Nuoc thu 8 (Greedy): chon action=121, diem 10006.6
16:08:20.428 [INFO] Nuoc thu 9 (alphaZero): chon action=147, temp=1.0000, N(action)=4
16:08:20.430 [INFO] Nuoc thu 10 (Greedy): chon action=125, diem 100006.6
16:08:20.430 [INFO] ========== VAN (vs Greedy) KET THUC: nguoi thang la player 2 (AlphaZero la player 1), tong 10 nuoc ==========
16:08:20.764 [INFO] ========== BAT DAU VAN TU CHOI VOI GREEDY (board 15x15), AlphaZero la player 1 ==========
16:08:36.291 [INFO] Nuoc thu 1 (alphaZero): chon action=73, temp=1.0000, N(action)=6
16:08:36.294 [INFO] Nuoc thu 2 (Greedy): chon action=87, diem 96.7
16:08:51.751 [INFO] Nuoc thu 3 (alphaZero): chon action=142, temp=1.0000, N(action)=6
16:08:51.753 [INFO] Nuoc thu 4 (Greedy): chon action=88, diem 195.7
16:09:07.248 [INFO] Nuoc thu 5 (alphaZero): chon action=104, temp=1.0000, N(action)=4
16:09:07.250 [INFO] Nuoc thu 6 (Greedy): chon action=86, diem 1006.6
16:09:22.882 [INFO] Nuoc thu 7 (alphaZero): chon action=119, temp=1.0000, N(action)=8
16:09:22.884 [INFO] Nuoc thu 8 (Greedy): chon action=85, diem 10006.6
16:09:38.422 [INFO] Nuoc thu 9 (alphaZero): chon action=24, temp=1.0000, N(action)=8
16:09:38.425 [INFO] Nuoc thu 10 (Greedy): chon action=89, diem 100911.9
16:09:38.425 [INFO] ========== VAN (vs Greedy) KET THUC: nguoi thang la player 2 (AlphaZero la player 1), tong 10 nuoc ==========
16:09:38.831 [INFO] ========== BAT DAU VAN TU CHOI VOI GREEDY (board 15x15), AlphaZero la player 2 ==========
16:09:38.831 [INFO] Nuoc thu 1 (Greedy): chon action=112 (khai cuoc, o trung tam)
16:09:53.905 [INFO] Nuoc thu 2 (alphaZero): chon action=18, temp=1.0000, N(action)=4
16:09:53.908 [INFO] Nuoc thu 3 (Greedy): chon action=113, diem 106.6
16:10:09.354 [INFO] Nuoc thu 4 (alphaZero): chon action=12, temp=1.0000, N(action)=4
16:10:09.357 [INFO] Nuoc thu 5 (Greedy): chon action=114, diem 1006.6
16:10:24.926 [INFO] Nuoc thu 6 (alphaZero): chon action=205, temp=1.0000, N(action)=2
16:10:24.929 [INFO] Nuoc thu 7 (Greedy): chon action=115, diem 10006.6
16:10:40.693 [INFO] Nuoc thu 8 (alphaZero): chon action=26, temp=1.0000, N(action)=6
16:10:40.696 [INFO] Nuoc thu 9 (Greedy): chon action=116, diem 100006.6
16:10:40.696 [INFO] ========== VAN (vs Greedy) KET THUC: nguoi thang la player 1 (AlphaZero la player 2), tong 9 nuoc ==========
16:10:41.025 [INFO] ========== BAT DAU VAN TU CHOI VOI GREEDY (board 15x15), AlphaZero la player 1 ==========
16:10:56.845 [INFO] Nuoc thu 1 (alphaZero): chon action=26, temp=1.0000, N(action)=10
16:10:56.847 [INFO] Nuoc thu 2 (Greedy): chon action=41, diem 96.7
16:11:12.677 [INFO] Nuoc thu 3 (alphaZero): chon action=218, temp=1.0000, N(action)=4
16:11:12.681 [INFO] Nuoc thu 4 (Greedy): chon action=42, diem 195.7
16:11:28.104 [INFO] Nuoc thu 5 (alphaZero): chon action=87, temp=1.0000, N(action)=4
16:11:28.107 [INFO] Nuoc thu 6 (Greedy): chon action=40, diem 1095.7
16:11:43.403 [INFO] Nuoc thu 7 (alphaZero): chon action=60, temp=1.0000, N(action)=4
16:11:43.406 [INFO] Nuoc thu 8 (Greedy): chon action=39, diem 10006.6
16:11:58.935 [INFO] Nuoc thu 9 (alphaZero): chon action=193, temp=1.0000, N(action)=6
16:11:58.937 [INFO] Nuoc thu 10 (Greedy): chon action=43, diem 100006.6
16:11:58.938 [INFO] ========== VAN (vs Greedy) KET THUC: nguoi thang la player 2 (AlphaZero la player 1), tong 10 nuoc ==========
16:11:59.270 [INFO] ========== BAT DAU VAN TU CHOI VOI GREEDY (board 15x15), AlphaZero la player 1 ==========
16:12:14.540 [INFO] Nuoc thu 1 (alphaZero): chon action=30, temp=1.0000, N(action)=4
16:12:14.544 [INFO] Nuoc thu 2 (Greedy): chon action=15, diem 96.7
16:12:29.944 [INFO] Nuoc thu 3 (alphaZero): chon action=206, temp=1.0000, N(action)=4
16:12:29.946 [INFO] Nuoc thu 4 (Greedy): chon action=190, diem 96.7
16:12:45.768 [INFO] Nuoc thu 5 (alphaZero): chon action=197, temp=1.0000, N(action)=6
16:12:45.776 [INFO] Nuoc thu 6 (Greedy): chon action=191, diem 195.7
16:13:01.368 [INFO] Nuoc thu 7 (alphaZero): chon action=21, temp=1.0000, N(action)=4
16:13:01.370 [INFO] Nuoc thu 8 (Greedy): chon action=192, diem 1095.7
16:13:16.644 [INFO] Nuoc thu 9 (alphaZero): chon action=96, temp=1.0000, N(action)=4
16:13:16.646 [INFO] Nuoc thu 10 (Greedy): chon action=193, diem 10006.6
16:13:32.145 [INFO] Nuoc thu 11 (alphaZero): chon action=4, temp=1.0000, N(action)=4
16:13:32.148 [INFO] Nuoc thu 12 (Greedy): chon action=189, diem 100006.6
16:13:32.148 [INFO] ========== VAN (vs Greedy) KET THUC: nguoi thang la player 2 (AlphaZero la player 1), tong 12 nuoc ==========
16:13:32.453 [INFO] ========== BAT DAU VAN TU CHOI VOI GREEDY (board 15x15), AlphaZero la player 1 ==========
16:13:47.624 [INFO] Nuoc thu 1 (alphaZero): chon action=215, temp=1.0000, N(action)=4
16:13:47.627 [INFO] Nuoc thu 2 (Greedy): chon action=214, diem 96.7
16:14:03.297 [INFO] Nuoc thu 3 (alphaZero): chon action=2, temp=1.0000, N(action)=6
16:14:03.299 [INFO] Nuoc thu 4 (Greedy): chon action=3, diem 96.7
16:14:19.168 [INFO] Nuoc thu 5 (alphaZero): chon action=10, temp=1.0000, N(action)=6
16:14:19.171 [INFO] Nuoc thu 6 (Greedy): chon action=11, diem 96.7
16:14:34.729 [INFO] Nuoc thu 7 (alphaZero): chon action=212, temp=1.0000, N(action)=6
16:14:34.731 [INFO] Nuoc thu 8 (Greedy): chon action=211, diem 96.7
16:14:50.211 [INFO] Nuoc thu 9 (alphaZero): chon action=32, temp=1.0000, N(action)=8
16:14:50.213 [INFO] Nuoc thu 10 (Greedy): chon action=18, diem 113.8
16:15:05.646 [INFO] Nuoc thu 11 (alphaZero): chon action=6, temp=1.0000, N(action)=4
16:15:05.648 [INFO] Nuoc thu 12 (Greedy): chon action=17, diem 203.7
16:15:21.072 [INFO] Nuoc thu 13 (alphaZero): chon action=36, temp=1.0000, N(action)=4
16:15:21.073 [INFO] Nuoc thu 14 (Greedy): chon action=16, diem 1103.8
16:15:36.373 [INFO] Nuoc thu 15 (alphaZero): chon action=0, temp=0.0010, N(action)=16
16:15:36.375 [INFO] Nuoc thu 16 (Greedy): chon action=19, diem 10015.6
16:15:51.608 [INFO] Nuoc thu 17 (alphaZero): chon action=122, temp=0.0010, N(action)=32
16:15:51.610 [INFO] Nuoc thu 18 (Greedy): chon action=20, diem 100103.8
16:15:51.610 [INFO] ========== VAN (vs Greedy) KET THUC: nguoi thang la player 2 (AlphaZero la player 1), tong 18 nuoc ==========
16:15:51.957 [INFO] ========== BAT DAU VAN TU CHOI VOI GREEDY (board 15x15), AlphaZero la player 1 ==========
16:16:07.647 [INFO] Nuoc thu 1 (alphaZero): chon action=42, temp=1.0000, N(action)=4
16:16:07.650 [INFO] Nuoc thu 2 (Greedy): chon action=57, diem 96.7
16:16:23.260 [INFO] Nuoc thu 3 (alphaZero): chon action=75, temp=1.0000, N(action)=2
16:16:23.262 [INFO] Nuoc thu 4 (Greedy): chon action=56, diem 195.7
16:16:38.950 [INFO] Nuoc thu 5 (alphaZero): chon action=53, temp=1.0000, N(action)=2
16:16:38.952 [INFO] Nuoc thu 6 (Greedy): chon action=58, diem 1095.7
16:16:54.226 [INFO] Nuoc thu 7 (alphaZero): chon action=27, temp=1.0000, N(action)=12
16:16:54.229 [INFO] Nuoc thu 8 (Greedy): chon action=55, diem 10006.6
16:17:09.564 [INFO] Nuoc thu 9 (alphaZero): chon action=117, temp=1.0000, N(action)=6
16:17:09.566 [INFO] Nuoc thu 10 (Greedy): chon action=54, diem 100014.7
16:17:09.566 [INFO] ========== VAN (vs Greedy) KET THUC: nguoi thang la player 2 (AlphaZero la player 1), tong 10 nuoc ==========
16:17:09.888 [INFO] ========== BAT DAU VAN TU CHOI VOI GREEDY (board 15x15), AlphaZero la player 1 ==========
16:17:25.379 [INFO] Nuoc thu 1 (alphaZero): chon action=182, temp=1.0000, N(action)=4
16:17:25.381 [INFO] Nuoc thu 2 (Greedy): chon action=198, diem 96.7
16:17:40.941 [INFO] Nuoc thu 3 (alphaZero): chon action=210, temp=1.0000, N(action)=4
16:17:40.943 [INFO] Nuoc thu 4 (Greedy): chon action=183, diem 195.7
16:17:56.386 [INFO] Nuoc thu 5 (alphaZero): chon action=131, temp=1.0000, N(action)=4
16:17:56.388 [INFO] Nuoc thu 6 (Greedy): chon action=168, diem 1095.7
16:18:11.800 [INFO] Nuoc thu 7 (alphaZero): chon action=58, temp=1.0000, N(action)=4
16:18:11.802 [INFO] Nuoc thu 8 (Greedy): chon action=153, diem 10006.6
16:18:27.407 [INFO] Nuoc thu 9 (alphaZero): chon action=42, temp=1.0000, N(action)=10
16:18:27.409 [INFO] Nuoc thu 10 (Greedy): chon action=138, diem 100006.6
16:18:27.409 [INFO] ========== VAN (vs Greedy) KET THUC: nguoi thang la player 2 (AlphaZero la player 1), tong 10 nuoc ==========
16:18:27.752 [INFO] ========== BAT DAU VAN TU CHOI VOI GREEDY (board 15x15), AlphaZero la player 2 ==========
16:18:27.753 [INFO] Nuoc thu 1 (Greedy): chon action=112 (khai cuoc, o trung tam)
16:18:42.978 [INFO] Nuoc thu 2 (alphaZero): chon action=210, temp=1.0000, N(action)=4
16:18:42.981 [INFO] Nuoc thu 3 (Greedy): chon action=96, diem 106.6
16:18:58.675 [INFO] Nuoc thu 4 (alphaZero): chon action=179, temp=1.0000, N(action)=12
16:18:58.677 [INFO] Nuoc thu 5 (Greedy): chon action=128, diem 1006.6
16:19:13.829 [INFO] Nuoc thu 6 (alphaZero): chon action=103, temp=1.0000, N(action)=6
16:19:13.831 [INFO] Nuoc thu 7 (Greedy): chon action=144, diem 10006.6
16:19:29.371 [INFO] Nuoc thu 8 (alphaZero): chon action=212, temp=1.0000, N(action)=4
16:19:29.373 [INFO] Nuoc thu 9 (Greedy): chon action=160, diem 100006.6
16:19:29.374 [INFO] ========== VAN (vs Greedy) KET THUC: nguoi thang la player 1 (AlphaZero la player 2), tong 9 nuoc ==========
16:19:29.717 [INFO] ========== BAT DAU VAN TU CHOI VOI GREEDY (board 15x15), AlphaZero la player 1 ==========
16:19:45.256 [INFO] Nuoc thu 1 (alphaZero): chon action=133, temp=1.0000, N(action)=4
16:19:45.259 [INFO] Nuoc thu 2 (Greedy): chon action=132, diem 96.7
16:20:01.325 [INFO] Nuoc thu 3 (alphaZero): chon action=62, temp=1.0000, N(action)=4
16:20:01.327 [INFO] Nuoc thu 4 (Greedy): chon action=147, diem 195.7
16:20:16.801 [INFO] Nuoc thu 5 (alphaZero): chon action=217, temp=1.0000, N(action)=6
16:20:16.803 [INFO] Nuoc thu 6 (Greedy): chon action=117, diem 1095.7
16:20:32.163 [INFO] Nuoc thu 7 (alphaZero): chon action=185, temp=1.0000, N(action)=4
16:20:32.168 [INFO] Nuoc thu 8 (Greedy): chon action=102, diem 10006.6
16:20:48.042 [INFO] Nuoc thu 9 (alphaZero): chon action=192, temp=1.0000, N(action)=8
16:20:48.044 [INFO] Nuoc thu 10 (Greedy): chon action=87, diem 100006.6
16:20:48.044 [INFO] ========== VAN (vs Greedy) KET THUC: nguoi thang la player 2 (AlphaZero la player 1), tong 10 nuoc ==========
16:20:48.410 [INFO] ========== BAT DAU VAN TU CHOI VOI GREEDY (board 15x15), AlphaZero la player 2 ==========
16:20:48.410 [INFO] Nuoc thu 1 (Greedy): chon action=112 (khai cuoc, o trung tam)
16:21:03.754 [INFO] Nuoc thu 2 (alphaZero): chon action=190, temp=1.0000, N(action)=4
16:21:03.756 [INFO] Nuoc thu 3 (Greedy): chon action=98, diem 106.6
16:21:19.264 [INFO] Nuoc thu 4 (alphaZero): chon action=165, temp=1.0000, N(action)=4
16:21:19.268 [INFO] Nuoc thu 5 (Greedy): chon action=84, diem 1006.6
16:21:34.562 [INFO] Nuoc thu 6 (alphaZero): chon action=10, temp=1.0000, N(action)=4
16:21:34.564 [INFO] Nuoc thu 7 (Greedy): chon action=126, diem 10006.6
16:21:49.910 [INFO] Nuoc thu 8 (alphaZero): chon action=83, temp=1.0000, N(action)=8
16:21:49.914 [INFO] Nuoc thu 9 (Greedy): chon action=70, diem 100006.6
16:21:49.914 [INFO] ========== VAN (vs Greedy) KET THUC: nguoi thang la player 1 (AlphaZero la player 2), tong 9 nuoc ==========
16:21:50.255 [INFO] ========== BAT DAU VAN TU CHOI VOI GREEDY (board 15x15), AlphaZero la player 1 ==========
16:22:05.948 [INFO] Nuoc thu 1 (alphaZero): chon action=179, temp=1.0000, N(action)=4
16:22:05.950 [INFO] Nuoc thu 2 (Greedy): chon action=164, diem 96.7
16:22:21.640 [INFO] Nuoc thu 3 (alphaZero): chon action=100, temp=1.0000, N(action)=4
16:22:21.642 [INFO] Nuoc thu 4 (Greedy): chon action=86, diem 96.7
16:22:37.263 [INFO] Nuoc thu 5 (alphaZero): chon action=53, temp=1.0000, N(action)=4
16:22:37.266 [INFO] Nuoc thu 6 (Greedy): chon action=101, diem 195.7
16:22:52.434 [INFO] Nuoc thu 7 (alphaZero): chon action=46, temp=1.0000, N(action)=6
16:22:52.436 [INFO] Nuoc thu 8 (Greedy): chon action=116, diem 1095.7
16:23:07.660 [INFO] Nuoc thu 9 (alphaZero): chon action=159, temp=1.0000, N(action)=18
16:23:07.661 [INFO] Nuoc thu 10 (Greedy): chon action=131, diem 10006.6
16:23:23.048 [INFO] Nuoc thu 11 (alphaZero): chon action=78, temp=1.0000, N(action)=6
16:23:23.050 [INFO] Nuoc thu 12 (Greedy): chon action=146, diem 100006.6
16:23:23.051 [INFO] ========== VAN (vs Greedy) KET THUC: nguoi thang la player 2 (AlphaZero la player 1), tong 12 nuoc ==========
16:23:23.342 [INFO] ========== BAT DAU VAN TU CHOI VOI GREEDY (board 15x15), AlphaZero la player 1 ==========
16:23:38.878 [INFO] Nuoc thu 1 (alphaZero): chon action=59, temp=1.0000, N(action)=4
16:23:38.881 [INFO] Nuoc thu 2 (Greedy): chon action=44, diem 96.7
16:23:54.109 [INFO] Nuoc thu 3 (alphaZero): chon action=218, temp=1.0000, N(action)=4
16:23:54.111 [INFO] Nuoc thu 4 (Greedy): chon action=217, diem 96.7
16:24:09.538 [INFO] Nuoc thu 5 (alphaZero): chon action=78, temp=1.0000, N(action)=6
16:24:09.540 [INFO] Nuoc thu 6 (Greedy): chon action=64, diem 96.7
16:24:24.943 [INFO] Nuoc thu 7 (alphaZero): chon action=22, temp=1.0000, N(action)=4
16:24:24.945 [INFO] Nuoc thu 8 (Greedy): chon action=79, diem 195.7
16:24:40.481 [INFO] Nuoc thu 9 (alphaZero): chon action=2, temp=1.0000, N(action)=4
16:24:40.485 [INFO] Nuoc thu 10 (Greedy): chon action=94, diem 1095.7
16:24:55.770 [INFO] Nuoc thu 11 (alphaZero): chon action=194, temp=1.0000, N(action)=4
16:24:55.772 [INFO] Nuoc thu 12 (Greedy): chon action=109, diem 10006.6
16:25:10.844 [INFO] Nuoc thu 13 (alphaZero): chon action=192, temp=1.0000, N(action)=4
16:25:10.855 [INFO] Nuoc thu 14 (Greedy): chon action=49, diem 100006.6
16:25:10.855 [INFO] ========== VAN (vs Greedy) KET THUC: nguoi thang la player 2 (AlphaZero la player 1), tong 14 nuoc ==========
16:25:11.155 [INFO] ========== BAT DAU VAN TU CHOI VOI GREEDY (board 15x15), AlphaZero la player 2 ==========
16:25:11.155 [INFO] Nuoc thu 1 (Greedy): chon action=112 (khai cuoc, o trung tam)
16:25:26.554 [INFO] Nuoc thu 2 (alphaZero): chon action=168, temp=1.0000, N(action)=8
16:25:26.557 [INFO] Nuoc thu 3 (Greedy): chon action=98, diem 106.6
16:25:42.139 [INFO] Nuoc thu 4 (alphaZero): chon action=170, temp=1.0000, N(action)=4
16:25:42.142 [INFO] Nuoc thu 5 (Greedy): chon action=126, diem 1006.6
16:25:57.432 [INFO] Nuoc thu 6 (alphaZero): chon action=29, temp=1.0000, N(action)=4
16:25:57.434 [INFO] Nuoc thu 7 (Greedy): chon action=84, diem 10006.6
16:26:12.953 [INFO] Nuoc thu 8 (alphaZero): chon action=153, temp=1.0000, N(action)=4
16:26:12.956 [INFO] Nuoc thu 9 (Greedy): chon action=70, diem 100006.6
16:26:12.956 [INFO] ========== VAN (vs Greedy) KET THUC: nguoi thang la player 1 (AlphaZero la player 2), tong 9 nuoc ==========
